#
# There is insufficient memory for the Java Runtime Environment to continue.
# Native memory allocation (malloc) failed to allocate 506816 bytes. Error detail: Chunk::new
# Possible reasons:
#   The system is out of physical RAM or swap space
#   This process is running with CompressedOops enabled, and the Java Heap may be blocking the growth of the native heap
# Possible solutions:
#   Reduce memory load on the system
#   Increase physical memory or swap space
#   Check if swap backing store is full
#   Decrease Java heap size (-Xmx/-Xms)
#   Decrease number of Java threads
#   Decrease Java thread stack sizes (-Xss)
#   Set larger code cache with -XX:ReservedCodeCacheSize=
#   JVM is running with Unscaled Compressed Oops mode in which the Java heap is
#     placed in the first 4GB address space. The Java Heap base address is the
#     maximum limit for the native heap growth. Please use -XX:HeapBaseMinAddress
#     to set the Java Heap base and to place the Java Heap above 4GB virtual address.
# This output file may be truncated or incomplete.
#
#  Out of Memory Error (arena.cpp:168), pid=3524, tid=16052
#
# JRE version: OpenJDK Runtime Environment Temurin-21.0.11+10 (21.0.11+10) (build 21.0.11+10-LTS)
# Java VM: OpenJDK 64-Bit Server VM Temurin-21.0.11+10 (21.0.11+10-LTS, mixed mode, sharing, tiered, compressed oops, compressed class ptrs, parallel gc, windows-amd64)
# No core dump will be written. Minidumps are not enabled by default on client versions of Windows
#

---------------  S U M M A R Y ------------

Command Line: --add-modules=ALL-SYSTEM --add-opens=java.base/java.util=ALL-UNNAMED --add-opens=java.base/java.lang=ALL-UNNAMED --add-opens=java.base/sun.nio.fs=ALL-UNNAMED -Declipse.application=org.eclipse.jdt.ls.core.id1 -Dosgi.bundles.defaultStartLevel=4 -Declipse.product=org.eclipse.jdt.ls.core.product -Djava.import.generatesMetadataFilesAtProjectRoot=false -DDetectVMInstallationsJob.disabled=true -Dfile.encoding=utf8 -XX:+UseParallelGC -XX:GCTimeRatio=4 -XX:AdaptiveSizePolicyWeight=90 -Dsun.zip.disableMemoryMapping=true -Xmx2G -Xms100m -Xlog:disable -javaagent:c:\Users\gueva\.vscode\extensions\redhat.java-1.55.0-win32-x64\lombok\lombok-1.18.39-4050.jar -XX:+HeapDumpOnOutOfMemoryError -XX:HeapDumpPath=c:\Users\gueva\AppData\Roaming\Code\User\workspaceStorage\44fb2ca8477ceeac58e2505a295ba8ed\redhat.java -Daether.dependencyCollector.impl=bf c:\Users\gueva\.vscode\extensions\redhat.java-1.55.0-win32-x64\server\plugins\org.eclipse.equinox.launcher_1.7.200.v20260619-2039.jar -configuration c:\Users\gueva\AppData\Roaming\Code\User\globalStorage\redhat.java\1.55.0\config_win -data c:\Users\gueva\AppData\Roaming\Code\User\workspaceStorage\44fb2ca8477ceeac58e2505a295ba8ed\redhat.java\jdt_ws --pipe=\\.\pipe\lsp-aeae2c7ad72e3c208f94887bcdf47d8e-sock

Host: AMD Ryzen 5 7520U with Radeon Graphics         , 8 cores, 7G,  Windows 11 , 64 bit Build 26100 (10.0.26100.8875)
Time: Sun Jul 19 19:57:23 2026 Hora est嫕dar central (M憖ico) elapsed time: 24.588433 seconds (0d 0h 0m 24s)

---------------  T H R E A D  ---------------

Current thread (0x000002da7c87f150):  JavaThread "C2 CompilerThread0" daemon [_thread_in_native, id=16052, stack(0x000000fd2b200000,0x000000fd2b300000) (1024K)]


Current CompileTask:
C2:24588 4370       4       org.lombokweb.asm.ClassReader::readMethod (1070 bytes)

Stack: [0x000000fd2b200000,0x000000fd2b300000]
Native frames: (J=compiled Java code, j=interpreted, Vv=VM code, C=native code)
V  [jvm.dll+0x6d7e19]
V  [jvm.dll+0x8b5096]
V  [jvm.dll+0x8b764e]
V  [jvm.dll+0x8b7d33]
V  [jvm.dll+0x284596]
V  [jvm.dll+0xc685d]
V  [jvm.dll+0xc6da1]
V  [jvm.dll+0x2fb4ee]
V  [jvm.dll+0x5fe9a4]
V  [jvm.dll+0x255d67]
V  [jvm.dll+0x24e0f4]
V  [jvm.dll+0x24bbe6]
V  [jvm.dll+0x1cb4ae]
V  [jvm.dll+0x25baad]
V  [jvm.dll+0x25a03a]
V  [jvm.dll+0x3f868e]
V  [jvm.dll+0x85fb0d]
V  [jvm.dll+0x6d664d]
C  [ucrtbase.dll+0x2cd30]
C  [KERNEL32.DLL+0x2e957]
C  [ntdll.dll+0xaad6c]


---------------  P R O C E S S  ---------------

Threads class SMR info:
_java_thread_list=0x000002da7f209940, length=22, elements={
0x000002da69e04360, 0x000002da69ebd060, 0x000002da7c874720, 0x000002da7c879dd0,
0x000002da7c87aa30, 0x000002da7c87d8b0, 0x000002da7c87e310, 0x000002da7c87f150,
0x000002da7c8a85b0, 0x000002da7e30c4f0, 0x000002da7e441be0, 0x000002da7eae0390,
0x000002da7eedd580, 0x000002da7eb76060, 0x000002da7efa8f90, 0x000002da7ecc3970,
0x000002da7c8ae0f0, 0x000002da7f1d1fb0, 0x000002da7f5ba150, 0x000002da7f5ba7e0,
0x000002da7f5b8710, 0x000002da7f5bb500
}

Java Threads: ( => current thread )
  0x000002da69e04360 JavaThread "main"                              [_thread_blocked, id=29564, stack(0x000000fd2a800000,0x000000fd2a900000) (1024K)]
  0x000002da69ebd060 JavaThread "Reference Handler"          daemon [_thread_blocked, id=11828, stack(0x000000fd2ac00000,0x000000fd2ad00000) (1024K)]
  0x000002da7c874720 JavaThread "Finalizer"                  daemon [_thread_blocked, id=9192, stack(0x000000fd2ad00000,0x000000fd2ae00000) (1024K)]
  0x000002da7c879dd0 JavaThread "Signal Dispatcher"          daemon [_thread_blocked, id=11956, stack(0x000000fd2ae00000,0x000000fd2af00000) (1024K)]
  0x000002da7c87aa30 JavaThread "Attach Listener"            daemon [_thread_blocked, id=32060, stack(0x000000fd2af00000,0x000000fd2b000000) (1024K)]
  0x000002da7c87d8b0 JavaThread "Service Thread"             daemon [_thread_blocked, id=1296, stack(0x000000fd2b000000,0x000000fd2b100000) (1024K)]
  0x000002da7c87e310 JavaThread "Monitor Deflation Thread"   daemon [_thread_blocked, id=23656, stack(0x000000fd2b100000,0x000000fd2b200000) (1024K)]
=>0x000002da7c87f150 JavaThread "C2 CompilerThread0"         daemon [_thread_in_native, id=16052, stack(0x000000fd2b200000,0x000000fd2b300000) (1024K)]
  0x000002da7c8a85b0 JavaThread "C1 CompilerThread0"         daemon [_thread_blocked, id=31820, stack(0x000000fd2b300000,0x000000fd2b400000) (1024K)]
  0x000002da7e30c4f0 JavaThread "Common-Cleaner"             daemon [_thread_blocked, id=14136, stack(0x000000fd2b400000,0x000000fd2b500000) (1024K)]
  0x000002da7e441be0 JavaThread "Notification Thread"        daemon [_thread_blocked, id=1336, stack(0x000000fd2b500000,0x000000fd2b600000) (1024K)]
  0x000002da7eae0390 JavaThread "Active Thread: Equinox Container: d15db35f-fd62-4fb7-905c-b3c07cc03107"        [_thread_blocked, id=29532, stack(0x000000fd2b600000,0x000000fd2b700000) (1024K)]
  0x000002da7eedd580 JavaThread "Refresh Thread: Equinox Container: d15db35f-fd62-4fb7-905c-b3c07cc03107" daemon [_thread_blocked, id=16704, stack(0x000000fd2be00000,0x000000fd2bf00000) (1024K)]
  0x000002da7eb76060 JavaThread "Framework Event Dispatcher: Equinox Container: d15db35f-fd62-4fb7-905c-b3c07cc03107" daemon [_thread_blocked, id=15136, stack(0x000000fd2bf00000,0x000000fd2c000000) (1024K)]
  0x000002da7efa8f90 JavaThread "Start Level: Equinox Container: d15db35f-fd62-4fb7-905c-b3c07cc03107" daemon [_thread_in_vm, id=27364, stack(0x000000fd2c000000,0x000000fd2c100000) (1024K)]
  0x000002da7ecc3970 JavaThread "Bundle File Closer"         daemon [_thread_blocked, id=8844, stack(0x000000fd2c100000,0x000000fd2c200000) (1024K)]
  0x000002da7c8ae0f0 JavaThread "SCR Component Actor"        daemon [_thread_blocked, id=15912, stack(0x000000fd2c200000,0x000000fd2c300000) (1024K)]
  0x000002da7f1d1fb0 JavaThread "Worker-JM"                         [_thread_blocked, id=3628, stack(0x000000fd2c300000,0x000000fd2c400000) (1024K)]
  0x000002da7f5ba150 JavaThread "JNA Cleaner"                daemon [_thread_blocked, id=30236, stack(0x000000fd2c400000,0x000000fd2c500000) (1024K)]
  0x000002da7f5ba7e0 JavaThread "Worker-0"                          [_thread_blocked, id=30512, stack(0x000000fd2c500000,0x000000fd2c600000) (1024K)]
  0x000002da7f5b8710 JavaThread "Worker-1: Repository registry initialization"        [_thread_in_Java, id=2864, stack(0x000000fd2c600000,0x000000fd2c700000) (1024K)]
  0x000002da7f5bb500 JavaThread "Worker-2"                          [_thread_blocked, id=2480, stack(0x000000fd2c700000,0x000000fd2c800000) (1024K)]
Total: 22

Other Threads:
  0x000002da69ea09a0 VMThread "VM Thread"                           [id=24412, stack(0x000000fd2ab00000,0x000000fd2ac00000) (1024K)]
  0x000002da7c78ba00 WatcherThread "VM Periodic Task Thread"        [id=30172, stack(0x000000fd2aa00000,0x000000fd2ab00000) (1024K)]
  0x000002da69e22870 WorkerThread "GC Thread#0"                     [id=12044, stack(0x000000fd2a900000,0x000000fd2aa00000) (1024K)]
  0x000002da7ea80bd0 WorkerThread "GC Thread#1"                     [id=21004, stack(0x000000fd2b700000,0x000000fd2b800000) (1024K)]
  0x000002da7e46f670 WorkerThread "GC Thread#2"                     [id=20960, stack(0x000000fd2b800000,0x000000fd2b900000) (1024K)]
  0x000002da7ea80f80 WorkerThread "GC Thread#3"                     [id=12632, stack(0x000000fd2b900000,0x000000fd2ba00000) (1024K)]
  0x000002da7e81fc80 WorkerThread "GC Thread#4"                     [id=8280, stack(0x000000fd2ba00000,0x000000fd2bb00000) (1024K)]
  0x000002da7e820030 WorkerThread "GC Thread#5"                     [id=17544, stack(0x000000fd2bb00000,0x000000fd2bc00000) (1024K)]
  0x000002da7e8203e0 WorkerThread "GC Thread#6"                     [id=31676, stack(0x000000fd2bc00000,0x000000fd2bd00000) (1024K)]
  0x000002da7eedcc80 WorkerThread "GC Thread#7"                     [id=2828, stack(0x000000fd2bd00000,0x000000fd2be00000) (1024K)]
Total: 10

Threads with active compile tasks:
C2 CompilerThread0  24658 4370       4       org.lombokweb.asm.ClassReader::readMethod (1070 bytes)
Total: 1

VM state: not at safepoint (normal execution)

VM Mutex/Monitor currently owned by a thread: None

Heap address: 0x0000000080000000, size: 2048 MB, Compressed Oops mode: 32-bit

CDS archive(s) mapped at: [0x000002da04000000-0x000002da04ba0000-0x000002da04ba0000), size 12189696, SharedBaseAddress: 0x000002da04000000, ArchiveRelocationMode: 1.
Compressed class space mapped at: 0x000002da05000000-0x000002da45000000, reserved size: 1073741824
Narrow klass base: 0x000002da04000000, Narrow klass shift: 0, Narrow klass range: 0x100000000

GC Precious Log:
 CardTable entry size: 512
 CPUs: 8 total, 8 available
 Memory: 7379M
 Large Page Support: Disabled
 NUMA Support: Disabled
 Compressed Oops: Enabled (32-bit)
 Alignments: Space 512K, Generation 512K, Heap 2M
 Heap Min Capacity: 100M
 Heap Initial Capacity: 100M
 Heap Max Capacity: 2G
 Pre-touch: Disabled
 Parallel Workers: 8

Heap:
 PSYoungGen      total 27648K, used 19726K [0x00000000d5580000, 0x00000000d7580000, 0x0000000100000000)
  eden space 23552K, 66% used [0x00000000d5580000,0x00000000d64d7228,0x00000000d6c80000)
  from space 4096K, 98% used [0x00000000d6d80000,0x00000000d716c740,0x00000000d7180000)
  to   space 4096K, 0% used [0x00000000d7180000,0x00000000d7180000,0x00000000d7580000)
 ParOldGen       total 68608K, used 13443K [0x0000000080000000, 0x0000000084300000, 0x00000000d5580000)
  object space 68608K, 19% used [0x0000000080000000,0x0000000080d20c40,0x0000000084300000)
 Metaspace       used 27214K, committed 28160K, reserved 1114112K
  class space    used 2733K, committed 3136K, reserved 1048576K

Card table byte_map: [0x000002da697a0000,0x000002da69bb0000] _byte_map_base: 0x000002da693a0000

Marking Bits: (ParMarkBitMap*) 0x00007ffb45c14460
 Begin Bits: [0x000002da00000000, 0x000002da02000000)
 End Bits:   [0x000002da02000000, 0x000002da04000000)

Polling page: 0x000002da67c70000

Metaspace:

Usage:
  Non-class:     23.91 MB used.
      Class:      2.67 MB used.
       Both:     26.58 MB used.

Virtual space:
  Non-class space:       64.00 MB reserved,      24.44 MB ( 38%) committed,  1 nodes.
      Class space:        1.00 GB reserved,       3.06 MB ( <1%) committed,  1 nodes.
             Both:        1.06 GB reserved,      27.50 MB (  3%) committed. 

Chunk freelists:
   Non-Class:  6.83 MB
       Class:  12.82 MB
        Both:  19.65 MB

MaxMetaspaceSize: unlimited
CompressedClassSpaceSize: 1.00 GB
Initial GC threshold: 21.00 MB
Current GC threshold: 35.00 MB
CDS: on
 - commit_granule_bytes: 65536.
 - commit_granule_words: 8192.
 - virtual_space_node_default_size: 8388608.
 - enlarge_chunks_in_place: 1.
 - use_allocation_guard: 0.


Internal statistics:

num_allocs_failed_limit: 3.
num_arena_births: 846.
num_arena_deaths: 14.
num_vsnodes_births: 2.
num_vsnodes_deaths: 0.
num_space_committed: 440.
num_space_uncommitted: 0.
num_chunks_returned_to_freelist: 17.
num_chunks_taken_from_freelist: 1994.
num_chunk_merges: 6.
num_chunk_splits: 1262.
num_chunks_enlarged: 756.
num_inconsistent_stats: 0.

CodeHeap 'non-profiled nmethods': size=120000Kb used=1916Kb max_used=1916Kb free=118083Kb
 bounds [0x000002da74ad0000, 0x000002da74d40000, 0x000002da7c000000]
CodeHeap 'profiled nmethods': size=120000Kb used=9263Kb max_used=9263Kb free=110736Kb
 bounds [0x000002da6d000000, 0x000002da6d910000, 0x000002da74530000]
CodeHeap 'non-nmethods': size=5760Kb used=1332Kb max_used=1342Kb free=4427Kb
 bounds [0x000002da74530000, 0x000002da747a0000, 0x000002da74ad0000]
CodeCache: size=245760Kb, used=12511Kb, max_used=12521Kb, free=233246Kb
 total_blobs=5011, nmethods=4389, adapters=528, full_count=0
Compilation: enabled, stopped_count=0, restarted_count=0

Compilation events (20 events):
Event: 22.510 Thread 0x000002da7c8a85b0 4383       3       org.codehaus.plexus.util.xml.pull.MXParser::isNameChar (56 bytes)
Event: 22.510 Thread 0x000002da7c8a85b0 nmethod 4383 0x000002da6d902110 code [0x000002da6d9022c0, 0x000002da6d902540]
Event: 22.510 Thread 0x000002da7c8a85b0 4382       3       org.codehaus.plexus.util.xml.pull.MXParser::isValidCodePoint (65 bytes)
Event: 22.510 Thread 0x000002da7c8a85b0 nmethod 4382 0x000002da6d902610 code [0x000002da6d9027c0, 0x000002da6d902a88]
Event: 22.514 Thread 0x000002da7c8a85b0 4386       3       java.lang.invoke.DirectMethodHandle::getFunction (53 bytes)
Event: 22.515 Thread 0x000002da7c8a85b0 nmethod 4386 0x000002da6d902b10 code [0x000002da6d902ce0, 0x000002da6d902fe8]
Event: 22.516 Thread 0x000002da7c8a85b0 4388       3       org.lombokweb.asm.MethodWriter::visitFrame (811 bytes)
Event: 22.519 Thread 0x000002da7c8a85b0 nmethod 4388 0x000002da6d903110 code [0x000002da6d903660, 0x000002da6d9058c0]
Event: 22.519 Thread 0x000002da7c8a85b0 4389       3       org.lombokweb.asm.Label::put (83 bytes)
Event: 22.519 Thread 0x000002da7c8a85b0 nmethod 4389 0x000002da6d906810 code [0x000002da6d906a40, 0x000002da6d906e70]
Event: 22.519 Thread 0x000002da7c8a85b0 4387       3       org.lombokweb.asm.SymbolTable::addConstantMethodref (24 bytes)
Event: 22.519 Thread 0x000002da7c8a85b0 nmethod 4387 0x000002da6d907010 code [0x000002da6d9071c0, 0x000002da6d907360]
Event: 22.519 Thread 0x000002da7c8a85b0 4390       3       org.lombokweb.asm.MethodWriter::visitJumpInsn (495 bytes)
Event: 22.520 Thread 0x000002da7c8a85b0 nmethod 4390 0x000002da6d907410 code [0x000002da6d907760, 0x000002da6d908768]
Event: 22.523 Thread 0x000002da7c8a85b0 4391       3       org.lombokweb.asm.ByteVector::putByteArray (49 bytes)
Event: 22.524 Thread 0x000002da7c8a85b0 nmethod 4391 0x000002da6d908d90 code [0x000002da6d908f60, 0x000002da6d909228]
Event: 22.526 Thread 0x000002da7c8a85b0 4392       3       org.lombokweb.asm.SymbolTable::hash (14 bytes)
Event: 22.526 Thread 0x000002da7c8a85b0 nmethod 4392 0x000002da6d909390 code [0x000002da6d909520, 0x000002da6d909628]
Event: 23.513 Thread 0x000002da7c8a85b0 4393       3       java.util.concurrent.locks.AbstractQueuedSynchronizer::tryAcquireSharedNanos (62 bytes)
Event: 24.583 Thread 0x000002da7c8a85b0 nmethod 4393 0x000002da6d909690 code [0x000002da6d9098c0, 0x000002da6d909fb0]

GC Heap History (20 events):
Event: 1.845 GC heap before
{Heap before GC invocations=1 (full 0):
 PSYoungGen      total 29696K, used 25600K [0x00000000d5580000, 0x00000000d7680000, 0x0000000100000000)
  eden space 25600K, 100% used [0x00000000d5580000,0x00000000d6e80000,0x00000000d6e80000)
  from space 4096K, 0% used [0x00000000d7280000,0x00000000d7280000,0x00000000d7680000)
  to   space 4096K, 0% used [0x00000000d6e80000,0x00000000d6e80000,0x00000000d7280000)
 ParOldGen       total 68608K, used 0K [0x0000000080000000, 0x0000000084300000, 0x00000000d5580000)
  object space 68608K, 0% used [0x0000000080000000,0x0000000080000000,0x0000000084300000)
 Metaspace       used 4384K, committed 4608K, reserved 1114112K
  class space    used 475K, committed 576K, reserved 1048576K
}
Event: 1.871 GC heap after
{Heap after GC invocations=1 (full 0):
 PSYoungGen      total 29696K, used 3303K [0x00000000d5580000, 0x00000000d7680000, 0x0000000100000000)
  eden space 25600K, 0% used [0x00000000d5580000,0x00000000d5580000,0x00000000d6e80000)
  from space 4096K, 80% used [0x00000000d6e80000,0x00000000d71b9e98,0x00000000d7280000)
  to   space 4096K, 0% used [0x00000000d7280000,0x00000000d7280000,0x00000000d7680000)
 ParOldGen       total 68608K, used 16K [0x0000000080000000, 0x0000000084300000, 0x00000000d5580000)
  object space 68608K, 0% used [0x0000000080000000,0x0000000080004000,0x0000000084300000)
 Metaspace       used 4384K, committed 4608K, reserved 1114112K
  class space    used 475K, committed 576K, reserved 1048576K
}
Event: 4.101 GC heap before
{Heap before GC invocations=2 (full 0):
 PSYoungGen      total 29696K, used 28903K [0x00000000d5580000, 0x00000000d7680000, 0x0000000100000000)
  eden space 25600K, 100% used [0x00000000d5580000,0x00000000d6e80000,0x00000000d6e80000)
  from space 4096K, 80% used [0x00000000d6e80000,0x00000000d71b9e98,0x00000000d7280000)
  to   space 4096K, 0% used [0x00000000d7280000,0x00000000d7280000,0x00000000d7680000)
 ParOldGen       total 68608K, used 16K [0x0000000080000000, 0x0000000084300000, 0x00000000d5580000)
  object space 68608K, 0% used [0x0000000080000000,0x0000000080004000,0x0000000084300000)
 Metaspace       used 8031K, committed 8256K, reserved 1114112K
  class space    used 833K, committed 960K, reserved 1048576K
}
Event: 4.109 GC heap after
{Heap after GC invocations=2 (full 0):
 PSYoungGen      total 29696K, used 4087K [0x00000000d5580000, 0x00000000d7680000, 0x0000000100000000)
  eden space 25600K, 0% used [0x00000000d5580000,0x00000000d5580000,0x00000000d6e80000)
  from space 4096K, 99% used [0x00000000d7280000,0x00000000d767de88,0x00000000d7680000)
  to   space 4096K, 0% used [0x00000000d6e80000,0x00000000d6e80000,0x00000000d7280000)
 ParOldGen       total 68608K, used 2016K [0x0000000080000000, 0x0000000084300000, 0x00000000d5580000)
  object space 68608K, 2% used [0x0000000080000000,0x00000000801f8020,0x0000000084300000)
 Metaspace       used 8031K, committed 8256K, reserved 1114112K
  class space    used 833K, committed 960K, reserved 1048576K
}
Event: 5.912 GC heap before
{Heap before GC invocations=3 (full 0):
 PSYoungGen      total 29696K, used 29687K [0x00000000d5580000, 0x00000000d7680000, 0x0000000100000000)
  eden space 25600K, 100% used [0x00000000d5580000,0x00000000d6e80000,0x00000000d6e80000)
  from space 4096K, 99% used [0x00000000d7280000,0x00000000d767de88,0x00000000d7680000)
  to   space 4096K, 0% used [0x00000000d6e80000,0x00000000d6e80000,0x00000000d7280000)
 ParOldGen       total 68608K, used 2016K [0x0000000080000000, 0x0000000084300000, 0x00000000d5580000)
  object space 68608K, 2% used [0x0000000080000000,0x00000000801f8020,0x0000000084300000)
 Metaspace       used 9503K, committed 9792K, reserved 1114112K
  class space    used 1013K, committed 1152K, reserved 1048576K
}
Event: 5.918 GC heap after
{Heap after GC invocations=3 (full 0):
 PSYoungGen      total 29696K, used 4089K [0x00000000d5580000, 0x00000000d7680000, 0x0000000100000000)
  eden space 25600K, 0% used [0x00000000d5580000,0x00000000d5580000,0x00000000d6e80000)
  from space 4096K, 99% used [0x00000000d6e80000,0x00000000d727e528,0x00000000d7280000)
  to   space 4096K, 0% used [0x00000000d7280000,0x00000000d7280000,0x00000000d7680000)
 ParOldGen       total 68608K, used 4786K [0x0000000080000000, 0x0000000084300000, 0x00000000d5580000)
  object space 68608K, 6% used [0x0000000080000000,0x00000000804aca10,0x0000000084300000)
 Metaspace       used 9503K, committed 9792K, reserved 1114112K
  class space    used 1013K, committed 1152K, reserved 1048576K
}
Event: 9.749 GC heap before
{Heap before GC invocations=4 (full 0):
 PSYoungGen      total 29696K, used 29689K [0x00000000d5580000, 0x00000000d7680000, 0x0000000100000000)
  eden space 25600K, 100% used [0x00000000d5580000,0x00000000d6e80000,0x00000000d6e80000)
  from space 4096K, 99% used [0x00000000d6e80000,0x00000000d727e528,0x00000000d7280000)
  to   space 4096K, 0% used [0x00000000d7280000,0x00000000d7280000,0x00000000d7680000)
 ParOldGen       total 68608K, used 4786K [0x0000000080000000, 0x0000000084300000, 0x00000000d5580000)
  object space 68608K, 6% used [0x0000000080000000,0x00000000804aca10,0x0000000084300000)
 Metaspace       used 11640K, committed 12032K, reserved 1114112K
  class space    used 1228K, committed 1408K, reserved 1048576K
}
Event: 9.755 GC heap after
{Heap after GC invocations=4 (full 0):
 PSYoungGen      total 29696K, used 4094K [0x00000000d5580000, 0x00000000d7680000, 0x0000000100000000)
  eden space 25600K, 0% used [0x00000000d5580000,0x00000000d5580000,0x00000000d6e80000)
  from space 4096K, 99% used [0x00000000d7280000,0x00000000d767f990,0x00000000d7680000)
  to   space 4096K, 0% used [0x00000000d6e80000,0x00000000d6e80000,0x00000000d7280000)
 ParOldGen       total 68608K, used 6852K [0x0000000080000000, 0x0000000084300000, 0x00000000d5580000)
  object space 68608K, 9% used [0x0000000080000000,0x00000000806b1220,0x0000000084300000)
 Metaspace       used 11640K, committed 12032K, reserved 1114112K
  class space    used 1228K, committed 1408K, reserved 1048576K
}
Event: 13.871 GC heap before
{Heap before GC invocations=5 (full 0):
 PSYoungGen      total 29696K, used 29694K [0x00000000d5580000, 0x00000000d7680000, 0x0000000100000000)
  eden space 25600K, 100% used [0x00000000d5580000,0x00000000d6e80000,0x00000000d6e80000)
  from space 4096K, 99% used [0x00000000d7280000,0x00000000d767f990,0x00000000d7680000)
  to   space 4096K, 0% used [0x00000000d6e80000,0x00000000d6e80000,0x00000000d7280000)
 ParOldGen       total 68608K, used 6852K [0x0000000080000000, 0x0000000084300000, 0x00000000d5580000)
  object space 68608K, 9% used [0x0000000080000000,0x00000000806b1220,0x0000000084300000)
 Metaspace       used 15605K, committed 16256K, reserved 1114112K
  class space    used 1614K, committed 1920K, reserved 1048576K
}
Event: 13.876 GC heap after
{Heap after GC invocations=5 (full 0):
 PSYoungGen      total 29184K, used 4068K [0x00000000d5580000, 0x00000000d7a00000, 0x0000000100000000)
  eden space 25088K, 0% used [0x00000000d5580000,0x00000000d5580000,0x00000000d6e00000)
  from space 4096K, 99% used [0x00000000d6e80000,0x00000000d7279020,0x00000000d7280000)
  to   space 6144K, 0% used [0x00000000d7400000,0x00000000d7400000,0x00000000d7a00000)
 ParOldGen       total 68608K, used 8115K [0x0000000080000000, 0x0000000084300000, 0x00000000d5580000)
  object space 68608K, 11% used [0x0000000080000000,0x00000000807ecd48,0x0000000084300000)
 Metaspace       used 15605K, committed 16256K, reserved 1114112K
  class space    used 1614K, committed 1920K, reserved 1048576K
}
Event: 19.196 GC heap before
{Heap before GC invocations=6 (full 0):
 PSYoungGen      total 29184K, used 29156K [0x00000000d5580000, 0x00000000d7a00000, 0x0000000100000000)
  eden space 25088K, 100% used [0x00000000d5580000,0x00000000d6e00000,0x00000000d6e00000)
  from space 4096K, 99% used [0x00000000d6e80000,0x00000000d7279020,0x00000000d7280000)
  to   space 6144K, 0% used [0x00000000d7400000,0x00000000d7400000,0x00000000d7a00000)
 ParOldGen       total 68608K, used 8115K [0x0000000080000000, 0x0000000084300000, 0x00000000d5580000)
  object space 68608K, 11% used [0x0000000080000000,0x00000000807ecd48,0x0000000084300000)
 Metaspace       used 18749K, committed 19520K, reserved 1114112K
  class space    used 1953K, committed 2304K, reserved 1048576K
}
Event: 19.200 GC heap after
{Heap after GC invocations=6 (full 0):
 PSYoungGen      total 30208K, used 5485K [0x00000000d5580000, 0x00000000d7980000, 0x0000000100000000)
  eden space 24576K, 0% used [0x00000000d5580000,0x00000000d5580000,0x00000000d6d80000)
  from space 5632K, 97% used [0x00000000d7400000,0x00000000d795b760,0x00000000d7980000)
  to   space 5632K, 0% used [0x00000000d6e80000,0x00000000d6e80000,0x00000000d7400000)
 ParOldGen       total 68608K, used 8123K [0x0000000080000000, 0x0000000084300000, 0x00000000d5580000)
  object space 68608K, 11% used [0x0000000080000000,0x00000000807eed48,0x0000000084300000)
 Metaspace       used 18749K, committed 19520K, reserved 1114112K
  class space    used 1953K, committed 2304K, reserved 1048576K
}
Event: 20.277 GC heap before
{Heap before GC invocations=7 (full 0):
 PSYoungGen      total 30208K, used 25187K [0x00000000d5580000, 0x00000000d7980000, 0x0000000100000000)
  eden space 24576K, 80% used [0x00000000d5580000,0x00000000d68bd880,0x00000000d6d80000)
  from space 5632K, 97% used [0x00000000d7400000,0x00000000d795b760,0x00000000d7980000)
  to   space 5632K, 0% used [0x00000000d6e80000,0x00000000d6e80000,0x00000000d7400000)
 ParOldGen       total 68608K, used 8123K [0x0000000080000000, 0x0000000084300000, 0x00000000d5580000)
  object space 68608K, 11% used [0x0000000080000000,0x00000000807eed48,0x0000000084300000)
 Metaspace       used 20656K, committed 21504K, reserved 1114112K
  class space    used 2183K, committed 2560K, reserved 1048576K
}
Event: 20.283 GC heap after
{Heap after GC invocations=7 (full 0):
 PSYoungGen      total 29184K, used 4566K [0x00000000d5580000, 0x00000000d7780000, 0x0000000100000000)
  eden space 24576K, 0% used [0x00000000d5580000,0x00000000d5580000,0x00000000d6d80000)
  from space 4608K, 99% used [0x00000000d6e80000,0x00000000d72f5b18,0x00000000d7300000)
  to   space 4608K, 0% used [0x00000000d7300000,0x00000000d7300000,0x00000000d7780000)
 ParOldGen       total 68608K, used 9430K [0x0000000080000000, 0x0000000084300000, 0x00000000d5580000)
  object space 68608K, 13% used [0x0000000080000000,0x00000000809359f8,0x0000000084300000)
 Metaspace       used 20656K, committed 21504K, reserved 1114112K
  class space    used 2183K, committed 2560K, reserved 1048576K
}
Event: 20.283 GC heap before
{Heap before GC invocations=8 (full 1):
 PSYoungGen      total 29184K, used 4566K [0x00000000d5580000, 0x00000000d7780000, 0x0000000100000000)
  eden space 24576K, 0% used [0x00000000d5580000,0x00000000d5580000,0x00000000d6d80000)
  from space 4608K, 99% used [0x00000000d6e80000,0x00000000d72f5b18,0x00000000d7300000)
  to   space 4608K, 0% used [0x00000000d7300000,0x00000000d7300000,0x00000000d7780000)
 ParOldGen       total 68608K, used 9430K [0x0000000080000000, 0x0000000084300000, 0x00000000d5580000)
  object space 68608K, 13% used [0x0000000080000000,0x00000000809359f8,0x0000000084300000)
 Metaspace       used 20656K, committed 21504K, reserved 1114112K
  class space    used 2183K, committed 2560K, reserved 1048576K
}
Event: 20.324 GC heap after
{Heap after GC invocations=8 (full 1):
 PSYoungGen      total 29184K, used 0K [0x00000000d5580000, 0x00000000d7780000, 0x0000000100000000)
  eden space 24576K, 0% used [0x00000000d5580000,0x00000000d5580000,0x00000000d6d80000)
  from space 4608K, 0% used [0x00000000d6e80000,0x00000000d6e80000,0x00000000d7300000)
  to   space 4608K, 0% used [0x00000000d7300000,0x00000000d7300000,0x00000000d7780000)
 ParOldGen       total 68608K, used 13299K [0x0000000080000000, 0x0000000084300000, 0x00000000d5580000)
  object space 68608K, 19% used [0x0000000080000000,0x0000000080cfcc40,0x0000000084300000)
 Metaspace       used 20643K, committed 21504K, reserved 1114112K
  class space    used 2180K, committed 2560K, reserved 1048576K
}
Event: 21.051 GC heap before
{Heap before GC invocations=9 (full 1):
 PSYoungGen      total 29184K, used 24576K [0x00000000d5580000, 0x00000000d7780000, 0x0000000100000000)
  eden space 24576K, 100% used [0x00000000d5580000,0x00000000d6d80000,0x00000000d6d80000)
  from space 4608K, 0% used [0x00000000d6e80000,0x00000000d6e80000,0x00000000d7300000)
  to   space 4608K, 0% used [0x00000000d7300000,0x00000000d7300000,0x00000000d7780000)
 ParOldGen       total 68608K, used 13299K [0x0000000080000000, 0x0000000084300000, 0x00000000d5580000)
  object space 68608K, 19% used [0x0000000080000000,0x0000000080cfcc40,0x0000000084300000)
 Metaspace       used 22613K, committed 23552K, reserved 1114112K
  class space    used 2364K, committed 2752K, reserved 1048576K
}
Event: 21.057 GC heap after
{Heap after GC invocations=9 (full 1):
 PSYoungGen      total 28672K, used 4598K [0x00000000d5580000, 0x00000000d7780000, 0x0000000100000000)
  eden space 24064K, 0% used [0x00000000d5580000,0x00000000d5580000,0x00000000d6d00000)
  from space 4608K, 99% used [0x00000000d7300000,0x00000000d777db10,0x00000000d7780000)
  to   space 5120K, 0% used [0x00000000d6d80000,0x00000000d6d80000,0x00000000d7280000)
 ParOldGen       total 68608K, used 13435K [0x0000000080000000, 0x0000000084300000, 0x00000000d5580000)
  object space 68608K, 19% used [0x0000000080000000,0x0000000080d1ec40,0x0000000084300000)
 Metaspace       used 22613K, committed 23552K, reserved 1114112K
  class space    used 2364K, committed 2752K, reserved 1048576K
}
Event: 21.378 GC heap before
{Heap before GC invocations=10 (full 1):
 PSYoungGen      total 28672K, used 28662K [0x00000000d5580000, 0x00000000d7780000, 0x0000000100000000)
  eden space 24064K, 100% used [0x00000000d5580000,0x00000000d6d00000,0x00000000d6d00000)
  from space 4608K, 99% used [0x00000000d7300000,0x00000000d777db10,0x00000000d7780000)
  to   space 5120K, 0% used [0x00000000d6d80000,0x00000000d6d80000,0x00000000d7280000)
 ParOldGen       total 68608K, used 13435K [0x0000000080000000, 0x0000000084300000, 0x00000000d5580000)
  object space 68608K, 19% used [0x0000000080000000,0x0000000080d1ec40,0x0000000084300000)
 Metaspace       used 25278K, committed 26240K, reserved 1114112K
  class space    used 2546K, committed 2944K, reserved 1048576K
}
Event: 21.381 GC heap after
{Heap after GC invocations=10 (full 1):
 PSYoungGen      total 27648K, used 4017K [0x00000000d5580000, 0x00000000d7580000, 0x0000000100000000)
  eden space 23552K, 0% used [0x00000000d5580000,0x00000000d5580000,0x00000000d6c80000)
  from space 4096K, 98% used [0x00000000d6d80000,0x00000000d716c740,0x00000000d7180000)
  to   space 4096K, 0% used [0x00000000d7180000,0x00000000d7180000,0x00000000d7580000)
 ParOldGen       total 68608K, used 13443K [0x0000000080000000, 0x0000000084300000, 0x00000000d5580000)
  object space 68608K, 19% used [0x0000000080000000,0x0000000080d20c40,0x0000000084300000)
 Metaspace       used 25278K, committed 26240K, reserved 1114112K
  class space    used 2546K, committed 2944K, reserved 1048576K
}

Dll operation events (10 events):
Event: 0.043 Loaded shared library c:\Users\gueva\.vscode\extensions\redhat.java-1.55.0-win32-x64\jre\21.0.11-win32-x86_64\bin\java.dll
Event: 0.235 Loaded shared library c:\Users\gueva\.vscode\extensions\redhat.java-1.55.0-win32-x64\jre\21.0.11-win32-x86_64\bin\zip.dll
Event: 0.278 Loaded shared library C:\Users\gueva\.vscode\extensions\redhat.java-1.55.0-win32-x64\jre\21.0.11-win32-x86_64\bin\instrument.dll
Event: 0.288 Loaded shared library C:\Users\gueva\.vscode\extensions\redhat.java-1.55.0-win32-x64\jre\21.0.11-win32-x86_64\bin\net.dll
Event: 0.294 Loaded shared library C:\Users\gueva\.vscode\extensions\redhat.java-1.55.0-win32-x64\jre\21.0.11-win32-x86_64\bin\nio.dll
Event: 0.301 Loaded shared library C:\Users\gueva\.vscode\extensions\redhat.java-1.55.0-win32-x64\jre\21.0.11-win32-x86_64\bin\zip.dll
Event: 0.334 Loaded shared library C:\Users\gueva\.vscode\extensions\redhat.java-1.55.0-win32-x64\jre\21.0.11-win32-x86_64\bin\jimage.dll
Event: 0.458 Loaded shared library c:\Users\gueva\.vscode\extensions\redhat.java-1.55.0-win32-x64\jre\21.0.11-win32-x86_64\bin\verify.dll
Event: 4.196 Loaded shared library C:\Users\gueva\AppData\Roaming\Code\User\globalStorage\redhat.java\1.55.0\config_win\org.eclipse.equinox.launcher\org.eclipse.equinox.launcher.win32.win32.x86_64_1.3.100.v20260613-0559\eclipse_11924.dll
Event: 16.920 Loaded shared library C:\Users\gueva\AppData\Local\Temp\jna-98709026\jna8907761547138062257.dll

Deoptimization events (20 events):
Event: 22.488 Thread 0x000002da7f5b8710 DEOPT PACKING pc=0x000002da74ca2ab8 sp=0x000000fd2c6fe620
Event: 22.488 Thread 0x000002da7f5b8710 DEOPT UNPACKING pc=0x000002da74583aa2 sp=0x000000fd2c6fe5a8 mode 2
Event: 22.488 Thread 0x000002da7f5b8710 Uncommon trap: trap_request=0xffffffde fr.pc=0x000002da74ca2ab8 relative=0x00000000000000f8
Event: 22.488 Thread 0x000002da7f5b8710 Uncommon trap: reason=class_check action=maybe_recompile pc=0x000002da74ca2ab8 method=java.lang.Character.codePointAt(Ljava/lang/CharSequence;I)I @ 2 c2
Event: 22.488 Thread 0x000002da7f5b8710 DEOPT PACKING pc=0x000002da74ca2ab8 sp=0x000000fd2c6fe620
Event: 22.488 Thread 0x000002da7f5b8710 DEOPT UNPACKING pc=0x000002da74583aa2 sp=0x000000fd2c6fe5a8 mode 2
Event: 22.488 Thread 0x000002da7f5b8710 Uncommon trap: trap_request=0xffffffde fr.pc=0x000002da74ca2ab8 relative=0x00000000000000f8
Event: 22.488 Thread 0x000002da7f5b8710 Uncommon trap: reason=class_check action=maybe_recompile pc=0x000002da74ca2ab8 method=java.lang.Character.codePointAt(Ljava/lang/CharSequence;I)I @ 2 c2
Event: 22.488 Thread 0x000002da7f5b8710 DEOPT PACKING pc=0x000002da74ca2ab8 sp=0x000000fd2c6fe620
Event: 22.488 Thread 0x000002da7f5b8710 DEOPT UNPACKING pc=0x000002da74583aa2 sp=0x000000fd2c6fe5a8 mode 2
Event: 22.488 Thread 0x000002da7f5b8710 Uncommon trap: trap_request=0xffffff76 fr.pc=0x000002da74c61484 relative=0x0000000000000384
Event: 22.488 Thread 0x000002da7f5b8710 Uncommon trap: reason=predicate action=maybe_recompile pc=0x000002da74c61484 method=java.util.regex.Pattern$BmpCharPropertyGreedy.match(Ljava/util/regex/Matcher;ILjava/lang/CharSequence;)Z @ 12 c2
Event: 22.488 Thread 0x000002da7f5b8710 DEOPT PACKING pc=0x000002da74c61484 sp=0x000000fd2c6fe5a0
Event: 22.488 Thread 0x000002da7f5b8710 DEOPT UNPACKING pc=0x000002da74583aa2 sp=0x000000fd2c6fe528 mode 2
Event: 22.500 Thread 0x000002da7f5b8710 Uncommon trap: trap_request=0xffffffde fr.pc=0x000002da74c7ba80 relative=0x0000000000000400
Event: 22.500 Thread 0x000002da7f5b8710 Uncommon trap: reason=class_check action=maybe_recompile pc=0x000002da74c7ba80 method=java.io.BufferedInputStream.read1([BII)I @ 52 c2
Event: 22.500 Thread 0x000002da7f5b8710 DEOPT PACKING pc=0x000002da74c7ba80 sp=0x000000fd2c6fe290
Event: 22.500 Thread 0x000002da7f5b8710 DEOPT UNPACKING pc=0x000002da74583aa2 sp=0x000000fd2c6fe248 mode 2
Event: 22.518 Thread 0x000002da7efa8f90 DEOPT PACKING pc=0x000002da6d5d4239 sp=0x000000fd2c0f2950
Event: 22.518 Thread 0x000002da7efa8f90 DEOPT UNPACKING pc=0x000002da74584242 sp=0x000000fd2c0f1e50 mode 0

Classes loaded (20 events):
Event: 20.904 Loading class java/net/SocketException
Event: 20.906 Loading class java/net/SocketException done
Event: 20.906 Loading class java/net/UnknownHostException
Event: 20.906 Loading class java/net/UnknownHostException done
Event: 20.906 Loading class java/net/ProtocolException
Event: 20.906 Loading class java/net/ProtocolException done
Event: 20.995 Loading class java/lang/ThreadLocal$SuppliedThreadLocal
Event: 20.997 Loading class java/lang/ThreadLocal$SuppliedThreadLocal done
Event: 21.013 Loading class java/io/FileWriter
Event: 21.013 Loading class java/io/FileWriter done
Event: 21.136 Loading class java/lang/NegativeArraySizeException
Event: 21.136 Loading class java/lang/NegativeArraySizeException done
Event: 22.488 Loading class java/io/FileReader
Event: 22.488 Loading class java/io/FileReader done
Event: 22.554 Loading class java/util/concurrent/atomic/AtomicReferenceFieldUpdater
Event: 22.555 Loading class java/util/concurrent/atomic/AtomicReferenceFieldUpdater done
Event: 22.556 Loading class java/util/concurrent/atomic/AtomicReferenceFieldUpdater$AtomicReferenceFieldUpdaterImpl
Event: 22.556 Loading class java/util/concurrent/atomic/AtomicReferenceFieldUpdater$AtomicReferenceFieldUpdaterImpl done
Event: 22.556 Loading class java/util/concurrent/atomic/AtomicReferenceFieldUpdater$AtomicReferenceFieldUpdaterImpl$1
Event: 22.556 Loading class java/util/concurrent/atomic/AtomicReferenceFieldUpdater$AtomicReferenceFieldUpdaterImpl$1 done

Classes unloaded (7 events):
Event: 20.290 Thread 0x000002da69ea09a0 Unloading class 0x000002da051ad400 'java/lang/invoke/LambdaForm$MH+0x000002da051ad400'
Event: 20.290 Thread 0x000002da69ea09a0 Unloading class 0x000002da051ad000 'java/lang/invoke/LambdaForm$MH+0x000002da051ad000'
Event: 20.290 Thread 0x000002da69ea09a0 Unloading class 0x000002da051acc00 'java/lang/invoke/LambdaForm$MH+0x000002da051acc00'
Event: 20.290 Thread 0x000002da69ea09a0 Unloading class 0x000002da051ac800 'java/lang/invoke/LambdaForm$MH+0x000002da051ac800'
Event: 20.290 Thread 0x000002da69ea09a0 Unloading class 0x000002da051ac400 'java/lang/invoke/LambdaForm$BMH+0x000002da051ac400'
Event: 20.290 Thread 0x000002da69ea09a0 Unloading class 0x000002da051ac000 'java/lang/invoke/LambdaForm$DMH+0x000002da051ac000'
Event: 20.290 Thread 0x000002da69ea09a0 Unloading class 0x000002da051aac00 'java/lang/invoke/LambdaForm$DMH+0x000002da051aac00'

Classes redefined (0 events):
No events

Internal exceptions (20 events):
Event: 20.332 Thread 0x000002da7efa8f90 Exception <a 'java/lang/NoSuchMethodError'{0x00000000d55c9050}: 'int java.lang.invoke.DirectMethodHandle$Holder.invokeVirtual(java.lang.Object, java.lang.Object, java.lang.Object)'> (0x00000000d55c9050) 
thrown [s\src\hotspot\share\interpreter\linkResolver.cpp, line 773]
Event: 20.332 Thread 0x000002da7efa8f90 Exception <a 'java/lang/NoSuchMethodError'{0x00000000d55cdfe8}: 'int java.lang.invoke.DirectMethodHandle$Holder.invokeStaticInit(java.lang.Object, int, int)'> (0x00000000d55cdfe8) 
thrown [s\src\hotspot\share\interpreter\linkResolver.cpp, line 773]
Event: 20.333 Thread 0x000002da7efa8f90 Exception <a 'java/lang/NoSuchMethodError'{0x00000000d55d6370}: 'int java.lang.invoke.DirectMethodHandle$Holder.invokeStaticInit(java.lang.Object, long, long)'> (0x00000000d55d6370) 
thrown [s\src\hotspot\share\interpreter\linkResolver.cpp, line 773]
Event: 20.334 Thread 0x000002da7efa8f90 Exception <a 'java/lang/NoSuchMethodError'{0x00000000d55ddd28}: 'int java.lang.invoke.DirectMethodHandle$Holder.invokeStaticInit(java.lang.Object, float, float)'> (0x00000000d55ddd28) 
thrown [s\src\hotspot\share\interpreter\linkResolver.cpp, line 773]
Event: 20.335 Thread 0x000002da7efa8f90 Exception <a 'java/lang/NoSuchMethodError'{0x00000000d55e56d8}: 'int java.lang.invoke.DirectMethodHandle$Holder.invokeStaticInit(java.lang.Object, double, double)'> (0x00000000d55e56d8) 
thrown [s\src\hotspot\share\interpreter\linkResolver.cpp, line 773]
Event: 20.336 Thread 0x000002da7efa8f90 Exception <a 'java/lang/NoSuchMethodError'{0x00000000d55eaaf0}: 'int java.lang.invoke.DirectMethodHandle$Holder.invokeStatic(java.lang.Object, long)'> (0x00000000d55eaaf0) 
thrown [s\src\hotspot\share\interpreter\linkResolver.cpp, line 773]
Event: 20.341 Thread 0x000002da7efa8f90 Exception <a 'java/lang/NoSuchMethodError'{0x00000000d560e480}: 'int java.lang.invoke.Invokers$Holder.linkToTargetMethod(java.lang.Object, java.lang.Object)'> (0x00000000d560e480) 
thrown [s\src\hotspot\share\interpreter\linkResolver.cpp, line 773]
Event: 20.462 Thread 0x000002da7efa8f90 Exception <a 'java/lang/NoSuchMethodError'{0x00000000d5b53398}: 'java.lang.Object java.lang.invoke.Invokers$Holder.invoke_MT(java.lang.Object, java.lang.Object, java.lang.Object, java.lang.Object, java.lang.Object, java.lang.Object, java.lang.Object, java.lang.Object, java.lang.Object, java.lang.Object, java.lang.Object)'> (0x00000000d5b53398) 
thrown [s\src\hotspot\share\interpreter\linkResolver.cpp, line 773]
Event: 20.478 Thread 0x000002da7efa8f90 Exception <a 'java/lang/NoSuchMethodError'{0x00000000d5be3f98}: 'java.lang.Object java.lang.invoke.Invokers$Holder.invoke_MT(java.lang.Object, java.lang.Object, java.lang.Object, java.lang.Object, java.lang.Object, java.lang.Object, java.lang.Object, java.lang.Object, java.lang.Object, java.lang.Object)'> (0x00000000d5be3f98) 
thrown [s\src\hotspot\share\interpreter\linkResolver.cpp, line 773]
Event: 20.493 Thread 0x000002da7efa8f90 Exception <a 'java/lang/NoSuchMethodError'{0x00000000d5c9c938}: 'java.lang.Object java.lang.invoke.DirectMethodHandle$Holder.newInvokeSpecial(java.lang.Object, java.lang.Object, java.lang.Object, java.lang.Object, java.lang.Object, java.lang.Object, java.lang.Object)'> (0x00000000d5c9c938) 
thrown [s\src\hotspot\share\interpreter\linkResolver.cpp, line 773]
Event: 20.507 Thread 0x000002da7efa8f90 Exception <a 'java/lang/NoSuchMethodError'{0x00000000d5d141e0}: 'java.lang.Object java.lang.invoke.Invokers$Holder.invoker(java.lang.Object, java.lang.Object, java.lang.Object, java.lang.Object, java.lang.Object, java.lang.Object, java.lang.Object, java.lang.Object, java.lang.Object, java.lang.Object, java.lang.Object, java.lang.Object, java.lang.Object)'> (0x00000000d5d141e0) 
thrown [s\src\hotspot\share\interpreter\linkResolver.cpp, line 773]
Event: 20.508 Thread 0x000002da7efa8f90 Exception <a 'java/lang/NoSuchMethodError'{0x00000000d5d1e678}: 'java.lang.Object java.lang.invoke.DelegatingMethodHandle$Holder.delegate(java.lang.Object, java.lang.Object, java.lang.Object, java.lang.Object, java.lang.Object, java.lang.Object, java.lang.Object, java.lang.Object, java.lang.Object, java.lang.Object, java.lang.Object, java.lang.Object, java.lang.Object)'> (0x00000000d5d1e678) 
thrown [s\src\hotspot\share\interpreter\linkResolver.cpp, line 773]
Event: 20.517 Thread 0x000002da7efa8f90 Exception <a 'java/lang/NoSuchMethodError'{0x00000000d5d8a420}: static Lorg/eclipse/m2e/core/internal/lifecyclemapping/model/PluginExecutionMetadata;.<clinit>()V> (0x00000000d5d8a420) 
thrown [s\src\hotspot\share\prims\jni.cpp, line 1111]
Event: 20.518 Thread 0x000002da7efa8f90 Implicit null exception at 0x000002da74c28e24 to 0x000002da74c29854
Event: 20.527 Thread 0x000002da7efa8f90 Exception <a 'java/lang/NoSuchMethodError'{0x00000000d5dea630}: static Lorg/eclipse/m2e/core/internal/lifecyclemapping/model/PluginExecutionFilter;.<clinit>()V> (0x00000000d5dea630) 
thrown [s\src\hotspot\share\prims\jni.cpp, line 1111]
Event: 20.533 Thread 0x000002da7efa8f90 Exception <a 'java/lang/NoSuchMethodError'{0x00000000d5e1a0f0}: static Lorg/eclipse/m2e/core/internal/project/registry/MavenProjectFacade$MavenProjectConfiguration;.<clinit>()V> (0x00000000d5e1a0f0) 
thrown [s\src\hotspot\share\prims\jni.cpp, line 1111]
Event: 20.757 Thread 0x000002da7efa8f90 Exception <a 'java/lang/NoSuchMethodError'{0x00000000d6653460}: 'double java.lang.invoke.DirectMethodHandle$Holder.invokeStatic(java.lang.Object, java.lang.Object)'> (0x00000000d6653460) 
thrown [s\src\hotspot\share\interpreter\linkResolver.cpp, line 773]
Event: 20.758 Thread 0x000002da7efa8f90 Exception <a 'java/lang/NoSuchMethodError'{0x00000000d6656b20}: 'double java.lang.invoke.DirectMethodHandle$Holder.invokeStaticInit(java.lang.Object, java.lang.Object)'> (0x00000000d6656b20) 
thrown [s\src\hotspot\share\interpreter\linkResolver.cpp, line 773]
Event: 21.439 Thread 0x000002da7efa8f90 Implicit null exception at 0x000002da74cabb75 to 0x000002da74cabc50
Event: 22.514 Thread 0x000002da7f5b8710 Exception <a 'java/lang/NoSuchMethodError'{0x00000000d5d5f050}: 'java.lang.Object java.lang.invoke.DirectMethodHandle$Holder.invokeSpecialIFC(java.lang.Object, java.lang.Object, java.lang.Object, java.lang.Object)'> (0x00000000d5d5f050) 
thrown [s\src\hotspot\share\interpreter\linkResolver.cpp, line 773]

ZGC Phase Switch (0 events):
No events

VM Operations (20 events):
Event: 19.196 Executing safepoint VM operation: ParallelGCFailedAllocation (Allocation Failure)
Event: 19.200 Executing safepoint VM operation: ParallelGCFailedAllocation (Allocation Failure) done
Event: 20.204 Executing safepoint VM operation: Cleanup
Event: 20.204 Executing safepoint VM operation: Cleanup done
Event: 20.260 Executing non-safepoint VM operation: HandshakeAllThreads (Deoptimize)
Event: 20.260 Executing non-safepoint VM operation: HandshakeAllThreads (Deoptimize) done
Event: 20.277 Executing safepoint VM operation: CollectForMetadataAllocation (Metadata GC Threshold)
Event: 20.324 Executing safepoint VM operation: CollectForMetadataAllocation (Metadata GC Threshold) done
Event: 21.051 Executing safepoint VM operation: ParallelGCFailedAllocation (Allocation Failure)
Event: 21.057 Executing safepoint VM operation: ParallelGCFailedAllocation (Allocation Failure) done
Event: 21.378 Executing safepoint VM operation: ParallelGCFailedAllocation (Allocation Failure)
Event: 21.381 Executing safepoint VM operation: ParallelGCFailedAllocation (Allocation Failure) done
Event: 22.381 Executing safepoint VM operation: Cleanup
Event: 22.458 Executing safepoint VM operation: Cleanup done
Event: 22.472 Executing non-safepoint VM operation: HandshakeAllThreads (Deoptimize)
Event: 22.472 Executing non-safepoint VM operation: HandshakeAllThreads (Deoptimize) done
Event: 23.482 Executing safepoint VM operation: Cleanup
Event: 23.482 Executing safepoint VM operation: Cleanup done
Event: 24.487 Executing safepoint VM operation: Cleanup
Event: 24.487 Executing safepoint VM operation: Cleanup done

Memory protections (0 events):
No events

Nmethod flushes (0 events):
No events

Events (20 events):
Event: 0.116 Thread 0x000002da69e04360 Thread added: 0x000002da7c8a85b0
Event: 0.281 Thread 0x000002da69e04360 Thread added: 0x000002da7e30c4f0
Event: 0.583 Thread 0x000002da69e04360 Thread added: 0x000002da7e441be0
Event: 0.694 Thread 0x000002da7c8a85b0 Thread added: 0x000002da7e494170
Event: 1.020 Thread 0x000002da7e494170 Thread exited: 0x000002da7e494170
Event: 1.455 Thread 0x000002da7c8a85b0 Thread added: 0x000002da7e572870
Event: 1.915 Thread 0x000002da7e572870 Thread exited: 0x000002da7e572870
Event: 2.377 Thread 0x000002da7c8a85b0 Thread added: 0x000002da7e824930
Event: 3.169 Thread 0x000002da7e824930 Thread exited: 0x000002da7e824930
Event: 3.355 Thread 0x000002da69e04360 Thread added: 0x000002da7eae0390
Event: 4.153 Thread 0x000002da69e04360 Thread added: 0x000002da7eedd580
Event: 4.265 Thread 0x000002da7eedd580 Thread added: 0x000002da7eb76060
Event: 4.282 Thread 0x000002da69e04360 Thread added: 0x000002da7efa8f90
Event: 6.188 Thread 0x000002da7efa8f90 Thread added: 0x000002da7ecc3970
Event: 8.972 Thread 0x000002da7efa8f90 Thread added: 0x000002da7c8ae0f0
Event: 12.321 Thread 0x000002da7efa8f90 Thread added: 0x000002da7f1d1fb0
Event: 17.091 Thread 0x000002da7efa8f90 Thread added: 0x000002da7f5ba150
Event: 17.323 Thread 0x000002da7efa8f90 Thread added: 0x000002da7f5ba7e0
Event: 17.380 Thread 0x000002da7efa8f90 Thread added: 0x000002da7f5b8710
Event: 21.859 Thread 0x000002da7f5ba7e0 Thread added: 0x000002da7f5bb500


Dynamic libraries:
0x00007ff6ae940000 - 0x00007ff6ae94e000 	c:\Users\gueva\.vscode\extensions\redhat.java-1.55.0-win32-x64\jre\21.0.11-win32-x86_64\bin\java.exe
0x00007ffbf2e60000 - 0x00007ffbf30c6000 	C:\WINDOWS\SYSTEM32\ntdll.dll
0x00007ffbf0bd0000 - 0x00007ffbf0c99000 	C:\WINDOWS\System32\KERNEL32.DLL
0x00007ffbf0210000 - 0x00007ffbf060e000 	C:\WINDOWS\System32\KERNELBASE.dll
0x00007ffbf00b0000 - 0x00007ffbf01fc000 	C:\WINDOWS\System32\ucrtbase.dll
0x00007ffbe4e10000 - 0x00007ffbe4e28000 	c:\Users\gueva\.vscode\extensions\redhat.java-1.55.0-win32-x64\jre\21.0.11-win32-x86_64\bin\jli.dll
0x00007ffbe11e0000 - 0x00007ffbe11fe000 	c:\Users\gueva\.vscode\extensions\redhat.java-1.55.0-win32-x64\jre\21.0.11-win32-x86_64\bin\VCRUNTIME140.dll
0x00007ffbf23e0000 - 0x00007ffbf25a7000 	C:\WINDOWS\System32\USER32.dll
0x00007ffbdc520000 - 0x00007ffbdc7b2000 	C:\WINDOWS\WinSxS\amd64_microsoft.windows.common-controls_6595b64144ccf1df_6.0.26100.8875_none_3e0d5d42e32fe9dd\COMCTL32.dll
0x00007ffbf0080000 - 0x00007ffbf00a7000 	C:\WINDOWS\System32\win32u.dll
0x00007ffbf0ca0000 - 0x00007ffbf0d49000 	C:\WINDOWS\System32\msvcrt.dll
0x00007ffbf0ba0000 - 0x00007ffbf0bcb000 	C:\WINDOWS\System32\GDI32.dll
0x00007ffbf0620000 - 0x00007ffbf074a000 	C:\WINDOWS\System32\gdi32full.dll
0x00007ffbf0ae0000 - 0x00007ffbf0b83000 	C:\WINDOWS\System32\msvcp_win.dll
0x00007ffbf0dc0000 - 0x00007ffbf0df2000 	C:\WINDOWS\System32\IMM32.DLL
0x00007ffbe19c0000 - 0x00007ffbe19cc000 	c:\Users\gueva\.vscode\extensions\redhat.java-1.55.0-win32-x64\jre\21.0.11-win32-x86_64\bin\vcruntime140_1.dll
0x00007ffbad520000 - 0x00007ffbad5ad000 	c:\Users\gueva\.vscode\extensions\redhat.java-1.55.0-win32-x64\jre\21.0.11-win32-x86_64\bin\msvcp140.dll
0x00007ffb44f50000 - 0x00007ffb45cf2000 	c:\Users\gueva\.vscode\extensions\redhat.java-1.55.0-win32-x64\jre\21.0.11-win32-x86_64\bin\server\jvm.dll
0x00007ffbf0e00000 - 0x00007ffbf0eb7000 	C:\WINDOWS\System32\ADVAPI32.dll
0x00007ffbf2d60000 - 0x00007ffbf2e0a000 	C:\WINDOWS\System32\sechost.dll
0x00007ffbf27b0000 - 0x00007ffbf28c8000 	C:\WINDOWS\System32\RPCRT4.dll
0x00007ffbf16a0000 - 0x00007ffbf1720000 	C:\WINDOWS\System32\WS2_32.dll
0x00007ffbefee0000 - 0x00007ffbeff3e000 	C:\WINDOWS\SYSTEM32\POWRPROF.dll
0x00007ffbde460000 - 0x00007ffbde46b000 	C:\WINDOWS\SYSTEM32\VERSION.dll
0x00007ffbe6220000 - 0x00007ffbe6256000 	C:\WINDOWS\SYSTEM32\WINMM.dll
0x00007ffbefeb0000 - 0x00007ffbefec4000 	C:\WINDOWS\SYSTEM32\UMPDC.dll
0x00007ffbeed60000 - 0x00007ffbeed7b000 	C:\WINDOWS\SYSTEM32\kernel.appcore.dll
0x00007ffbe1610000 - 0x00007ffbe161a000 	c:\Users\gueva\.vscode\extensions\redhat.java-1.55.0-win32-x64\jre\21.0.11-win32-x86_64\bin\jimage.dll
0x00007ffbed720000 - 0x00007ffbed962000 	C:\WINDOWS\SYSTEM32\DBGHELP.DLL
0x00007ffbf1730000 - 0x00007ffbf1ab3000 	C:\WINDOWS\System32\combase.dll
0x00007ffbf25b0000 - 0x00007ffbf2689000 	C:\WINDOWS\System32\OLEAUT32.dll
0x00007ffbdc7c0000 - 0x00007ffbdc7fb000 	C:\WINDOWS\SYSTEM32\dbgcore.DLL
0x00007ffbf0a20000 - 0x00007ffbf0acc000 	C:\WINDOWS\System32\bcryptPrimitives.dll
0x00007ffbe15d0000 - 0x00007ffbe15df000 	c:\Users\gueva\.vscode\extensions\redhat.java-1.55.0-win32-x64\jre\21.0.11-win32-x86_64\bin\instrument.dll
0x00007ffbd7fc0000 - 0x00007ffbd7fe0000 	c:\Users\gueva\.vscode\extensions\redhat.java-1.55.0-win32-x64\jre\21.0.11-win32-x86_64\bin\java.dll
0x00007ffbf1bb0000 - 0x00007ffbf2342000 	C:\WINDOWS\System32\SHELL32.dll
0x00007ffbed970000 - 0x00007ffbee202000 	C:\WINDOWS\SYSTEM32\windows.storage.dll
0x00007ffbf15a0000 - 0x00007ffbf1697000 	C:\WINDOWS\System32\SHCORE.dll
0x00007ffbf0d50000 - 0x00007ffbf0db7000 	C:\WINDOWS\System32\shlwapi.dll
0x00007ffbeffa0000 - 0x00007ffbeffc9000 	C:\WINDOWS\SYSTEM32\profapi.dll
0x00007ffbd7300000 - 0x00007ffbd7318000 	c:\Users\gueva\.vscode\extensions\redhat.java-1.55.0-win32-x64\jre\21.0.11-win32-x86_64\bin\zip.dll
0x00007ffbe1220000 - 0x00007ffbe1230000 	C:\Users\gueva\.vscode\extensions\redhat.java-1.55.0-win32-x64\jre\21.0.11-win32-x86_64\bin\net.dll
0x00007ffbe5e40000 - 0x00007ffbe5f67000 	C:\WINDOWS\SYSTEM32\WINHTTP.dll
0x00007ffbef310000 - 0x00007ffbef37c000 	C:\WINDOWS\system32\mswsock.dll
0x00007ffbd7230000 - 0x00007ffbd7246000 	C:\Users\gueva\.vscode\extensions\redhat.java-1.55.0-win32-x64\jre\21.0.11-win32-x86_64\bin\nio.dll
0x00007ffbdf8c0000 - 0x00007ffbdf8d0000 	c:\Users\gueva\.vscode\extensions\redhat.java-1.55.0-win32-x64\jre\21.0.11-win32-x86_64\bin\verify.dll
0x00007ffbc2940000 - 0x00007ffbc2985000 	C:\Users\gueva\AppData\Roaming\Code\User\globalStorage\redhat.java\1.55.0\config_win\org.eclipse.equinox.launcher\org.eclipse.equinox.launcher.win32.win32.x86_64_1.3.100.v20260613-0559\eclipse_11924.dll
0x00007ffbf28d0000 - 0x00007ffbf2a69000 	C:\WINDOWS\System32\ole32.dll
0x00007ffbef610000 - 0x00007ffbef62b000 	C:\WINDOWS\SYSTEM32\CRYPTSP.dll
0x00007ffbeecc0000 - 0x00007ffbeecf9000 	C:\WINDOWS\system32\rsaenh.dll
0x00007ffbef3d0000 - 0x00007ffbef402000 	C:\WINDOWS\SYSTEM32\USERENV.dll
0x00007ffbeff70000 - 0x00007ffbeff9a000 	C:\WINDOWS\SYSTEM32\bcrypt.dll
0x00007ffbef630000 - 0x00007ffbef63c000 	C:\WINDOWS\SYSTEM32\CRYPTBASE.dll
0x00007ffbee6b0000 - 0x00007ffbee6e3000 	C:\WINDOWS\SYSTEM32\IPHLPAPI.DLL
0x00007ffbf2e10000 - 0x00007ffbf2e1a000 	C:\WINDOWS\System32\NSI.dll
0x00007ffbb46b0000 - 0x00007ffbb46f9000 	C:\Users\gueva\AppData\Local\Temp\jna-98709026\jna8907761547138062257.dll
0x00007ffbf23a0000 - 0x00007ffbf23a8000 	C:\WINDOWS\System32\PSAPI.DLL

JVMTI agents:
c:\Users\gueva\.vscode\extensions\redhat.java-1.55.0-win32-x64\lombok\lombok-1.18.39-4050.jar path:c:\Users\gueva\.vscode\extensions\redhat.java-1.55.0-win32-x64\jre\21.0.11-win32-x86_64\bin\instrument.dll, loaded, initialized, instrumentlib options:none

dbghelp: loaded successfully - version: 4.0.5 - missing functions: none
symbol engine: initialized successfully - sym options: 0x614 - pdb path: .;c:\Users\gueva\.vscode\extensions\redhat.java-1.55.0-win32-x64\jre\21.0.11-win32-x86_64\bin;C:\WINDOWS\SYSTEM32;C:\WINDOWS\WinSxS\amd64_microsoft.windows.common-controls_6595b64144ccf1df_6.0.26100.8875_none_3e0d5d42e32fe9dd;c:\Users\gueva\.vscode\extensions\redhat.java-1.55.0-win32-x64\jre\21.0.11-win32-x86_64\bin\server;C:\Users\gueva\AppData\Roaming\Code\User\globalStorage\redhat.java\1.55.0\config_win\org.eclipse.equinox.launcher\org.eclipse.equinox.launcher.win32.win32.x86_64_1.3.100.v20260613-0559;C:\Users\gueva\AppData\Local\Temp\jna-98709026

VM Arguments:
jvm_args: --add-modules=ALL-SYSTEM --add-opens=java.base/java.util=ALL-UNNAMED --add-opens=java.base/java.lang=ALL-UNNAMED --add-opens=java.base/sun.nio.fs=ALL-UNNAMED -Declipse.application=org.eclipse.jdt.ls.core.id1 -Dosgi.bundles.defaultStartLevel=4 -Declipse.product=org.eclipse.jdt.ls.core.product -Djava.import.generatesMetadataFilesAtProjectRoot=false -DDetectVMInstallationsJob.disabled=true -Dfile.encoding=utf8 -XX:+UseParallelGC -XX:GCTimeRatio=4 -XX:AdaptiveSizePolicyWeight=90 -Dsun.zip.disableMemoryMapping=true -Xmx2G -Xms100m -Xlog:disable -javaagent:c:\Users\gueva\.vscode\extensions\redhat.java-1.55.0-win32-x64\lombok\lombok-1.18.39-4050.jar -XX:+HeapDumpOnOutOfMemoryError -XX:HeapDumpPath=c:\Users\gueva\AppData\Roaming\Code\User\workspaceStorage\44fb2ca8477ceeac58e2505a295ba8ed\redhat.java -Daether.dependencyCollector.impl=bf 
java_command: c:\Users\gueva\.vscode\extensions\redhat.java-1.55.0-win32-x64\server\plugins\org.eclipse.equinox.launcher_1.7.200.v20260619-2039.jar -configuration c:\Users\gueva\AppData\Roaming\Code\User\globalStorage\redhat.java\1.55.0\config_win -data c:\Users\gueva\AppData\Roaming\Code\User\workspaceStorage\44fb2ca8477ceeac58e2505a295ba8ed\redhat.java\jdt_ws --pipe=\\.\pipe\lsp-aeae2c7ad72e3c208f94887bcdf47d8e-sock
java_class_path (initial): c:\Users\gueva\.vscode\extensions\redhat.java-1.55.0-win32-x64\server\plugins\org.eclipse.equinox.launcher_1.7.200.v20260619-2039.jar
Launcher Type: SUN_STANDARD

[Global flags]
    uintx AdaptiveSizePolicyWeight                 = 90                                        {product} {command line}
     intx CICompilerCount                          = 4                                         {product} {ergonomic}
    uintx GCTimeRatio                              = 4                                         {product} {command line}
     bool HeapDumpOnOutOfMemoryError               = true                                   {manageable} {command line}
    ccstr HeapDumpPath                             = c:\Users\gueva\AppData\Roaming\Code\User\workspaceStorage\44fb2ca8477ceeac58e2505a295ba8ed\redhat.java         {manageable} {command line}
   size_t InitialHeapSize                          = 104857600                                 {product} {command line}
   size_t MaxHeapSize                              = 2147483648                                {product} {command line}
   size_t MaxNewSize                               = 715653120                                 {product} {ergonomic}
   size_t MinHeapDeltaBytes                        = 524288                                    {product} {ergonomic}
   size_t MinHeapSize                              = 104857600                                 {product} {command line}
   size_t NewSize                                  = 34603008                                  {product} {ergonomic}
    uintx NonNMethodCodeHeapSize                   = 5839372                                {pd product} {ergonomic}
    uintx NonProfiledCodeHeapSize                  = 122909434                              {pd product} {ergonomic}
   size_t OldSize                                  = 70254592                                  {product} {ergonomic}
    uintx ProfiledCodeHeapSize                     = 122909434                              {pd product} {ergonomic}
    uintx ReservedCodeCacheSize                    = 251658240                              {pd product} {ergonomic}
     bool SegmentedCodeCache                       = true                                      {product} {ergonomic}
   size_t SoftMaxHeapSize                          = 2147483648                             {manageable} {ergonomic}
     bool UseCompressedOops                        = true                           {product lp64_product} {ergonomic}
     bool UseLargePagesIndividualAllocation        = false                                  {pd product} {ergonomic}
     bool UseParallelGC                            = true                                      {product} {command line}

Logging:
Log output configuration:
 #0: stdout all=off uptime,level,tags foldmultilines=false
 #1: stderr all=off uptime,level,tags foldmultilines=false

Release file:
JAVA_VERSION="21.0.11" 
MODULES="java.base java.compiler java.datatransfer java.xml java.prefs java.desktop java.instrument java.logging java.management java.security.sasl java.naming java.rmi java.management.rmi java.net.http java.scripting java.security.jgss java.transaction.xa java.sql java.sql.rowset java.xml.crypto java.se java.smartcardio jdk.accessibility jdk.internal.jvmstat jdk.attach jdk.charsets jdk.internal.opt jdk.zipfs jdk.compiler jdk.crypto.ec jdk.crypto.cryptoki jdk.crypto.mscapi jdk.dynalink jdk.internal.ed jdk.editpad jdk.hotspot.agent jdk.httpserver jdk.internal.le jdk.internal.vm.ci jdk.internal.vm.compiler jdk.internal.vm.compiler.management jdk.jartool jdk.javadoc jdk.jcmd jdk.management jdk.management.agent jdk.jconsole jdk.jdeps jdk.jdwp.agent jdk.jdi jdk.jfr jdk.jshell jdk.jsobject jdk.jstatd jdk.localedata jdk.management.jfr jdk.naming.dns jdk.naming.rmi jdk.net jdk.nio.mapmode jdk.random jdk.sctp jdk.security.auth jdk.security.jgss jdk.unsupported jdk.unsupported.desktop jdk.xml.dom" 

Environment Variables:
PATH=C:\Program Files\Common Files\Oracle\Java\javapath;C:\WINDOWS\system32;C:\WINDOWS;C:\WINDOWS\System32\Wbem;C:\WINDOWS\System32\WindowsPowerShell\v1.0\;C:\WINDOWS\System32\OpenSSH\;C:\Program Files\dotnet\;C:\Program Files\Java\jdk-25\bin;C:\Program Files\nodejs\;C:\xampp\php;C:\ProgramData\ComposerSetup\bin;C:\Program Files\Git\cmd;C:\Program Files (x86)\Microsoft SQL Server\160\Tools\Binn\;C:\Program Files\Microsoft SQL Server\160\Tools\Binn\;C:\Program Files\Microsoft SQL Server\Client SDK\ODBC\170\Tools\Binn\;C:\Program Files\Microsoft SQL Server\160\DTS\Binn\;C:\Program Files (x86)\Microsoft SQL Server\160\DTS\Binn\;C:\ProgramData\chocolatey\bin;C:\flutter\bin;;C:\Program Files\Docker\Docker\resources\bin;C:\Users\gueva\AppData\Local\Programs\Python\Launcher\;C:\Program Files\MySQL\MySQL Shell 8.0\bin\;C:\Users\gueva\AppData\Local\Microsoft\WindowsApps;C:\Users\gueva\AppData\Local\Programs\Microsoft VS Code\bin;C:\Users\gueva\AppData\Roaming\npm;C:\Users\gueva\AppData\Roaming\Composer\vendor\bin;C:\Users\gueva\AppData\Roaming\npm;C:\Users\gueva\AppData\Local\Python\bin;C:\Program Files\Git\bin;C:\Users\gueva\AppData\Local\Programs\mongosh\;C:\Program Files\MongoDB\Tools\100\bin;C:\Program Files\MongoDB\Server\8.2\bin;C:\Program Files\MySQL\MySQL Server 8.0\bin;C:\Program Files\Docker\Docker
USERNAME=gueva
OS=Windows_NT
PROCESSOR_IDENTIFIER=AMD64 Family 23 Model 160 Stepping 0, AuthenticAMD
TMP=C:\Users\gueva\AppData\Local\Temp
TEMP=C:\Users\gueva\AppData\Local\Temp




Periodic native trim disabled

---------------  S Y S T E M  ---------------

OS:
 Windows 11 , 64 bit Build 26100 (10.0.26100.8875)
OS uptime: 0 days 19:07 hours
Hyper-V role detected

CPU: total 8 (initial active 8) (8 cores per cpu, 2 threads per core) family 23 model 160 stepping 0 microcode 0x8a0000b, cx8, cmov, fxsr, ht, mmx, 3dnowpref, sse, sse2, sse3, ssse3, sse4a, sse4.1, sse4.2, popcnt, lzcnt, tsc, tscinvbit, avx, avx2, aes, clmul, bmi1, bmi2, adx, sha, fma, vzeroupper, clflush, clflushopt, hv, rdtscp, rdpid, f16c
Processor Information for the first 8 processors :
  Max Mhz: 2801, Current Mhz: 2801, Mhz Limit: 2801

Memory: 4k page, system-wide physical 7379M (62M free)
TotalPageFile size 29907M (AvailPageFile size 1M)
current process WorkingSet (physical memory assigned to process): 153M, peak: 153M
current process commit charge ("private bytes"): 283M, peak: 283M

vm_info: OpenJDK 64-Bit Server VM (21.0.11+10-LTS) for windows-amd64 JRE (21.0.11+10-LTS), built on 2026-04-21T00:00:00Z by "admin" with MS VC++ 17.12 (VS2022)

END.
