#
# There is insufficient memory for the Java Runtime Environment to continue.
# Native memory allocation (mmap) failed to map 65536 bytes. Error detail: Failed to commit metaspace.
# Possible reasons:
#   The system is out of physical RAM or swap space
#   This process is running with CompressedOops enabled, and the Java Heap may be blocking the growth of the native heap
# Possible solutions:
#   Reduce memory load on the system
#   Increase physical memory or swap space
#   Check if swap backing store is full
#   Decrease Java heap size (-Xmx/-Xms)
#   Decrease number of Java threads
#   Decrease Java thread stack sizes (-Xss)
#   Set larger code cache with -XX:ReservedCodeCacheSize=
#   JVM is running with Unscaled Compressed Oops mode in which the Java heap is
#     placed in the first 4GB address space. The Java Heap base address is the
#     maximum limit for the native heap growth. Please use -XX:HeapBaseMinAddress
#     to set the Java Heap base and to place the Java Heap above 4GB virtual address.
# This output file may be truncated or incomplete.
#
#  Out of Memory Error (virtualSpaceNode.cpp:113), pid=12748, tid=10412
#
# JRE version: OpenJDK Runtime Environment Temurin-21.0.11+10 (21.0.11+10) (build 21.0.11+10-LTS)
# Java VM: OpenJDK 64-Bit Server VM Temurin-21.0.11+10 (21.0.11+10-LTS, mixed mode, sharing, tiered, compressed oops, compressed class ptrs, parallel gc, windows-amd64)
# No core dump will be written. Minidumps are not enabled by default on client versions of Windows
#

---------------  S U M M A R Y ------------

Command Line: --add-modules=ALL-SYSTEM --add-opens=java.base/java.util=ALL-UNNAMED --add-opens=java.base/java.lang=ALL-UNNAMED --add-opens=java.base/sun.nio.fs=ALL-UNNAMED -Declipse.application=org.eclipse.jdt.ls.core.id1 -Dosgi.bundles.defaultStartLevel=4 -Declipse.product=org.eclipse.jdt.ls.core.product -Djava.import.generatesMetadataFilesAtProjectRoot=false -DDetectVMInstallationsJob.disabled=true -Dfile.encoding=utf8 -XX:+UseParallelGC -XX:GCTimeRatio=4 -XX:AdaptiveSizePolicyWeight=90 -Dsun.zip.disableMemoryMapping=true -Xmx2G -Xms100m -Xlog:disable -javaagent:c:\Users\gueva\.vscode\extensions\redhat.java-1.55.0-win32-x64\lombok\lombok-1.18.39-4050.jar c:\Users\gueva\.vscode\extensions\redhat.java-1.55.0-win32-x64\server\plugins\org.eclipse.equinox.launcher_1.7.200.v20260619-2039.jar -configuration c:\Users\gueva\AppData\Roaming\Code\User\globalStorage\redhat.java\1.55.0\config_ss_win -data c:\Users\gueva\AppData\Roaming\Code\User\workspaceStorage\44fb2ca8477ceeac58e2505a295ba8ed\redhat.java\ss_ws --pipe=\\.\pipe\lsp-84cdf6d391f791c4a0255945a491310a-sock

Host: AMD Ryzen 5 7520U with Radeon Graphics         , 8 cores, 7G,  Windows 11 , 64 bit Build 26100 (10.0.26100.8875)
Time: Sun Jul 19 20:25:24 2026 Hora est嫕dar central (M憖ico) elapsed time: 17.459471 seconds (0d 0h 0m 17s)

---------------  T H R E A D  ---------------

Current thread (0x000001583bbd4bd0):  JavaThread "main"             [_thread_in_vm, id=10412, stack(0x00000010b1600000,0x00000010b1700000) (1024K)]

Stack: [0x00000010b1600000,0x00000010b1700000]
Native frames: (J=compiled Java code, j=interpreted, Vv=VM code, C=native code)
V  [jvm.dll+0x6d7e19]
V  [jvm.dll+0x8b5096]
V  [jvm.dll+0x8b764e]
V  [jvm.dll+0x8b7d33]
V  [jvm.dll+0x284596]
V  [jvm.dll+0x8b0dde]
V  [jvm.dll+0x6795e4]
V  [jvm.dll+0x1e849b]
V  [jvm.dll+0x1e825e]
V  [jvm.dll+0x67bee2]
V  [jvm.dll+0x67bd12]
V  [jvm.dll+0x679fbe]
V  [jvm.dll+0x684268]
V  [jvm.dll+0x21973e]
V  [jvm.dll+0x219be5]
V  [jvm.dll+0x21a5d8]
V  [jvm.dll+0x20f80e]
V  [jvm.dll+0x5b658f]
V  [jvm.dll+0x82f046]
V  [jvm.dll+0x478ec8]
V  [jvm.dll+0x47ecf8]
C  [java.dll+0x17ec]

Java frames: (J=compiled Java code, j=interpreted, Vv=VM code)
J 1116  java.lang.ClassLoader.defineClass1(Ljava/lang/ClassLoader;Ljava/lang/String;[BIILjava/security/ProtectionDomain;Ljava/lang/String;)Ljava/lang/Class; java.base@21.0.11 (0 bytes) @ 0x0000015846902611 [0x0000015846902540+0x00000000000000d1]
J 1782 c1 java.lang.ClassLoader.defineClass(Ljava/lang/String;[BIILjava/security/ProtectionDomain;)Ljava/lang/Class; java.base@21.0.11 (43 bytes) @ 0x000001583f0ffc7c [0x000001583f0ff920+0x000000000000035c]
J 1700 c1 java.security.SecureClassLoader.defineClass(Ljava/lang/String;[BIILjava/security/CodeSource;)Ljava/lang/Class; java.base@21.0.11 (16 bytes) @ 0x000001583f0ce81c [0x000001583f0ce740+0x00000000000000dc]
J 1579 c1 java.net.URLClassLoader.defineClass(Ljava/lang/String;Ljdk/internal/loader/Resource;)Ljava/lang/Class; java.base@21.0.11 (224 bytes) @ 0x000001583f07df9c [0x000001583f07c800+0x000000000000179c]
J 1696 c1 java.net.URLClassLoader$1.run()Ljava/lang/Class; java.base@21.0.11 (81 bytes) @ 0x000001583f0cb7fc [0x000001583f0cabc0+0x0000000000000c3c]
J 1695 c1 java.net.URLClassLoader$1.run()Ljava/lang/Object; java.base@21.0.11 (5 bytes) @ 0x000001583f0ca654 [0x000001583f0ca5c0+0x0000000000000094]
J 1546 c1 java.security.AccessController.doPrivileged(Ljava/security/PrivilegedExceptionAction;Ljava/security/AccessControlContext;)Ljava/lang/Object; java.base@21.0.11 (26 bytes) @ 0x000001583f07038c [0x000001583f0701a0+0x00000000000001ec]
J 1573 c1 java.net.URLClassLoader.findClass(Ljava/lang/String;)Ljava/lang/Class; java.base@21.0.11 (47 bytes) @ 0x000001583f07af04 [0x000001583f07ad80+0x0000000000000184]
J 1598 c1 java.lang.ClassLoader.loadClass(Ljava/lang/String;Z)Ljava/lang/Class; java.base@21.0.11 (121 bytes) @ 0x000001583f08c3ac [0x000001583f08bde0+0x00000000000005cc]
J 3145 c2 java.lang.ClassLoader.loadClass(Ljava/lang/String;)Ljava/lang/Class; java.base@21.0.11 (7 bytes) @ 0x0000015846a1aa6c [0x0000015846a1aa20+0x000000000000004c]
v  ~StubRoutines::call_stub 0x000001584630100d
j  org.eclipse.osgi.container.ModuleResolver$ResolveProcess.<init>(Lorg/eclipse/osgi/container/ModuleResolver;Ljava/util/Collection;Ljava/util/Collection;ZLjava/util/Map;Lorg/eclipse/osgi/container/ModuleDatabase;)V+10
j  org.eclipse.osgi.container.ModuleResolver.resolveDelta(Ljava/util/Collection;ZLjava/util/Collection;Ljava/util/Map;Lorg/eclipse/osgi/container/ModuleDatabase;)Lorg/eclipse/osgi/container/ModuleResolutionReport;+12
j  org.eclipse.osgi.container.ModuleContainer.resolveAndApply(Ljava/util/Collection;ZZLorg/eclipse/osgi/container/ModuleContainer$ResolutionLock$Permits;)Lorg/eclipse/osgi/report/resolution/ResolutionReport;+256
j  org.eclipse.osgi.container.ModuleContainer.resolve(Ljava/util/Collection;ZZ)Lorg/eclipse/osgi/report/resolution/ResolutionReport;+63
j  org.eclipse.osgi.container.ModuleContainer.resolve(Ljava/util/Collection;Z)Lorg/eclipse/osgi/report/resolution/ResolutionReport;+4
j  org.eclipse.core.runtime.adaptor.EclipseStarter.run(Ljava/lang/Object;)Ljava/lang/Object;+148
j  org.eclipse.core.runtime.adaptor.EclipseStarter.run([Ljava/lang/String;Ljava/lang/Runnable;)Ljava/lang/Object;+132
j  java.lang.invoke.DirectMethodHandle$Holder.invokeStatic(Ljava/lang/Object;Ljava/lang/Object;Ljava/lang/Object;)Ljava/lang/Object;+11 java.base@21.0.11
j  java.lang.invoke.LambdaForm$MH+0x000001585408a800.invoke(Ljava/lang/Object;Ljava/lang/Object;Ljava/lang/Object;Ljava/lang/Object;)Ljava/lang/Object;+54 java.base@21.0.11
j  java.lang.invoke.LambdaForm$MH+0x0000015854002c00.invokeExact_MT(Ljava/lang/Object;Ljava/lang/Object;Ljava/lang/Object;Ljava/lang/Object;Ljava/lang/Object;)Ljava/lang/Object;+22 java.base@21.0.11
j  jdk.internal.reflect.DirectMethodHandleAccessor.invokeImpl(Ljava/lang/Object;[Ljava/lang/Object;)Ljava/lang/Object;+72 java.base@21.0.11
j  jdk.internal.reflect.DirectMethodHandleAccessor.invoke(Ljava/lang/Object;[Ljava/lang/Object;)Ljava/lang/Object;+23 java.base@21.0.11
j  java.lang.reflect.Method.invoke(Ljava/lang/Object;[Ljava/lang/Object;)Ljava/lang/Object;+102 java.base@21.0.11
j  org.eclipse.equinox.launcher.Main.invokeFramework([Ljava/lang/String;[Ljava/net/URL;)V+155
j  org.eclipse.equinox.launcher.Main.basicRun([Ljava/lang/String;)V+191
j  org.eclipse.equinox.launcher.Main.run([Ljava/lang/String;)I+4
j  org.eclipse.equinox.launcher.Main.main([Ljava/lang/String;)V+10
v  ~StubRoutines::call_stub 0x000001584630100d

Compiled method (n/a) 19176 1116     n 0       java.lang.ClassLoader::defineClass1 (native)
 total in heap  [0x0000015846902390,0x0000015846902818] = 1160
 relocation     [0x00000158469024f0,0x0000015846902528] = 56
 main code      [0x0000015846902540,0x0000015846902816] = 726
 stub code      [0x0000015846902816,0x0000015846902818] = 2

[Constant Pool (empty)]

[MachCode]
[Entry Point]
  # {method} {0x0000015853434a48} 'defineClass1' '(Ljava/lang/ClassLoader;Ljava/lang/String;[BIILjava/security/ProtectionDomain;Ljava/lang/String;)Ljava/lang/Class;' in 'java/lang/ClassLoader'
  # parm0:    rdx:rdx   = 'java/lang/ClassLoader'
  # parm1:    r8:r8     = 'java/lang/String'
  # parm2:    r9:r9     = '[B'
  # parm3:    rdi       = int
  # parm4:    rsi       = int
  # parm5:    rcx:rcx   = 'java/security/ProtectionDomain'
  # parm6:    [sp+0xa0]   = 'java/lang/String'  (sp of caller)
  0x0000015846902540: 448b 5208 | 49bb 0000 | 0053 5801 | 0000 4d03 | d349 3bc2 | 0f84 0600 

  0x0000015846902558: ;   {runtime_call ic_miss_stub}
  0x0000015846902558: 0000 e921 | bfa4 ff90 
[Verified Entry Point]
  0x0000015846902560: 8984 2400 | 80ff ff55 | 488b ec48 | 81ec 9000 | 0000 6690 | 4181 7f20 | 0200 0000 

  0x000001584690257c: ;   {runtime_call StubRoutines (final stubs)}
  0x000001584690257c: 7405 e85d | 64a3 ff48 | 837d 1000 | 488d 4510 | 480f 4445 | 1048 8944 | 2440 4889 | 4c24 7048 
  0x000001584690259c: 83f9 0048 | 8d44 2470 | 480f 4444 | 2470 4889 | 4424 3848 | 8974 2430 | 4889 7c24 | 284c 894c 
  0x00000158469025bc: 2458 4983 | f900 488d | 4424 5848 | 0f44 4424 | 5848 8944 | 2420 4c89 | 4424 5049 | 83f8 004c 
  0x00000158469025dc: 8d4c 2450 | 4c0f 444c | 2450 4889 | 5424 4848 | 83fa 004c | 8d44 2448 | 4c0f 4444 

  0x00000158469025f8: ;   {oop(a 'java/lang/Class'{0x0000000080000840} = 'java/lang/ClassLoader')}
  0x00000158469025f8: 2448 49be | 4008 0080 | 0000 0000 | 4c89 7424 | 784c 8d74 | 2478 498b | d6c5 f877 

  0x0000015846902614: ;   {internal_word}
  0x0000015846902614: 49ba 1126 | 9046 5801 | 0000 4d89 | 97a8 0300 | 0049 89a7 | a003 0000 

  0x000001584690262c: ;   {external_word}
  0x000001584690262c: 49ba c66c | 1446 fb7f | 0000 4180 | 3a00 0f84 | 4e00 0000 | 5241 5041 

  0x0000015846902644: ;   {metadata({method} {0x0000015853434a48} 'defineClass1' '(Ljava/lang/ClassLoader;Ljava/lang/String;[BIILjava/security/ProtectionDomain;Ljava/lang/String;)Ljava/lang/Class;' in 'java/lang/ClassLoader')}
  0x0000015846902644: 5148 ba40 | 4a43 5358 | 0100 0049 | 8bcf 4883 | ec20 40f6 | c40f 0f84 | 1900 0000 | 4883 ec08 
  0x0000015846902664: ;   {runtime_call}
  0x0000015846902664: 48b8 20e5 | bd45 fb7f | 0000 ffd0 | 4883 c408 | e90c 0000 

  0x0000015846902678: ;   {runtime_call}
  0x0000015846902678: 0048 b820 | e5bd 45fb | 7f00 00ff | d048 83c4 | 2041 5941 | 585a 498d | 8fc0 0300 | 0041 c787 
  0x0000015846902698: 4c04 0000 | 0400 0000 

  0x00000158469026a0: ;   {runtime_call}
  0x00000158469026a0: 48b8 ac16 | 09d7 fb7f | 0000 ffd0 | c5f8 7741 | c787 4c04 | 0000 0500 | 0000 f083 | 4424 c000 
  0x00000158469026c0: 493b af50 | 0400 000f | 870e 0000 | 0041 83bf | 4804 0000 | 000f 842b | 0000 00c5 | f877 4889 
  0x00000158469026e0: 45f8 498b | cf4c 8be4 | 4883 ec20 | 4883 e4f0 

  0x00000158469026f0: ;   {runtime_call}
  0x00000158469026f0: 48b8 e053 | 8945 fb7f | 0000 ffd0 | 498b e44d | 33e4 488b | 45f8 41c7 | 874c 0400 | 0008 0000 
  0x0000015846902710: 0041 83bf | c804 0000 | 020f 84ca 

  0x000001584690271c: ;   {external_word}
  0x000001584690271c: 0000 0049 | bac6 6c14 | 46fb 7f00 | 0041 803a | 000f 844c | 0000 0048 

  0x0000015846902734: ;   {metadata({method} {0x0000015853434a48} 'defineClass1' '(Ljava/lang/ClassLoader;Ljava/lang/String;[BIILjava/security/ProtectionDomain;Ljava/lang/String;)Ljava/lang/Class;' in 'java/lang/ClassLoader')}
  0x0000015846902734: 8945 f848 | ba40 4a43 | 5358 0100 | 0049 8bcf | 4883 ec20 | 40f6 c40f | 0f84 1900 | 0000 4883 
  0x0000015846902754: ;   {runtime_call}
  0x0000015846902754: ec08 48b8 | 20e5 bd45 | fb7f 0000 | ffd0 4883 | c408 e90c 

  0x0000015846902768: ;   {runtime_call}
  0x0000015846902768: 0000 0048 | b820 e5bd | 45fb 7f00 | 00ff d048 | 83c4 2048 | 8b45 f849 | c787 a003 | 0000 0000 
  0x0000015846902788: 0000 49c7 | 87a8 0300 | 0000 0000 | 00c5 f877 | 4885 c00f | 8425 0000 | 00a8 030f | 8508 0000 
  0x00000158469027a8: 0048 8b00 | e915 0000 | 00a8 010f | 8509 0000 | 0048 8b40 | fee9 0400 | 0000 488b | 40ff 498b 
  0x00000158469027c8: 8f30 0400 | 00c7 8100 | 0100 0000 | 0000 00c9 | 4983 7f08 | 000f 8501 | 0000 00c3 

  0x00000158469027e4: ;   {runtime_call StubRoutines (initial stubs)}
  0x00000158469027e4: e917 e79f | ffc5 f877 | 4889 45f8 | 4c8b e448 | 83ec 2048 

  0x00000158469027f8: ;   {runtime_call}
  0x00000158469027f8: 83e4 f048 | b870 1cbe | 45fb 7f00 | 00ff d049 | 8be4 4d33 | e448 8b45 | f8e9 09ff | ffff f4f4 
[/MachCode]


Compiled method (c1) 19181 1782       3       java.lang.ClassLoader::defineClass (43 bytes)
 total in heap  [0x000001583f0ff710,0x000001583f100070] = 2400
 relocation     [0x000001583f0ff870,0x000001583f0ff910] = 160
 main code      [0x000001583f0ff920,0x000001583f0ffdc0] = 1184
 stub code      [0x000001583f0ffdc0,0x000001583f0ffe38] = 120
 metadata       [0x000001583f0ffe38,0x000001583f0ffe68] = 48
 scopes data    [0x000001583f0ffe68,0x000001583f0fff58] = 240
 scopes pcs     [0x000001583f0fff58,0x000001583f100038] = 224
 dependencies   [0x000001583f100038,0x000001583f100048] = 16
 nul chk table  [0x000001583f100048,0x000001583f100070] = 40

[Constant Pool (empty)]

[MachCode]
[Entry Point]
  # {method} {0x0000015853434dc8} 'defineClass' '(Ljava/lang/String;[BIILjava/security/ProtectionDomain;)Ljava/lang/Class;' in 'java/lang/ClassLoader'
  # this:     rdx:rdx   = 'java/lang/ClassLoader'
  # parm0:    r8:r8     = 'java/lang/String'
  # parm1:    r9:r9     = '[B'
  # parm2:    rdi       = int
  # parm3:    rsi       = int
  # parm4:    rcx:rcx   = 'java/security/ProtectionDomain'
  #           [sp+0xc0]  (sp of caller)
  0x000001583f0ff920: 448b 5208 | 49bb 0000 | 0053 5801 | 0000 4d03 | d34c 3bd0 

  0x000001583f0ff934: ;   {runtime_call ic_miss_stub}
  0x000001583f0ff934: 0f85 46eb | 2407 660f | 1f44 0000 
[Verified Entry Point]
  0x000001583f0ff940: 8984 2400 | 80ff ff55 | 4881 ecb0 | 0000 0090 | 4181 7f20 | 0200 0000 

  0x000001583f0ff958: ;   {runtime_call StubRoutines (final stubs)}
  0x000001583f0ff958: 7405 e881 | 9023 0748 | 8954 2478 

  0x000001583f0ff964: ;   {metadata(method data for {method} {0x0000015853434dc8} 'defineClass' '(Ljava/lang/String;[BIILjava/security/ProtectionDomain;)Ljava/lang/Class;' in 'java/lang/ClassLoader')}
  0x000001583f0ff964: 48bb 9030 | 3795 5801 | 0000 8b83 | cc00 0000 | 83c0 0289 | 83cc 0000 | 0025 fe07 | 0000 85c0 
  0x000001583f0ff984: 0f84 5803 | 0000 89b4 | 2494 0000 | 0089 bc24 | 9000 0000 | 4c89 8c24 | 8800 0000 

  0x000001583f0ff9a0: ;   {metadata(method data for {method} {0x0000015853434dc8} 'defineClass' '(Ljava/lang/String;[BIILjava/security/ProtectionDomain;)Ljava/lang/Class;' in 'java/lang/ClassLoader')}
  0x000001583f0ff9a0: 488b da48 | b890 3037 | 9558 0100 | 0048 8380 | 1001 0000 | 0149 8bd8 | 4c8b c34c | 8bc9 488b 
  0x000001583f0ff9c0: ca48 8bd1 | 4889 9c24 | 8000 0000 

  0x000001583f0ff9cc: ;   {optimized virtual_call}
  0x000001583f0ff9cc: 6666 90e8 

  0x000001583f0ff9d0: ; ImmutableOopMap {[120]=Oop [128]=Oop [136]=Oop }
                      ;*invokevirtual preDefineClass {reexecute=0 rethrow=0 return_oop=0}
                      ; - java.lang.ClassLoader::defineClass@4
  0x000001583f0ff9d0: 4c1a f0ff 

  0x000001583f0ff9d4: ;   {other}
  0x000001583f0ff9d4: 0f1f 8400 | c402 0000 | 4889 8424 | 9800 0000 | 488b 5424 

  0x000001583f0ff9e8: ;   {metadata(method data for {method} {0x0000015853434dc8} 'defineClass' '(Ljava/lang/String;[BIILjava/security/ProtectionDomain;)Ljava/lang/Class;' in 'java/lang/ClassLoader')}
  0x000001583f0ff9e8: 7849 b890 | 3037 9558 | 0100 0049 | 8380 4801 

  0x000001583f0ff9f8: ;   {metadata(method data for {method} {0x0000015853434ab0} 'defineClassSourceLocation' '(Ljava/security/ProtectionDomain;)Ljava/lang/String;' in 'java/lang/ClassLoader')}
  0x000001583f0ff9f8: 0000 0149 | b8a8 3737 | 9558 0100 | 0041 8b90 | cc00 0000 | 83c2 0241 | 8990 cc00 | 0000 81e2 
  0x000001583f0ffa18: feff 1f00 | 85d2 0f84 | df02 0000 

  0x000001583f0ffa24: ; implicit exception: dispatches to 0x000001583f0ffd24
  0x000001583f0ffa24: 483b 004c 

  0x000001583f0ffa28: ;   {metadata(method data for {method} {0x0000015853434ab0} 'defineClassSourceLocation' '(Ljava/security/ProtectionDomain;)Ljava/lang/String;' in 'java/lang/ClassLoader')}
  0x000001583f0ffa28: 8bc0 48ba | a837 3795 | 5801 0000 | 4883 8210 | 0100 0001 | 448b 4010 

  0x000001583f0ffa40: ;   {metadata(method data for {method} {0x0000015853434ab0} 'defineClassSourceLocation' '(Ljava/security/ProtectionDomain;)Ljava/lang/String;' in 'java/lang/ClassLoader')}
  0x000001583f0ffa40: 4d85 c048 | baa8 3737 | 9558 0100 | 0048 c7c6 | 5801 0000 | 7507 48c7 | c648 0100 | 0048 8b3c 
  0x000001583f0ffa60: 3248 8d7f | 0148 893c | 320f 850f 

  0x000001583f0ffa6c: ;   {oop(nullptr)}
  0x000001583f0ffa6c: 0000 0048 | bb00 0000 | 0000 0000 | 00e9 a901 | 0000 493b | 0049 8bd0 

  0x000001583f0ffa84: ;   {metadata(method data for {method} {0x0000015853434ab0} 'defineClassSourceLocation' '(Ljava/security/ProtectionDomain;)Ljava/lang/String;' in 'java/lang/ClassLoader')}
  0x000001583f0ffa84: 48be a837 | 3795 5801 | 0000 4883 | 8668 0100 | 0001 418b | 500c 4885 

  0x000001583f0ffa9c: ;   {metadata(method data for {method} {0x0000015853434ab0} 'defineClassSourceLocation' '(Ljava/security/ProtectionDomain;)Ljava/lang/String;' in 'java/lang/ClassLoader')}
  0x000001583f0ffa9c: d248 bea8 | 3737 9558 | 0100 0048 | c7c7 b001 | 0000 7507 | 48c7 c7a0 | 0100 0048 | 8b1c 3e48 
  0x000001583f0ffabc: 8d5b 0148 | 891c 3e0f | 850f 0000 

  0x000001583f0ffac8: ;   {oop(nullptr)}
  0x000001583f0ffac8: 0048 bb00 | 0000 0000 | 0000 00e9 | 4f01 0000 

  0x000001583f0ffad8: ;   {metadata(method data for {method} {0x0000015853434ab0} 'defineClassSourceLocation' '(Ljava/security/ProtectionDomain;)Ljava/lang/String;' in 'java/lang/ClassLoader')}
  0x000001583f0ffad8: 48be a837 | 3795 5801 | 0000 4883 | 86c0 0100 | 0001 483b | 024c 8bc2 

  0x000001583f0ffaf0: ;   {metadata(method data for {method} {0x0000015853434ab0} 'defineClassSourceLocation' '(Ljava/security/ProtectionDomain;)Ljava/lang/String;' in 'java/lang/ClassLoader')}
  0x000001583f0ffaf0: 48be a837 | 3795 5801 | 0000 4883 | 86f8 0100 

  0x000001583f0ffb00: ;   {metadata(method data for {method} {0x000001585301abf0} 'toString' '()Ljava/lang/String;' in 'java/net/URL')}
  0x000001583f0ffb00: 0001 49b8 | 782b 3795 | 5801 0000 | 418b b0cc | 0000 0083 | c602 4189 | b0cc 0000 | 0081 e6fe 
  0x000001583f0ffb20: ff1f 0085 | f60f 8408 | 0200 004c 

  0x000001583f0ffb2c: ;   {metadata(method data for {method} {0x000001585301abf0} 'toString' '()Ljava/lang/String;' in 'java/net/URL')}
  0x000001583f0ffb2c: 8bc2 48be | 782b 3795 | 5801 0000 | 4883 8610 | 0100 0001 

  0x000001583f0ffb40: ;   {metadata(method data for {method} {0x0000015853428650} 'toExternalForm' '()Ljava/lang/String;' in 'java/net/URL')}
  0x000001583f0ffb40: 49b8 b8a8 | 3695 5801 | 0000 418b | b0cc 0000 | 0083 c602 | 4189 b0cc | 0000 0081 | e6fe ff1f 
  0x000001583f0ffb60: 0085 f60f | 84eb 0100 | 008b 7238 

  0x000001583f0ffb6c: ; implicit exception: dispatches to 0x000001583f0ffd75
  0x000001583f0ffb6c: 483b 064c 

  0x000001583f0ffb70: ;   {metadata(method data for {method} {0x0000015853428650} 'toExternalForm' '()Ljava/lang/String;' in 'java/net/URL')}
  0x000001583f0ffb70: 8bc6 48bf | b8a8 3695 | 5801 0000 | 458b 4008 | 49ba 0000 | 0053 5801 | 0000 4d03 | c24c 3b87 
  0x000001583f0ffb90: 2001 0000 | 750d 4883 | 8728 0100 | 0001 e960 | 0000 004c | 3b87 3001 | 0000 750d | 4883 8738 
  0x000001583f0ffbb0: 0100 0001 | e94a 0000 | 0048 83bf | 2001 0000 | 0075 174c | 8987 2001 | 0000 48c7 | 8728 0100 
  0x000001583f0ffbd0: 0001 0000 | 00e9 2900 | 0000 4883 | bf30 0100 | 0000 7517 | 4c89 8730 | 0100 0048 | c787 3801 
  0x000001583f0ffbf0: 0000 0100 | 0000 e908 | 0000 0048 | 8387 1001 | 0000 014c | 8bc2 488b | d60f 1f40 | 0048 b8ff 
  0x000001583f0ffc10: ffff ffff 

  0x000001583f0ffc14: ;   {virtual_call}
  0x000001583f0ffc14: ffff ffe8 

  0x000001583f0ffc18: ; ImmutableOopMap {[120]=Oop [128]=Oop [136]=Oop [152]=Oop }
                      ;*invokevirtual toExternalForm {reexecute=0 rethrow=0 return_oop=0}
                      ; - java.net.URL::toExternalForm@5
                      ; - java.net.URL::toString@1
                      ; - java.lang.ClassLoader::defineClassSourceLocation@22
                      ; - java.lang.ClassLoader::defineClass@12
  0x000001583f0ffc18: 4468 3107 

  0x000001583f0ffc1c: ;   {other}
  0x000001583f0ffc1c: 0f1f 8400 | 0c05 0001 | 488b d848 | 8b84 2498 | 0000 008b | b424 9400 | 0000 8bbc | 2490 0000 
  0x000001583f0ffc3c: 004c 8b8c | 2488 0000 | 004c 8b84 | 2480 0000 | 0048 8b54 

  0x000001583f0ffc50: ;   {metadata(method data for {method} {0x0000015853434dc8} 'defineClass' '(Ljava/lang/String;[BIILjava/security/ProtectionDomain;)Ljava/lang/Class;' in 'java/lang/ClassLoader')}
  0x000001583f0ffc50: 2478 48b9 | 9030 3795 | 5801 0000 | 4883 8180 | 0100 0001 | 4c8b da49 | 8bd3 488b | c848 891c 
  0x000001583f0ffc70: 2466 0f1f 

  0x000001583f0ffc74: ;   {static_call}
  0x000001583f0ffc74: 4400 00e8 

  0x000001583f0ffc78: ; ImmutableOopMap {[120]=Oop [152]=Oop }
                      ;*invokestatic defineClass1 {reexecute=0 rethrow=0 return_oop=0}
                      ; - java.lang.ClassLoader::defineClass@27
  0x000001583f0ffc78: e428 8007 

  0x000001583f0ffc7c: ;   {other}
  0x000001583f0ffc7c: 0f1f 8400 | 6c05 0002 | 488b 5424 

  0x000001583f0ffc88: ;   {metadata(method data for {method} {0x0000015853434dc8} 'defineClass' '(Ljava/lang/String;[BIILjava/security/ProtectionDomain;)Ljava/lang/Class;' in 'java/lang/ClassLoader')}
  0x000001583f0ffc88: 7849 b890 | 3037 9558 | 0100 0049 | 8380 9001 | 0000 014c | 8bc0 4c8b | 8c24 9800 | 0000 488b 
  0x000001583f0ffca8: 5424 7848 | 8984 24a0 | 0000 000f 

  0x000001583f0ffcb4: ;   {optimized virtual_call}
  0x000001583f0ffcb4: 1f40 00e8 

  0x000001583f0ffcb8: ; ImmutableOopMap {[160]=Oop }
                      ;*invokevirtual postDefineClass {reexecute=0 rethrow=0 return_oop=0}
                      ; - java.lang.ClassLoader::defineClass@37
  0x000001583f0ffcb8: 640d f9ff 

  0x000001583f0ffcbc: ;   {other}
  0x000001583f0ffcbc: 0f1f 8400 | ac05 0003 | 488b 8424 | a000 0000 | 4881 c4b0 | 0000 005d 

  0x000001583f0ffcd4: ;   {poll_return}
  0x000001583f0ffcd4: 493b a750 | 0400 000f | 8799 0000 

  0x000001583f0ffce0: ;   {metadata({method} {0x0000015853434dc8} 'defineClass' '(Ljava/lang/String;[BIILjava/security/ProtectionDomain;)Ljava/lang/Class;' in 'java/lang/ClassLoader')}
  0x000001583f0ffce0: 00c3 49ba | c04d 4353 | 5801 0000 | 4c89 5424 | 0848 c704 | 24ff ffff 

  0x000001583f0ffcf8: ;   {runtime_call counter_overflow Runtime1 stub}
  0x000001583f0ffcf8: ffe8 8229 

  0x000001583f0ffcfc: ; ImmutableOopMap {rdx=Oop r8=Oop r9=Oop rcx=Oop [120]=Oop }
                      ;*synchronization entry
                      ; - java.lang.ClassLoader::defineClass@-1
  0x000001583f0ffcfc: 3007 e987 

  0x000001583f0ffd00: ;   {metadata({method} {0x0000015853434ab0} 'defineClassSourceLocation' '(Ljava/security/ProtectionDomain;)Ljava/lang/String;' in 'java/lang/ClassLoader')}
  0x000001583f0ffd00: fcff ff49 | baa8 4a43 | 5358 0100 | 004c 8954 | 2408 48c7 | 0424 ffff 

  0x000001583f0ffd18: ;   {runtime_call counter_overflow Runtime1 stub}
  0x000001583f0ffd18: ffff e861 

  0x000001583f0ffd1c: ; ImmutableOopMap {rax=Oop [120]=Oop [128]=Oop [136]=Oop [152]=Oop }
                      ;*synchronization entry
                      ; - java.lang.ClassLoader::defineClassSourceLocation@-1
                      ; - java.lang.ClassLoader::defineClass@12
  0x000001583f0ffd1c: 2930 07e9 | 00fd ffff 

  0x000001583f0ffd24: ;   {runtime_call throw_null_pointer_exception Runtime1 stub}
  0x000001583f0ffd24: e857 d82f 

  0x000001583f0ffd28: ; ImmutableOopMap {rax=Oop [120]=Oop [128]=Oop [136]=Oop [152]=Oop }
                      ;*invokevirtual getCodeSource {reexecute=0 rethrow=0 return_oop=0}
                      ; - java.lang.ClassLoader::defineClassSourceLocation@1
                      ; - java.lang.ClassLoader::defineClass@12
                      ;   {runtime_call throw_null_pointer_exception Runtime1 stub}
  0x000001583f0ffd28: 07e8 52d8 

  0x000001583f0ffd2c: ; ImmutableOopMap {rax=Oop r8=Oop [120]=Oop [128]=Oop [136]=Oop [152]=Oop }
                      ;*invokevirtual getLocation {reexecute=0 rethrow=0 return_oop=0}
                      ; - java.lang.ClassLoader::defineClassSourceLocation@12
                      ; - java.lang.ClassLoader::defineClass@12
                      ;   {runtime_call throw_null_pointer_exception Runtime1 stub}
  0x000001583f0ffd2c: 2f07 e84d 

  0x000001583f0ffd30: ; ImmutableOopMap {rdx=Oop [120]=Oop [128]=Oop [136]=Oop [152]=Oop }
                      ;*invokevirtual toString {reexecute=0 rethrow=0 return_oop=0}
                      ; - java.lang.ClassLoader::defineClassSourceLocation@22
                      ; - java.lang.ClassLoader::defineClass@12
                      ;   {metadata({method} {0x000001585301abf0} 'toString' '()Ljava/lang/String;' in 'java/net/URL')}
  0x000001583f0ffd30: d82f 0749 | bae8 ab01 | 5358 0100 | 004c 8954 | 2408 48c7 | 0424 ffff 

  0x000001583f0ffd48: ;   {runtime_call counter_overflow Runtime1 stub}
  0x000001583f0ffd48: ffff e831 

  0x000001583f0ffd4c: ; ImmutableOopMap {rdx=Oop [120]=Oop [128]=Oop [136]=Oop [152]=Oop }
                      ;*synchronization entry
                      ; - java.net.URL::toString@-1
                      ; - java.lang.ClassLoader::defineClassSourceLocation@22
                      ; - java.lang.ClassLoader::defineClass@12
  0x000001583f0ffd4c: 2930 07e9 | d7fd ffff 

  0x000001583f0ffd54: ;   {metadata({method} {0x0000015853428650} 'toExternalForm' '()Ljava/lang/String;' in 'java/net/URL')}
  0x000001583f0ffd54: 49ba 4886 | 4253 5801 | 0000 4c89 | 5424 0848 | c704 24ff 

  0x000001583f0ffd68: ;   {runtime_call counter_overflow Runtime1 stub}
  0x000001583f0ffd68: ffff ffe8 

  0x000001583f0ffd6c: ; ImmutableOopMap {rdx=Oop [120]=Oop [128]=Oop [136]=Oop [152]=Oop }
                      ;*synchronization entry
                      ; - java.net.URL::toExternalForm@-1
                      ; - java.net.URL::toString@1
                      ; - java.lang.ClassLoader::defineClassSourceLocation@22
                      ; - java.lang.ClassLoader::defineClass@12
  0x000001583f0ffd6c: 1029 3007 | e9f4 fdff 

  0x000001583f0ffd74: ;   {runtime_call throw_null_pointer_exception Runtime1 stub}
  0x000001583f0ffd74: ffe8 06d8 

  0x000001583f0ffd78: ; ImmutableOopMap {rdx=Oop rsi=Oop [120]=Oop [128]=Oop [136]=Oop [152]=Oop }
                      ;*invokevirtual toExternalForm {reexecute=0 rethrow=0 return_oop=0}
                      ; - java.net.URL::toExternalForm@5
                      ; - java.net.URL::toString@1
                      ; - java.lang.ClassLoader::defineClassSourceLocation@22
                      ; - java.lang.ClassLoader::defineClass@12
                      ;   {internal_word}
  0x000001583f0ffd78: 2f07 49ba | d4fc 0f3f | 5801 0000 | 4d89 9768 

  0x000001583f0ffd88: ;   {runtime_call SafepointBlob}
  0x000001583f0ffd88: 0400 00e9 | 704d 2507 | 498b 8700 | 0500 0049 | c787 0005 | 0000 0000 | 0000 49c7 | 8708 0500 
  0x000001583f0ffda8: 0000 0000 | 0048 81c4 | b000 0000 

  0x000001583f0ffdb4: ;   {runtime_call unwind_exception Runtime1 stub}
  0x000001583f0ffdb4: 5de9 46f8 | 2607 f4f4 | f4f4 f4f4 
[Stub Code]
  0x000001583f0ffdc0: ;   {no_reloc}
  0x000001583f0ffdc0: 0f1f 4400 

  0x000001583f0ffdc4: ;   {static_stub}
  0x000001583f0ffdc4: 0048 bb00 | 0000 0000 

  0x000001583f0ffdcc: ;   {runtime_call nmethod}
  0x000001583f0ffdcc: 0000 00e9 | fbff ffff 

  0x000001583f0ffdd4: ;   {static_stub}
  0x000001583f0ffdd4: 48bb 0000 | 0000 0000 

  0x000001583f0ffddc: ;   {runtime_call nmethod}
  0x000001583f0ffddc: 0000 e9fb 

  0x000001583f0ffde0: ;   {static_stub}
  0x000001583f0ffde0: ffff ff48 | bb00 0000 | 0000 0000 

  0x000001583f0ffdec: ;   {runtime_call nmethod}
  0x000001583f0ffdec: 00e9 fbff 

  0x000001583f0ffdf0: ;   {static_stub}
  0x000001583f0ffdf0: ffff 48bb | 0000 0000 | 0000 0000 

  0x000001583f0ffdfc: ;   {runtime_call nmethod}
  0x000001583f0ffdfc: e9fb ffff 

  0x000001583f0ffe00: ;   {runtime_call handle_exception_from_callee Runtime1 stub}
  0x000001583f0ffe00: ffe8 7af5 

  0x000001583f0ffe04: ;   {external_word}
  0x000001583f0ffe04: 2f07 48b9 | 4063 ea45 | fb7f 0000 | 4883 e4f0 

  0x000001583f0ffe14: ;   {runtime_call}
  0x000001583f0ffe14: 48b8 d0c4 | ac45 fb7f | 0000 ffd0 

  0x000001583f0ffe20: ;   {section_word}
  0x000001583f0ffe20: f449 ba21 | fe0f 3f58 | 0100 0041 

  0x000001583f0ffe2c: ;   {runtime_call DeoptimizationBlob}
  0x000001583f0ffe2c: 52e9 6e3f | 2507 f4f4 | f4f4 f4f4 
[/MachCode]


Compiled method (c1) 19192 1700       3       java.security.SecureClassLoader::defineClass (16 bytes)
 total in heap  [0x000001583f0ce590,0x000001583f0ce990] = 1024
 relocation     [0x000001583f0ce6f0,0x000001583f0ce740] = 80
 main code      [0x000001583f0ce740,0x000001583f0ce898] = 344
 stub code      [0x000001583f0ce898,0x000001583f0ce8e8] = 80
 metadata       [0x000001583f0ce8e8,0x000001583f0ce8f0] = 8
 scopes data    [0x000001583f0ce8f0,0x000001583f0ce938] = 72
 scopes pcs     [0x000001583f0ce938,0x000001583f0ce988] = 80
 dependencies   [0x000001583f0ce988,0x000001583f0ce990] = 8

[Constant Pool (empty)]

[MachCode]
[Entry Point]
  # {method} {0x000001585304e0e8} 'defineClass' '(Ljava/lang/String;[BIILjava/security/CodeSource;)Ljava/lang/Class;' in 'java/security/SecureClassLoader'
  # this:     rdx:rdx   = 'java/security/SecureClassLoader'
  # parm0:    r8:r8     = 'java/lang/String'
  # parm1:    r9:r9     = '[B'
  # parm2:    rdi       = int
  # parm3:    rsi       = int
  # parm4:    rcx:rcx   = 'java/security/CodeSource'
  #           [sp+0x80]  (sp of caller)
  0x000001583f0ce740: 448b 5208 | 49bb 0000 | 0053 5801 | 0000 4d03 | d34c 3bd0 

  0x000001583f0ce754: ;   {runtime_call ic_miss_stub}
  0x000001583f0ce754: 0f85 26fd | 2707 660f | 1f44 0000 
[Verified Entry Point]
  0x000001583f0ce760: 8984 2400 | 80ff ff55 | 4883 ec70 | 4181 7f20 | 0200 0000 

  0x000001583f0ce774: ;   {runtime_call StubRoutines (final stubs)}
  0x000001583f0ce774: 7405 e865 

  0x000001583f0ce778: ;   {metadata(method data for {method} {0x000001585304e0e8} 'defineClass' '(Ljava/lang/String;[BIILjava/security/CodeSource;)Ljava/lang/Class;' in 'java/security/SecureClassLoader')}
  0x000001583f0ce778: a226 0748 | bb08 b33b | 9558 0100 | 008b 83cc | 0000 0083 | c002 8983 | cc00 0000 | 25fe 0700 
  0x000001583f0ce798: 0085 c00f | 8496 0000 | 0089 7424 | 5c89 7c24 | 584c 894c | 2450 4c89 | 4424 4848 

  0x000001583f0ce7b4: ;   {metadata(method data for {method} {0x000001585304e0e8} 'defineClass' '(Ljava/lang/String;[BIILjava/security/CodeSource;)Ljava/lang/Class;' in 'java/security/SecureClassLoader')}
  0x000001583f0ce7b4: 8bda 48b8 | 08b3 3b95 | 5801 0000 | 4883 8010 | 0100 0001 | 4c8b c148 | 8bc2 488b | d048 8944 
  0x000001583f0ce7d4: ;   {optimized virtual_call}
  0x000001583f0ce7d4: 2440 90e8 

  0x000001583f0ce7d8: ; ImmutableOopMap {[64]=Oop [72]=Oop [80]=Oop }
                      ;*invokevirtual getProtectionDomain {reexecute=0 rethrow=0 return_oop=0}
                      ; - java.security.SecureClassLoader::defineClass@9
  0x000001583f0ce7d8: bc00 0000 

  0x000001583f0ce7dc: ;   {other}
  0x000001583f0ce7dc: 0f1f 8400 | 4c02 0000 | 488b 5424 

  0x000001583f0ce7e8: ;   {metadata(method data for {method} {0x000001585304e0e8} 'defineClass' '(Ljava/lang/String;[BIILjava/security/CodeSource;)Ljava/lang/Class;' in 'java/security/SecureClassLoader')}
  0x000001583f0ce7e8: 4049 b808 | b33b 9558 | 0100 0049 | 8380 4801 | 0000 014c | 8b44 2448 | 4c8b 4c24 | 508b 7c24 
  0x000001583f0ce808: 588b 7424 | 5c48 8bc8 | 488b 5424 

  0x000001583f0ce814: ;   {optimized virtual_call}
  0x000001583f0ce814: 4066 90e8 

  0x000001583f0ce818: ; ImmutableOopMap {}
                      ;*invokevirtual defineClass {reexecute=0 rethrow=0 return_oop=0}
                      ; - java.security.SecureClassLoader::defineClass@12
  0x000001583f0ce818: 2411 0300 

  0x000001583f0ce81c: ;   {other}
  0x000001583f0ce81c: 0f1f 8400 | 8c02 0001 | 4883 c470 

  0x000001583f0ce828: ;   {poll_return}
  0x000001583f0ce828: 5d49 3ba7 | 5004 0000 | 0f87 2200 

  0x000001583f0ce834: ;   {metadata({method} {0x000001585304e0e8} 'defineClass' '(Ljava/lang/String;[BIILjava/security/CodeSource;)Ljava/lang/Class;' in 'java/security/SecureClassLoader')}
  0x000001583f0ce834: 0000 c349 | bae0 e004 | 5358 0100 | 004c 8954 | 2408 48c7 | 0424 ffff 

  0x000001583f0ce84c: ;   {runtime_call counter_overflow Runtime1 stub}
  0x000001583f0ce84c: ffff e82d 

  0x000001583f0ce850: ; ImmutableOopMap {rdx=Oop r8=Oop r9=Oop rcx=Oop }
                      ;*synchronization entry
                      ; - java.security.SecureClassLoader::defineClass@-1
  0x000001583f0ce850: 3e33 07e9 | 49ff ffff 

  0x000001583f0ce858: ;   {internal_word}
  0x000001583f0ce858: 49ba 29e8 | 0c3f 5801 | 0000 4d89 | 9768 0400 

  0x000001583f0ce868: ;   {runtime_call SafepointBlob}
  0x000001583f0ce868: 00e9 9262 | 2807 498b | 8700 0500 | 0049 c787 | 0005 0000 | 0000 0000 | 49c7 8708 | 0500 0000 
  0x000001583f0ce888: 0000 0048 | 83c4 705d 

  0x000001583f0ce890: ;   {runtime_call unwind_exception Runtime1 stub}
  0x000001583f0ce890: e96b 0d2a | 07f4 f4f4 
[Stub Code]
  0x000001583f0ce898: ;   {no_reloc}
  0x000001583f0ce898: 48bb 30e0 | 0453 5801 

  0x000001583f0ce8a0: ;   {runtime_call I2C/C2I adapters}
  0x000001583f0ce8a0: 0000 e9c0 

  0x000001583f0ce8a4: ;   {static_stub}
  0x000001583f0ce8a4: 4e28 0748 | bbc0 4d43 | 5358 0100 

  0x000001583f0ce8b0: ;   {runtime_call I2C/C2I adapters}
  0x000001583f0ce8b0: 00e9 3f61 

  0x000001583f0ce8b4: ;   {runtime_call handle_exception_from_callee Runtime1 stub}
  0x000001583f0ce8b4: 2707 e8c5 

  0x000001583f0ce8b8: ;   {external_word}
  0x000001583f0ce8b8: 0a33 0748 | b940 63ea | 45fb 7f00 | 0048 83e4 

  0x000001583f0ce8c8: ;   {runtime_call}
  0x000001583f0ce8c8: f048 b8d0 | c4ac 45fb | 7f00 00ff 

  0x000001583f0ce8d4: ;   {section_word}
  0x000001583f0ce8d4: d0f4 49ba | d6e8 0c3f | 5801 0000 

  0x000001583f0ce8e0: ;   {runtime_call DeoptimizationBlob}
  0x000001583f0ce8e0: 4152 e9b9 | 5428 07f4 
[/MachCode]


---------------  P R O C E S S  ---------------

Threads class SMR info:
_java_thread_list=0x000001589a13f9d0, length=28, elements={
0x000001583bbd4bd0, 0x000001583bc8c3d0, 0x000001583bb44770, 0x000001583bb47840,
0x000001583bb4a6b0, 0x000001583bb4b520, 0x000001583bb4bf80, 0x000001583bb53330,
0x0000015899014c90, 0x000001589916e450, 0x00000158992ff870, 0x0000015899ba2fe0,
0x00000158998bfdd0, 0x00000158998be610, 0x00000158995b5650, 0x0000015899dfaec0,
0x0000015899ef3dd0, 0x000001589a866610, 0x000001589a10d310, 0x000001589a109e90,
0x000001589a10abb0, 0x000001589a10c5f0, 0x000001589a10cc80, 0x000001589a10a520,
0x000001589a10b240, 0x000001589a10b8d0, 0x000001589a10bf60, 0x000001589a7ffd70
}

Java Threads: ( => current thread )
=>0x000001583bbd4bd0 JavaThread "main"                              [_thread_in_vm, id=10412, stack(0x00000010b1600000,0x00000010b1700000) (1024K)]
  0x000001583bc8c3d0 JavaThread "Reference Handler"          daemon [_thread_blocked, id=25236, stack(0x00000010b1a00000,0x00000010b1b00000) (1024K)]
  0x000001583bb44770 JavaThread "Finalizer"                  daemon [_thread_blocked, id=29560, stack(0x00000010b1b00000,0x00000010b1c00000) (1024K)]
  0x000001583bb47840 JavaThread "Signal Dispatcher"          daemon [_thread_blocked, id=20488, stack(0x00000010b1c00000,0x00000010b1d00000) (1024K)]
  0x000001583bb4a6b0 JavaThread "Attach Listener"            daemon [_thread_blocked, id=27980, stack(0x00000010b1d00000,0x00000010b1e00000) (1024K)]
  0x000001583bb4b520 JavaThread "Service Thread"             daemon [_thread_blocked, id=12316, stack(0x00000010b1e00000,0x00000010b1f00000) (1024K)]
  0x000001583bb4bf80 JavaThread "Monitor Deflation Thread"   daemon [_thread_blocked, id=31244, stack(0x00000010b1f00000,0x00000010b2000000) (1024K)]
  0x000001583bb53330 JavaThread "C2 CompilerThread0"         daemon [_thread_blocked, id=2116, stack(0x00000010b2000000,0x00000010b2100000) (1024K)]
  0x0000015899014c90 JavaThread "C1 CompilerThread0"         daemon [_thread_blocked, id=2104, stack(0x00000010b2100000,0x00000010b2200000) (1024K)]
  0x000001589916e450 JavaThread "Common-Cleaner"             daemon [_thread_blocked, id=27772, stack(0x00000010b2200000,0x00000010b2300000) (1024K)]
  0x00000158992ff870 JavaThread "Notification Thread"        daemon [_thread_blocked, id=10852, stack(0x00000010b2300000,0x00000010b2400000) (1024K)]
  0x0000015899ba2fe0 JavaThread "Active Thread: Equinox Container: 66caa974-a4e5-4ace-99d1-78a00613438b"        [_thread_blocked, id=18164, stack(0x00000010b2a00000,0x00000010b2b00000) (1024K)]
  0x00000158998bfdd0 JavaThread "Framework Event Dispatcher: Equinox Container: 66caa974-a4e5-4ace-99d1-78a00613438b" daemon [_thread_blocked, id=25180, stack(0x00000010b2b00000,0x00000010b2c00000) (1024K)]
  0x00000158998be610 JavaThread "Start Level: Equinox Container: 66caa974-a4e5-4ace-99d1-78a00613438b" daemon [_thread_blocked, id=15020, stack(0x00000010b2c00000,0x00000010b2d00000) (1024K)]
  0x00000158995b5650 JavaThread "SCR Component Actor"        daemon [_thread_blocked, id=22980, stack(0x00000010b2e00000,0x00000010b2f00000) (1024K)]
  0x0000015899dfaec0 JavaThread "Worker-JM"                         [_thread_blocked, id=10620, stack(0x00000010b2f00000,0x00000010b3000000) (1024K)]
  0x0000015899ef3dd0 JavaThread "JNA Cleaner"                daemon [_thread_blocked, id=8644, stack(0x00000010b3000000,0x00000010b3100000) (1024K)]
  0x000001589a866610 JavaThread "Worker-0: Initialize After Load"        [_thread_in_vm, id=13460, stack(0x00000010b3100000,0x00000010b3200000) (1024K)]
  0x000001589a10d310 JavaThread "Worker-1"                          [_thread_blocked, id=12004, stack(0x00000010b3200000,0x00000010b3300000) (1024K)]
  0x000001589a109e90 JavaThread "Thread-1"                   daemon [_thread_in_native, id=16364, stack(0x00000010b3300000,0x00000010b3400000) (1024K)]
  0x000001589a10abb0 JavaThread "Thread-2"                   daemon [_thread_in_native, id=13992, stack(0x00000010b3600000,0x00000010b3700000) (1024K)]
  0x000001589a10c5f0 JavaThread "Thread-3"                   daemon [_thread_in_native, id=22028, stack(0x00000010b3700000,0x00000010b3800000) (1024K)]
  0x000001589a10cc80 JavaThread "Thread-4"                   daemon [_thread_in_native, id=29276, stack(0x00000010b3800000,0x00000010b3900000) (1024K)]
  0x000001589a10a520 JavaThread "Thread-5"                   daemon [_thread_in_native, id=30132, stack(0x00000010b3900000,0x00000010b3a00000) (1024K)]
  0x000001589a10b240 JavaThread "Thread-6"                   daemon [_thread_in_native, id=2856, stack(0x00000010b3a00000,0x00000010b3b00000) (1024K)]
  0x000001589a10b8d0 JavaThread "Thread-7"                   daemon [_thread_in_native, id=14000, stack(0x00000010b3b00000,0x00000010b3c00000) (1024K)]
  0x000001589a10bf60 JavaThread "Thread-8"                   daemon [_thread_in_native, id=17428, stack(0x00000010b3c00000,0x00000010b3d00000) (1024K)]
  0x000001589a7ffd70 JavaThread "Thread-9"                   daemon [_thread_in_native, id=12548, stack(0x00000010b3d00000,0x00000010b3e00000) (1024K)]
Total: 28

Other Threads:
  0x000001583bc71a00 VMThread "VM Thread"                           [id=11160, stack(0x00000010b1900000,0x00000010b1a00000) (1024K)] _threads_hazard_ptr=0x000001589a13f9d0
  0x000001583ba5ca00 WatcherThread "VM Periodic Task Thread"        [id=20072, stack(0x00000010b1800000,0x00000010b1900000) (1024K)]
  0x000001583bbf20d0 WorkerThread "GC Thread#0"                     [id=26556, stack(0x00000010b1700000,0x00000010b1800000) (1024K)]
  0x00000158993560f0 WorkerThread "GC Thread#1"                     [id=30632, stack(0x00000010b2400000,0x00000010b2500000) (1024K)]
  0x00000158993564a0 WorkerThread "GC Thread#2"                     [id=31356, stack(0x00000010b2500000,0x00000010b2600000) (1024K)]
  0x00000158997dc830 WorkerThread "GC Thread#3"                     [id=17544, stack(0x00000010b2600000,0x00000010b2700000) (1024K)]
  0x00000158997dcbe0 WorkerThread "GC Thread#4"                     [id=14056, stack(0x00000010b2700000,0x00000010b2800000) (1024K)]
  0x0000015899587070 WorkerThread "GC Thread#5"                     [id=12788, stack(0x00000010b2800000,0x00000010b2900000) (1024K)]
  0x0000015899587420 WorkerThread "GC Thread#6"                     [id=28284, stack(0x00000010b2900000,0x00000010b2a00000) (1024K)]
  0x000001589987eb60 WorkerThread "GC Thread#7"                     [id=30252, stack(0x00000010b2d00000,0x00000010b2e00000) (1024K)]
Total: 10

Threads with active compile tasks:
Total: 0

VM state: synchronizing (normal execution)

VM Mutex/Monitor currently owned by a thread:  ([mutex/lock_event])
[0x00007ffb4615d4f0] Metaspace_lock - owner thread: 0x000001583bbd4bd0
[0x00007ffb4615f570] Threads_lock - owner thread: 0x000001583bc71a00

Heap address: 0x0000000080000000, size: 2048 MB, Compressed Oops mode: 32-bit

CDS archive(s) mapped at: [0x0000015853000000-0x0000015853ba0000-0x0000015853ba0000), size 12189696, SharedBaseAddress: 0x0000015853000000, ArchiveRelocationMode: 1.
Compressed class space mapped at: 0x0000015854000000-0x0000015894000000, reserved size: 1073741824
Narrow klass base: 0x0000015853000000, Narrow klass shift: 0, Narrow klass range: 0x100000000

GC Precious Log:
 CardTable entry size: 512
 CPUs: 8 total, 8 available
 Memory: 7379M
 Large Page Support: Disabled
 NUMA Support: Disabled
 Compressed Oops: Enabled (32-bit)
 Alignments: Space 512K, Generation 512K, Heap 2M
 Heap Min Capacity: 100M
 Heap Initial Capacity: 100M
 Heap Max Capacity: 2G
 Pre-touch: Disabled
 Parallel Workers: 8

Heap:
 PSYoungGen      total 26624K, used 24150K [0x00000000d5580000, 0x00000000d7400000, 0x0000000100000000)
  eden space 24064K, 90% used [0x00000000d5580000,0x00000000d6ac3798,0x00000000d6d00000)
  from space 2560K, 92% used [0x00000000d6d80000,0x00000000d6fd22b0,0x00000000d7000000)
  to   space 3584K, 0% used [0x00000000d7080000,0x00000000d7080000,0x00000000d7400000)
 ParOldGen       total 68608K, used 12635K [0x0000000080000000, 0x0000000084300000, 0x00000000d5580000)
  object space 68608K, 18% used [0x0000000080000000,0x0000000080c56fc8,0x0000000084300000)
 Metaspace       used 26214K, committed 27008K, reserved 1114112K
  class space    used 2578K, committed 2944K, reserved 1048576K

Card table byte_map: [0x000001583b570000,0x000001583b980000] _byte_map_base: 0x000001583b170000

Marking Bits: (ParMarkBitMap*) 0x00007ffb46164460
 Begin Bits: [0x000001584e080000, 0x0000015850080000)
 End Bits:   [0x0000015850080000, 0x0000015852080000)

Polling page: 0x0000015839940000

Metaspace:

Usage:
  Non-class:     23.08 MB used.
      Class:      2.52 MB used.
       Both:     25.60 MB used.

Virtual space:
  Non-class space:       64.00 MB reserved,      23.50 MB ( 37%) committed,  1 nodes.
      Class space:        1.00 GB reserved,       2.88 MB ( <1%) committed,  1 nodes.
             Both:        1.06 GB reserved,      26.38 MB (  2%) committed. 

Chunk freelists:
   Non-Class:  8.48 MB
       Class:  13.15 MB
        Both:  21.63 MB

MaxMetaspaceSize: unlimited
CompressedClassSpaceSize: 1.00 GB
Initial GC threshold: 21.00 MB
Current GC threshold: 35.00 MB
CDS: on
 - commit_granule_bytes: 65536.
 - commit_granule_words: 8192.
 - virtual_space_node_default_size: 8388608.
 - enlarge_chunks_in_place: 1.
 - use_allocation_guard: 0.


Internal statistics:

num_allocs_failed_limit: 3.
num_arena_births: 548.
num_arena_deaths: 14.
num_vsnodes_births: 2.
num_vsnodes_deaths: 0.
num_space_committed: 422.
num_space_uncommitted: 0.
num_chunks_returned_to_freelist: 17.
num_chunks_taken_from_freelist: 1537.
num_chunk_merges: 9.
num_chunk_splits: 1006.
num_chunks_enlarged: 667.
num_inconsistent_stats: 0.

CodeHeap 'non-profiled nmethods': size=120000Kb used=1564Kb max_used=1564Kb free=118435Kb
 bounds [0x00000158468a0000, 0x0000015846b10000, 0x000001584ddd0000]
CodeHeap 'profiled nmethods': size=120000Kb used=6214Kb max_used=6214Kb free=113785Kb
 bounds [0x000001583edd0000, 0x000001583f3f0000, 0x0000015846300000]
CodeHeap 'non-nmethods': size=5760Kb used=1335Kb max_used=1379Kb free=4424Kb
 bounds [0x0000015846300000, 0x0000015846570000, 0x00000158468a0000]
CodeCache: size=245760Kb, used=9113Kb, max_used=9157Kb, free=236644Kb
 total_blobs=3819, nmethods=3194, adapters=531, full_count=0
Compilation: enabled, stopped_count=0, restarted_count=0

Compilation events (20 events):
Event: 14.391 Thread 0x0000015899014c90 3188   !   3       org.eclipse.osgi.internal.loader.SystemBundleLoader::findLocalClass (12 bytes)
Event: 14.391 Thread 0x000001583bb53330 3189       4       java.util.Collections$UnmodifiableMap::get (11 bytes)
Event: 14.391 Thread 0x0000015899014c90 nmethod 3188 0x000001583f3de510 code [0x000001583f3de6e0, 0x000001583f3de9f0]
Event: 14.395 Thread 0x0000015899014c90 3190 %     3       java.util.Properties::loadConvert @ 72 (540 bytes)
Event: 14.396 Thread 0x000001583bb53330 nmethod 3189 0x0000015846a25790 code [0x0000015846a25980, 0x0000015846a25d80]
Event: 15.410 Thread 0x0000015899014c90 nmethod 3190% 0x000001583f3deb10 code [0x000001583f3dee20, 0x000001583f3e0200]
Event: 15.426 Thread 0x000001583bb53330 3191       4       org.eclipse.osgi.internal.framework.EquinoxBundle::getBundleId (11 bytes)
Event: 15.426 Thread 0x0000015899014c90 3192       3       org.eclipse.osgi.internal.framework.FilterImpl$And::matches0 (41 bytes)
Event: 15.427 Thread 0x0000015899014c90 nmethod 3192 0x000001583f3e0910 code [0x000001583f3e0ae0, 0x000001583f3e0e08]
Event: 15.427 Thread 0x0000015899014c90 3193       3       org.eclipse.osgi.internal.framework.FilterImpl$Item::compare_ObjectArray (38 bytes)
Event: 15.427 Thread 0x000001583bb53330 nmethod 3191 0x0000015846a26110 code [0x0000015846a262a0, 0x0000015846a26358]
Event: 15.427 Thread 0x0000015899014c90 nmethod 3193 0x000001583f3e0f90 code [0x000001583f3e1160, 0x000001583f3e13f8]
Event: 15.427 Thread 0x000001583bb53330 3194       4       java.lang.String::indexOf (64 bytes)
Event: 15.428 Thread 0x0000015899014c90 3196       3       java.util.concurrent.atomic.AtomicReference::<init> (5 bytes)
Event: 15.428 Thread 0x0000015899014c90 nmethod 3196 0x000001583f3e1510 code [0x000001583f3e16c0, 0x000001583f3e1828]
Event: 15.429 Thread 0x000001583bb53330 nmethod 3194 0x0000015846a26410 code [0x0000015846a265a0, 0x0000015846a26800]
Event: 15.429 Thread 0x000001583bb53330 3195       4       java.lang.StringLatin1::indexOf (25 bytes)
Event: 15.430 Thread 0x000001583bb53330 nmethod 3195 0x0000015846a26910 code [0x0000015846a26aa0, 0x0000015846a26ca8]
Event: 15.431 Thread 0x000001583bb53330 3197       4       java.util.zip.Inflater::ensureOpen (47 bytes)
Event: 15.432 Thread 0x000001583bb53330 nmethod 3197 0x0000015846a26d90 code [0x0000015846a26f20, 0x0000015846a26ff0]

GC Heap History (16 events):
Event: 2.484 GC heap before
{Heap before GC invocations=1 (full 0):
 PSYoungGen      total 29696K, used 25600K [0x00000000d5580000, 0x00000000d7680000, 0x0000000100000000)
  eden space 25600K, 100% used [0x00000000d5580000,0x00000000d6e80000,0x00000000d6e80000)
  from space 4096K, 0% used [0x00000000d7280000,0x00000000d7280000,0x00000000d7680000)
  to   space 4096K, 0% used [0x00000000d6e80000,0x00000000d6e80000,0x00000000d7280000)
 ParOldGen       total 68608K, used 0K [0x0000000080000000, 0x0000000084300000, 0x00000000d5580000)
  object space 68608K, 0% used [0x0000000080000000,0x0000000080000000,0x0000000084300000)
 Metaspace       used 4380K, committed 4608K, reserved 1114112K
  class space    used 475K, committed 576K, reserved 1048576K
}
Event: 2.498 GC heap after
{Heap after GC invocations=1 (full 0):
 PSYoungGen      total 29696K, used 3271K [0x00000000d5580000, 0x00000000d7680000, 0x0000000100000000)
  eden space 25600K, 0% used [0x00000000d5580000,0x00000000d5580000,0x00000000d6e80000)
  from space 4096K, 79% used [0x00000000d6e80000,0x00000000d71b1e98,0x00000000d7280000)
  to   space 4096K, 0% used [0x00000000d7280000,0x00000000d7280000,0x00000000d7680000)
 ParOldGen       total 68608K, used 16K [0x0000000080000000, 0x0000000084300000, 0x00000000d5580000)
  object space 68608K, 0% used [0x0000000080000000,0x0000000080004000,0x0000000084300000)
 Metaspace       used 4380K, committed 4608K, reserved 1114112K
  class space    used 475K, committed 576K, reserved 1048576K
}
Event: 4.679 GC heap before
{Heap before GC invocations=2 (full 0):
 PSYoungGen      total 29696K, used 28871K [0x00000000d5580000, 0x00000000d7680000, 0x0000000100000000)
  eden space 25600K, 100% used [0x00000000d5580000,0x00000000d6e80000,0x00000000d6e80000)
  from space 4096K, 79% used [0x00000000d6e80000,0x00000000d71b1e98,0x00000000d7280000)
  to   space 4096K, 0% used [0x00000000d7280000,0x00000000d7280000,0x00000000d7680000)
 ParOldGen       total 68608K, used 16K [0x0000000080000000, 0x0000000084300000, 0x00000000d5580000)
  object space 68608K, 0% used [0x0000000080000000,0x0000000080004000,0x0000000084300000)
 Metaspace       used 8176K, committed 8448K, reserved 1114112K
  class space    used 867K, committed 960K, reserved 1048576K
}
Event: 4.685 GC heap after
{Heap after GC invocations=2 (full 0):
 PSYoungGen      total 29696K, used 4077K [0x00000000d5580000, 0x00000000d7680000, 0x0000000100000000)
  eden space 25600K, 0% used [0x00000000d5580000,0x00000000d5580000,0x00000000d6e80000)
  from space 4096K, 99% used [0x00000000d7280000,0x00000000d767b688,0x00000000d7680000)
  to   space 4096K, 0% used [0x00000000d6e80000,0x00000000d6e80000,0x00000000d7280000)
 ParOldGen       total 68608K, used 1054K [0x0000000080000000, 0x0000000084300000, 0x00000000d5580000)
  object space 68608K, 1% used [0x0000000080000000,0x0000000080107840,0x0000000084300000)
 Metaspace       used 8176K, committed 8448K, reserved 1114112K
  class space    used 867K, committed 960K, reserved 1048576K
}
Event: 5.796 GC heap before
{Heap before GC invocations=3 (full 0):
 PSYoungGen      total 29696K, used 29677K [0x00000000d5580000, 0x00000000d7680000, 0x0000000100000000)
  eden space 25600K, 100% used [0x00000000d5580000,0x00000000d6e80000,0x00000000d6e80000)
  from space 4096K, 99% used [0x00000000d7280000,0x00000000d767b688,0x00000000d7680000)
  to   space 4096K, 0% used [0x00000000d6e80000,0x00000000d6e80000,0x00000000d7280000)
 ParOldGen       total 68608K, used 1054K [0x0000000080000000, 0x0000000084300000, 0x00000000d5580000)
  object space 68608K, 1% used [0x0000000080000000,0x0000000080107840,0x0000000084300000)
 Metaspace       used 12959K, committed 13440K, reserved 1114112K
  class space    used 1371K, committed 1600K, reserved 1048576K
}
Event: 5.800 GC heap after
{Heap after GC invocations=3 (full 0):
 PSYoungGen      total 29696K, used 4066K [0x00000000d5580000, 0x00000000d7680000, 0x0000000100000000)
  eden space 25600K, 0% used [0x00000000d5580000,0x00000000d5580000,0x00000000d6e80000)
  from space 4096K, 99% used [0x00000000d6e80000,0x00000000d7278bd8,0x00000000d7280000)
  to   space 4096K, 0% used [0x00000000d7280000,0x00000000d7280000,0x00000000d7680000)
 ParOldGen       total 68608K, used 2810K [0x0000000080000000, 0x0000000084300000, 0x00000000d5580000)
  object space 68608K, 4% used [0x0000000080000000,0x00000000802be9c8,0x0000000084300000)
 Metaspace       used 12959K, committed 13440K, reserved 1114112K
  class space    used 1371K, committed 1600K, reserved 1048576K
}
Event: 6.956 GC heap before
{Heap before GC invocations=4 (full 0):
 PSYoungGen      total 29696K, used 29666K [0x00000000d5580000, 0x00000000d7680000, 0x0000000100000000)
  eden space 25600K, 100% used [0x00000000d5580000,0x00000000d6e80000,0x00000000d6e80000)
  from space 4096K, 99% used [0x00000000d6e80000,0x00000000d7278bd8,0x00000000d7280000)
  to   space 4096K, 0% used [0x00000000d7280000,0x00000000d7280000,0x00000000d7680000)
 ParOldGen       total 68608K, used 2810K [0x0000000080000000, 0x0000000084300000, 0x00000000d5580000)
  object space 68608K, 4% used [0x0000000080000000,0x00000000802be9c8,0x0000000084300000)
 Metaspace       used 16035K, committed 16640K, reserved 1114112K
  class space    used 1717K, committed 1984K, reserved 1048576K
}
Event: 6.963 GC heap after
{Heap after GC invocations=4 (full 0):
 PSYoungGen      total 29696K, used 4075K [0x00000000d5580000, 0x00000000d7680000, 0x0000000100000000)
  eden space 25600K, 0% used [0x00000000d5580000,0x00000000d5580000,0x00000000d6e80000)
  from space 4096K, 99% used [0x00000000d7280000,0x00000000d767aeb8,0x00000000d7680000)
  to   space 4096K, 0% used [0x00000000d6e80000,0x00000000d6e80000,0x00000000d7280000)
 ParOldGen       total 68608K, used 7898K [0x0000000080000000, 0x0000000084300000, 0x00000000d5580000)
  object space 68608K, 11% used [0x0000000080000000,0x00000000807b6870,0x0000000084300000)
 Metaspace       used 16035K, committed 16640K, reserved 1114112K
  class space    used 1717K, committed 1984K, reserved 1048576K
}
Event: 7.313 GC heap before
{Heap before GC invocations=5 (full 0):
 PSYoungGen      total 29696K, used 29675K [0x00000000d5580000, 0x00000000d7680000, 0x0000000100000000)
  eden space 25600K, 100% used [0x00000000d5580000,0x00000000d6e80000,0x00000000d6e80000)
  from space 4096K, 99% used [0x00000000d7280000,0x00000000d767aeb8,0x00000000d7680000)
  to   space 4096K, 0% used [0x00000000d6e80000,0x00000000d6e80000,0x00000000d7280000)
 ParOldGen       total 68608K, used 7898K [0x0000000080000000, 0x0000000084300000, 0x00000000d5580000)
  object space 68608K, 11% used [0x0000000080000000,0x00000000807b6870,0x0000000084300000)
 Metaspace       used 19291K, committed 19968K, reserved 1114112K
  class space    used 1929K, committed 2240K, reserved 1048576K
}
Event: 9.322 GC heap after
{Heap after GC invocations=5 (full 0):
 PSYoungGen      total 29696K, used 4076K [0x00000000d5580000, 0x00000000d7680000, 0x0000000100000000)
  eden space 25600K, 0% used [0x00000000d5580000,0x00000000d5580000,0x00000000d6e80000)
  from space 4096K, 99% used [0x00000000d6e80000,0x00000000d727b238,0x00000000d7280000)
  to   space 4096K, 0% used [0x00000000d7280000,0x00000000d7280000,0x00000000d7680000)
 ParOldGen       total 68608K, used 8514K [0x0000000080000000, 0x0000000084300000, 0x00000000d5580000)
  object space 68608K, 12% used [0x0000000080000000,0x0000000080850850,0x0000000084300000)
 Metaspace       used 19291K, committed 19968K, reserved 1114112K
  class space    used 1929K, committed 2240K, reserved 1048576K
}
Event: 9.951 GC heap before
{Heap before GC invocations=6 (full 0):
 PSYoungGen      total 29696K, used 16304K [0x00000000d5580000, 0x00000000d7680000, 0x0000000100000000)
  eden space 25600K, 47% used [0x00000000d5580000,0x00000000d6170fa0,0x00000000d6e80000)
  from space 4096K, 99% used [0x00000000d6e80000,0x00000000d727b238,0x00000000d7280000)
  to   space 4096K, 0% used [0x00000000d7280000,0x00000000d7280000,0x00000000d7680000)
 ParOldGen       total 68608K, used 8514K [0x0000000080000000, 0x0000000084300000, 0x00000000d5580000)
  object space 68608K, 12% used [0x0000000080000000,0x0000000080850850,0x0000000084300000)
 Metaspace       used 20882K, committed 21504K, reserved 1114112K
  class space    used 2071K, committed 2368K, reserved 1048576K
}
Event: 9.954 GC heap after
{Heap after GC invocations=6 (full 0):
 PSYoungGen      total 28672K, used 4068K [0x00000000d5580000, 0x00000000d7800000, 0x0000000100000000)
  eden space 24576K, 0% used [0x00000000d5580000,0x00000000d5580000,0x00000000d6d80000)
  from space 4096K, 99% used [0x00000000d7280000,0x00000000d7679348,0x00000000d7680000)
  to   space 5120K, 0% used [0x00000000d6d80000,0x00000000d6d80000,0x00000000d7280000)
 ParOldGen       total 68608K, used 9030K [0x0000000080000000, 0x0000000084300000, 0x00000000d5580000)
  object space 68608K, 13% used [0x0000000080000000,0x00000000808d1928,0x0000000084300000)
 Metaspace       used 20882K, committed 21504K, reserved 1114112K
  class space    used 2071K, committed 2368K, reserved 1048576K
}
Event: 9.955 GC heap before
{Heap before GC invocations=7 (full 1):
 PSYoungGen      total 28672K, used 4068K [0x00000000d5580000, 0x00000000d7800000, 0x0000000100000000)
  eden space 24576K, 0% used [0x00000000d5580000,0x00000000d5580000,0x00000000d6d80000)
  from space 4096K, 99% used [0x00000000d7280000,0x00000000d7679348,0x00000000d7680000)
  to   space 5120K, 0% used [0x00000000d6d80000,0x00000000d6d80000,0x00000000d7280000)
 ParOldGen       total 68608K, used 9030K [0x0000000080000000, 0x0000000084300000, 0x00000000d5580000)
  object space 68608K, 13% used [0x0000000080000000,0x00000000808d1928,0x0000000084300000)
 Metaspace       used 20882K, committed 21504K, reserved 1114112K
  class space    used 2071K, committed 2368K, reserved 1048576K
}
Event: 9.985 GC heap after
{Heap after GC invocations=7 (full 1):
 PSYoungGen      total 28672K, used 0K [0x00000000d5580000, 0x00000000d7800000, 0x0000000100000000)
  eden space 24576K, 0% used [0x00000000d5580000,0x00000000d5580000,0x00000000d6d80000)
  from space 4096K, 0% used [0x00000000d7280000,0x00000000d7280000,0x00000000d7680000)
  to   space 5120K, 0% used [0x00000000d6d80000,0x00000000d6d80000,0x00000000d7280000)
 ParOldGen       total 68608K, used 12627K [0x0000000080000000, 0x0000000084300000, 0x00000000d5580000)
  object space 68608K, 18% used [0x0000000080000000,0x0000000080c54fc8,0x0000000084300000)
 Metaspace       used 20869K, committed 21504K, reserved 1114112K
  class space    used 2068K, committed 2368K, reserved 1048576K
}
Event: 12.591 GC heap before
{Heap before GC invocations=8 (full 1):
 PSYoungGen      total 28672K, used 24576K [0x00000000d5580000, 0x00000000d7800000, 0x0000000100000000)
  eden space 24576K, 100% used [0x00000000d5580000,0x00000000d6d80000,0x00000000d6d80000)
  from space 4096K, 0% used [0x00000000d7280000,0x00000000d7280000,0x00000000d7680000)
  to   space 5120K, 0% used [0x00000000d6d80000,0x00000000d6d80000,0x00000000d7280000)
 ParOldGen       total 68608K, used 12627K [0x0000000080000000, 0x0000000084300000, 0x00000000d5580000)
  object space 68608K, 18% used [0x0000000080000000,0x0000000080c54fc8,0x0000000084300000)
 Metaspace       used 23065K, committed 23744K, reserved 1114112K
  class space    used 2241K, committed 2560K, reserved 1048576K
}
Event: 12.593 GC heap after
{Heap after GC invocations=8 (full 1):
 PSYoungGen      total 26624K, used 2376K [0x00000000d5580000, 0x00000000d7400000, 0x0000000100000000)
  eden space 24064K, 0% used [0x00000000d5580000,0x00000000d5580000,0x00000000d6d00000)
  from space 2560K, 92% used [0x00000000d6d80000,0x00000000d6fd22b0,0x00000000d7000000)
  to   space 3584K, 0% used [0x00000000d7080000,0x00000000d7080000,0x00000000d7400000)
 ParOldGen       total 68608K, used 12635K [0x0000000080000000, 0x0000000084300000, 0x00000000d5580000)
  object space 68608K, 18% used [0x0000000080000000,0x0000000080c56fc8,0x0000000084300000)
 Metaspace       used 23065K, committed 23744K, reserved 1114112K
  class space    used 2241K, committed 2560K, reserved 1048576K
}

Dll operation events (10 events):
Event: 0.023 Loaded shared library c:\Users\gueva\.vscode\extensions\redhat.java-1.55.0-win32-x64\jre\21.0.11-win32-x86_64\bin\java.dll
Event: 0.293 Loaded shared library c:\Users\gueva\.vscode\extensions\redhat.java-1.55.0-win32-x64\jre\21.0.11-win32-x86_64\bin\zip.dll
Event: 0.343 Loaded shared library C:\Users\gueva\.vscode\extensions\redhat.java-1.55.0-win32-x64\jre\21.0.11-win32-x86_64\bin\instrument.dll
Event: 0.357 Loaded shared library C:\Users\gueva\.vscode\extensions\redhat.java-1.55.0-win32-x64\jre\21.0.11-win32-x86_64\bin\net.dll
Event: 0.363 Loaded shared library C:\Users\gueva\.vscode\extensions\redhat.java-1.55.0-win32-x64\jre\21.0.11-win32-x86_64\bin\nio.dll
Event: 0.367 Loaded shared library C:\Users\gueva\.vscode\extensions\redhat.java-1.55.0-win32-x64\jre\21.0.11-win32-x86_64\bin\zip.dll
Event: 0.405 Loaded shared library C:\Users\gueva\.vscode\extensions\redhat.java-1.55.0-win32-x64\jre\21.0.11-win32-x86_64\bin\jimage.dll
Event: 0.566 Loaded shared library c:\Users\gueva\.vscode\extensions\redhat.java-1.55.0-win32-x64\jre\21.0.11-win32-x86_64\bin\verify.dll
Event: 4.648 Loaded shared library C:\Users\gueva\AppData\Roaming\Code\User\globalStorage\redhat.java\1.55.0\config_ss_win\org.eclipse.equinox.launcher\org.eclipse.equinox.launcher.win32.win32.x86_64_1.3.100.v20260613-0559\eclipse_11924.dll
Event: 6.764 Loaded shared library C:\Users\gueva\AppData\Local\Temp\jna-98709026\jna10734769397174676767.dll

Deoptimization events (20 events):
Event: 12.934 Thread 0x00000158998be610 Uncommon trap: trap_request=0xffffffde fr.pc=0x00000158469f0204 relative=0x0000000000000844
Event: 12.934 Thread 0x00000158998be610 Uncommon trap: reason=class_check action=maybe_recompile pc=0x00000158469f0204 method=java.util.HashMap.putVal(ILjava/lang/Object;Ljava/lang/Object;ZZ)Ljava/lang/Object; @ 91 c2
Event: 12.934 Thread 0x00000158998be610 DEOPT PACKING pc=0x00000158469f0204 sp=0x00000010b2cfda80
Event: 12.934 Thread 0x00000158998be610 DEOPT UNPACKING pc=0x0000015846353aa2 sp=0x00000010b2cfd970 mode 2
Event: 13.184 Thread 0x00000158998be610 Uncommon trap: trap_request=0xffffff45 fr.pc=0x00000158468fde44 relative=0x0000000000000124
Event: 13.184 Thread 0x00000158998be610 Uncommon trap: reason=unstable_if action=reinterpret pc=0x00000158468fde44 method=jdk.internal.org.objectweb.asm.SymbolTable.put(Ljdk/internal/org/objectweb/asm/SymbolTable$Entry;)Ljdk/internal/org/objectweb/asm/SymbolTable$Entry; @ 13 c2
Event: 13.185 Thread 0x00000158998be610 DEOPT PACKING pc=0x00000158468fde44 sp=0x00000010b2cfbdf0
Event: 13.185 Thread 0x00000158998be610 DEOPT UNPACKING pc=0x0000015846353aa2 sp=0x00000010b2cfbd50 mode 2
Event: 14.288 Thread 0x000001583bbd4bd0 Uncommon trap: trap_request=0xffffff45 fr.pc=0x00000158469f59c4 relative=0x00000000000011e4
Event: 14.288 Thread 0x000001583bbd4bd0 Uncommon trap: reason=unstable_if action=reinterpret pc=0x00000158469f59c4 method=java.util.zip.ZipCoder$UTF8ZipCoder.hasTrailingSlash([BI)Z @ 11 c2
Event: 14.288 Thread 0x000001583bbd4bd0 DEOPT PACKING pc=0x00000158469f59c4 sp=0x00000010b16f9bc0
Event: 14.288 Thread 0x000001583bbd4bd0 DEOPT UNPACKING pc=0x0000015846353aa2 sp=0x00000010b16f9b28 mode 2
Event: 14.395 Thread 0x000001589a866610 Uncommon trap: trap_request=0xffffff45 fr.pc=0x00000158469e4ec4 relative=0x0000000000001224
Event: 14.395 Thread 0x000001589a866610 Uncommon trap: reason=unstable_if action=reinterpret pc=0x00000158469e4ec4 method=java.util.Properties.loadConvert([CIILjava/lang/StringBuilder;)Ljava/lang/String; @ 477 c2
Event: 14.395 Thread 0x000001589a866610 DEOPT PACKING pc=0x00000158469e4ec4 sp=0x00000010b31fd640
Event: 14.395 Thread 0x000001589a866610 DEOPT UNPACKING pc=0x0000015846353aa2 sp=0x00000010b31fd630 mode 2
Event: 15.428 Thread 0x000001589a866610 Uncommon trap: trap_request=0xffffffec fr.pc=0x0000015846a22268 relative=0x0000000000000228
Event: 15.428 Thread 0x000001589a866610 Uncommon trap: reason=null_assert_or_unreached0 action=make_not_entrant pc=0x0000015846a22268 method=java.util.concurrent.locks.ReentrantReadWriteLock$Sync.tryAcquireShared(I)I @ 129 c2
Event: 15.428 Thread 0x000001589a866610 DEOPT PACKING pc=0x0000015846a22268 sp=0x00000010b31f9570
Event: 15.428 Thread 0x000001589a866610 DEOPT UNPACKING pc=0x0000015846353aa2 sp=0x00000010b31f9490 mode 2

Classes loaded (20 events):
Event: 14.386 Loading class sun/nio/ch/Iocp$CompletionStatus
Event: 14.386 Loading class sun/nio/ch/Iocp$CompletionStatus done
Event: 14.386 Loading class sun/nio/ch/ThreadPool
Event: 14.386 Loading class sun/nio/ch/ThreadPool done
Event: 14.387 Loading class sun/nio/ch/Iocp$EventHandlerTask
Event: 14.387 Loading class sun/nio/ch/Iocp$EventHandlerTask done
Event: 14.387 Loading class sun/nio/ch/AsynchronousChannelGroupImpl$2
Event: 14.387 Loading class sun/nio/ch/AsynchronousChannelGroupImpl$2 done
Event: 14.388 Loading class sun/nio/ch/AsynchronousChannelGroupImpl$1
Event: 14.388 Loading class sun/nio/ch/AsynchronousChannelGroupImpl$1 done
Event: 14.388 Loading class sun/nio/ch/Invoker
Event: 14.388 Loading class sun/nio/ch/Invoker done
Event: 14.388 Loading class sun/nio/ch/Invoker$1
Event: 14.389 Loading class sun/nio/ch/Invoker$1 done
Event: 14.389 Loading class sun/nio/ch/Invoker$GroupAndInvokeCount
Event: 14.389 Loading class sun/nio/ch/Invoker$GroupAndInvokeCount done
Event: 14.389 Loading class sun/nio/ch/PendingIoCache
Event: 14.390 Loading class sun/nio/ch/PendingIoCache done
Event: 15.427 Loading class java/util/concurrent/locks/ReentrantReadWriteLock$Sync$HoldCounter
Event: 15.428 Loading class java/util/concurrent/locks/ReentrantReadWriteLock$Sync$HoldCounter done

Classes unloaded (7 events):
Event: 9.961 Thread 0x000001583bc71a00 Unloading class 0x000001585418d400 'java/lang/invoke/LambdaForm$MH+0x000001585418d400'
Event: 9.961 Thread 0x000001583bc71a00 Unloading class 0x000001585418d000 'java/lang/invoke/LambdaForm$MH+0x000001585418d000'
Event: 9.961 Thread 0x000001583bc71a00 Unloading class 0x000001585418cc00 'java/lang/invoke/LambdaForm$MH+0x000001585418cc00'
Event: 9.961 Thread 0x000001583bc71a00 Unloading class 0x000001585418c800 'java/lang/invoke/LambdaForm$MH+0x000001585418c800'
Event: 9.961 Thread 0x000001583bc71a00 Unloading class 0x000001585418c400 'java/lang/invoke/LambdaForm$BMH+0x000001585418c400'
Event: 9.961 Thread 0x000001583bc71a00 Unloading class 0x000001585418c000 'java/lang/invoke/LambdaForm$DMH+0x000001585418c000'
Event: 9.961 Thread 0x000001583bc71a00 Unloading class 0x000001585418ac00 'java/lang/invoke/LambdaForm$DMH+0x000001585418ac00'

Classes redefined (0 events):
No events

Internal exceptions (20 events):
Event: 7.031 Thread 0x00000158998be610 Exception <a 'java/lang/NoSuchMethodError'{0x00000000d5812220}: 'double java.lang.invoke.DirectMethodHandle$Holder.invokeStatic(java.lang.Object, java.lang.Object)'> (0x00000000d5812220) 
thrown [s\src\hotspot\share\interpreter\linkResolver.cpp, line 773]
Event: 7.032 Thread 0x00000158998be610 Exception <a 'java/lang/NoSuchMethodError'{0x00000000d58158e0}: 'double java.lang.invoke.DirectMethodHandle$Holder.invokeStaticInit(java.lang.Object, java.lang.Object)'> (0x00000000d58158e0) 
thrown [s\src\hotspot\share\interpreter\linkResolver.cpp, line 773]
Event: 9.897 Thread 0x00000158998be610 Implicit null exception at 0x00000158469cd875 to 0x00000158469cd950
Event: 12.204 Thread 0x00000158998be610 Exception <a 'java/io/FileNotFoundException'{0x00000000d64168e8}> (0x00000000d64168e8) 
thrown [s\src\hotspot\share\prims\jni.cpp, line 520]
Event: 12.204 Thread 0x00000158998be610 Exception <a 'java/io/FileNotFoundException'{0x00000000d6417920}> (0x00000000d6417920) 
thrown [s\src\hotspot\share\prims\jni.cpp, line 520]
Event: 12.560 Thread 0x00000158998be610 Exception <a 'java/lang/ClassNotFoundException'{0x00000000d6c5c3e8}: com/sun/org/apache/xerces/internal/impl/msg/spi/DOMMessagesProvider> (0x00000000d6c5c3e8) 
thrown [s\src\hotspot\share\classfile\systemDictionary.cpp, line 313]
Event: 12.566 Thread 0x00000158998be610 Exception <a 'java/lang/ClassNotFoundException'{0x00000000d6c8b980}: com/sun/org/apache/xerces/internal/impl/msg/spi/XMLSerializerMessagesProvider> (0x00000000d6c8b980) 
thrown [s\src\hotspot\share\classfile\systemDictionary.cpp, line 313]
Event: 12.570 Thread 0x00000158998be610 Exception <a 'java/lang/ClassNotFoundException'{0x00000000d6ca3f48}: com/sun/org/apache/xerces/internal/impl/msg/spi/XMLMessagesProvider> (0x00000000d6ca3f48) 
thrown [s\src\hotspot\share\classfile\systemDictionary.cpp, line 313]
Event: 12.644 Thread 0x00000158998be610 Exception <a 'java/lang/NoSuchMethodError'{0x00000000d572f300}: 'java.lang.Object java.lang.invoke.DirectMethodHandle$Holder.newInvokeSpecial(java.lang.Object, int, java.lang.Object, java.lang.Object)'> (0x00000000d572f300) 
thrown [s\src\hotspot\share\interpreter\linkResolver.cpp, line 773]
Event: 12.723 Thread 0x00000158998be610 Exception <a 'sun/nio/fs/WindowsException'{0x00000000d5914240}> (0x00000000d5914240) 
thrown [s\src\hotspot\share\prims\jni.cpp, line 520]
Event: 12.983 Thread 0x00000158998be610 Exception <a 'java/lang/ClassNotFoundException'{0x00000000d5eb1c80}: com/sun/org/apache/xml/internal/serializer/spi/XMLEntitiesProvider> (0x00000000d5eb1c80) 
thrown [s\src\hotspot\share\classfile\systemDictionary.cpp, line 313]
Event: 13.151 Thread 0x00000158998be610 Exception <a 'java/io/FileNotFoundException'{0x00000000d6228140}> (0x00000000d6228140) 
thrown [s\src\hotspot\share\prims\jni.cpp, line 520]
Event: 13.191 Thread 0x00000158998be610 Exception <a 'java/lang/UnsatisfiedLinkError'{0x00000000d6323d80}: No se encontr籀 el proceso especificado.
> (0x00000000d6323d80) 
thrown [s\src\hotspot\share\prims\jni.cpp, line 539]
Event: 13.202 Thread 0x00000158998be610 Exception <a 'java/io/FileNotFoundException'{0x00000000d633a448}> (0x00000000d633a448) 
thrown [s\src\hotspot\share\prims\jni.cpp, line 520]
Event: 13.218 Thread 0x00000158998be610 Exception <a 'java/io/FileNotFoundException'{0x00000000d63b3e10}> (0x00000000d63b3e10) 
thrown [s\src\hotspot\share\prims\jni.cpp, line 520]
Event: 13.231 Thread 0x00000158998be610 Exception <a 'java/lang/UnsatisfiedLinkError'{0x00000000d63e24a0}: No se encontr籀 el proceso especificado.
> (0x00000000d63e24a0) 
thrown [s\src\hotspot\share\prims\jni.cpp, line 539]
Event: 14.372 Thread 0x000001583bbd4bd0 Exception <a 'java/lang/NoSuchMethodError'{0x00000000d672c618}: 'java.lang.Object java.lang.invoke.DirectMethodHandle$Holder.invokeStatic(java.lang.Object, long, java.lang.Object)'> (0x00000000d672c618) 
thrown [s\src\hotspot\share\interpreter\linkResolver.cpp, line 773]
Event: 14.372 Thread 0x000001583bbd4bd0 Exception <a 'java/lang/NoSuchMethodError'{0x00000000d675b618}: 'java.lang.Object java.lang.invoke.DirectMethodHandle$Holder.invokeStaticInit(java.lang.Object, long, java.lang.Object)'> (0x00000000d675b618) 
thrown [s\src\hotspot\share\interpreter\linkResolver.cpp, line 773]
Event: 14.374 Thread 0x000001583bbd4bd0 Exception <a 'java/lang/NoSuchMethodError'{0x00000000d6760cd8}: 'java.lang.Object java.lang.invoke.DirectMethodHandle$Holder.newInvokeSpecial(java.lang.Object, long)'> (0x00000000d6760cd8) 
thrown [s\src\hotspot\share\interpreter\linkResolver.cpp, line 773]
Event: 15.426 Thread 0x000001583bbd4bd0 Exception <a 'java/lang/RuntimeException'{0x00000000d697fee8}: snapshot not available> (0x00000000d697fee8) 
thrown [s\src\hotspot\share\prims\jni.cpp, line 539]

ZGC Phase Switch (0 events):
No events

VM Operations (20 events):
Event: 6.963 Executing safepoint VM operation: ParallelGCFailedAllocation (Allocation Failure) done
Event: 7.313 Executing safepoint VM operation: ParallelGCFailedAllocation (Allocation Failure)
Event: 9.322 Executing safepoint VM operation: ParallelGCFailedAllocation (Allocation Failure) done
Event: 9.950 Executing safepoint VM operation: CollectForMetadataAllocation (Metadata GC Threshold)
Event: 9.985 Executing safepoint VM operation: CollectForMetadataAllocation (Metadata GC Threshold) done
Event: 12.006 Executing safepoint VM operation: Cleanup
Event: 12.007 Executing safepoint VM operation: Cleanup done
Event: 12.591 Executing safepoint VM operation: ParallelGCFailedAllocation (Allocation Failure)
Event: 12.593 Executing safepoint VM operation: ParallelGCFailedAllocation (Allocation Failure) done
Event: 12.704 Executing non-safepoint VM operation: HandshakeAllThreads (Deoptimize)
Event: 12.704 Executing non-safepoint VM operation: HandshakeAllThreads (Deoptimize) done
Event: 12.782 Executing non-safepoint VM operation: HandshakeAllThreads (Deoptimize)
Event: 12.782 Executing non-safepoint VM operation: HandshakeAllThreads (Deoptimize) done
Event: 13.057 Executing non-safepoint VM operation: HandshakeAllThreads (Deoptimize)
Event: 13.057 Executing non-safepoint VM operation: HandshakeAllThreads (Deoptimize) done
Event: 14.065 Executing safepoint VM operation: Cleanup
Event: 14.280 Executing safepoint VM operation: Cleanup done
Event: 15.285 Executing safepoint VM operation: Cleanup
Event: 15.426 Executing safepoint VM operation: Cleanup done
Event: 16.426 Executing safepoint VM operation: Cleanup

Memory protections (0 events):
No events

Nmethod flushes (0 events):
No events

Events (20 events):
Event: 6.812 Thread 0x00000158998be610 Thread added: 0x0000015899ef3dd0
Event: 6.892 Thread 0x00000158998be610 Thread added: 0x000001589a866610
Event: 6.924 Thread 0x00000158998be610 Thread added: 0x000001589a10d310
Event: 9.323 Thread 0x0000015899014c90 Thread added: 0x000001589a401f40
Event: 9.713 Thread 0x000001589a401f40 Thread exited: 0x000001589a401f40
Event: 10.011 Thread 0x0000015899014c90 Thread added: 0x000001589a402040
Event: 12.195 Thread 0x000001589a402040 Thread exited: 0x000001589a402040
Event: 12.325 Thread 0x0000015899014c90 Thread added: 0x000001589a402040
Event: 12.596 Thread 0x00000158998be610 Thread added: 0x000001589a10c5f0
Event: 12.752 Thread 0x000001589a10c5f0 Thread exited: 0x000001589a10c5f0
Event: 14.280 Thread 0x000001589a402040 Thread exited: 0x000001589a402040
Event: 14.388 Thread 0x000001583bbd4bd0 Thread added: 0x000001589a109e90
Event: 14.388 Thread 0x000001583bbd4bd0 Thread added: 0x000001589a10abb0
Event: 14.389 Thread 0x000001583bbd4bd0 Thread added: 0x000001589a10c5f0
Event: 14.389 Thread 0x000001583bbd4bd0 Thread added: 0x000001589a10cc80
Event: 14.389 Thread 0x000001583bbd4bd0 Thread added: 0x000001589a10a520
Event: 14.389 Thread 0x000001583bbd4bd0 Thread added: 0x000001589a10b240
Event: 14.389 Thread 0x000001583bbd4bd0 Thread added: 0x000001589a10b8d0
Event: 14.389 Thread 0x000001583bbd4bd0 Thread added: 0x000001589a10bf60
Event: 14.389 Thread 0x000001583bbd4bd0 Thread added: 0x000001589a7ffd70


Dynamic libraries:
0x00007ff63f010000 - 0x00007ff63f01e000 	c:\Users\gueva\.vscode\extensions\redhat.java-1.55.0-win32-x64\jre\21.0.11-win32-x86_64\bin\java.exe
0x00007ffbf2e60000 - 0x00007ffbf30c6000 	C:\WINDOWS\SYSTEM32\ntdll.dll
0x00007ffbf0bd0000 - 0x00007ffbf0c99000 	C:\WINDOWS\System32\KERNEL32.DLL
0x00007ffbf0210000 - 0x00007ffbf060e000 	C:\WINDOWS\System32\KERNELBASE.dll
0x00007ffbf00b0000 - 0x00007ffbf01fc000 	C:\WINDOWS\System32\ucrtbase.dll
0x00007ffbe5500000 - 0x00007ffbe5518000 	c:\Users\gueva\.vscode\extensions\redhat.java-1.55.0-win32-x64\jre\21.0.11-win32-x86_64\bin\jli.dll
0x00007ffbf23e0000 - 0x00007ffbf25a7000 	C:\WINDOWS\System32\USER32.dll
0x00007ffbf0080000 - 0x00007ffbf00a7000 	C:\WINDOWS\System32\win32u.dll
0x00007ffbf0ba0000 - 0x00007ffbf0bcb000 	C:\WINDOWS\System32\GDI32.dll
0x00007ffbf0620000 - 0x00007ffbf074a000 	C:\WINDOWS\System32\gdi32full.dll
0x00007ffbf0ae0000 - 0x00007ffbf0b83000 	C:\WINDOWS\System32\msvcp_win.dll
0x00007ffbd7fc0000 - 0x00007ffbd7fde000 	c:\Users\gueva\.vscode\extensions\redhat.java-1.55.0-win32-x64\jre\21.0.11-win32-x86_64\bin\VCRUNTIME140.dll
0x00007ffbdc520000 - 0x00007ffbdc7b2000 	C:\WINDOWS\WinSxS\amd64_microsoft.windows.common-controls_6595b64144ccf1df_6.0.26100.8875_none_3e0d5d42e32fe9dd\COMCTL32.dll
0x00007ffbf0ca0000 - 0x00007ffbf0d49000 	C:\WINDOWS\System32\msvcrt.dll
0x00007ffbf0dc0000 - 0x00007ffbf0df2000 	C:\WINDOWS\System32\IMM32.DLL
0x00007ffbe19c0000 - 0x00007ffbe19cc000 	c:\Users\gueva\.vscode\extensions\redhat.java-1.55.0-win32-x64\jre\21.0.11-win32-x86_64\bin\vcruntime140_1.dll
0x00007ffbc2670000 - 0x00007ffbc26fd000 	c:\Users\gueva\.vscode\extensions\redhat.java-1.55.0-win32-x64\jre\21.0.11-win32-x86_64\bin\msvcp140.dll
0x00007ffb454a0000 - 0x00007ffb46242000 	c:\Users\gueva\.vscode\extensions\redhat.java-1.55.0-win32-x64\jre\21.0.11-win32-x86_64\bin\server\jvm.dll
0x00007ffbf0e00000 - 0x00007ffbf0eb7000 	C:\WINDOWS\System32\ADVAPI32.dll
0x00007ffbf2d60000 - 0x00007ffbf2e0a000 	C:\WINDOWS\System32\sechost.dll
0x00007ffbf27b0000 - 0x00007ffbf28c8000 	C:\WINDOWS\System32\RPCRT4.dll
0x00007ffbf16a0000 - 0x00007ffbf1720000 	C:\WINDOWS\System32\WS2_32.dll
0x00007ffbefee0000 - 0x00007ffbeff3e000 	C:\WINDOWS\SYSTEM32\POWRPROF.dll
0x00007ffbe6220000 - 0x00007ffbe6256000 	C:\WINDOWS\SYSTEM32\WINMM.dll
0x00007ffbde460000 - 0x00007ffbde46b000 	C:\WINDOWS\SYSTEM32\VERSION.dll
0x00007ffbefeb0000 - 0x00007ffbefec4000 	C:\WINDOWS\SYSTEM32\UMPDC.dll
0x00007ffbeed60000 - 0x00007ffbeed7b000 	C:\WINDOWS\SYSTEM32\kernel.appcore.dll
0x00007ffbe1610000 - 0x00007ffbe161a000 	c:\Users\gueva\.vscode\extensions\redhat.java-1.55.0-win32-x64\jre\21.0.11-win32-x86_64\bin\jimage.dll
0x00007ffbed720000 - 0x00007ffbed962000 	C:\WINDOWS\SYSTEM32\DBGHELP.DLL
0x00007ffbf1730000 - 0x00007ffbf1ab3000 	C:\WINDOWS\System32\combase.dll
0x00007ffbf25b0000 - 0x00007ffbf2689000 	C:\WINDOWS\System32\OLEAUT32.dll
0x00007ffbdc7c0000 - 0x00007ffbdc7fb000 	C:\WINDOWS\SYSTEM32\dbgcore.DLL
0x00007ffbf0a20000 - 0x00007ffbf0acc000 	C:\WINDOWS\System32\bcryptPrimitives.dll
0x00007ffbe15d0000 - 0x00007ffbe15df000 	c:\Users\gueva\.vscode\extensions\redhat.java-1.55.0-win32-x64\jre\21.0.11-win32-x86_64\bin\instrument.dll
0x00007ffbd7090000 - 0x00007ffbd70b0000 	c:\Users\gueva\.vscode\extensions\redhat.java-1.55.0-win32-x64\jre\21.0.11-win32-x86_64\bin\java.dll
0x00007ffbf1bb0000 - 0x00007ffbf2342000 	C:\WINDOWS\System32\SHELL32.dll
0x00007ffbed970000 - 0x00007ffbee202000 	C:\WINDOWS\SYSTEM32\windows.storage.dll
0x00007ffbf15a0000 - 0x00007ffbf1697000 	C:\WINDOWS\System32\SHCORE.dll
0x00007ffbf0d50000 - 0x00007ffbf0db7000 	C:\WINDOWS\System32\shlwapi.dll
0x00007ffbeffa0000 - 0x00007ffbeffc9000 	C:\WINDOWS\SYSTEM32\profapi.dll
0x00007ffbd2410000 - 0x00007ffbd2428000 	c:\Users\gueva\.vscode\extensions\redhat.java-1.55.0-win32-x64\jre\21.0.11-win32-x86_64\bin\zip.dll
0x00007ffbe1220000 - 0x00007ffbe1230000 	C:\Users\gueva\.vscode\extensions\redhat.java-1.55.0-win32-x64\jre\21.0.11-win32-x86_64\bin\net.dll
0x00007ffbe5e40000 - 0x00007ffbe5f67000 	C:\WINDOWS\SYSTEM32\WINHTTP.dll
0x00007ffbef310000 - 0x00007ffbef37c000 	C:\WINDOWS\system32\mswsock.dll
0x00007ffbd65d0000 - 0x00007ffbd65e6000 	C:\Users\gueva\.vscode\extensions\redhat.java-1.55.0-win32-x64\jre\21.0.11-win32-x86_64\bin\nio.dll
0x00007ffbdf8c0000 - 0x00007ffbdf8d0000 	c:\Users\gueva\.vscode\extensions\redhat.java-1.55.0-win32-x64\jre\21.0.11-win32-x86_64\bin\verify.dll
0x00007ffbb47b0000 - 0x00007ffbb47f5000 	C:\Users\gueva\AppData\Roaming\Code\User\globalStorage\redhat.java\1.55.0\config_ss_win\org.eclipse.equinox.launcher\org.eclipse.equinox.launcher.win32.win32.x86_64_1.3.100.v20260613-0559\eclipse_11924.dll
0x00007ffbf28d0000 - 0x00007ffbf2a69000 	C:\WINDOWS\System32\ole32.dll
0x00007ffbef610000 - 0x00007ffbef62b000 	C:\WINDOWS\SYSTEM32\CRYPTSP.dll
0x00007ffbeecc0000 - 0x00007ffbeecf9000 	C:\WINDOWS\system32\rsaenh.dll
0x00007ffbef3d0000 - 0x00007ffbef402000 	C:\WINDOWS\SYSTEM32\USERENV.dll
0x00007ffbeff70000 - 0x00007ffbeff9a000 	C:\WINDOWS\SYSTEM32\bcrypt.dll
0x00007ffbef630000 - 0x00007ffbef63c000 	C:\WINDOWS\SYSTEM32\CRYPTBASE.dll
0x00007ffbee6b0000 - 0x00007ffbee6e3000 	C:\WINDOWS\SYSTEM32\IPHLPAPI.DLL
0x00007ffbf2e10000 - 0x00007ffbf2e1a000 	C:\WINDOWS\System32\NSI.dll
0x00007ffbb0b90000 - 0x00007ffbb0bd9000 	C:\Users\gueva\AppData\Local\Temp\jna-98709026\jna10734769397174676767.dll
0x00007ffbf23a0000 - 0x00007ffbf23a8000 	C:\WINDOWS\System32\PSAPI.DLL
0x00007ffbea460000 - 0x00007ffbea47d000 	C:\WINDOWS\SYSTEM32\dhcpcsvc6.DLL
0x00007ffbea410000 - 0x00007ffbea435000 	C:\WINDOWS\SYSTEM32\dhcpcsvc.DLL

JVMTI agents:
c:\Users\gueva\.vscode\extensions\redhat.java-1.55.0-win32-x64\lombok\lombok-1.18.39-4050.jar path:c:\Users\gueva\.vscode\extensions\redhat.java-1.55.0-win32-x64\jre\21.0.11-win32-x86_64\bin\instrument.dll, loaded, initialized, instrumentlib options:none

dbghelp: loaded successfully - version: 4.0.5 - missing functions: none
symbol engine: initialized successfully - sym options: 0x614 - pdb path: .;c:\Users\gueva\.vscode\extensions\redhat.java-1.55.0-win32-x64\jre\21.0.11-win32-x86_64\bin;C:\WINDOWS\SYSTEM32;C:\WINDOWS\WinSxS\amd64_microsoft.windows.common-controls_6595b64144ccf1df_6.0.26100.8875_none_3e0d5d42e32fe9dd;c:\Users\gueva\.vscode\extensions\redhat.java-1.55.0-win32-x64\jre\21.0.11-win32-x86_64\bin\server;C:\Users\gueva\AppData\Roaming\Code\User\globalStorage\redhat.java\1.55.0\config_ss_win\org.eclipse.equinox.launcher\org.eclipse.equinox.launcher.win32.win32.x86_64_1.3.100.v20260613-0559;C:\Users\gueva\AppData\Local\Temp\jna-98709026

VM Arguments:
jvm_args: --add-modules=ALL-SYSTEM --add-opens=java.base/java.util=ALL-UNNAMED --add-opens=java.base/java.lang=ALL-UNNAMED --add-opens=java.base/sun.nio.fs=ALL-UNNAMED -Declipse.application=org.eclipse.jdt.ls.core.id1 -Dosgi.bundles.defaultStartLevel=4 -Declipse.product=org.eclipse.jdt.ls.core.product -Djava.import.generatesMetadataFilesAtProjectRoot=false -DDetectVMInstallationsJob.disabled=true -Dfile.encoding=utf8 -XX:+UseParallelGC -XX:GCTimeRatio=4 -XX:AdaptiveSizePolicyWeight=90 -Dsun.zip.disableMemoryMapping=true -Xmx2G -Xms100m -Xlog:disable -javaagent:c:\Users\gueva\.vscode\extensions\redhat.java-1.55.0-win32-x64\lombok\lombok-1.18.39-4050.jar 
java_command: c:\Users\gueva\.vscode\extensions\redhat.java-1.55.0-win32-x64\server\plugins\org.eclipse.equinox.launcher_1.7.200.v20260619-2039.jar -configuration c:\Users\gueva\AppData\Roaming\Code\User\globalStorage\redhat.java\1.55.0\config_ss_win -data c:\Users\gueva\AppData\Roaming\Code\User\workspaceStorage\44fb2ca8477ceeac58e2505a295ba8ed\redhat.java\ss_ws --pipe=\\.\pipe\lsp-84cdf6d391f791c4a0255945a491310a-sock
java_class_path (initial): c:\Users\gueva\.vscode\extensions\redhat.java-1.55.0-win32-x64\server\plugins\org.eclipse.equinox.launcher_1.7.200.v20260619-2039.jar
Launcher Type: SUN_STANDARD

[Global flags]
    uintx AdaptiveSizePolicyWeight                 = 90                                        {product} {command line}
     intx CICompilerCount                          = 4                                         {product} {ergonomic}
    uintx GCTimeRatio                              = 4                                         {product} {command line}
   size_t InitialHeapSize                          = 104857600                                 {product} {command line}
   size_t MaxHeapSize                              = 2147483648                                {product} {command line}
   size_t MaxNewSize                               = 715653120                                 {product} {ergonomic}
   size_t MinHeapDeltaBytes                        = 524288                                    {product} {ergonomic}
   size_t MinHeapSize                              = 104857600                                 {product} {command line}
   size_t NewSize                                  = 34603008                                  {product} {ergonomic}
    uintx NonNMethodCodeHeapSize                   = 5839372                                {pd product} {ergonomic}
    uintx NonProfiledCodeHeapSize                  = 122909434                              {pd product} {ergonomic}
   size_t OldSize                                  = 70254592                                  {product} {ergonomic}
    uintx ProfiledCodeHeapSize                     = 122909434                              {pd product} {ergonomic}
    uintx ReservedCodeCacheSize                    = 251658240                              {pd product} {ergonomic}
     bool SegmentedCodeCache                       = true                                      {product} {ergonomic}
   size_t SoftMaxHeapSize                          = 2147483648                             {manageable} {ergonomic}
     bool UseCompressedOops                        = true                           {product lp64_product} {ergonomic}
     bool UseLargePagesIndividualAllocation        = false                                  {pd product} {ergonomic}
     bool UseParallelGC                            = true                                      {product} {command line}

Logging:
Log output configuration:
 #0: stdout all=off uptime,level,tags foldmultilines=false
 #1: stderr all=off uptime,level,tags foldmultilines=false

Release file:
JAVA_VERSION="21.0.11" 
MODULES="java.base java.compiler java.datatransfer java.xml java.prefs java.desktop java.instrument java.logging java.management java.security.sasl java.naming java.rmi java.management.rmi java.net.http java.scripting java.security.jgss java.transaction.xa java.sql java.sql.rowset java.xml.crypto java.se java.smartcardio jdk.accessibility jdk.internal.jvmstat jdk.attach jdk.charsets jdk.internal.opt jdk.zipfs jdk.compiler jdk.crypto.ec jdk.crypto.cryptoki jdk.crypto.mscapi jdk.dynalink jdk.internal.ed jdk.editpad jdk.hotspot.agent jdk.httpserver jdk.internal.le jdk.internal.vm.ci jdk.internal.vm.compiler jdk.internal.vm.compiler.management jdk.jartool jdk.javadoc jdk.jcmd jdk.management jdk.management.agent jdk.jconsole jdk.jdeps jdk.jdwp.agent jdk.jdi jdk.jfr jdk.jshell jdk.jsobject jdk.jstatd jdk.localedata jdk.management.jfr jdk.naming.dns jdk.naming.rmi jdk.net jdk.nio.mapmode jdk.random jdk.sctp jdk.security.auth jdk.security.jgss jdk.unsupported jdk.unsupported.desktop jdk.xml.dom" 

Environment Variables:
PATH=C:\Program Files\Common Files\Oracle\Java\javapath;C:\WINDOWS\system32;C:\WINDOWS;C:\WINDOWS\System32\Wbem;C:\WINDOWS\System32\WindowsPowerShell\v1.0\;C:\WINDOWS\System32\OpenSSH\;C:\Program Files\dotnet\;C:\Program Files\Java\jdk-25\bin;C:\Program Files\nodejs\;C:\xampp\php;C:\ProgramData\ComposerSetup\bin;C:\Program Files\Git\cmd;C:\Program Files (x86)\Microsoft SQL Server\160\Tools\Binn\;C:\Program Files\Microsoft SQL Server\160\Tools\Binn\;C:\Program Files\Microsoft SQL Server\Client SDK\ODBC\170\Tools\Binn\;C:\Program Files\Microsoft SQL Server\160\DTS\Binn\;C:\Program Files (x86)\Microsoft SQL Server\160\DTS\Binn\;C:\ProgramData\chocolatey\bin;C:\flutter\bin;;C:\Program Files\Docker\Docker\resources\bin;C:\Users\gueva\AppData\Local\Programs\Python\Launcher\;C:\Program Files\MySQL\MySQL Shell 8.0\bin\;C:\Users\gueva\AppData\Local\Microsoft\WindowsApps;C:\Users\gueva\AppData\Local\Programs\Microsoft VS Code\bin;C:\Users\gueva\AppData\Roaming\npm;C:\Users\gueva\AppData\Roaming\Composer\vendor\bin;C:\Users\gueva\AppData\Roaming\npm;C:\Users\gueva\AppData\Local\Python\bin;C:\Program Files\Git\bin;C:\Users\gueva\AppData\Local\Programs\mongosh\;C:\Program Files\MongoDB\Tools\100\bin;C:\Program Files\MongoDB\Server\8.2\bin;C:\Program Files\MySQL\MySQL Server 8.0\bin;C:\Program Files\Docker\Docker
USERNAME=gueva
OS=Windows_NT
PROCESSOR_IDENTIFIER=AMD64 Family 23 Model 160 Stepping 0, AuthenticAMD
TMP=C:\Users\gueva\AppData\Local\Temp
TEMP=C:\Users\gueva\AppData\Local\Temp




Periodic native trim disabled

---------------  S Y S T E M  ---------------

OS:
 Windows 11 , 64 bit Build 26100 (10.0.26100.8875)
OS uptime: 0 days 19:35 hours
Hyper-V role detected

CPU: total 8 (initial active 8) (8 cores per cpu, 2 threads per core) family 23 model 160 stepping 0 microcode 0x8a0000b, cx8, cmov, fxsr, ht, mmx, 3dnowpref, sse, sse2, sse3, ssse3, sse4a, sse4.1, sse4.2, popcnt, lzcnt, tsc, tscinvbit, avx, avx2, aes, clmul, bmi1, bmi2, adx, sha, fma, vzeroupper, clflush, clflushopt, hv, rdtscp, rdpid, f16c
Processor Information for the first 8 processors :
  Max Mhz: 2801, Current Mhz: 2801, Mhz Limit: 2801

Memory: 4k page, system-wide physical 7379M (482M free)
TotalPageFile size 29907M (AvailPageFile size 12M)
current process WorkingSet (physical memory assigned to process): 139M, peak: 159M
current process commit charge ("private bytes"): 270M, peak: 288M

vm_info: OpenJDK 64-Bit Server VM (21.0.11+10-LTS) for windows-amd64 JRE (21.0.11+10-LTS), built on 2026-04-21T00:00:00Z by "admin" with MS VC++ 17.12 (VS2022)

END.
