#
# There is insufficient memory for the Java Runtime Environment to continue.
# Native memory allocation (malloc) failed to allocate 760416 bytes. Error detail: Chunk::new
# Possible reasons:
#   The system is out of physical RAM or swap space
#   This process is running with CompressedOops enabled, and the Java Heap may be blocking the growth of the native heap
# Possible solutions:
#   Reduce memory load on the system
#   Increase physical memory or swap space
#   Check if swap backing store is full
#   Decrease Java heap size (-Xmx/-Xms)
#   Decrease number of Java threads
#   Decrease Java thread stack sizes (-Xss)
#   Set larger code cache with -XX:ReservedCodeCacheSize=
#   JVM is running with Unscaled Compressed Oops mode in which the Java heap is
#     placed in the first 4GB address space. The Java Heap base address is the
#     maximum limit for the native heap growth. Please use -XX:HeapBaseMinAddress
#     to set the Java Heap base and to place the Java Heap above 4GB virtual address.
# This output file may be truncated or incomplete.
#
#  Out of Memory Error (arena.cpp:168), pid=12888, tid=23668
#
# JRE version: OpenJDK Runtime Environment Temurin-21.0.11+10 (21.0.11+10) (build 21.0.11+10-LTS)
# Java VM: OpenJDK 64-Bit Server VM Temurin-21.0.11+10 (21.0.11+10-LTS, mixed mode, sharing, tiered, compressed oops, compressed class ptrs, parallel gc, windows-amd64)
# No core dump will be written. Minidumps are not enabled by default on client versions of Windows
#

---------------  S U M M A R Y ------------

Command Line: --add-modules=ALL-SYSTEM --add-opens=java.base/java.util=ALL-UNNAMED --add-opens=java.base/java.lang=ALL-UNNAMED --add-opens=java.base/sun.nio.fs=ALL-UNNAMED -Declipse.application=org.eclipse.jdt.ls.core.id1 -Dosgi.bundles.defaultStartLevel=4 -Declipse.product=org.eclipse.jdt.ls.core.product -Djava.import.generatesMetadataFilesAtProjectRoot=false -DDetectVMInstallationsJob.disabled=true -Dfile.encoding=utf8 -XX:+UseParallelGC -XX:GCTimeRatio=4 -XX:AdaptiveSizePolicyWeight=90 -Dsun.zip.disableMemoryMapping=true -Xmx2G -Xms100m -Xlog:disable -javaagent:c:\Users\gueva\.vscode\extensions\redhat.java-1.55.0-win32-x64\lombok\lombok-1.18.39-4050.jar c:\Users\gueva\.vscode\extensions\redhat.java-1.55.0-win32-x64\server\plugins\org.eclipse.equinox.launcher_1.7.200.v20260619-2039.jar -configuration c:\Users\gueva\AppData\Roaming\Code\User\globalStorage\redhat.java\1.55.0\config_ss_win -data c:\Users\gueva\AppData\Roaming\Code\User\workspaceStorage\44fb2ca8477ceeac58e2505a295ba8ed\redhat.java\ss_ws --pipe=\\.\pipe\lsp-14b75f85222c9055811fb76af5eeac37-sock

Host: AMD Ryzen 5 7520U with Radeon Graphics         , 8 cores, 7G,  Windows 11 , 64 bit Build 26100 (10.0.26100.8875)
Time: Sun Jul 19 21:07:10 2026 Hora est嫕dar central (M憖ico) elapsed time: 34.686775 seconds (0d 0h 0m 34s)

---------------  T H R E A D  ---------------

Current thread (0x000001c9753b1fa0):  JavaThread "C2 CompilerThread0" daemon [_thread_in_native, id=23668, stack(0x000000af0fa00000,0x000000af0fb00000) (1024K)]


Current CompileTask:
C2:34686 6557       4       org.eclipse.core.internal.dtree.DataTreeWriter::writeNode (182 bytes)

Stack: [0x000000af0fa00000,0x000000af0fb00000]
Native frames: (J=compiled Java code, j=interpreted, Vv=VM code, C=native code)
V  [jvm.dll+0x6d7e19]
V  [jvm.dll+0x8b5096]
V  [jvm.dll+0x8b764e]
V  [jvm.dll+0x8b7d33]
V  [jvm.dll+0x284596]
V  [jvm.dll+0xc685d]
V  [jvm.dll+0xc6da1]
V  [jvm.dll+0x2fb4ee]
V  [jvm.dll+0x5fe9a4]
V  [jvm.dll+0x255d67]
V  [jvm.dll+0x25612d]
V  [jvm.dll+0x24e6a0]
V  [jvm.dll+0x24bbe6]
V  [jvm.dll+0x1cb4ae]
V  [jvm.dll+0x25baad]
V  [jvm.dll+0x25a03a]
V  [jvm.dll+0x3f868e]
V  [jvm.dll+0x85fb0d]
V  [jvm.dll+0x6d664d]
C  [ucrtbase.dll+0x2cd30]
C  [KERNEL32.DLL+0x2e957]
C  [ntdll.dll+0xaad6c]


---------------  P R O C E S S  ---------------

Threads class SMR info:
_java_thread_list=0x000001c955480ae0, length=57, elements={
0x000001c97542dea0, 0x000001c9754ebdf0, 0x000001c9754ee3d0, 0x000001c9753a7f50,
0x000001c9753aadc0, 0x000001c9753abc30, 0x000001c9753ac690, 0x000001c9753b1fa0,
0x000001c97e678070, 0x000001c97e8396d0, 0x000001c97e9787e0, 0x000001c97efe0fa0,
0x000001c97f164440, 0x000001c97f169650, 0x000001c97eebfeb0, 0x000001c97f2402a0,
0x000001c9543c1060, 0x000001c95433b790, 0x000001c9548af480, 0x000001c9548b01a0,
0x000001c9548ae0d0, 0x000001c9548ada40, 0x000001c9548ae760, 0x000001c9548b0830,
0x000001c9548b0ec0, 0x000001c9548aedf0, 0x000001c9548afb10, 0x000001c95454b4c0,
0x000001c95454c1e0, 0x000001c95454e2b0, 0x000001c95454ae30, 0x000001c95454cf00,
0x000001c95454bb50, 0x000001c95454efd0, 0x000001c95454f660, 0x000001c95454e940,
0x000001c95454d590, 0x000001c95454dc20, 0x000001c95454c870, 0x000001c954550a10,
0x000001c954550380, 0x000001c954552450, 0x000001c9545510a0, 0x000001c95454fcf0,
0x000001c954551730, 0x000001c9554ac350, 0x000001c9554add90, 0x000001c9554ad700,
0x000001c9554ae420, 0x000001c9554ac9e0, 0x000001c9554ad070, 0x000001c9554aeab0,
0x000001c9554af140, 0x000001c9554abcc0, 0x000001c9554b04f0, 0x000001c9554b0b80,
0x000001c9554b18a0
}

Java Threads: ( => current thread )
  0x000001c97542dea0 JavaThread "main"                              [_thread_blocked, id=9244, stack(0x000000af0f000000,0x000000af0f100000) (1024K)]
  0x000001c9754ebdf0 JavaThread "Reference Handler"          daemon [_thread_blocked, id=9100, stack(0x000000af0f400000,0x000000af0f500000) (1024K)]
  0x000001c9754ee3d0 JavaThread "Finalizer"                  daemon [_thread_blocked, id=13640, stack(0x000000af0f500000,0x000000af0f600000) (1024K)]
  0x000001c9753a7f50 JavaThread "Signal Dispatcher"          daemon [_thread_blocked, id=4748, stack(0x000000af0f600000,0x000000af0f700000) (1024K)]
  0x000001c9753aadc0 JavaThread "Attach Listener"            daemon [_thread_blocked, id=16640, stack(0x000000af0f700000,0x000000af0f800000) (1024K)]
  0x000001c9753abc30 JavaThread "Service Thread"             daemon [_thread_blocked, id=23636, stack(0x000000af0f800000,0x000000af0f900000) (1024K)]
  0x000001c9753ac690 JavaThread "Monitor Deflation Thread"   daemon [_thread_blocked, id=22560, stack(0x000000af0f900000,0x000000af0fa00000) (1024K)]
=>0x000001c9753b1fa0 JavaThread "C2 CompilerThread0"         daemon [_thread_in_native, id=23668, stack(0x000000af0fa00000,0x000000af0fb00000) (1024K)]
  0x000001c97e678070 JavaThread "C1 CompilerThread0"         daemon [_thread_blocked, id=32688, stack(0x000000af0fb00000,0x000000af0fc00000) (1024K)]
  0x000001c97e8396d0 JavaThread "Common-Cleaner"             daemon [_thread_blocked, id=12496, stack(0x000000af0fc00000,0x000000af0fd00000) (1024K)]
  0x000001c97e9787e0 JavaThread "Notification Thread"        daemon [_thread_blocked, id=19364, stack(0x000000af0fd00000,0x000000af0fe00000) (1024K)]
  0x000001c97efe0fa0 JavaThread "Active Thread: Equinox Container: bec7fd77-9771-471c-8f87-df91cf6a95f3"        [_thread_blocked, id=20044, stack(0x000000af10400000,0x000000af10500000) (1024K)]
  0x000001c97f164440 JavaThread "Framework Event Dispatcher: Equinox Container: bec7fd77-9771-471c-8f87-df91cf6a95f3" daemon [_thread_blocked, id=14320, stack(0x000000af10500000,0x000000af10600000) (1024K)]
  0x000001c97f169650 JavaThread "Start Level: Equinox Container: bec7fd77-9771-471c-8f87-df91cf6a95f3" daemon [_thread_blocked, id=31664, stack(0x000000af10600000,0x000000af10700000) (1024K)]
  0x000001c97eebfeb0 JavaThread "SCR Component Actor"        daemon [_thread_blocked, id=13800, stack(0x000000af10800000,0x000000af10900000) (1024K)]
  0x000001c97f2402a0 JavaThread "Worker-JM"                         [_thread_blocked, id=9824, stack(0x000000af10900000,0x000000af10a00000) (1024K)]
  0x000001c9543c1060 JavaThread "JNA Cleaner"                daemon [_thread_blocked, id=10872, stack(0x000000af10a00000,0x000000af10b00000) (1024K)]
  0x000001c95433b790 JavaThread "Worker-0"                          [_thread_blocked, id=25232, stack(0x000000af10b00000,0x000000af10c00000) (1024K)]
  0x000001c9548af480 JavaThread "Worker-1"                          [_thread_blocked, id=14324, stack(0x000000af10c00000,0x000000af10d00000) (1024K)]
  0x000001c9548b01a0 JavaThread "Worker-2"                          [_thread_blocked, id=31184, stack(0x000000af10f00000,0x000000af11000000) (1024K)]
  0x000001c9548ae0d0 JavaThread "Thread-1"                   daemon [_thread_in_native, id=1988, stack(0x000000af11000000,0x000000af11100000) (1024K)]
  0x000001c9548ada40 JavaThread "Thread-2"                   daemon [_thread_in_native, id=31672, stack(0x000000af11100000,0x000000af11200000) (1024K)]
  0x000001c9548ae760 JavaThread "Thread-3"                   daemon [_thread_in_native, id=6696, stack(0x000000af11200000,0x000000af11300000) (1024K)]
  0x000001c9548b0830 JavaThread "Thread-4"                   daemon [_thread_in_native, id=26428, stack(0x000000af11300000,0x000000af11400000) (1024K)]
  0x000001c9548b0ec0 JavaThread "Thread-5"                   daemon [_thread_in_native, id=1952, stack(0x000000af11400000,0x000000af11500000) (1024K)]
  0x000001c9548aedf0 JavaThread "Thread-6"                   daemon [_thread_in_native, id=26092, stack(0x000000af11500000,0x000000af11600000) (1024K)]
  0x000001c9548afb10 JavaThread "Thread-7"                   daemon [_thread_in_native, id=20092, stack(0x000000af11600000,0x000000af11700000) (1024K)]
  0x000001c95454b4c0 JavaThread "Thread-8"                   daemon [_thread_in_native, id=15576, stack(0x000000af11700000,0x000000af11800000) (1024K)]
  0x000001c95454c1e0 JavaThread "Thread-9"                   daemon [_thread_in_native, id=9536, stack(0x000000af11800000,0x000000af11900000) (1024K)]
  0x000001c95454e2b0 JavaThread "pool-2-thread-1"                   [_thread_blocked, id=13548, stack(0x000000af11900000,0x000000af11a00000) (1024K)]
  0x000001c95454ae30 JavaThread "WorkspaceEventsHandler"            [_thread_blocked, id=19868, stack(0x000000af11a00000,0x000000af11b00000) (1024K)]
  0x000001c95454cf00 JavaThread "pool-1-thread-1"                   [_thread_blocked, id=22116, stack(0x000000af11b00000,0x000000af11c00000) (1024K)]
  0x000001c95454bb50 JavaThread "ForkJoinPool.commonPool-worker-1" daemon [_thread_blocked, id=12388, stack(0x000000af11c00000,0x000000af11d00000) (1024K)]
  0x000001c95454efd0 JavaThread "LocalFile Deleter"          daemon [_thread_blocked, id=24056, stack(0x000000af11f00000,0x000000af12000000) (1024K)]
  0x000001c95454f660 JavaThread "LocalFile Deleter"          daemon [_thread_blocked, id=21184, stack(0x000000af12000000,0x000000af12100000) (1024K)]
  0x000001c95454e940 JavaThread "LocalFile Deleter"          daemon [_thread_blocked, id=14952, stack(0x000000af12100000,0x000000af12200000) (1024K)]
  0x000001c95454d590 JavaThread "LocalFile Deleter"          daemon [_thread_blocked, id=22952, stack(0x000000af12200000,0x000000af12300000) (1024K)]
  0x000001c95454dc20 JavaThread "LocalFile Deleter"          daemon [_thread_blocked, id=2428, stack(0x000000af12300000,0x000000af12400000) (1024K)]
  0x000001c95454c870 JavaThread "LocalFile Deleter"          daemon [_thread_blocked, id=9972, stack(0x000000af12400000,0x000000af12500000) (1024K)]
  0x000001c954550a10 JavaThread "LocalFile Deleter"          daemon [_thread_blocked, id=2116, stack(0x000000af12500000,0x000000af12600000) (1024K)]
  0x000001c954550380 JavaThread "LocalFile Deleter"          daemon [_thread_blocked, id=11184, stack(0x000000af12600000,0x000000af12700000) (1024K)]
  0x000001c954552450 JavaThread "Compiler Source File Reader" daemon [_thread_blocked, id=1732, stack(0x000000af12700000,0x000000af12800000) (1024K)]
  0x000001c9545510a0 JavaThread "Compiler Source File Reader" daemon [_thread_blocked, id=32756, stack(0x000000af12800000,0x000000af12900000) (1024K)]
  0x000001c95454fcf0 JavaThread "Compiler Source File Reader" daemon [_thread_blocked, id=13044, stack(0x000000af12900000,0x000000af12a00000) (1024K)]
  0x000001c954551730 JavaThread "Compiler Source File Reader" daemon [_thread_blocked, id=9836, stack(0x000000af12a00000,0x000000af12b00000) (1024K)]
  0x000001c9554ac350 JavaThread "Compiler Source File Reader" daemon [_thread_blocked, id=8208, stack(0x000000af12b00000,0x000000af12c00000) (1024K)]
  0x000001c9554add90 JavaThread "Compiler Source File Reader" daemon [_thread_blocked, id=2460, stack(0x000000af12c00000,0x000000af12d00000) (1024K)]
  0x000001c9554ad700 JavaThread "ForkJoinPool.commonPool-worker-2" daemon [_thread_blocked, id=22232, stack(0x000000af11e00000,0x000000af11f00000) (1024K)]
  0x000001c9554ae420 JavaThread "Compiler Processing Task"   daemon [_thread_blocked, id=31140, stack(0x000000af11d00000,0x000000af11e00000) (1024K)]
  0x000001c9554ac9e0 JavaThread "Compiler Class File Writer" daemon [_thread_blocked, id=26468, stack(0x000000af12e00000,0x000000af12f00000) (1024K)]
  0x000001c9554ad070 JavaThread "Compiler Class File Writer" daemon [_thread_blocked, id=11440, stack(0x000000af12f00000,0x000000af13000000) (1024K)]
  0x000001c9554aeab0 JavaThread "Compiler Class File Writer" daemon [_thread_blocked, id=29580, stack(0x000000af13000000,0x000000af13100000) (1024K)]
  0x000001c9554af140 JavaThread "Compiler Class File Writer" daemon [_thread_blocked, id=25656, stack(0x000000af13100000,0x000000af13200000) (1024K)]
  0x000001c9554abcc0 JavaThread "Compiler Class File Writer" daemon [_thread_blocked, id=19336, stack(0x000000af13200000,0x000000af13300000) (1024K)]
  0x000001c9554b04f0 JavaThread "Compiler Class File Writer" daemon [_thread_blocked, id=25328, stack(0x000000af13300000,0x000000af13400000) (1024K)]
  0x000001c9554b0b80 JavaThread "pool-3-thread-1"                   [_thread_blocked, id=18292, stack(0x000000af12d00000,0x000000af12e00000) (1024K)]
  0x000001c9554b18a0 JavaThread "Framework stop - Equinox Container: bec7fd77-9771-471c-8f87-df91cf6a95f3"        [_thread_in_native, id=10836, stack(0x000000af13400000,0x000000af13500000) (1024K)]
Total: 57

Other Threads:
  0x000001c9753a2d80 VMThread "VM Thread"                           [id=5440, stack(0x000000af0f300000,0x000000af0f400000) (1024K)]
  0x000001c9752bca10 WatcherThread "VM Periodic Task Thread"        [id=2812, stack(0x000000af0f200000,0x000000af0f300000) (1024K)]
  0x000001c97544bcb0 WorkerThread "GC Thread#0"                     [id=29416, stack(0x000000af0f100000,0x000000af0f200000) (1024K)]
  0x000001c97ee8c630 WorkerThread "GC Thread#1"                     [id=15028, stack(0x000000af0fe00000,0x000000af0ff00000) (1024K)]
  0x000001c97ee8c9e0 WorkerThread "GC Thread#2"                     [id=17372, stack(0x000000af0ff00000,0x000000af10000000) (1024K)]
  0x000001c97ee8cd90 WorkerThread "GC Thread#3"                     [id=32700, stack(0x000000af10000000,0x000000af10100000) (1024K)]
  0x000001c97eaa7090 WorkerThread "GC Thread#4"                     [id=15108, stack(0x000000af10100000,0x000000af10200000) (1024K)]
  0x000001c97eaa7440 WorkerThread "GC Thread#5"                     [id=22848, stack(0x000000af10200000,0x000000af10300000) (1024K)]
  0x000001c97eaa77f0 WorkerThread "GC Thread#6"                     [id=24816, stack(0x000000af10300000,0x000000af10400000) (1024K)]
  0x000001c97efca590 WorkerThread "GC Thread#7"                     [id=32056, stack(0x000000af10700000,0x000000af10800000) (1024K)]
Total: 10

Threads with active compile tasks:
C2 CompilerThread0  34713 6557       4       org.eclipse.core.internal.dtree.DataTreeWriter::writeNode (182 bytes)
Total: 1

VM state: not at safepoint (normal execution)

VM Mutex/Monitor currently owned by a thread: None

Heap address: 0x0000000080000000, size: 2048 MB, Compressed Oops mode: 32-bit

CDS archive(s) mapped at: [0x000001c90f000000-0x000001c90fba0000-0x000001c90fba0000), size 12189696, SharedBaseAddress: 0x000001c90f000000, ArchiveRelocationMode: 1.
Compressed class space mapped at: 0x000001c910000000-0x000001c950000000, reserved size: 1073741824
Narrow klass base: 0x000001c90f000000, Narrow klass shift: 0, Narrow klass range: 0x100000000

GC Precious Log:
 CardTable entry size: 512
 CPUs: 8 total, 8 available
 Memory: 7379M
 Large Page Support: Disabled
 NUMA Support: Disabled
 Compressed Oops: Enabled (32-bit)
 Alignments: Space 512K, Generation 512K, Heap 2M
 Heap Min Capacity: 100M
 Heap Initial Capacity: 100M
 Heap Max Capacity: 2G
 Pre-touch: Disabled
 Parallel Workers: 8

Heap:
 PSYoungGen      total 24576K, used 16759K [0x00000000d5580000, 0x00000000d7000000, 0x0000000100000000)
  eden space 22016K, 74% used [0x00000000d5580000,0x00000000d658df38,0x00000000d6b00000)
  from space 2560K, 12% used [0x00000000d6c80000,0x00000000d6cd0000,0x00000000d6f00000)
  to   space 1024K, 0% used [0x00000000d6f00000,0x00000000d6f00000,0x00000000d7000000)
 ParOldGen       total 68608K, used 36758K [0x0000000080000000, 0x0000000084300000, 0x00000000d5580000)
  object space 68608K, 53% used [0x0000000080000000,0x00000000823e5b80,0x0000000084300000)
 Metaspace       used 44395K, committed 45504K, reserved 1114112K
  class space    used 4454K, committed 4928K, reserved 1048576K

Card table byte_map: [0x000001c974dd0000,0x000001c9751e0000] _byte_map_base: 0x000001c9749d0000

Marking Bits: (ParMarkBitMap*) 0x00007ffb4b634460
 Begin Bits: [0x000001c9788e0000, 0x000001c97a8e0000)
 End Bits:   [0x000001c97a8e0000, 0x000001c97c8e0000)

Polling page: 0x000001c9731c0000

Metaspace:

Usage:
  Non-class:     39.01 MB used.
      Class:      4.35 MB used.
       Both:     43.36 MB used.

Virtual space:
  Non-class space:       64.00 MB reserved,      39.62 MB ( 62%) committed,  1 nodes.
      Class space:        1.00 GB reserved,       4.81 MB ( <1%) committed,  1 nodes.
             Both:        1.06 GB reserved,      44.44 MB (  4%) committed. 

Chunk freelists:
   Non-Class:  8.22 MB
       Class:  11.20 MB
        Both:  19.42 MB

MaxMetaspaceSize: unlimited
CompressedClassSpaceSize: 1.00 GB
Initial GC threshold: 21.00 MB
Current GC threshold: 58.38 MB
CDS: on
 - commit_granule_bytes: 65536.
 - commit_granule_words: 8192.
 - virtual_space_node_default_size: 8388608.
 - enlarge_chunks_in_place: 1.
 - use_allocation_guard: 0.


Internal statistics:

num_allocs_failed_limit: 6.
num_arena_births: 874.
num_arena_deaths: 36.
num_vsnodes_births: 2.
num_vsnodes_deaths: 0.
num_space_committed: 711.
num_space_uncommitted: 0.
num_chunks_returned_to_freelist: 50.
num_chunks_taken_from_freelist: 2841.
num_chunk_merges: 14.
num_chunk_splits: 1749.
num_chunks_enlarged: 1035.
num_inconsistent_stats: 0.

CodeHeap 'non-profiled nmethods': size=120000Kb used=3707Kb max_used=3707Kb free=116292Kb
 bounds [0x000001c907ad0000, 0x000001c907e70000, 0x000001c90f000000]
CodeHeap 'profiled nmethods': size=120000Kb used=13628Kb max_used=13628Kb free=106371Kb
 bounds [0x000001c900000000, 0x000001c900d50000, 0x000001c907530000]
CodeHeap 'non-nmethods': size=5760Kb used=1411Kb max_used=1462Kb free=4348Kb
 bounds [0x000001c907530000, 0x000001c9077a0000, 0x000001c907ad0000]
CodeCache: size=245760Kb, used=18746Kb, max_used=18797Kb, free=227011Kb
 total_blobs=6952, nmethods=6229, adapters=629, full_count=0
Compilation: enabled, stopped_count=0, restarted_count=0

Compilation events (20 events):
Event: 32.644 Thread 0x000001c97e678070 6601       2       java.io.PrintWriter::print (9 bytes)
Event: 32.644 Thread 0x000001c97e678070 nmethod 6601 0x000001c900d43c90 code [0x000001c900d43e40, 0x000001c900d43fb8]
Event: 32.646 Thread 0x000001c97e678070 6602       2       java.util.regex.Matcher::start (18 bytes)
Event: 32.646 Thread 0x000001c97e678070 nmethod 6602 0x000001c900d44110 code [0x000001c900d442e0, 0x000001c900d44538]
Event: 32.646 Thread 0x000001c97e678070 6603       2       org.eclipse.osgi.internal.container.ComputeNodeOrder$Digraph::addEdge (67 bytes)
Event: 32.647 Thread 0x000001c97e678070 nmethod 6603 0x000001c900d44690 code [0x000001c900d44880, 0x000001c900d44ba8]
Event: 32.651 Thread 0x000001c97e678070 6604       2       org.apache.felix.scr.impl.logger.LogManager$LoggerFacade::getLogger (34 bytes)
Event: 32.651 Thread 0x000001c97e678070 nmethod 6604 0x000001c900d44d90 code [0x000001c900d44f40, 0x000001c900d450a8]
Event: 32.651 Thread 0x000001c97e678070 6605       2       org.eclipse.core.runtime.ServiceCaller$ReferenceAndService::bundleChanged (32 bytes)
Event: 32.651 Thread 0x000001c97e678070 nmethod 6605 0x000001c900d45210 code [0x000001c900d45400, 0x000001c900d45808]
Event: 32.654 Thread 0x000001c97e678070 6606       1       sun.nio.fs.WindowsException::lastError (5 bytes)
Event: 32.654 Thread 0x000001c97e678070 nmethod 6606 0x000001c907e6cc90 code [0x000001c907e6ce20, 0x000001c907e6cee8]
Event: 32.655 Thread 0x000001c97e678070 6607       2       com.sun.org.apache.xerces.internal.util.XMLAttributesImpl$Attribute::<init> (27 bytes)
Event: 32.655 Thread 0x000001c97e678070 nmethod 6607 0x000001c900d45b90 code [0x000001c900d45d40, 0x000001c900d46078]
Event: 32.656 Thread 0x000001c97e678070 6608   !   2       jdk.xml.internal.SecuritySupport::readConfig (150 bytes)
Event: 32.657 Thread 0x000001c97e678070 nmethod 6608 0x000001c900d46210 code [0x000001c900d46540, 0x000001c900d470b8]
Event: 32.657 Thread 0x000001c97e678070 6609       2       com.sun.org.apache.xml.internal.serializer.WriterToUTF8Buffered::write (296 bytes)
Event: 32.657 Thread 0x000001c97e678070 nmethod 6609 0x000001c900d47b10 code [0x000001c900d47d00, 0x000001c900d48148]
Event: 32.657 Thread 0x000001c97e678070 6610       1       org.eclipse.core.internal.registry.ReferenceMap$SoftRef::getNext (5 bytes)
Event: 32.658 Thread 0x000001c97e678070 nmethod 6610 0x000001c907e6cf90 code [0x000001c907e6d120, 0x000001c907e6d1e8]

GC Heap History (20 events):
Event: 13.423 GC heap before
{Heap before GC invocations=16 (full 1):
 PSYoungGen      total 24576K, used 24128K [0x00000000d5580000, 0x00000000d7080000, 0x0000000100000000)
  eden space 22016K, 100% used [0x00000000d5580000,0x00000000d6b00000,0x00000000d6b00000)
  from space 2560K, 82% used [0x00000000d6e00000,0x00000000d7010000,0x00000000d7080000)
  to   space 2560K, 0% used [0x00000000d6b00000,0x00000000d6b00000,0x00000000d6d80000)
 ParOldGen       total 68608K, used 24144K [0x0000000080000000, 0x0000000084300000, 0x00000000d5580000)
  object space 68608K, 35% used [0x0000000080000000,0x0000000081794000,0x0000000084300000)
 Metaspace       used 32582K, committed 33664K, reserved 1114112K
  class space    used 3323K, committed 3776K, reserved 1048576K
}
Event: 13.428 GC heap after
{Heap after GC invocations=16 (full 1):
 PSYoungGen      total 24576K, used 2212K [0x00000000d5580000, 0x00000000d7000000, 0x0000000100000000)
  eden space 22016K, 0% used [0x00000000d5580000,0x00000000d5580000,0x00000000d6b00000)
  from space 2560K, 86% used [0x00000000d6b00000,0x00000000d6d29000,0x00000000d6d80000)
  to   space 2560K, 0% used [0x00000000d6d80000,0x00000000d6d80000,0x00000000d7000000)
 ParOldGen       total 68608K, used 26102K [0x0000000080000000, 0x0000000084300000, 0x00000000d5580000)
  object space 68608K, 38% used [0x0000000080000000,0x000000008197d9c8,0x0000000084300000)
 Metaspace       used 32582K, committed 33664K, reserved 1114112K
  class space    used 3323K, committed 3776K, reserved 1048576K
}
Event: 13.601 GC heap before
{Heap before GC invocations=17 (full 1):
 PSYoungGen      total 24576K, used 24228K [0x00000000d5580000, 0x00000000d7000000, 0x0000000100000000)
  eden space 22016K, 100% used [0x00000000d5580000,0x00000000d6b00000,0x00000000d6b00000)
  from space 2560K, 86% used [0x00000000d6b00000,0x00000000d6d29000,0x00000000d6d80000)
  to   space 2560K, 0% used [0x00000000d6d80000,0x00000000d6d80000,0x00000000d7000000)
 ParOldGen       total 68608K, used 26102K [0x0000000080000000, 0x0000000084300000, 0x00000000d5580000)
  object space 68608K, 38% used [0x0000000080000000,0x000000008197d9c8,0x0000000084300000)
 Metaspace       used 32663K, committed 33664K, reserved 1114112K
  class space    used 3326K, committed 3776K, reserved 1048576K
}
Event: 13.606 GC heap after
{Heap after GC invocations=17 (full 1):
 PSYoungGen      total 24576K, used 2272K [0x00000000d5580000, 0x00000000d7000000, 0x0000000100000000)
  eden space 22016K, 0% used [0x00000000d5580000,0x00000000d5580000,0x00000000d6b00000)
  from space 2560K, 88% used [0x00000000d6d80000,0x00000000d6fb8010,0x00000000d7000000)
  to   space 2560K, 0% used [0x00000000d6b00000,0x00000000d6b00000,0x00000000d6d80000)
 ParOldGen       total 68608K, used 28148K [0x0000000080000000, 0x0000000084300000, 0x00000000d5580000)
  object space 68608K, 41% used [0x0000000080000000,0x0000000081b7d1e0,0x0000000084300000)
 Metaspace       used 32663K, committed 33664K, reserved 1114112K
  class space    used 3326K, committed 3776K, reserved 1048576K
}
Event: 13.702 GC heap before
{Heap before GC invocations=18 (full 1):
 PSYoungGen      total 24576K, used 24288K [0x00000000d5580000, 0x00000000d7000000, 0x0000000100000000)
  eden space 22016K, 100% used [0x00000000d5580000,0x00000000d6b00000,0x00000000d6b00000)
  from space 2560K, 88% used [0x00000000d6d80000,0x00000000d6fb8010,0x00000000d7000000)
  to   space 2560K, 0% used [0x00000000d6b00000,0x00000000d6b00000,0x00000000d6d80000)
 ParOldGen       total 68608K, used 28148K [0x0000000080000000, 0x0000000084300000, 0x00000000d5580000)
  object space 68608K, 41% used [0x0000000080000000,0x0000000081b7d1e0,0x0000000084300000)
 Metaspace       used 32745K, committed 33728K, reserved 1114112K
  class space    used 3327K, committed 3776K, reserved 1048576K
}
Event: 13.706 GC heap after
{Heap after GC invocations=18 (full 1):
 PSYoungGen      total 24576K, used 1976K [0x00000000d5580000, 0x00000000d7000000, 0x0000000100000000)
  eden space 22016K, 0% used [0x00000000d5580000,0x00000000d5580000,0x00000000d6b00000)
  from space 2560K, 77% used [0x00000000d6b00000,0x00000000d6cee200,0x00000000d6d80000)
  to   space 2560K, 0% used [0x00000000d6d80000,0x00000000d6d80000,0x00000000d7000000)
 ParOldGen       total 68608K, used 30284K [0x0000000080000000, 0x0000000084300000, 0x00000000d5580000)
  object space 68608K, 44% used [0x0000000080000000,0x0000000081d931f0,0x0000000084300000)
 Metaspace       used 32745K, committed 33728K, reserved 1114112K
  class space    used 3327K, committed 3776K, reserved 1048576K
}
Event: 14.603 GC heap before
{Heap before GC invocations=19 (full 1):
 PSYoungGen      total 24576K, used 21451K [0x00000000d5580000, 0x00000000d7000000, 0x0000000100000000)
  eden space 22016K, 88% used [0x00000000d5580000,0x00000000d6884c58,0x00000000d6b00000)
  from space 2560K, 77% used [0x00000000d6b00000,0x00000000d6cee200,0x00000000d6d80000)
  to   space 2560K, 0% used [0x00000000d6d80000,0x00000000d6d80000,0x00000000d7000000)
 ParOldGen       total 68608K, used 30284K [0x0000000080000000, 0x0000000084300000, 0x00000000d5580000)
  object space 68608K, 44% used [0x0000000080000000,0x0000000081d931f0,0x0000000084300000)
 Metaspace       used 34855K, committed 35840K, reserved 1114112K
  class space    used 3537K, committed 3968K, reserved 1048576K
}
Event: 14.606 GC heap after
{Heap after GC invocations=19 (full 1):
 PSYoungGen      total 24576K, used 2225K [0x00000000d5580000, 0x00000000d7000000, 0x0000000100000000)
  eden space 22016K, 0% used [0x00000000d5580000,0x00000000d5580000,0x00000000d6b00000)
  from space 2560K, 86% used [0x00000000d6d80000,0x00000000d6fac638,0x00000000d7000000)
  to   space 2560K, 0% used [0x00000000d6b00000,0x00000000d6b00000,0x00000000d6d80000)
 ParOldGen       total 68608K, used 32092K [0x0000000080000000, 0x0000000084300000, 0x00000000d5580000)
  object space 68608K, 46% used [0x0000000080000000,0x0000000081f573f0,0x0000000084300000)
 Metaspace       used 34855K, committed 35840K, reserved 1114112K
  class space    used 3537K, committed 3968K, reserved 1048576K
}
Event: 14.606 GC heap before
{Heap before GC invocations=20 (full 2):
 PSYoungGen      total 24576K, used 2225K [0x00000000d5580000, 0x00000000d7000000, 0x0000000100000000)
  eden space 22016K, 0% used [0x00000000d5580000,0x00000000d5580000,0x00000000d6b00000)
  from space 2560K, 86% used [0x00000000d6d80000,0x00000000d6fac638,0x00000000d7000000)
  to   space 2560K, 0% used [0x00000000d6b00000,0x00000000d6b00000,0x00000000d6d80000)
 ParOldGen       total 68608K, used 32092K [0x0000000080000000, 0x0000000084300000, 0x00000000d5580000)
  object space 68608K, 46% used [0x0000000080000000,0x0000000081f573f0,0x0000000084300000)
 Metaspace       used 34855K, committed 35840K, reserved 1114112K
  class space    used 3537K, committed 3968K, reserved 1048576K
}
Event: 14.671 GC heap after
{Heap after GC invocations=20 (full 2):
 PSYoungGen      total 24576K, used 0K [0x00000000d5580000, 0x00000000d7000000, 0x0000000100000000)
  eden space 22016K, 0% used [0x00000000d5580000,0x00000000d5580000,0x00000000d6b00000)
  from space 2560K, 0% used [0x00000000d6d80000,0x00000000d6d80000,0x00000000d7000000)
  to   space 2560K, 0% used [0x00000000d6b00000,0x00000000d6b00000,0x00000000d6d80000)
 ParOldGen       total 68608K, used 31914K [0x0000000080000000, 0x0000000084300000, 0x00000000d5580000)
  object space 68608K, 46% used [0x0000000080000000,0x0000000081f2aaa8,0x0000000084300000)
 Metaspace       used 34835K, committed 35840K, reserved 1114112K
  class space    used 3531K, committed 3968K, reserved 1048576K
}
Event: 15.724 GC heap before
{Heap before GC invocations=21 (full 2):
 PSYoungGen      total 24576K, used 22016K [0x00000000d5580000, 0x00000000d7000000, 0x0000000100000000)
  eden space 22016K, 100% used [0x00000000d5580000,0x00000000d6b00000,0x00000000d6b00000)
  from space 2560K, 0% used [0x00000000d6d80000,0x00000000d6d80000,0x00000000d7000000)
  to   space 2560K, 0% used [0x00000000d6b00000,0x00000000d6b00000,0x00000000d6d80000)
 ParOldGen       total 68608K, used 31914K [0x0000000080000000, 0x0000000084300000, 0x00000000d5580000)
  object space 68608K, 46% used [0x0000000080000000,0x0000000081f2aaa8,0x0000000084300000)
 Metaspace       used 36627K, committed 37632K, reserved 1114112K
  class space    used 3736K, committed 4160K, reserved 1048576K
}
Event: 15.726 GC heap after
{Heap after GC invocations=21 (full 2):
 PSYoungGen      total 23040K, used 950K [0x00000000d5580000, 0x00000000d6e00000, 0x0000000100000000)
  eden space 22016K, 0% used [0x00000000d5580000,0x00000000d5580000,0x00000000d6b00000)
  from space 1024K, 92% used [0x00000000d6b00000,0x00000000d6bed9e8,0x00000000d6c00000)
  to   space 1536K, 0% used [0x00000000d6c80000,0x00000000d6c80000,0x00000000d6e00000)
 ParOldGen       total 68608K, used 31922K [0x0000000080000000, 0x0000000084300000, 0x00000000d5580000)
  object space 68608K, 46% used [0x0000000080000000,0x0000000081f2caa8,0x0000000084300000)
 Metaspace       used 36627K, committed 37632K, reserved 1114112K
  class space    used 3736K, committed 4160K, reserved 1048576K
}
Event: 16.578 GC heap before
{Heap before GC invocations=22 (full 2):
 PSYoungGen      total 23040K, used 22966K [0x00000000d5580000, 0x00000000d6e00000, 0x0000000100000000)
  eden space 22016K, 100% used [0x00000000d5580000,0x00000000d6b00000,0x00000000d6b00000)
  from space 1024K, 92% used [0x00000000d6b00000,0x00000000d6bed9e8,0x00000000d6c00000)
  to   space 1536K, 0% used [0x00000000d6c80000,0x00000000d6c80000,0x00000000d6e00000)
 ParOldGen       total 68608K, used 31922K [0x0000000080000000, 0x0000000084300000, 0x00000000d5580000)
  object space 68608K, 46% used [0x0000000080000000,0x0000000081f2caa8,0x0000000084300000)
 Metaspace       used 38429K, committed 39424K, reserved 1114112K
  class space    used 3912K, committed 4352K, reserved 1048576K
}
Event: 16.588 GC heap after
{Heap after GC invocations=22 (full 2):
 PSYoungGen      total 23552K, used 1184K [0x00000000d5580000, 0x00000000d6e00000, 0x0000000100000000)
  eden space 22016K, 0% used [0x00000000d5580000,0x00000000d5580000,0x00000000d6b00000)
  from space 1536K, 77% used [0x00000000d6c80000,0x00000000d6da8020,0x00000000d6e00000)
  to   space 1536K, 0% used [0x00000000d6b00000,0x00000000d6b00000,0x00000000d6c80000)
 ParOldGen       total 68608K, used 32606K [0x0000000080000000, 0x0000000084300000, 0x00000000d5580000)
  object space 68608K, 47% used [0x0000000080000000,0x0000000081fd7ac0,0x0000000084300000)
 Metaspace       used 38429K, committed 39424K, reserved 1114112K
  class space    used 3912K, committed 4352K, reserved 1048576K
}
Event: 17.919 GC heap before
{Heap before GC invocations=23 (full 2):
 PSYoungGen      total 23552K, used 23200K [0x00000000d5580000, 0x00000000d6e00000, 0x0000000100000000)
  eden space 22016K, 100% used [0x00000000d5580000,0x00000000d6b00000,0x00000000d6b00000)
  from space 1536K, 77% used [0x00000000d6c80000,0x00000000d6da8020,0x00000000d6e00000)
  to   space 1536K, 0% used [0x00000000d6b00000,0x00000000d6b00000,0x00000000d6c80000)
 ParOldGen       total 68608K, used 32606K [0x0000000080000000, 0x0000000084300000, 0x00000000d5580000)
  object space 68608K, 47% used [0x0000000080000000,0x0000000081fd7ac0,0x0000000084300000)
 Metaspace       used 40988K, committed 42048K, reserved 1114112K
  class space    used 4140K, committed 4608K, reserved 1048576K
}
Event: 17.925 GC heap after
{Heap after GC invocations=23 (full 2):
 PSYoungGen      total 23552K, used 1525K [0x00000000d5580000, 0x00000000d7400000, 0x0000000100000000)
  eden space 22016K, 0% used [0x00000000d5580000,0x00000000d5580000,0x00000000d6b00000)
  from space 1536K, 99% used [0x00000000d6b00000,0x00000000d6c7d408,0x00000000d6c80000)
  to   space 4608K, 0% used [0x00000000d6f80000,0x00000000d6f80000,0x00000000d7400000)
 ParOldGen       total 68608K, used 34989K [0x0000000080000000, 0x0000000084300000, 0x00000000d5580000)
  object space 68608K, 50% used [0x0000000080000000,0x000000008222b638,0x0000000084300000)
 Metaspace       used 40988K, committed 42048K, reserved 1114112K
  class space    used 4140K, committed 4608K, reserved 1048576K
}
Event: 18.071 GC heap before
{Heap before GC invocations=24 (full 2):
 PSYoungGen      total 23552K, used 23541K [0x00000000d5580000, 0x00000000d7400000, 0x0000000100000000)
  eden space 22016K, 100% used [0x00000000d5580000,0x00000000d6b00000,0x00000000d6b00000)
  from space 1536K, 99% used [0x00000000d6b00000,0x00000000d6c7d408,0x00000000d6c80000)
  to   space 4608K, 0% used [0x00000000d6f80000,0x00000000d6f80000,0x00000000d7400000)
 ParOldGen       total 68608K, used 34989K [0x0000000080000000, 0x0000000084300000, 0x00000000d5580000)
  object space 68608K, 50% used [0x0000000080000000,0x000000008222b638,0x0000000084300000)
 Metaspace       used 41331K, committed 42368K, reserved 1114112K
  class space    used 4160K, committed 4608K, reserved 1048576K
}
Event: 18.074 GC heap after
{Heap after GC invocations=24 (full 2):
 PSYoungGen      total 24064K, used 1752K [0x00000000d5580000, 0x00000000d7180000, 0x0000000100000000)
  eden space 22016K, 0% used [0x00000000d5580000,0x00000000d5580000,0x00000000d6b00000)
  from space 2048K, 85% used [0x00000000d6f80000,0x00000000d7136328,0x00000000d7180000)
  to   space 2560K, 0% used [0x00000000d6c80000,0x00000000d6c80000,0x00000000d6f00000)
 ParOldGen       total 68608K, used 36494K [0x0000000080000000, 0x0000000084300000, 0x00000000d5580000)
  object space 68608K, 53% used [0x0000000080000000,0x00000000823a3b80,0x0000000084300000)
 Metaspace       used 41331K, committed 42368K, reserved 1114112K
  class space    used 4160K, committed 4608K, reserved 1048576K
}
Event: 18.338 GC heap before
{Heap before GC invocations=25 (full 2):
 PSYoungGen      total 24064K, used 23768K [0x00000000d5580000, 0x00000000d7180000, 0x0000000100000000)
  eden space 22016K, 100% used [0x00000000d5580000,0x00000000d6b00000,0x00000000d6b00000)
  from space 2048K, 85% used [0x00000000d6f80000,0x00000000d7136328,0x00000000d7180000)
  to   space 2560K, 0% used [0x00000000d6c80000,0x00000000d6c80000,0x00000000d6f00000)
 ParOldGen       total 68608K, used 36494K [0x0000000080000000, 0x0000000084300000, 0x00000000d5580000)
  object space 68608K, 53% used [0x0000000080000000,0x00000000823a3b80,0x0000000084300000)
 Metaspace       used 42535K, committed 43520K, reserved 1114112K
  class space    used 4279K, committed 4672K, reserved 1048576K
}
Event: 18.342 GC heap after
{Heap after GC invocations=25 (full 2):
 PSYoungGen      total 24576K, used 320K [0x00000000d5580000, 0x00000000d7000000, 0x0000000100000000)
  eden space 22016K, 0% used [0x00000000d5580000,0x00000000d5580000,0x00000000d6b00000)
  from space 2560K, 12% used [0x00000000d6c80000,0x00000000d6cd0000,0x00000000d6f00000)
  to   space 1024K, 0% used [0x00000000d6f00000,0x00000000d6f00000,0x00000000d7000000)
 ParOldGen       total 68608K, used 36758K [0x0000000080000000, 0x0000000084300000, 0x00000000d5580000)
  object space 68608K, 53% used [0x0000000080000000,0x00000000823e5b80,0x0000000084300000)
 Metaspace       used 42535K, committed 43520K, reserved 1114112K
  class space    used 4279K, committed 4672K, reserved 1048576K
}

Dll operation events (10 events):
Event: 0.020 Loaded shared library c:\Users\gueva\.vscode\extensions\redhat.java-1.55.0-win32-x64\jre\21.0.11-win32-x86_64\bin\java.dll
Event: 0.325 Loaded shared library c:\Users\gueva\.vscode\extensions\redhat.java-1.55.0-win32-x64\jre\21.0.11-win32-x86_64\bin\zip.dll
Event: 0.394 Loaded shared library C:\Users\gueva\.vscode\extensions\redhat.java-1.55.0-win32-x64\jre\21.0.11-win32-x86_64\bin\instrument.dll
Event: 0.414 Loaded shared library C:\Users\gueva\.vscode\extensions\redhat.java-1.55.0-win32-x64\jre\21.0.11-win32-x86_64\bin\net.dll
Event: 0.422 Loaded shared library C:\Users\gueva\.vscode\extensions\redhat.java-1.55.0-win32-x64\jre\21.0.11-win32-x86_64\bin\nio.dll
Event: 0.432 Loaded shared library C:\Users\gueva\.vscode\extensions\redhat.java-1.55.0-win32-x64\jre\21.0.11-win32-x86_64\bin\zip.dll
Event: 0.474 Loaded shared library C:\Users\gueva\.vscode\extensions\redhat.java-1.55.0-win32-x64\jre\21.0.11-win32-x86_64\bin\jimage.dll
Event: 0.717 Loaded shared library c:\Users\gueva\.vscode\extensions\redhat.java-1.55.0-win32-x64\jre\21.0.11-win32-x86_64\bin\verify.dll
Event: 4.225 Loaded shared library C:\Users\gueva\AppData\Roaming\Code\User\globalStorage\redhat.java\1.55.0\config_ss_win\org.eclipse.equinox.launcher\org.eclipse.equinox.launcher.win32.win32.x86_64_1.3.100.v20260613-0559\eclipse_11924.dll
Event: 6.443 Loaded shared library C:\Users\gueva\AppData\Local\Temp\jna-98709026\jna6930630362864647113.dll

Deoptimization events (20 events):
Event: 32.106 Thread 0x000001c9554b25c0 Uncommon trap: trap_request=0xffffff45 fr.pc=0x000001c907c212f8 relative=0x00000000000005f8
Event: 32.106 Thread 0x000001c9554b25c0 Uncommon trap: reason=unstable_if action=reinterpret pc=0x000001c907c212f8 method=java.util.HashMap.putVal(ILjava/lang/Object;Ljava/lang/Object;ZZ)Ljava/lang/Object; @ 236 c2
Event: 32.106 Thread 0x000001c9554b25c0 DEOPT PACKING pc=0x000001c907c212f8 sp=0x000000af134fe1a0
Event: 32.106 Thread 0x000001c9554b25c0 DEOPT UNPACKING pc=0x000001c907583aa2 sp=0x000000af134fe118 mode 2
Event: 32.425 Thread 0x000001c95433b790 Uncommon trap: trap_request=0xffffff45 fr.pc=0x000001c907cac7c0 relative=0x00000000000001a0
Event: 32.425 Thread 0x000001c95433b790 Uncommon trap: reason=unstable_if action=reinterpret pc=0x000001c907cac7c0 method=jdk.internal.org.objectweb.asm.Frame.push(I)V @ 26 c2
Event: 32.425 Thread 0x000001c95433b790 DEOPT PACKING pc=0x000001c907cac7c0 sp=0x000000af10bfd5d0
Event: 32.425 Thread 0x000001c95433b790 DEOPT UNPACKING pc=0x000001c907583aa2 sp=0x000000af10bfd558 mode 2
Event: 32.426 Thread 0x000001c95433b790 Uncommon trap: trap_request=0xffffff45 fr.pc=0x000001c907cf01a8 relative=0x0000000000005988
Event: 32.426 Thread 0x000001c95433b790 Uncommon trap: reason=unstable_if action=reinterpret pc=0x000001c907cf01a8 method=java.lang.invoke.MethodType.genericMethodType(IZ)Ljava/lang/invoke/MethodType; @ 27 c2
Event: 32.426 Thread 0x000001c95433b790 DEOPT PACKING pc=0x000001c907cf01a8 sp=0x000000af10bfdba0
Event: 32.426 Thread 0x000001c95433b790 DEOPT UNPACKING pc=0x000001c907583aa2 sp=0x000000af10bfd9d0 mode 2
Event: 32.631 Thread 0x000001c95454cf00 Uncommon trap: trap_request=0x0000002e fr.pc=0x000001c907dc2d08 relative=0x0000000000000428
Event: 32.631 Thread 0x000001c95454cf00 Uncommon trap: reason=unloaded action=reinterpret pc=0x000001c907dc2d08 method=org.eclipse.jdt.ls.core.internal.ConnectionStreamFactory$NamedPipeInputStream.read()I @ 119 c2
Event: 32.631 Thread 0x000001c95454cf00 DEOPT PACKING pc=0x000001c907dc2d08 sp=0x000000af11bff160
Event: 32.631 Thread 0x000001c95454cf00 DEOPT UNPACKING pc=0x000001c907583aa2 sp=0x000000af11bff100 mode 2
Event: 32.655 Thread 0x000001c9554b18a0 Uncommon trap: trap_request=0xffffffde fr.pc=0x000001c907cc58cc relative=0x000000000000062c
Event: 32.655 Thread 0x000001c9554b18a0 Uncommon trap: reason=class_check action=maybe_recompile pc=0x000001c907cc58cc method=java.util.Spliterators$1Adapter.hasNext()Z @ 12 c2
Event: 32.655 Thread 0x000001c9554b18a0 DEOPT PACKING pc=0x000001c907cc58cc sp=0x000000af134fe2f0
Event: 32.655 Thread 0x000001c9554b18a0 DEOPT UNPACKING pc=0x000001c907583aa2 sp=0x000000af134fe2a8 mode 2

Classes loaded (20 events):
Event: 32.639 Loading class java/util/logging/LogRecord$CallerFinder
Event: 32.640 Loading class java/util/logging/LogRecord$CallerFinder done
Event: 32.643 Loading class java/lang/Throwable$WrappedPrintWriter
Event: 32.643 Loading class java/lang/Throwable$PrintStreamOrWriter
Event: 32.643 Loading class java/lang/Throwable$PrintStreamOrWriter done
Event: 32.643 Loading class java/lang/Throwable$WrappedPrintWriter done
Event: 32.644 Loading class java/util/logging/Level$RbAccess
Event: 32.644 Loading class java/util/logging/Level$RbAccess done
Event: 32.644 Loading class sun/util/logging/resources/logging
Event: 32.644 Loading class sun/util/logging/resources/logging done
Event: 32.645 Loading class sun/util/logging/resources/logging_es
Event: 32.645 Loading class sun/util/logging/resources/logging_es done
Event: 32.645 Loading class sun/util/logging/resources/logging_es_MX
Event: 32.645 Loading class sun/util/logging/resources/logging_es_MX done
Event: 32.645 Loading class sun/util/logging/resources/logging_es_MX
Event: 32.645 Loading class sun/util/logging/resources/logging_es_MX done
Event: 32.645 Loading class java/util/Formatter$DateTime
Event: 32.646 Loading class java/util/Formatter$DateTime done
Event: 32.646 Loading class java/time/ZonedDateTime$1
Event: 32.646 Loading class java/time/ZonedDateTime$1 done

Classes unloaded (18 events):
Event: 7.354 Thread 0x000001c9753a2d80 Unloading class 0x000001c910191400 'java/lang/invoke/LambdaForm$MH+0x000001c910191400'
Event: 7.354 Thread 0x000001c9753a2d80 Unloading class 0x000001c910191000 'java/lang/invoke/LambdaForm$MH+0x000001c910191000'
Event: 7.354 Thread 0x000001c9753a2d80 Unloading class 0x000001c910190c00 'java/lang/invoke/LambdaForm$MH+0x000001c910190c00'
Event: 7.354 Thread 0x000001c9753a2d80 Unloading class 0x000001c910190800 'java/lang/invoke/LambdaForm$MH+0x000001c910190800'
Event: 7.354 Thread 0x000001c9753a2d80 Unloading class 0x000001c910190400 'java/lang/invoke/LambdaForm$BMH+0x000001c910190400'
Event: 7.354 Thread 0x000001c9753a2d80 Unloading class 0x000001c910190000 'java/lang/invoke/LambdaForm$DMH+0x000001c910190000'
Event: 7.354 Thread 0x000001c9753a2d80 Unloading class 0x000001c91018ec00 'java/lang/invoke/LambdaForm$DMH+0x000001c91018ec00'
Event: 14.616 Thread 0x000001c9753a2d80 Unloading class 0x000001c9103a0c00 'java/lang/invoke/LambdaForm$MH+0x000001c9103a0c00'
Event: 14.616 Thread 0x000001c9753a2d80 Unloading class 0x000001c9103a0800 'java/lang/invoke/LambdaForm$DMH+0x000001c9103a0800'
Event: 14.616 Thread 0x000001c9753a2d80 Unloading class 0x000001c91039c000 'java/lang/invoke/LambdaForm$MH+0x000001c91039c000'
Event: 14.616 Thread 0x000001c9753a2d80 Unloading class 0x000001c91039bc00 'java/lang/invoke/LambdaForm$MH+0x000001c91039bc00'
Event: 14.616 Thread 0x000001c9753a2d80 Unloading class 0x000001c91039b000 'java/lang/invoke/LambdaForm$MH+0x000001c91039b000'
Event: 14.616 Thread 0x000001c9753a2d80 Unloading class 0x000001c91039ac00 'java/lang/invoke/LambdaForm$MH+0x000001c91039ac00'
Event: 14.616 Thread 0x000001c9753a2d80 Unloading class 0x000001c91039a000 'java/lang/invoke/LambdaForm$MH+0x000001c91039a000'
Event: 14.616 Thread 0x000001c9753a2d80 Unloading class 0x000001c910399c00 'java/lang/invoke/LambdaForm$MH+0x000001c910399c00'
Event: 14.616 Thread 0x000001c9753a2d80 Unloading class 0x000001c910399400 'java/lang/invoke/LambdaForm$MH+0x000001c910399400'
Event: 14.616 Thread 0x000001c9753a2d80 Unloading class 0x000001c910398c00 'java/lang/invoke/LambdaForm$MH+0x000001c910398c00'
Event: 14.616 Thread 0x000001c9753a2d80 Unloading class 0x000001c910398400 'java/lang/invoke/LambdaForm$DMH+0x000001c910398400'

Classes redefined (0 events):
No events

Internal exceptions (20 events):
Event: 17.201 Thread 0x000001c9548af480 Exception <a 'java/lang/NoSuchMethodError'{0x00000000d5d086e0}: 'java.lang.Object java.lang.invoke.DirectMethodHandle$Holder.invokeSpecial(java.lang.Object, java.lang.Object, int, long)'> (0x00000000d5d086e0) 
thrown [s\src\hotspot\share\interpreter\linkResolver.cpp, line 773]
Event: 17.552 Thread 0x000001c9554ad700 Exception <a 'java/lang/NoSuchMethodError'{0x00000000d610c960}: 'int java.lang.invoke.Invokers$Holder.invokeExact_MT(java.lang.Object, java.lang.Object)'> (0x00000000d610c960) 
thrown [s\src\hotspot\share\interpreter\linkResolver.cpp, line 773]
Event: 17.710 Thread 0x000001c9548b01a0 Exception <a 'java/lang/NoSuchMethodError'{0x00000000d635fef0}: 'java.lang.Object java.lang.invoke.DirectMethodHandle$Holder.newInvokeSpecial(java.lang.Object, java.lang.Object, int, int, java.lang.Object)'> (0x00000000d635fef0) 
thrown [s\src\hotspot\share\interpreter\linkResolver.cpp, line 773]
Event: 17.735 Thread 0x000001c9554ad700 Exception <a 'java/lang/NoSuchMethodError'{0x00000000d63b3828}: 'int java.lang.invoke.DirectMethodHandle$Holder.invokeInterface(java.lang.Object, java.lang.Object)'> (0x00000000d63b3828) 
thrown [s\src\hotspot\share\interpreter\linkResolver.cpp, line 773]
Event: 17.736 Thread 0x000001c9554ad700 Exception <a 'java/lang/IncompatibleClassChangeError'{0x00000000d63b6ae8}: Found class java.lang.Object, but interface was expected> (0x00000000d63b6ae8) 
thrown [s\src\hotspot\share\interpreter\linkResolver.cpp, line 840]
Event: 18.546 Thread 0x000001c9554ae420 Exception <a 'java/lang/NoSuchMethodError'{0x00000000d5810818}: 'void java.lang.invoke.DirectMethodHandle$Holder.invokeVirtual(java.lang.Object, java.lang.Object, java.lang.Object, java.lang.Object, java.lang.Object)'> (0x00000000d5810818) 
thrown [s\src\hotspot\share\interpreter\linkResolver.cpp, line 773]
Event: 18.951 Thread 0x000001c9554ae420 Exception <a 'java/lang/NoSuchMethodError'{0x00000000d5c37aa0}: 'java.lang.Object java.lang.invoke.DirectMethodHandle$Holder.invokeStatic(java.lang.Object, java.lang.Object, int, java.lang.Object)'> (0x00000000d5c37aa0) 
thrown [s\src\hotspot\share\interpreter\linkResolver.cpp, line 773]
Event: 18.952 Thread 0x000001c9554ae420 Exception <a 'java/lang/NoSuchMethodError'{0x00000000d5c3e650}: 'java.lang.Object java.lang.invoke.DirectMethodHandle$Holder.newInvokeSpecial(java.lang.Object, java.lang.Object, int)'> (0x00000000d5c3e650) 
thrown [s\src\hotspot\share\interpreter\linkResolver.cpp, line 773]
Event: 19.152 Thread 0x000001c9554ae420 Exception <a 'java/lang/NoSuchMethodError'{0x00000000d5e925a8}: 'java.lang.Object java.lang.invoke.DirectMethodHandle$Holder.invokeStatic(java.lang.Object, java.lang.Object, int, java.lang.Object, java.lang.Object)'> (0x00000000d5e925a8) 
thrown [s\src\hotspot\share\interpreter\linkResolver.cpp, line 773]
Event: 19.387 Thread 0x000001c9548b01a0 Exception <a 'sun/nio/fs/WindowsException'{0x00000000d5fe5748}> (0x00000000d5fe5748) 
thrown [s\src\hotspot\share\prims\jni.cpp, line 520]
Event: 19.387 Thread 0x000001c9548b01a0 Exception <a 'sun/nio/fs/WindowsException'{0x00000000d5fe5d78}> (0x00000000d5fe5d78) 
thrown [s\src\hotspot\share\prims\jni.cpp, line 520]
Event: 32.053 Thread 0x000001c95454cf00 Exception <a 'java/lang/NoSuchMethodError'{0x00000000d5a307f0}: 'void java.lang.invoke.DirectMethodHandle$Holder.invokeInterface(java.lang.Object, java.lang.Object)'> (0x00000000d5a307f0) 
thrown [s\src\hotspot\share\interpreter\linkResolver.cpp, line 773]
Event: 32.427 Thread 0x000001c95433b790 Exception <a 'java/lang/NoSuchMethodError'{0x00000000d634c568}: 'java.lang.Object java.lang.invoke.DirectMethodHandle$Holder.newInvokeSpecial(java.lang.Object, java.lang.Object, java.lang.Object, java.lang.Object, java.lang.Object, java.lang.Object, java.lang.Object, java.lang.Object, java.lang.Object, java.lang.Object)'> (0x00000000d634c568) 
thrown [s\src\hotspot\share\interpreter\linkResolver.cpp, line 773]
Event: 32.601 Thread 0x000001c95433b790 Exception <a 'sun/nio/fs/WindowsException'{0x00000000d63bf3e8}> (0x00000000d63bf3e8) 
thrown [s\src\hotspot\share\prims\jni.cpp, line 520]
Event: 32.631 Thread 0x000001c95454cf00 Exception <a 'java/io/IOException'{0x00000000d6067de8}> (0x00000000d6067de8) 
thrown [s\src\hotspot\share\prims\jni.cpp, line 520]
Event: 32.644 Thread 0x000001c95454cf00 Exception <a 'java/lang/ClassNotFoundException'{0x00000000d64562c0}: sun/util/logging/resources/spi/loggingProvider> (0x00000000d64562c0) 
thrown [s\src\hotspot\share\classfile\systemDictionary.cpp, line 313]
Event: 32.654 Thread 0x000001c9554b18a0 Exception <a 'sun/nio/fs/WindowsException'{0x00000000d64b51d0}> (0x00000000d64b51d0) 
thrown [s\src\hotspot\share\prims\jni.cpp, line 520]
Event: 32.654 Thread 0x000001c9554b18a0 Exception <a 'sun/nio/fs/WindowsException'{0x00000000d64b5a48}> (0x00000000d64b5a48) 
thrown [s\src\hotspot\share\prims\jni.cpp, line 520]
Event: 32.654 Thread 0x000001c9554b18a0 Exception <a 'sun/nio/fs/WindowsException'{0x00000000d64b6648}> (0x00000000d64b6648) 
thrown [s\src\hotspot\share\prims\jni.cpp, line 520]
Event: 32.654 Thread 0x000001c9554b18a0 Exception <a 'sun/nio/fs/WindowsException'{0x00000000d64b6c78}> (0x00000000d64b6c78) 
thrown [s\src\hotspot\share\prims\jni.cpp, line 520]

ZGC Phase Switch (0 events):
No events

VM Operations (20 events):
Event: 17.820 Executing non-safepoint VM operation: HandshakeAllThreads (Deoptimize)
Event: 17.820 Executing non-safepoint VM operation: HandshakeAllThreads (Deoptimize) done
Event: 17.918 Executing safepoint VM operation: ParallelGCFailedAllocation (Allocation Failure)
Event: 17.925 Executing safepoint VM operation: ParallelGCFailedAllocation (Allocation Failure) done
Event: 18.071 Executing safepoint VM operation: ParallelGCFailedAllocation (Allocation Failure)
Event: 18.074 Executing safepoint VM operation: ParallelGCFailedAllocation (Allocation Failure) done
Event: 18.338 Executing safepoint VM operation: ParallelGCFailedAllocation (Allocation Failure)
Event: 18.342 Executing safepoint VM operation: ParallelGCFailedAllocation (Allocation Failure) done
Event: 18.925 Executing safepoint VM operation: ICBufferFull
Event: 18.925 Executing safepoint VM operation: ICBufferFull done
Event: 19.055 Executing non-safepoint VM operation: HandshakeAllThreads (Deoptimize)
Event: 19.055 Executing non-safepoint VM operation: HandshakeAllThreads (Deoptimize) done
Event: 20.055 Executing safepoint VM operation: Cleanup
Event: 20.055 Executing safepoint VM operation: Cleanup done
Event: 26.089 Executing safepoint VM operation: Cleanup
Event: 26.089 Executing safepoint VM operation: Cleanup done
Event: 32.134 Executing safepoint VM operation: Cleanup
Event: 32.134 Executing safepoint VM operation: Cleanup done
Event: 33.134 Executing safepoint VM operation: Cleanup
Event: 33.134 Executing safepoint VM operation: Cleanup done

Memory protections (0 events):
No events

Nmethod flushes (20 events):
Event: 14.632 Thread 0x000001c9753a2d80 flushing  nmethod 0x000001c900491190
Event: 14.632 Thread 0x000001c9753a2d80 flushing  nmethod 0x000001c900491610
Event: 14.632 Thread 0x000001c9753a2d80 flushing  nmethod 0x000001c900491990
Event: 14.632 Thread 0x000001c9753a2d80 flushing  nmethod 0x000001c900494a10
Event: 14.632 Thread 0x000001c9753a2d80 flushing  nmethod 0x000001c900495d10
Event: 14.632 Thread 0x000001c9753a2d80 flushing  nmethod 0x000001c900496210
Event: 14.632 Thread 0x000001c9753a2d80 flushing  nmethod 0x000001c900496a90
Event: 14.632 Thread 0x000001c9753a2d80 flushing  nmethod 0x000001c900497290
Event: 14.632 Thread 0x000001c9753a2d80 flushing  nmethod 0x000001c900498010
Event: 14.632 Thread 0x000001c9753a2d80 flushing  nmethod 0x000001c90049a610
Event: 14.632 Thread 0x000001c9753a2d80 flushing  nmethod 0x000001c90049a990
Event: 14.632 Thread 0x000001c9753a2d80 flushing  nmethod 0x000001c90049bd10
Event: 14.632 Thread 0x000001c9753a2d80 flushing  nmethod 0x000001c9004b2b10
Event: 14.632 Thread 0x000001c9753a2d80 flushing  nmethod 0x000001c9004b5390
Event: 14.632 Thread 0x000001c9753a2d80 flushing  nmethod 0x000001c9004b6090
Event: 14.632 Thread 0x000001c9753a2d80 flushing  nmethod 0x000001c9004ecb90
Event: 14.632 Thread 0x000001c9753a2d80 flushing  nmethod 0x000001c9004ed410
Event: 14.632 Thread 0x000001c9753a2d80 flushing  nmethod 0x000001c9004ed810
Event: 14.632 Thread 0x000001c9753a2d80 flushing  nmethod 0x000001c9004ee190
Event: 14.632 Thread 0x000001c9753a2d80 flushing  nmethod 0x000001c900507310

Events (20 events):
Event: 15.434 Thread 0x000001c97e6cecf0 Thread exited: 0x000001c97e6cecf0
Event: 16.388 Thread 0x000001c954458620 Thread exited: 0x000001c954458620
Event: 16.488 Thread 0x000001c97e678070 Thread added: 0x000001c954458620
Event: 16.857 Thread 0x000001c95454bb50 Thread added: 0x000001c9554ad700
Event: 17.091 Thread 0x000001c954458620 Thread exited: 0x000001c954458620
Event: 17.408 Thread 0x000001c9548b01a0 Thread added: 0x000001c9554ae420
Event: 17.519 Thread 0x000001c97e678070 Thread added: 0x000001c954458620
Event: 17.712 Thread 0x000001c9548b01a0 Thread added: 0x000001c9554ac9e0
Event: 17.838 Thread 0x000001c9548b01a0 Thread added: 0x000001c9554ad070
Event: 17.871 Thread 0x000001c9548b01a0 Thread added: 0x000001c9554aeab0
Event: 17.871 Thread 0x000001c9548b01a0 Thread added: 0x000001c9554af140
Event: 17.871 Thread 0x000001c9548b01a0 Thread added: 0x000001c9554abcc0
Event: 17.938 Thread 0x000001c9548b01a0 Thread added: 0x000001c9554b04f0
Event: 24.854 Thread 0x000001c954458620 Thread exited: 0x000001c954458620
Event: 32.057 Thread 0x000001c95454cf00 Thread added: 0x000001c9554b0b80
Event: 32.066 Thread 0x000001c95433b790 Thread added: 0x000001c9554b25c0
Event: 32.119 Thread 0x000001c9554b25c0 Thread exited: 0x000001c9554b25c0
Event: 32.442 Thread 0x000001c95433b790 Thread added: 0x000001c9554af7d0
Event: 32.569 Thread 0x000001c9554af7d0 Thread exited: 0x000001c9554af7d0
Event: 32.636 Thread 0x000001c97542dea0 Thread added: 0x000001c9554b18a0


Dynamic libraries:
0x00007ff73f2b0000 - 0x00007ff73f2be000 	c:\Users\gueva\.vscode\extensions\redhat.java-1.55.0-win32-x64\jre\21.0.11-win32-x86_64\bin\java.exe
0x00007ffbf2e60000 - 0x00007ffbf30c6000 	C:\WINDOWS\SYSTEM32\ntdll.dll
0x00007ffbf0bd0000 - 0x00007ffbf0c99000 	C:\WINDOWS\System32\KERNEL32.DLL
0x00007ffbf0210000 - 0x00007ffbf060e000 	C:\WINDOWS\System32\KERNELBASE.dll
0x00007ffbf00b0000 - 0x00007ffbf01fc000 	C:\WINDOWS\System32\ucrtbase.dll
0x00007ffbd7fc0000 - 0x00007ffbd7fd8000 	c:\Users\gueva\.vscode\extensions\redhat.java-1.55.0-win32-x64\jre\21.0.11-win32-x86_64\bin\jli.dll
0x00007ffbd7300000 - 0x00007ffbd731e000 	c:\Users\gueva\.vscode\extensions\redhat.java-1.55.0-win32-x64\jre\21.0.11-win32-x86_64\bin\VCRUNTIME140.dll
0x00007ffbf23e0000 - 0x00007ffbf25a7000 	C:\WINDOWS\System32\USER32.dll
0x00007ffbdc520000 - 0x00007ffbdc7b2000 	C:\WINDOWS\WinSxS\amd64_microsoft.windows.common-controls_6595b64144ccf1df_6.0.26100.8875_none_3e0d5d42e32fe9dd\COMCTL32.dll
0x00007ffbf0080000 - 0x00007ffbf00a7000 	C:\WINDOWS\System32\win32u.dll
0x00007ffbf0ca0000 - 0x00007ffbf0d49000 	C:\WINDOWS\System32\msvcrt.dll
0x00007ffbf0ba0000 - 0x00007ffbf0bcb000 	C:\WINDOWS\System32\GDI32.dll
0x00007ffbf0620000 - 0x00007ffbf074a000 	C:\WINDOWS\System32\gdi32full.dll
0x00007ffbf0ae0000 - 0x00007ffbf0b83000 	C:\WINDOWS\System32\msvcp_win.dll
0x00007ffbf0dc0000 - 0x00007ffbf0df2000 	C:\WINDOWS\System32\IMM32.DLL
0x00007ffbe1610000 - 0x00007ffbe161c000 	c:\Users\gueva\.vscode\extensions\redhat.java-1.55.0-win32-x64\jre\21.0.11-win32-x86_64\bin\vcruntime140_1.dll
0x00007ffbad520000 - 0x00007ffbad5ad000 	c:\Users\gueva\.vscode\extensions\redhat.java-1.55.0-win32-x64\jre\21.0.11-win32-x86_64\bin\msvcp140.dll
0x00007ffb4a970000 - 0x00007ffb4b712000 	c:\Users\gueva\.vscode\extensions\redhat.java-1.55.0-win32-x64\jre\21.0.11-win32-x86_64\bin\server\jvm.dll
0x00007ffbf0e00000 - 0x00007ffbf0eb7000 	C:\WINDOWS\System32\ADVAPI32.dll
0x00007ffbf2d60000 - 0x00007ffbf2e0a000 	C:\WINDOWS\System32\sechost.dll
0x00007ffbf27b0000 - 0x00007ffbf28c8000 	C:\WINDOWS\System32\RPCRT4.dll
0x00007ffbf16a0000 - 0x00007ffbf1720000 	C:\WINDOWS\System32\WS2_32.dll
0x00007ffbe6220000 - 0x00007ffbe6256000 	C:\WINDOWS\SYSTEM32\WINMM.dll
0x00007ffbefee0000 - 0x00007ffbeff3e000 	C:\WINDOWS\SYSTEM32\POWRPROF.dll
0x00007ffbde460000 - 0x00007ffbde46b000 	C:\WINDOWS\SYSTEM32\VERSION.dll
0x00007ffbefeb0000 - 0x00007ffbefec4000 	C:\WINDOWS\SYSTEM32\UMPDC.dll
0x00007ffbeed60000 - 0x00007ffbeed7b000 	C:\WINDOWS\SYSTEM32\kernel.appcore.dll
0x00007ffbe15d0000 - 0x00007ffbe15da000 	c:\Users\gueva\.vscode\extensions\redhat.java-1.55.0-win32-x64\jre\21.0.11-win32-x86_64\bin\jimage.dll
0x00007ffbed720000 - 0x00007ffbed962000 	C:\WINDOWS\SYSTEM32\DBGHELP.DLL
0x00007ffbf1730000 - 0x00007ffbf1ab3000 	C:\WINDOWS\System32\combase.dll
0x00007ffbf25b0000 - 0x00007ffbf2689000 	C:\WINDOWS\System32\OLEAUT32.dll
0x00007ffbdc7c0000 - 0x00007ffbdc7fb000 	C:\WINDOWS\SYSTEM32\dbgcore.DLL
0x00007ffbf0a20000 - 0x00007ffbf0acc000 	C:\WINDOWS\System32\bcryptPrimitives.dll
0x00007ffbe1220000 - 0x00007ffbe122f000 	c:\Users\gueva\.vscode\extensions\redhat.java-1.55.0-win32-x64\jre\21.0.11-win32-x86_64\bin\instrument.dll
0x00007ffbd7090000 - 0x00007ffbd70b0000 	c:\Users\gueva\.vscode\extensions\redhat.java-1.55.0-win32-x64\jre\21.0.11-win32-x86_64\bin\java.dll
0x00007ffbf1bb0000 - 0x00007ffbf2342000 	C:\WINDOWS\System32\SHELL32.dll
0x00007ffbed970000 - 0x00007ffbee202000 	C:\WINDOWS\SYSTEM32\windows.storage.dll
0x00007ffbf15a0000 - 0x00007ffbf1697000 	C:\WINDOWS\System32\SHCORE.dll
0x00007ffbf0d50000 - 0x00007ffbf0db7000 	C:\WINDOWS\System32\shlwapi.dll
0x00007ffbeffa0000 - 0x00007ffbeffc9000 	C:\WINDOWS\SYSTEM32\profapi.dll
0x00007ffbd2410000 - 0x00007ffbd2428000 	c:\Users\gueva\.vscode\extensions\redhat.java-1.55.0-win32-x64\jre\21.0.11-win32-x86_64\bin\zip.dll
0x00007ffbdf8c0000 - 0x00007ffbdf8d0000 	C:\Users\gueva\.vscode\extensions\redhat.java-1.55.0-win32-x64\jre\21.0.11-win32-x86_64\bin\net.dll
0x00007ffbe5e40000 - 0x00007ffbe5f67000 	C:\WINDOWS\SYSTEM32\WINHTTP.dll
0x00007ffbef310000 - 0x00007ffbef37c000 	C:\WINDOWS\system32\mswsock.dll
0x00007ffbd65d0000 - 0x00007ffbd65e6000 	C:\Users\gueva\.vscode\extensions\redhat.java-1.55.0-win32-x64\jre\21.0.11-win32-x86_64\bin\nio.dll
0x00007ffbd9b00000 - 0x00007ffbd9b10000 	c:\Users\gueva\.vscode\extensions\redhat.java-1.55.0-win32-x64\jre\21.0.11-win32-x86_64\bin\verify.dll
0x00007ffbc6580000 - 0x00007ffbc65c5000 	C:\Users\gueva\AppData\Roaming\Code\User\globalStorage\redhat.java\1.55.0\config_ss_win\org.eclipse.equinox.launcher\org.eclipse.equinox.launcher.win32.win32.x86_64_1.3.100.v20260613-0559\eclipse_11924.dll
0x00007ffbf28d0000 - 0x00007ffbf2a69000 	C:\WINDOWS\System32\ole32.dll
0x00007ffbef610000 - 0x00007ffbef62b000 	C:\WINDOWS\SYSTEM32\CRYPTSP.dll
0x00007ffbeecc0000 - 0x00007ffbeecf9000 	C:\WINDOWS\system32\rsaenh.dll
0x00007ffbef3d0000 - 0x00007ffbef402000 	C:\WINDOWS\SYSTEM32\USERENV.dll
0x00007ffbeff70000 - 0x00007ffbeff9a000 	C:\WINDOWS\SYSTEM32\bcrypt.dll
0x00007ffbef630000 - 0x00007ffbef63c000 	C:\WINDOWS\SYSTEM32\CRYPTBASE.dll
0x00007ffbee6b0000 - 0x00007ffbee6e3000 	C:\WINDOWS\SYSTEM32\IPHLPAPI.DLL
0x00007ffbf2e10000 - 0x00007ffbf2e1a000 	C:\WINDOWS\System32\NSI.dll
0x00007ffbb0b90000 - 0x00007ffbb0bd9000 	C:\Users\gueva\AppData\Local\Temp\jna-98709026\jna6930630362864647113.dll
0x00007ffbf23a0000 - 0x00007ffbf23a8000 	C:\WINDOWS\System32\PSAPI.DLL
0x00007ffbea460000 - 0x00007ffbea47d000 	C:\WINDOWS\SYSTEM32\dhcpcsvc6.DLL
0x00007ffbea410000 - 0x00007ffbea435000 	C:\WINDOWS\SYSTEM32\dhcpcsvc.DLL
0x00007ffbeee90000 - 0x00007ffbeeec6000 	C:\WINDOWS\SYSTEM32\ntmarta.dll

JVMTI agents:
c:\Users\gueva\.vscode\extensions\redhat.java-1.55.0-win32-x64\lombok\lombok-1.18.39-4050.jar path:c:\Users\gueva\.vscode\extensions\redhat.java-1.55.0-win32-x64\jre\21.0.11-win32-x86_64\bin\instrument.dll, loaded, initialized, instrumentlib options:none

dbghelp: loaded successfully - version: 4.0.5 - missing functions: none
symbol engine: initialized successfully - sym options: 0x614 - pdb path: .;c:\Users\gueva\.vscode\extensions\redhat.java-1.55.0-win32-x64\jre\21.0.11-win32-x86_64\bin;C:\WINDOWS\SYSTEM32;C:\WINDOWS\WinSxS\amd64_microsoft.windows.common-controls_6595b64144ccf1df_6.0.26100.8875_none_3e0d5d42e32fe9dd;c:\Users\gueva\.vscode\extensions\redhat.java-1.55.0-win32-x64\jre\21.0.11-win32-x86_64\bin\server;C:\Users\gueva\AppData\Roaming\Code\User\globalStorage\redhat.java\1.55.0\config_ss_win\org.eclipse.equinox.launcher\org.eclipse.equinox.launcher.win32.win32.x86_64_1.3.100.v20260613-0559;C:\Users\gueva\AppData\Local\Temp\jna-98709026

VM Arguments:
jvm_args: --add-modules=ALL-SYSTEM --add-opens=java.base/java.util=ALL-UNNAMED --add-opens=java.base/java.lang=ALL-UNNAMED --add-opens=java.base/sun.nio.fs=ALL-UNNAMED -Declipse.application=org.eclipse.jdt.ls.core.id1 -Dosgi.bundles.defaultStartLevel=4 -Declipse.product=org.eclipse.jdt.ls.core.product -Djava.import.generatesMetadataFilesAtProjectRoot=false -DDetectVMInstallationsJob.disabled=true -Dfile.encoding=utf8 -XX:+UseParallelGC -XX:GCTimeRatio=4 -XX:AdaptiveSizePolicyWeight=90 -Dsun.zip.disableMemoryMapping=true -Xmx2G -Xms100m -Xlog:disable -javaagent:c:\Users\gueva\.vscode\extensions\redhat.java-1.55.0-win32-x64\lombok\lombok-1.18.39-4050.jar 
java_command: c:\Users\gueva\.vscode\extensions\redhat.java-1.55.0-win32-x64\server\plugins\org.eclipse.equinox.launcher_1.7.200.v20260619-2039.jar -configuration c:\Users\gueva\AppData\Roaming\Code\User\globalStorage\redhat.java\1.55.0\config_ss_win -data c:\Users\gueva\AppData\Roaming\Code\User\workspaceStorage\44fb2ca8477ceeac58e2505a295ba8ed\redhat.java\ss_ws --pipe=\\.\pipe\lsp-14b75f85222c9055811fb76af5eeac37-sock
java_class_path (initial): c:\Users\gueva\.vscode\extensions\redhat.java-1.55.0-win32-x64\server\plugins\org.eclipse.equinox.launcher_1.7.200.v20260619-2039.jar
Launcher Type: SUN_STANDARD

[Global flags]
    uintx AdaptiveSizePolicyWeight                 = 90                                        {product} {command line}
     intx CICompilerCount                          = 4                                         {product} {ergonomic}
    uintx GCTimeRatio                              = 4                                         {product} {command line}
   size_t InitialHeapSize                          = 104857600                                 {product} {command line}
   size_t MaxHeapSize                              = 2147483648                                {product} {command line}
   size_t MaxNewSize                               = 715653120                                 {product} {ergonomic}
   size_t MinHeapDeltaBytes                        = 524288                                    {product} {ergonomic}
   size_t MinHeapSize                              = 104857600                                 {product} {command line}
   size_t NewSize                                  = 34603008                                  {product} {ergonomic}
    uintx NonNMethodCodeHeapSize                   = 5839372                                {pd product} {ergonomic}
    uintx NonProfiledCodeHeapSize                  = 122909434                              {pd product} {ergonomic}
   size_t OldSize                                  = 70254592                                  {product} {ergonomic}
    uintx ProfiledCodeHeapSize                     = 122909434                              {pd product} {ergonomic}
    uintx ReservedCodeCacheSize                    = 251658240                              {pd product} {ergonomic}
     bool SegmentedCodeCache                       = true                                      {product} {ergonomic}
   size_t SoftMaxHeapSize                          = 2147483648                             {manageable} {ergonomic}
     bool UseCompressedOops                        = true                           {product lp64_product} {ergonomic}
     bool UseLargePagesIndividualAllocation        = false                                  {pd product} {ergonomic}
     bool UseParallelGC                            = true                                      {product} {command line}

Logging:
Log output configuration:
 #0: stdout all=off uptime,level,tags foldmultilines=false
 #1: stderr all=off uptime,level,tags foldmultilines=false

Release file:
JAVA_VERSION="21.0.11" 
MODULES="java.base java.compiler java.datatransfer java.xml java.prefs java.desktop java.instrument java.logging java.management java.security.sasl java.naming java.rmi java.management.rmi java.net.http java.scripting java.security.jgss java.transaction.xa java.sql java.sql.rowset java.xml.crypto java.se java.smartcardio jdk.accessibility jdk.internal.jvmstat jdk.attach jdk.charsets jdk.internal.opt jdk.zipfs jdk.compiler jdk.crypto.ec jdk.crypto.cryptoki jdk.crypto.mscapi jdk.dynalink jdk.internal.ed jdk.editpad jdk.hotspot.agent jdk.httpserver jdk.internal.le jdk.internal.vm.ci jdk.internal.vm.compiler jdk.internal.vm.compiler.management jdk.jartool jdk.javadoc jdk.jcmd jdk.management jdk.management.agent jdk.jconsole jdk.jdeps jdk.jdwp.agent jdk.jdi jdk.jfr jdk.jshell jdk.jsobject jdk.jstatd jdk.localedata jdk.management.jfr jdk.naming.dns jdk.naming.rmi jdk.net jdk.nio.mapmode jdk.random jdk.sctp jdk.security.auth jdk.security.jgss jdk.unsupported jdk.unsupported.desktop jdk.xml.dom" 

Environment Variables:
PATH=C:\Program Files\Common Files\Oracle\Java\javapath;C:\WINDOWS\system32;C:\WINDOWS;C:\WINDOWS\System32\Wbem;C:\WINDOWS\System32\WindowsPowerShell\v1.0\;C:\WINDOWS\System32\OpenSSH\;C:\Program Files\dotnet\;C:\Program Files\Java\jdk-25\bin;C:\Program Files\nodejs\;C:\xampp\php;C:\ProgramData\ComposerSetup\bin;C:\Program Files\Git\cmd;C:\Program Files (x86)\Microsoft SQL Server\160\Tools\Binn\;C:\Program Files\Microsoft SQL Server\160\Tools\Binn\;C:\Program Files\Microsoft SQL Server\Client SDK\ODBC\170\Tools\Binn\;C:\Program Files\Microsoft SQL Server\160\DTS\Binn\;C:\Program Files (x86)\Microsoft SQL Server\160\DTS\Binn\;C:\ProgramData\chocolatey\bin;C:\flutter\bin;;C:\Program Files\Docker\Docker\resources\bin;C:\Users\gueva\AppData\Local\Programs\Python\Launcher\;C:\Program Files\MySQL\MySQL Shell 8.0\bin\;C:\Users\gueva\AppData\Local\Microsoft\WindowsApps;C:\Users\gueva\AppData\Local\Programs\Microsoft VS Code\bin;C:\Users\gueva\AppData\Roaming\npm;C:\Users\gueva\AppData\Roaming\Composer\vendor\bin;C:\Users\gueva\AppData\Roaming\npm;C:\Users\gueva\AppData\Local\Python\bin;C:\Program Files\Git\bin;C:\Users\gueva\AppData\Local\Programs\mongosh\;C:\Program Files\MongoDB\Tools\100\bin;C:\Program Files\MongoDB\Server\8.2\bin;C:\Program Files\MySQL\MySQL Server 8.0\bin;C:\Program Files\Docker\Docker
USERNAME=gueva
OS=Windows_NT
PROCESSOR_IDENTIFIER=AMD64 Family 23 Model 160 Stepping 0, AuthenticAMD
TMP=C:\Users\gueva\AppData\Local\Temp
TEMP=C:\Users\gueva\AppData\Local\Temp




Periodic native trim disabled

---------------  S Y S T E M  ---------------

OS:
 Windows 11 , 64 bit Build 26100 (10.0.26100.8875)
OS uptime: 0 days 20:17 hours
Hyper-V role detected

CPU: total 8 (initial active 8) (8 cores per cpu, 2 threads per core) family 23 model 160 stepping 0 microcode 0x8a0000b, cx8, cmov, fxsr, ht, mmx, 3dnowpref, sse, sse2, sse3, ssse3, sse4a, sse4.1, sse4.2, popcnt, lzcnt, tsc, tscinvbit, avx, avx2, aes, clmul, bmi1, bmi2, adx, sha, fma, vzeroupper, clflush, clflushopt, hv, rdtscp, rdpid, f16c
Processor Information for the first 8 processors :
  Max Mhz: 2801, Current Mhz: 2801, Mhz Limit: 2801

Memory: 4k page, system-wide physical 7379M (342M free)
TotalPageFile size 29907M (AvailPageFile size 53M)
current process WorkingSet (physical memory assigned to process): 207M, peak: 243M
current process commit charge ("private bytes"): 310M, peak: 347M

vm_info: OpenJDK 64-Bit Server VM (21.0.11+10-LTS) for windows-amd64 JRE (21.0.11+10-LTS), built on 2026-04-21T00:00:00Z by "admin" with MS VC++ 17.12 (VS2022)

END.
