#
# There is insufficient memory for the Java Runtime Environment to continue.
# Native memory allocation (malloc) failed to allocate 128848 bytes. Error detail: Chunk::new
# Possible reasons:
#   The system is out of physical RAM or swap space
#   This process is running with CompressedOops enabled, and the Java Heap may be blocking the growth of the native heap
# Possible solutions:
#   Reduce memory load on the system
#   Increase physical memory or swap space
#   Check if swap backing store is full
#   Decrease Java heap size (-Xmx/-Xms)
#   Decrease number of Java threads
#   Decrease Java thread stack sizes (-Xss)
#   Set larger code cache with -XX:ReservedCodeCacheSize=
#   JVM is running with Unscaled Compressed Oops mode in which the Java heap is
#     placed in the first 4GB address space. The Java Heap base address is the
#     maximum limit for the native heap growth. Please use -XX:HeapBaseMinAddress
#     to set the Java Heap base and to place the Java Heap above 4GB virtual address.
# This output file may be truncated or incomplete.
#
#  Out of Memory Error (arena.cpp:168), pid=8828, tid=15864
#
# JRE version: OpenJDK Runtime Environment Temurin-21.0.11+10 (21.0.11+10) (build 21.0.11+10-LTS)
# Java VM: OpenJDK 64-Bit Server VM Temurin-21.0.11+10 (21.0.11+10-LTS, mixed mode, sharing, tiered, compressed oops, compressed class ptrs, parallel gc, windows-amd64)
# No core dump will be written. Minidumps are not enabled by default on client versions of Windows
#

---------------  S U M M A R Y ------------

Command Line: --add-modules=ALL-SYSTEM --add-opens=java.base/java.util=ALL-UNNAMED --add-opens=java.base/java.lang=ALL-UNNAMED --add-opens=java.base/sun.nio.fs=ALL-UNNAMED -Declipse.application=org.eclipse.jdt.ls.core.id1 -Dosgi.bundles.defaultStartLevel=4 -Declipse.product=org.eclipse.jdt.ls.core.product -Djava.import.generatesMetadataFilesAtProjectRoot=false -DDetectVMInstallationsJob.disabled=true -Dfile.encoding=utf8 -XX:+UseParallelGC -XX:GCTimeRatio=4 -XX:AdaptiveSizePolicyWeight=90 -Dsun.zip.disableMemoryMapping=true -Xmx2G -Xms100m -Xlog:disable -javaagent:c:\Users\gueva\.vscode\extensions\redhat.java-1.55.0-win32-x64\lombok\lombok-1.18.39-4050.jar -XX:+HeapDumpOnOutOfMemoryError -XX:HeapDumpPath=c:\Users\gueva\AppData\Roaming\Code\User\workspaceStorage\44fb2ca8477ceeac58e2505a295ba8ed\redhat.java -Daether.dependencyCollector.impl=bf c:\Users\gueva\.vscode\extensions\redhat.java-1.55.0-win32-x64\server\plugins\org.eclipse.equinox.launcher_1.7.200.v20260619-2039.jar -configuration c:\Users\gueva\AppData\Roaming\Code\User\globalStorage\redhat.java\1.55.0\config_win -data c:\Users\gueva\AppData\Roaming\Code\User\workspaceStorage\44fb2ca8477ceeac58e2505a295ba8ed\redhat.java\jdt_ws --pipe=\\.\pipe\lsp-bddc64aaef049ba503b691339385fe50-sock

Host: AMD Ryzen 5 7520U with Radeon Graphics         , 8 cores, 7G,  Windows 11 , 64 bit Build 26100 (10.0.26100.8875)
Time: Sun Jul 19 19:55:22 2026 Hora est嫕dar central (M憖ico) elapsed time: 9.872087 seconds (0d 0h 0m 9s)

---------------  T H R E A D  ---------------

Current thread (0x000001965de7ded0):  JavaThread "C2 CompilerThread0" daemon [_thread_in_native, id=15864, stack(0x00000005b6600000,0x00000005b6700000) (1024K)]


Current CompileTask:
C2:9872 1987       4       java.io.DataInputStream::readByte (6 bytes)

Stack: [0x00000005b6600000,0x00000005b6700000]
Native frames: (J=compiled Java code, j=interpreted, Vv=VM code, C=native code)
V  [jvm.dll+0x6d7e19]
V  [jvm.dll+0x8b5096]
V  [jvm.dll+0x8b764e]
V  [jvm.dll+0x8b7d33]
V  [jvm.dll+0x284596]
V  [jvm.dll+0xc685d]
V  [jvm.dll+0xc6da1]
V  [jvm.dll+0x3bed6b]
V  [jvm.dll+0x38b2b2]
V  [jvm.dll+0x38a6fa]
V  [jvm.dll+0x24c700]
V  [jvm.dll+0x24bce0]
V  [jvm.dll+0x1cb4ae]
V  [jvm.dll+0x25baad]
V  [jvm.dll+0x25a03a]
V  [jvm.dll+0x3f868e]
V  [jvm.dll+0x85fb0d]
V  [jvm.dll+0x6d664d]
C  [ucrtbase.dll+0x2cd30]
C  [KERNEL32.DLL+0x2e957]
C  [ntdll.dll+0xaad6c]


---------------  P R O C E S S  ---------------

Threads class SMR info:
_java_thread_list=0x00000196646d6930, length=15, elements={
0x00000196456e4c50, 0x000001964579c990, 0x000001965de63f80, 0x000001965de65f80,
0x000001965de66be0, 0x000001965de6bd70, 0x000001965de6d300, 0x000001965de7ded0,
0x000001965de99670, 0x000001965fa10280, 0x000001965fb6f390, 0x00000196646e3e30,
0x000001966496a520, 0x00000196640a4ea0, 0x0000019664559e00
}

Java Threads: ( => current thread )
  0x00000196456e4c50 JavaThread "main"                              [_thread_blocked, id=15164, stack(0x00000005b5c00000,0x00000005b5d00000) (1024K)]
  0x000001964579c990 JavaThread "Reference Handler"          daemon [_thread_blocked, id=24524, stack(0x00000005b6000000,0x00000005b6100000) (1024K)]
  0x000001965fb7a390 
[error occurred during error reporting (printing all threads), id 0xc0000005, EXCEPTION_ACCESS_VIOLATION (0xc0000005) at pc=0x0000000000000000]
VM state: not at safepoint (normal execution)

VM Mutex/Monitor currently owned by a thread: None

Heap address: 0x0000000080000000, size: 2048 MB, Compressed Oops mode: 32-bit

CDS archive(s) mapped at: [0x0000019600000000-0x0000019600ba0000-0x0000019600ba0000), size 12189696, SharedBaseAddress: 0x0000019600000000, ArchiveRelocationMode: 1.
Compressed class space mapped at: 0x0000019601000000-0x0000019641000000, reserved size: 1073741824
Narrow klass base: 0x0000019600000000, Narrow klass shift: 0, Narrow klass range: 0x100000000

GC Precious Log:
 CardTable entry size: 512
 CPUs: 8 total, 8 available
 Memory: 7379M
 Large Page Support: Disabled
 NUMA Support: Disabled
 Compressed Oops: Enabled (32-bit)
 Alignments: Space 512K, Generation 512K, Heap 2M
 Heap Min Capacity: 100M
 Heap Initial Capacity: 100M
 Heap Max Capacity: 2G
 Pre-touch: Disabled
 Parallel Workers: 8

Heap:
 PSYoungGen      total 29696K, used 15394K [0x00000000d5580000, 0x00000000d7680000, 0x0000000100000000)
  eden space 25600K, 44% used [0x00000000d5580000,0x00000000d608eb88,0x00000000d6e80000)
  from space 4096K, 99% used [0x00000000d7280000,0x00000000d7679e98,0x00000000d7680000)
  to   space 4096K, 0% used [0x00000000d6e80000,0x00000000d6e80000,0x00000000d7280000)
 ParOldGen       total 68608K, used 2045K [0x0000000080000000, 0x0000000084300000, 0x00000000d5580000)
  object space 68608K, 2% used [0x0000000080000000,0x00000000801ff4a8,0x0000000084300000)
 Metaspace       used 9397K, committed 9728K, reserved 1114112K
  class space    used 1012K, committed 1152K, reserved 1048576K

Card table byte_map: [0x00000196591e0000,0x00000196595f0000] _byte_map_base: 0x0000019658de0000

Marking Bits: (ParMarkBitMap*) 0x00007ffb45c14460
 Begin Bits: [0x00000196598a0000, 0x000001965b8a0000)
 End Bits:   [0x000001965b8a0000, 0x000001965d8a0000)

Polling page: 0x0000019645440000

Metaspace:

Usage:
  Non-class:      8.19 MB used.
      Class:   1012.55 KB used.
       Both:      9.18 MB used.

Virtual space:
  Non-class space:       64.00 MB reserved,       8.38 MB ( 13%) committed,  1 nodes.
      Class space:        1.00 GB reserved,       1.12 MB ( <1%) committed,  1 nodes.
             Both:        1.06 GB reserved,       9.50 MB ( <1%) committed. 

Chunk freelists:
   Non-Class:  6.70 MB
       Class:  14.78 MB
        Both:  21.48 MB

MaxMetaspaceSize: unlimited
CompressedClassSpaceSize: 1.00 GB
Initial GC threshold: 21.00 MB
Current GC threshold: 21.00 MB
CDS: on
 - commit_granule_bytes: 65536.
 - commit_granule_words: 8192.
 - virtual_space_node_default_size: 8388608.
 - enlarge_chunks_in_place: 1.
 - use_allocation_guard: 0.


Internal statistics:

num_allocs_failed_limit: 0.
num_arena_births: 256.
num_arena_deaths: 0.
num_vsnodes_births: 2.
num_vsnodes_deaths: 0.
num_space_committed: 152.
num_space_uncommitted: 0.
num_chunks_returned_to_freelist: 0.
num_chunks_taken_from_freelist: 505.
num_chunk_merges: 0.
num_chunk_splits: 322.
num_chunks_enlarged: 212.
num_inconsistent_stats: 0.

CodeHeap 'non-profiled nmethods': size=120000Kb used=860Kb max_used=860Kb free=119139Kb
 bounds [0x0000019651ad0000, 0x0000019651d40000, 0x0000019659000000]
CodeHeap 'profiled nmethods': size=120000Kb used=3806Kb max_used=3806Kb free=116193Kb
 bounds [0x000001964a000000, 0x000001964a3c0000, 0x0000019651530000]
CodeHeap 'non-nmethods': size=5760Kb used=1232Kb max_used=1247Kb free=4527Kb
 bounds [0x0000019651530000, 0x00000196517a0000, 0x0000019651ad0000]
CodeCache: size=245760Kb, used=5898Kb, max_used=5913Kb, free=239859Kb
 total_blobs=2522, nmethods=2028, adapters=400, full_count=0
Compilation: enabled, stopped_count=0, restarted_count=0

Compilation events (20 events):
Event: 7.847 Thread 0x000001965de99670 1992       3       java.util.Arrays$ArrayItr::next (36 bytes)
Event: 7.848 Thread 0x000001965de99670 nmethod 1992 0x000001964a3a3910 code [0x000001964a3a3ac0, 0x000001964a3a3d10]
Event: 7.848 Thread 0x000001965de99670 1993       3       java.util.concurrent.ConcurrentHashMap$KeyIterator::next (34 bytes)
Event: 7.848 Thread 0x000001965de99670 nmethod 1993 0x000001964a3a3e10 code [0x000001964a3a3fe0, 0x000001964a3a4260]
Event: 7.850 Thread 0x000001965de99670 1994       1       java.time.ZoneOffset::getTotalSeconds (5 bytes)
Event: 7.850 Thread 0x000001965de99670 nmethod 1994 0x0000019651ba4990 code [0x0000019651ba4b20, 0x0000019651ba4be8]
Event: 7.850 Thread 0x000001965de99670 1995       1       java.time.temporal.ChronoField::range (5 bytes)
Event: 7.850 Thread 0x000001965de99670 nmethod 1995 0x0000019651ba4c90 code [0x0000019651ba4e20, 0x0000019651ba4ee8]
Event: 7.850 Thread 0x000001965de99670 1996       1       java.time.temporal.ValueRange::getMinimum (5 bytes)
Event: 7.850 Thread 0x000001965de99670 nmethod 1996 0x0000019651ba4f90 code [0x0000019651ba5120, 0x0000019651ba51e8]
Event: 7.850 Thread 0x000001965de99670 1997       1       java.time.temporal.ValueRange::getMaximum (5 bytes)
Event: 7.850 Thread 0x000001965de99670 nmethod 1997 0x0000019651ba5290 code [0x0000019651ba5420, 0x0000019651ba54e8]
Event: 7.850 Thread 0x000001965de99670 1998       1       java.time.zone.ZoneOffsetTransition::getOffsetAfter (5 bytes)
Event: 7.850 Thread 0x000001965de99670 nmethod 1998 0x0000019651ba5590 code [0x0000019651ba5720, 0x0000019651ba57e8]
Event: 7.850 Thread 0x000001965de99670 1999       1       java.time.zone.ZoneOffsetTransition::getOffsetBefore (5 bytes)
Event: 7.850 Thread 0x000001965de99670 nmethod 1999 0x0000019651ba5890 code [0x0000019651ba5a20, 0x0000019651ba5ae8]
Event: 8.755 Thread 0x000001965de99670 2000       3       java.util.concurrent.Semaphore$NonfairSync::tryAcquireShared (6 bytes)
Event: 8.755 Thread 0x000001965de99670 nmethod 2000 0x000001964a3a4390 code [0x000001964a3a4540, 0x000001964a3a4678]
Event: 8.755 Thread 0x000001965de99670 2001       3       java.util.concurrent.Semaphore$Sync::nonfairTryAcquireShared (27 bytes)
Event: 8.755 Thread 0x000001965de99670 nmethod 2001 0x000001964a3a4710 code [0x000001964a3a48c0, 0x000001964a3a4b10]

GC Heap History (4 events):
Event: 2.327 GC heap before
{Heap before GC invocations=1 (full 0):
 PSYoungGen      total 29696K, used 25600K [0x00000000d5580000, 0x00000000d7680000, 0x0000000100000000)
  eden space 25600K, 100% used [0x00000000d5580000,0x00000000d6e80000,0x00000000d6e80000)
  from space 4096K, 0% used [0x00000000d7280000,0x00000000d7280000,0x00000000d7680000)
  to   space 4096K, 0% used [0x00000000d6e80000,0x00000000d6e80000,0x00000000d7280000)
 ParOldGen       total 68608K, used 0K [0x0000000080000000, 0x0000000084300000, 0x00000000d5580000)
  object space 68608K, 0% used [0x0000000080000000,0x0000000080000000,0x0000000084300000)
 Metaspace       used 4367K, committed 4608K, reserved 1114112K
  class space    used 474K, committed 576K, reserved 1048576K
}
Event: 2.338 GC heap after
{Heap after GC invocations=1 (full 0):
 PSYoungGen      total 29696K, used 3319K [0x00000000d5580000, 0x00000000d7680000, 0x0000000100000000)
  eden space 25600K, 0% used [0x00000000d5580000,0x00000000d5580000,0x00000000d6e80000)
  from space 4096K, 81% used [0x00000000d6e80000,0x00000000d71bde88,0x00000000d7280000)
  to   space 4096K, 0% used [0x00000000d7280000,0x00000000d7280000,0x00000000d7680000)
 ParOldGen       total 68608K, used 16K [0x0000000080000000, 0x0000000084300000, 0x00000000d5580000)
  object space 68608K, 0% used [0x0000000080000000,0x0000000080004000,0x0000000084300000)
 Metaspace       used 4367K, committed 4608K, reserved 1114112K
  class space    used 474K, committed 576K, reserved 1048576K
}
Event: 6.520 GC heap before
{Heap before GC invocations=2 (full 0):
 PSYoungGen      total 29696K, used 28919K [0x00000000d5580000, 0x00000000d7680000, 0x0000000100000000)
  eden space 25600K, 100% used [0x00000000d5580000,0x00000000d6e80000,0x00000000d6e80000)
  from space 4096K, 81% used [0x00000000d6e80000,0x00000000d71bde88,0x00000000d7280000)
  to   space 4096K, 0% used [0x00000000d7280000,0x00000000d7280000,0x00000000d7680000)
 ParOldGen       total 68608K, used 16K [0x0000000080000000, 0x0000000084300000, 0x00000000d5580000)
  object space 68608K, 0% used [0x0000000080000000,0x0000000080004000,0x0000000084300000)
 Metaspace       used 8038K, committed 8320K, reserved 1114112K
  class space    used 835K, committed 960K, reserved 1048576K
}
Event: 6.528 GC heap after
{Heap after GC invocations=2 (full 0):
 PSYoungGen      total 29696K, used 4071K [0x00000000d5580000, 0x00000000d7680000, 0x0000000100000000)
  eden space 25600K, 0% used [0x00000000d5580000,0x00000000d5580000,0x00000000d6e80000)
  from space 4096K, 99% used [0x00000000d7280000,0x00000000d7679e98,0x00000000d7680000)
  to   space 4096K, 0% used [0x00000000d6e80000,0x00000000d6e80000,0x00000000d7280000)
 ParOldGen       total 68608K, used 2045K [0x0000000080000000, 0x0000000084300000, 0x00000000d5580000)
  object space 68608K, 2% used [0x0000000080000000,0x00000000801ff4a8,0x0000000084300000)
 Metaspace       used 8038K, committed 8320K, reserved 1114112K
  class space    used 835K, committed 960K, reserved 1048576K
}

Dll operation events (9 events):
Event: 0.028 Loaded shared library c:\Users\gueva\.vscode\extensions\redhat.java-1.55.0-win32-x64\jre\21.0.11-win32-x86_64\bin\java.dll
Event: 0.304 Loaded shared library c:\Users\gueva\.vscode\extensions\redhat.java-1.55.0-win32-x64\jre\21.0.11-win32-x86_64\bin\zip.dll
Event: 0.415 Loaded shared library C:\Users\gueva\.vscode\extensions\redhat.java-1.55.0-win32-x64\jre\21.0.11-win32-x86_64\bin\instrument.dll
Event: 0.431 Loaded shared library C:\Users\gueva\.vscode\extensions\redhat.java-1.55.0-win32-x64\jre\21.0.11-win32-x86_64\bin\net.dll
Event: 0.523 Loaded shared library C:\Users\gueva\.vscode\extensions\redhat.java-1.55.0-win32-x64\jre\21.0.11-win32-x86_64\bin\nio.dll
Event: 0.531 Loaded shared library C:\Users\gueva\.vscode\extensions\redhat.java-1.55.0-win32-x64\jre\21.0.11-win32-x86_64\bin\zip.dll
Event: 0.590 Loaded shared library C:\Users\gueva\.vscode\extensions\redhat.java-1.55.0-win32-x64\jre\21.0.11-win32-x86_64\bin\jimage.dll
Event: 0.921 Loaded shared library c:\Users\gueva\.vscode\extensions\redhat.java-1.55.0-win32-x64\jre\21.0.11-win32-x86_64\bin\verify.dll
Event: 6.572 Loaded shared library C:\Users\gueva\AppData\Roaming\Code\User\globalStorage\redhat.java\1.55.0\config_win\org.eclipse.equinox.launcher\org.eclipse.equinox.launcher.win32.win32.x86_64_1.3.100.v20260613-0559\eclipse_11924.dll

Deoptimization events (20 events):
Event: 6.587 Thread 0x000001966496a520 Uncommon trap: trap_request=0xffffff45 fr.pc=0x0000019651b052c4 relative=0x00000000000002a4
Event: 6.587 Thread 0x000001966496a520 Uncommon trap: reason=unstable_if action=reinterpret pc=0x0000019651b052c4 method=java.util.HashMap$HashIterator.<init>(Ljava/util/HashMap;)V @ 45 c2
Event: 6.587 Thread 0x000001966496a520 DEOPT PACKING pc=0x0000019651b052c4 sp=0x00000005b73fef10
Event: 6.587 Thread 0x000001966496a520 DEOPT UNPACKING pc=0x0000019651583aa2 sp=0x00000005b73feea8 mode 2
Event: 6.613 Thread 0x000001966496a520 Uncommon trap: trap_request=0xffffffde fr.pc=0x0000019651b7234c relative=0x0000000000000a4c
Event: 6.613 Thread 0x000001966496a520 Uncommon trap: reason=class_check action=maybe_recompile pc=0x0000019651b7234c method=java.util.HashMap.putVal(ILjava/lang/Object;Ljava/lang/Object;ZZ)Ljava/lang/Object; @ 253 c2
Event: 6.613 Thread 0x000001966496a520 DEOPT PACKING pc=0x0000019651b7234c sp=0x00000005b73fea30
Event: 6.613 Thread 0x000001966496a520 DEOPT UNPACKING pc=0x0000019651583aa2 sp=0x00000005b73fe8c8 mode 2
Event: 6.690 Thread 0x0000019664559e00 Uncommon trap: trap_request=0xffffff6e fr.pc=0x0000019651b44328 relative=0x0000000000000368
Event: 6.690 Thread 0x0000019664559e00 Uncommon trap: reason=loop_limit_check action=maybe_recompile pc=0x0000019651b44328 method=java.lang.StringLatin1.indexOf([BI[BII)I @ 37 c2
Event: 6.690 Thread 0x0000019664559e00 DEOPT PACKING pc=0x0000019651b44328 sp=0x00000005b74fce20
Event: 6.690 Thread 0x0000019664559e00 DEOPT UNPACKING pc=0x0000019651583aa2 sp=0x00000005b74fcd80 mode 2
Event: 7.765 Thread 0x0000019664559e00 Uncommon trap: trap_request=0xffffff45 fr.pc=0x0000019651b4dab4 relative=0x0000000000000094
Event: 7.765 Thread 0x0000019664559e00 Uncommon trap: reason=unstable_if action=reinterpret pc=0x0000019651b4dab4 method=java.io.BufferedInputStream.getBufIfOpen(Z)[B @ 13 c2
Event: 7.765 Thread 0x0000019664559e00 DEOPT PACKING pc=0x0000019651b4dab4 sp=0x00000005b74fdd30
Event: 7.765 Thread 0x0000019664559e00 DEOPT UNPACKING pc=0x0000019651583aa2 sp=0x00000005b74fdcb0 mode 2
Event: 7.768 Thread 0x0000019664559e00 Uncommon trap: trap_request=0xffffff45 fr.pc=0x0000019651b8d64c relative=0x0000000000000e0c
Event: 7.768 Thread 0x0000019664559e00 Uncommon trap: reason=unstable_if action=reinterpret pc=0x0000019651b8d64c method=java.lang.String.<init>(Ljava/nio/charset/Charset;[BII)V @ 6 c2
Event: 7.768 Thread 0x0000019664559e00 DEOPT PACKING pc=0x0000019651b8d64c sp=0x00000005b74fdcb0
Event: 7.768 Thread 0x0000019664559e00 DEOPT UNPACKING pc=0x0000019651583aa2 sp=0x00000005b74fdc80 mode 2

Classes loaded (20 events):
Event: 7.837 Loading class java/util/logging/ErrorManager done
Event: 7.838 Loading class java/util/logging/Handler$1
Event: 7.838 Loading class java/util/logging/Handler$1 done
Event: 7.838 Loading class java/util/logging/StreamHandler$1
Event: 7.838 Loading class java/util/logging/StreamHandler$1 done
Event: 7.838 Loading class java/util/logging/LogManager$CloseOnReset
Event: 7.838 Loading class java/util/logging/LogManager$CloseOnReset done
Event: 7.844 Loading class sun/util/calendar/ZoneInfoFile$Checksum
Event: 7.844 Loading class sun/util/calendar/ZoneInfoFile$Checksum done
Event: 7.845 Loading class java/time/zone/ZoneRulesProvider
Event: 7.845 Loading class java/time/zone/ZoneRulesProvider done
Event: 7.845 Loading class java/time/zone/ZoneRulesProvider$1
Event: 7.845 Loading class java/time/zone/ZoneRulesProvider$1 done
Event: 7.846 Loading class java/time/zone/TzdbZoneRulesProvider
Event: 7.846 Loading class java/time/zone/TzdbZoneRulesProvider done
Event: 7.848 Loading class java/time/zone/Ser
Event: 7.848 Loading class java/io/Externalizable
Event: 7.848 Loading class java/io/Externalizable done
Event: 7.849 Loading class java/time/zone/Ser done
Event: 7.850 Loading class java/util/logging/LogRecord$CallerFinder

Classes unloaded (0 events):
No events

Classes redefined (0 events):
No events

Internal exceptions (20 events):
Event: 2.370 Thread 0x00000196456e4c50 Exception <a 'java/io/FileNotFoundException'{0x00000000d55baeb0}> (0x00000000d55baeb0) 
thrown [s\src\hotspot\share\prims\jni.cpp, line 520]
Event: 2.454 Thread 0x00000196456e4c50 Implicit null exception at 0x0000019651b2c9c9 to 0x0000019651b2d338
Event: 2.454 Thread 0x00000196456e4c50 Implicit null exception at 0x0000019651b3ba1a to 0x0000019651b3bc20
Event: 2.455 Thread 0x00000196456e4c50 Exception <a 'java/lang/NoSuchMethodError'{0x00000000d56ed7a0}: 'void java.lang.invoke.DirectMethodHandle$Holder.invokeStatic(java.lang.Object, java.lang.Object, java.lang.Object, java.lang.Object)'> (0x00000000d56ed7a0) 
thrown [s\src\hotspot\share\interpreter\linkResolver.cpp, line 773]
Event: 2.459 Thread 0x00000196456e4c50 Implicit null exception at 0x0000019651b3311a to 0x0000019651b33324
Event: 2.459 Thread 0x00000196456e4c50 Implicit null exception at 0x0000019651b2e8bd to 0x0000019651b2e941
Event: 2.654 Thread 0x00000196456e4c50 Exception <a 'java/lang/NoSuchMethodError'{0x00000000d59d7920}: 'void java.lang.invoke.DirectMethodHandle$Holder.invokeSpecial(java.lang.Object, java.lang.Object, java.lang.Object)'> (0x00000000d59d7920) 
thrown [s\src\hotspot\share\interpreter\linkResolver.cpp, line 773]
Event: 3.704 Thread 0x00000196456e4c50 Exception <a 'java/lang/NoSuchMethodError'{0x00000000d6442060}: 'int java.lang.invoke.DirectMethodHandle$Holder.invokeVirtual(java.lang.Object, java.lang.Object)'> (0x00000000d6442060) 
thrown [s\src\hotspot\share\interpreter\linkResolver.cpp, line 773]
Event: 3.954 Thread 0x00000196456e4c50 Exception <a 'java/lang/NoSuchMethodError'{0x00000000d65b93c8}: 'int java.lang.invoke.DirectMethodHandle$Holder.invokeStaticInit(java.lang.Object, java.lang.Object, java.lang.Object, java.lang.Object)'> (0x00000000d65b93c8) 
thrown [s\src\hotspot\share\interpreter\linkResolver.cpp, line 773]
Event: 3.955 Thread 0x00000196456e4c50 Exception <a 'java/lang/IncompatibleClassChangeError'{0x00000000d65c1ab0}: Found class java.lang.Object, but interface was expected> (0x00000000d65c1ab0) 
thrown [s\src\hotspot\share\interpreter\linkResolver.cpp, line 840]
Event: 3.955 Thread 0x00000196456e4c50 Exception <a 'java/lang/NoSuchMethodError'{0x00000000d65c8040}: 'void java.lang.invoke.DirectMethodHandle$Holder.invokeStaticInit(java.lang.Object, java.lang.Object)'> (0x00000000d65c8040) 
thrown [s\src\hotspot\share\interpreter\linkResolver.cpp, line 773]
Event: 3.957 Thread 0x00000196456e4c50 Exception <a 'java/lang/NoSuchMethodError'{0x00000000d65d1278}: 'int java.lang.invoke.DirectMethodHandle$Holder.invokeStaticInit(java.lang.Object, java.lang.Object)'> (0x00000000d65d1278) 
thrown [s\src\hotspot\share\interpreter\linkResolver.cpp, line 773]
Event: 5.035 Thread 0x00000196456e4c50 Exception <a 'java/lang/NoSuchMethodError'{0x00000000d6819fa0}: 'java.lang.Object java.lang.invoke.DirectMethodHandle$Holder.newInvokeSpecial(java.lang.Object, int, java.lang.Object)'> (0x00000000d6819fa0) 
thrown [s\src\hotspot\share\interpreter\linkResolver.cpp, line 773]
Event: 5.094 Thread 0x00000196456e4c50 Exception <a 'java/lang/ClassNotFoundException'{0x00000000d6a3d348}: sun/net/www/protocol/plurl/Handler> (0x00000000d6a3d348) 
thrown [s\src\hotspot\share\classfile\systemDictionary.cpp, line 313]
Event: 5.094 Thread 0x00000196456e4c50 Exception <a 'java/lang/ClassNotFoundException'{0x00000000d6a3e1c8}: sun/net/www/protocol/plurl/Handler> (0x00000000d6a3e1c8) 
thrown [s\src\hotspot\share\classfile\systemDictionary.cpp, line 313]
Event: 6.545 Thread 0x00000196456e4c50 Exception <a 'java/lang/UnsatisfiedLinkError'{0x00000000d55b9e90}: 'void org.eclipse.equinox.launcher.JNIBridge._update_splash()'> (0x00000000d55b9e90) 
thrown [s\src\hotspot\share\prims\nativeLookup.cpp, line 415]
Event: 6.651 Thread 0x000001966496a520 Exception <a 'java/lang/NoSuchMethodError'{0x00000000d586c1f8}: 'void java.lang.invoke.DirectMethodHandle$Holder.invokeInterface(java.lang.Object, java.lang.Object, java.lang.Object)'> (0x00000000d586c1f8) 
thrown [s\src\hotspot\share\interpreter\linkResolver.cpp, line 773]
Event: 7.813 Thread 0x0000019664559e00 Exception <a 'java/lang/NoSuchMethodError'{0x00000000d5c34268}: 'java.lang.Object java.lang.invoke.DirectMethodHandle$Holder.newInvokeSpecial(java.lang.Object, java.lang.Object, int, java.lang.Object)'> (0x00000000d5c34268) 
thrown [s\src\hotspot\share\interpreter\linkResolver.cpp, line 773]
Event: 7.813 Thread 0x0000019664559e00 Exception <a 'java/lang/NoSuchMethodError'{0x00000000d5c38098}: 'java.lang.Object java.lang.invoke.DirectMethodHandle$Holder.invokeSpecial(java.lang.Object, java.lang.Object, java.lang.Object, int, java.lang.Object)'> (0x00000000d5c38098) 
thrown [s\src\hotspot\share\interpreter\linkResolver.cpp, line 773]
Event: 7.830 Thread 0x0000019664559e00 Exception <a 'java/lang/NoClassDefFoundError'{0x00000000d5cde3b0}: jakarta/servlet/ServletContainerInitializer> (0x00000000d5cde3b0) 
thrown [s\src\hotspot\share\classfile\systemDictionary.cpp, line 302]

ZGC Phase Switch (0 events):
No events

VM Operations (20 events):
Event: 3.363 Executing safepoint VM operation: Cleanup done
Event: 4.368 Executing safepoint VM operation: Cleanup
Event: 4.987 Executing safepoint VM operation: Cleanup done
Event: 5.002 Executing non-safepoint VM operation: HandshakeAllThreads (Deoptimize)
Event: 5.002 Executing non-safepoint VM operation: HandshakeAllThreads (Deoptimize) done
Event: 5.016 Executing non-safepoint VM operation: HandshakeAllThreads (Deoptimize)
Event: 5.017 Executing non-safepoint VM operation: HandshakeAllThreads (Deoptimize) done
Event: 5.073 Executing non-safepoint VM operation: HandshakeAllThreads (Deoptimize)
Event: 5.073 Executing non-safepoint VM operation: HandshakeAllThreads (Deoptimize) done
Event: 5.087 Executing non-safepoint VM operation: HandshakeAllThreads (Deoptimize)
Event: 5.087 Executing non-safepoint VM operation: HandshakeAllThreads (Deoptimize) done
Event: 6.096 Executing safepoint VM operation: Cleanup
Event: 6.097 Executing safepoint VM operation: Cleanup done
Event: 6.519 Executing safepoint VM operation: ParallelGCFailedAllocation (Allocation Failure)
Event: 6.528 Executing safepoint VM operation: ParallelGCFailedAllocation (Allocation Failure) done
Event: 7.535 Executing safepoint VM operation: Cleanup
Event: 7.754 Executing safepoint VM operation: Cleanup done
Event: 7.845 Executing non-safepoint VM operation: HandshakeAllThreads (Deoptimize)
Event: 7.845 Executing non-safepoint VM operation: HandshakeAllThreads (Deoptimize) done
Event: 8.847 Executing safepoint VM operation: Cleanup

Memory protections (0 events):
No events

Nmethod flushes (0 events):
No events

Events (20 events):
Event: 0.096 Thread 0x00000196456e4c50 Thread added: 0x000001965de6bd70
Event: 0.096 Thread 0x00000196456e4c50 Thread added: 0x000001965de6d300
Event: 0.096 Thread 0x00000196456e4c50 Thread added: 0x000001965de7ded0
Event: 0.097 Thread 0x00000196456e4c50 Thread added: 0x000001965de99670
Event: 0.422 Thread 0x00000196456e4c50 Thread added: 0x000001965fa10280
Event: 0.905 Thread 0x000001965de99670 Thread added: 0x000001965de99d40
Event: 1.153 Thread 0x00000196456e4c50 Thread added: 0x000001965fb6f390
Event: 1.457 Thread 0x000001965de99670 Thread added: 0x000001965de988d0
Event: 1.632 Thread 0x000001965de988d0 Thread exited: 0x000001965de988d0
Event: 2.193 Thread 0x000001965de99d40 Thread exited: 0x000001965de99d40
Event: 2.880 Thread 0x000001965de99670 Thread added: 0x000001965de99d40
Event: 2.880 Thread 0x000001965de99670 Thread added: 0x000001965de97460
Event: 3.140 Thread 0x000001965de97460 Thread exited: 0x000001965de97460
Event: 3.272 Thread 0x000001965de99d40 Thread exited: 0x000001965de99d40
Event: 3.968 Thread 0x00000196456e4c50 Thread added: 0x00000196646e3e30
Event: 5.124 Thread 0x000001965de99670 Thread added: 0x000001965de988d0
Event: 6.537 Thread 0x00000196456e4c50 Thread added: 0x000001966496a520
Event: 6.629 Thread 0x000001965de988d0 Thread exited: 0x000001965de988d0
Event: 6.658 Thread 0x000001966496a520 Thread added: 0x00000196640a4ea0
Event: 6.669 Thread 0x00000196456e4c50 Thread added: 0x0000019664559e00


Dynamic libraries:
0x00007ff726070000 - 0x00007ff72607e000 	c:\Users\gueva\.vscode\extensions\redhat.java-1.55.0-win32-x64\jre\21.0.11-win32-x86_64\bin\java.exe
0x00007ffbf2e60000 - 0x00007ffbf30c6000 	C:\WINDOWS\SYSTEM32\ntdll.dll
0x00007ffbf0bd0000 - 0x00007ffbf0c99000 	C:\WINDOWS\System32\KERNEL32.DLL
0x00007ffbf0210000 - 0x00007ffbf060e000 	C:\WINDOWS\System32\KERNELBASE.dll
0x00007ffbf00b0000 - 0x00007ffbf01fc000 	C:\WINDOWS\System32\ucrtbase.dll
0x00007ffbe4e10000 - 0x00007ffbe4e2e000 	c:\Users\gueva\.vscode\extensions\redhat.java-1.55.0-win32-x64\jre\21.0.11-win32-x86_64\bin\VCRUNTIME140.dll
0x00007ffbe11e0000 - 0x00007ffbe11f8000 	c:\Users\gueva\.vscode\extensions\redhat.java-1.55.0-win32-x64\jre\21.0.11-win32-x86_64\bin\jli.dll
0x00007ffbf23e0000 - 0x00007ffbf25a7000 	C:\WINDOWS\System32\USER32.dll
0x00007ffbf0080000 - 0x00007ffbf00a7000 	C:\WINDOWS\System32\win32u.dll
0x00007ffbdc520000 - 0x00007ffbdc7b2000 	C:\WINDOWS\WinSxS\amd64_microsoft.windows.common-controls_6595b64144ccf1df_6.0.26100.8875_none_3e0d5d42e32fe9dd\COMCTL32.dll
0x00007ffbf0ca0000 - 0x00007ffbf0d49000 	C:\WINDOWS\System32\msvcrt.dll
0x00007ffbf0ba0000 - 0x00007ffbf0bcb000 	C:\WINDOWS\System32\GDI32.dll
0x00007ffbf0620000 - 0x00007ffbf074a000 	C:\WINDOWS\System32\gdi32full.dll
0x00007ffbf0ae0000 - 0x00007ffbf0b83000 	C:\WINDOWS\System32\msvcp_win.dll
0x00007ffbf0dc0000 - 0x00007ffbf0df2000 	C:\WINDOWS\System32\IMM32.DLL
0x00007ffbe19c0000 - 0x00007ffbe19cc000 	c:\Users\gueva\.vscode\extensions\redhat.java-1.55.0-win32-x64\jre\21.0.11-win32-x86_64\bin\vcruntime140_1.dll
0x00007ffbae2d0000 - 0x00007ffbae35d000 	c:\Users\gueva\.vscode\extensions\redhat.java-1.55.0-win32-x64\jre\21.0.11-win32-x86_64\bin\msvcp140.dll
0x00007ffb44f50000 - 0x00007ffb45cf2000 	c:\Users\gueva\.vscode\extensions\redhat.java-1.55.0-win32-x64\jre\21.0.11-win32-x86_64\bin\server\jvm.dll
0x00007ffbf0e00000 - 0x00007ffbf0eb7000 	C:\WINDOWS\System32\ADVAPI32.dll
0x00007ffbf2d60000 - 0x00007ffbf2e0a000 	C:\WINDOWS\System32\sechost.dll
0x00007ffbf27b0000 - 0x00007ffbf28c8000 	C:\WINDOWS\System32\RPCRT4.dll
0x00007ffbf16a0000 - 0x00007ffbf1720000 	C:\WINDOWS\System32\WS2_32.dll
0x00007ffbe6220000 - 0x00007ffbe6256000 	C:\WINDOWS\SYSTEM32\WINMM.dll
0x00007ffbefee0000 - 0x00007ffbeff3e000 	C:\WINDOWS\SYSTEM32\POWRPROF.dll
0x00007ffbde460000 - 0x00007ffbde46b000 	C:\WINDOWS\SYSTEM32\VERSION.dll
0x00007ffbefeb0000 - 0x00007ffbefec4000 	C:\WINDOWS\SYSTEM32\UMPDC.dll
0x00007ffbeed60000 - 0x00007ffbeed7b000 	C:\WINDOWS\SYSTEM32\kernel.appcore.dll
0x00007ffbe1610000 - 0x00007ffbe161a000 	c:\Users\gueva\.vscode\extensions\redhat.java-1.55.0-win32-x64\jre\21.0.11-win32-x86_64\bin\jimage.dll
0x00007ffbed720000 - 0x00007ffbed962000 	C:\WINDOWS\SYSTEM32\DBGHELP.DLL
0x00007ffbf1730000 - 0x00007ffbf1ab3000 	C:\WINDOWS\System32\combase.dll
0x00007ffbf25b0000 - 0x00007ffbf2689000 	C:\WINDOWS\System32\OLEAUT32.dll
0x00007ffbdc7c0000 - 0x00007ffbdc7fb000 	C:\WINDOWS\SYSTEM32\dbgcore.DLL
0x00007ffbf0a20000 - 0x00007ffbf0acc000 	C:\WINDOWS\System32\bcryptPrimitives.dll
0x00007ffbe1220000 - 0x00007ffbe122f000 	c:\Users\gueva\.vscode\extensions\redhat.java-1.55.0-win32-x64\jre\21.0.11-win32-x86_64\bin\instrument.dll
0x00007ffbd7fc0000 - 0x00007ffbd7fe0000 	c:\Users\gueva\.vscode\extensions\redhat.java-1.55.0-win32-x64\jre\21.0.11-win32-x86_64\bin\java.dll
0x00007ffbf1bb0000 - 0x00007ffbf2342000 	C:\WINDOWS\System32\SHELL32.dll
0x00007ffbed970000 - 0x00007ffbee202000 	C:\WINDOWS\SYSTEM32\windows.storage.dll
0x00007ffbf15a0000 - 0x00007ffbf1697000 	C:\WINDOWS\System32\SHCORE.dll
0x00007ffbf0d50000 - 0x00007ffbf0db7000 	C:\WINDOWS\System32\shlwapi.dll
0x00007ffbeffa0000 - 0x00007ffbeffc9000 	C:\WINDOWS\SYSTEM32\profapi.dll
0x00007ffbd7300000 - 0x00007ffbd7318000 	c:\Users\gueva\.vscode\extensions\redhat.java-1.55.0-win32-x64\jre\21.0.11-win32-x86_64\bin\zip.dll
0x00007ffbe15d0000 - 0x00007ffbe15e0000 	C:\Users\gueva\.vscode\extensions\redhat.java-1.55.0-win32-x64\jre\21.0.11-win32-x86_64\bin\net.dll
0x00007ffbe5e40000 - 0x00007ffbe5f67000 	C:\WINDOWS\SYSTEM32\WINHTTP.dll
0x00007ffbef310000 - 0x00007ffbef37c000 	C:\WINDOWS\system32\mswsock.dll
0x00007ffbd7230000 - 0x00007ffbd7246000 	C:\Users\gueva\.vscode\extensions\redhat.java-1.55.0-win32-x64\jre\21.0.11-win32-x86_64\bin\nio.dll
0x00007ffbdf8c0000 - 0x00007ffbdf8d0000 	c:\Users\gueva\.vscode\extensions\redhat.java-1.55.0-win32-x64\jre\21.0.11-win32-x86_64\bin\verify.dll
0x00007ffbb46b0000 - 0x00007ffbb46f5000 	C:\Users\gueva\AppData\Roaming\Code\User\globalStorage\redhat.java\1.55.0\config_win\org.eclipse.equinox.launcher\org.eclipse.equinox.launcher.win32.win32.x86_64_1.3.100.v20260613-0559\eclipse_11924.dll
0x00007ffbf28d0000 - 0x00007ffbf2a69000 	C:\WINDOWS\System32\ole32.dll

JVMTI agents:
c:\Users\gueva\.vscode\extensions\redhat.java-1.55.0-win32-x64\lombok\lombok-1.18.39-4050.jar path:c:\Users\gueva\.vscode\extensions\redhat.java-1.55.0-win32-x64\jre\21.0.11-win32-x86_64\bin\instrument.dll, loaded, initialized, instrumentlib options:none

dbghelp: loaded successfully - version: 4.0.5 - missing functions: none
symbol engine: initialized successfully - sym options: 0x614 - pdb path: .;c:\Users\gueva\.vscode\extensions\redhat.java-1.55.0-win32-x64\jre\21.0.11-win32-x86_64\bin;C:\WINDOWS\SYSTEM32;C:\WINDOWS\WinSxS\amd64_microsoft.windows.common-controls_6595b64144ccf1df_6.0.26100.8875_none_3e0d5d42e32fe9dd;c:\Users\gueva\.vscode\extensions\redhat.java-1.55.0-win32-x64\jre\21.0.11-win32-x86_64\bin\server;C:\Users\gueva\AppData\Roaming\Code\User\globalStorage\redhat.java\1.55.0\config_win\org.eclipse.equinox.launcher\org.eclipse.equinox.launcher.win32.win32.x86_64_1.3.100.v20260613-0559

VM Arguments:
jvm_args: --add-modules=ALL-SYSTEM --add-opens=java.base/java.util=ALL-UNNAMED --add-opens=java.base/java.lang=ALL-UNNAMED --add-opens=java.base/sun.nio.fs=ALL-UNNAMED -Declipse.application=org.eclipse.jdt.ls.core.id1 -Dosgi.bundles.defaultStartLevel=4 -Declipse.product=org.eclipse.jdt.ls.core.product -Djava.import.generatesMetadataFilesAtProjectRoot=false -DDetectVMInstallationsJob.disabled=true -Dfile.encoding=utf8 -XX:+UseParallelGC -XX:GCTimeRatio=4 -XX:AdaptiveSizePolicyWeight=90 -Dsun.zip.disableMemoryMapping=true -Xmx2G -Xms100m -Xlog:disable -javaagent:c:\Users\gueva\.vscode\extensions\redhat.java-1.55.0-win32-x64\lombok\lombok-1.18.39-4050.jar -XX:+HeapDumpOnOutOfMemoryError -XX:HeapDumpPath=c:\Users\gueva\AppData\Roaming\Code\User\workspaceStorage\44fb2ca8477ceeac58e2505a295ba8ed\redhat.java -Daether.dependencyCollector.impl=bf 
java_command: c:\Users\gueva\.vscode\extensions\redhat.java-1.55.0-win32-x64\server\plugins\org.eclipse.equinox.launcher_1.7.200.v20260619-2039.jar -configuration c:\Users\gueva\AppData\Roaming\Code\User\globalStorage\redhat.java\1.55.0\config_win -data c:\Users\gueva\AppData\Roaming\Code\User\workspaceStorage\44fb2ca8477ceeac58e2505a295ba8ed\redhat.java\jdt_ws --pipe=\\.\pipe\lsp-bddc64aaef049ba503b691339385fe50-sock
java_class_path (initial): c:\Users\gueva\.vscode\extensions\redhat.java-1.55.0-win32-x64\server\plugins\org.eclipse.equinox.launcher_1.7.200.v20260619-2039.jar
Launcher Type: SUN_STANDARD

[Global flags]
    uintx AdaptiveSizePolicyWeight                 = 90                                        {product} {command line}
     intx CICompilerCount                          = 4                                         {product} {ergonomic}
    uintx GCTimeRatio                              = 4                                         {product} {command line}
     bool HeapDumpOnOutOfMemoryError               = true                                   {manageable} {command line}
    ccstr HeapDumpPath                             = c:\Users\gueva\AppData\Roaming\Code\User\workspaceStorage\44fb2ca8477ceeac58e2505a295ba8ed\redhat.java         {manageable} {command line}
   size_t InitialHeapSize                          = 104857600                                 {product} {command line}
   size_t MaxHeapSize                              = 2147483648                                {product} {command line}
   size_t MaxNewSize                               = 715653120                                 {product} {ergonomic}
   size_t MinHeapDeltaBytes                        = 524288                                    {product} {ergonomic}
   size_t MinHeapSize                              = 104857600                                 {product} {command line}
   size_t NewSize                                  = 34603008                                  {product} {ergonomic}
    uintx NonNMethodCodeHeapSize                   = 5839372                                {pd product} {ergonomic}
    uintx NonProfiledCodeHeapSize                  = 122909434                              {pd product} {ergonomic}
   size_t OldSize                                  = 70254592                                  {product} {ergonomic}
    uintx ProfiledCodeHeapSize                     = 122909434                              {pd product} {ergonomic}
    uintx ReservedCodeCacheSize                    = 251658240                              {pd product} {ergonomic}
     bool SegmentedCodeCache                       = true                                      {product} {ergonomic}
   size_t SoftMaxHeapSize                          = 2147483648                             {manageable} {ergonomic}
     bool UseCompressedOops                        = true                           {product lp64_product} {ergonomic}
     bool UseLargePagesIndividualAllocation        = false                                  {pd product} {ergonomic}
     bool UseParallelGC                            = true                                      {product} {command line}

Logging:
Log output configuration:
 #0: stdout all=off uptime,level,tags foldmultilines=false
 #1: stderr all=off uptime,level,tags foldmultilines=false

Release file:
JAVA_VERSION="21.0.11" 
MODULES="java.base java.compiler java.datatransfer java.xml java.prefs java.desktop java.instrument java.logging java.management java.security.sasl java.naming java.rmi java.management.rmi java.net.http java.scripting java.security.jgss java.transaction.xa java.sql java.sql.rowset java.xml.crypto java.se java.smartcardio jdk.accessibility jdk.internal.jvmstat jdk.attach jdk.charsets jdk.internal.opt jdk.zipfs jdk.compiler jdk.crypto.ec jdk.crypto.cryptoki jdk.crypto.mscapi jdk.dynalink jdk.internal.ed jdk.editpad jdk.hotspot.agent jdk.httpserver jdk.internal.le jdk.internal.vm.ci jdk.internal.vm.compiler jdk.internal.vm.compiler.management jdk.jartool jdk.javadoc jdk.jcmd jdk.management jdk.management.agent jdk.jconsole jdk.jdeps jdk.jdwp.agent jdk.jdi jdk.jfr jdk.jshell jdk.jsobject jdk.jstatd jdk.localedata jdk.management.jfr jdk.naming.dns jdk.naming.rmi jdk.net jdk.nio.mapmode jdk.random jdk.sctp jdk.security.auth jdk.security.jgss jdk.unsupported jdk.unsupported.desktop jdk.xml.dom" 

Environment Variables:
PATH=C:\Program Files\Common Files\Oracle\Java\javapath;C:\WINDOWS\system32;C:\WINDOWS;C:\WINDOWS\System32\Wbem;C:\WINDOWS\System32\WindowsPowerShell\v1.0\;C:\WINDOWS\System32\OpenSSH\;C:\Program Files\dotnet\;C:\Program Files\Java\jdk-25\bin;C:\Program Files\nodejs\;C:\xampp\php;C:\ProgramData\ComposerSetup\bin;C:\Program Files\Git\cmd;C:\Program Files (x86)\Microsoft SQL Server\160\Tools\Binn\;C:\Program Files\Microsoft SQL Server\160\Tools\Binn\;C:\Program Files\Microsoft SQL Server\Client SDK\ODBC\170\Tools\Binn\;C:\Program Files\Microsoft SQL Server\160\DTS\Binn\;C:\Program Files (x86)\Microsoft SQL Server\160\DTS\Binn\;C:\ProgramData\chocolatey\bin;C:\flutter\bin;;C:\Program Files\Docker\Docker\resources\bin;C:\Users\gueva\AppData\Local\Programs\Python\Launcher\;C:\Program Files\MySQL\MySQL Shell 8.0\bin\;C:\Users\gueva\AppData\Local\Microsoft\WindowsApps;C:\Users\gueva\AppData\Local\Programs\Microsoft VS Code\bin;C:\Users\gueva\AppData\Roaming\npm;C:\Users\gueva\AppData\Roaming\Composer\vendor\bin;C:\Users\gueva\AppData\Roaming\npm;C:\Users\gueva\AppData\Local\Python\bin;C:\Program Files\Git\bin;C:\Users\gueva\AppData\Local\Programs\mongosh\;C:\Program Files\MongoDB\Tools\100\bin;C:\Program Files\MongoDB\Server\8.2\bin;C:\Program Files\MySQL\MySQL Server 8.0\bin;C:\Program Files\Docker\Docker
USERNAME=gueva
OS=Windows_NT
PROCESSOR_IDENTIFIER=AMD64 Family 23 Model 160 Stepping 0, AuthenticAMD
TMP=C:\Users\gueva\AppData\Local\Temp
TEMP=C:\Users\gueva\AppData\Local\Temp




Periodic native trim disabled

---------------  S Y S T E M  ---------------

OS:
 Windows 11 , 64 bit Build 26100 (10.0.26100.8875)
OS uptime: 0 days 19:05 hours
Hyper-V role detected

CPU: total 8 (initial active 8) (8 cores per cpu, 2 threads per core) family 23 model 160 stepping 0 microcode 0x8a0000b, cx8, cmov, fxsr, ht, mmx, 3dnowpref, sse, sse2, sse3, ssse3, sse4a, sse4.1, sse4.2, popcnt, lzcnt, tsc, tscinvbit, avx, avx2, aes, clmul, bmi1, bmi2, adx, sha, fma, vzeroupper, clflush, clflushopt, hv, rdtscp, rdpid, f16c
Processor Information for the first 8 processors :
  Max Mhz: 2801, Current Mhz: 2801, Mhz Limit: 2801

Memory: 4k page, system-wide physical 7379M (476M free)
TotalPageFile size 29907M (AvailPageFile size 72M)
current process WorkingSet (physical memory assigned to process): 100M, peak: 100M
current process commit charge ("private bytes"): 244M, peak: 244M

vm_info: OpenJDK 64-Bit Server VM (21.0.11+10-LTS) for windows-amd64 JRE (21.0.11+10-LTS), built on 2026-04-21T00:00:00Z by "admin" with MS VC++ 17.12 (VS2022)

END.
