#
# There is insufficient memory for the Java Runtime Environment to continue.
# Native memory allocation (malloc) failed to allocate 1192976 bytes. Error detail: Chunk::new
# Possible reasons:
#   The system is out of physical RAM or swap space
#   This process is running with CompressedOops enabled, and the Java Heap may be blocking the growth of the native heap
# Possible solutions:
#   Reduce memory load on the system
#   Increase physical memory or swap space
#   Check if swap backing store is full
#   Decrease Java heap size (-Xmx/-Xms)
#   Decrease number of Java threads
#   Decrease Java thread stack sizes (-Xss)
#   Set larger code cache with -XX:ReservedCodeCacheSize=
#   JVM is running with Unscaled Compressed Oops mode in which the Java heap is
#     placed in the first 4GB address space. The Java Heap base address is the
#     maximum limit for the native heap growth. Please use -XX:HeapBaseMinAddress
#     to set the Java Heap base and to place the Java Heap above 4GB virtual address.
# This output file may be truncated or incomplete.
#
#  Out of Memory Error (arena.cpp:168), pid=6456, tid=4508
#
# JRE version: OpenJDK Runtime Environment Temurin-21.0.11+10 (21.0.11+10) (build 21.0.11+10-LTS)
# Java VM: OpenJDK 64-Bit Server VM Temurin-21.0.11+10 (21.0.11+10-LTS, mixed mode, sharing, tiered, compressed oops, compressed class ptrs, parallel gc, windows-amd64)
# No core dump will be written. Minidumps are not enabled by default on client versions of Windows
#

---------------  S U M M A R Y ------------

Command Line: --add-modules=ALL-SYSTEM --add-opens=java.base/java.util=ALL-UNNAMED --add-opens=java.base/java.lang=ALL-UNNAMED --add-opens=java.base/sun.nio.fs=ALL-UNNAMED -Declipse.application=org.eclipse.jdt.ls.core.id1 -Dosgi.bundles.defaultStartLevel=4 -Declipse.product=org.eclipse.jdt.ls.core.product -Djava.import.generatesMetadataFilesAtProjectRoot=false -DDetectVMInstallationsJob.disabled=true -Dfile.encoding=utf8 -XX:+UseParallelGC -XX:GCTimeRatio=4 -XX:AdaptiveSizePolicyWeight=90 -Dsun.zip.disableMemoryMapping=true -Xmx2G -Xms100m -Xlog:disable -javaagent:c:\Users\gueva\.vscode\extensions\redhat.java-1.55.0-win32-x64\lombok\lombok-1.18.39-4050.jar -XX:+HeapDumpOnOutOfMemoryError -XX:HeapDumpPath=c:\Users\gueva\AppData\Roaming\Code\User\workspaceStorage\44fb2ca8477ceeac58e2505a295ba8ed\redhat.java -Daether.dependencyCollector.impl=bf c:\Users\gueva\.vscode\extensions\redhat.java-1.55.0-win32-x64\server\plugins\org.eclipse.equinox.launcher_1.7.200.v20260619-2039.jar -configuration c:\Users\gueva\AppData\Roaming\Code\User\globalStorage\redhat.java\1.55.0\config_win -data c:\Users\gueva\AppData\Roaming\Code\User\workspaceStorage\44fb2ca8477ceeac58e2505a295ba8ed\redhat.java\jdt_ws --pipe=\\.\pipe\lsp-0fee0fc487447d9600d5cb221ad7a50f-sock

Host: AMD Ryzen 5 7520U with Radeon Graphics         , 8 cores, 7G,  Windows 11 , 64 bit Build 26100 (10.0.26100.8875)
Time: Sun Jul 19 19:54:27 2026 Hora est嫕dar central (M憖ico) elapsed time: 72.288268 seconds (0d 0h 1m 12s)

---------------  T H R E A D  ---------------

Current thread (0x000002a2ec5b56d0):  JavaThread "C2 CompilerThread0" daemon [_thread_in_native, id=4508, stack(0x000000fafe500000,0x000000fafe600000) (1024K)]


Current CompileTask:
C2:72288 15711 %     4       org.apache.maven.repository.internal.ArtifactDescriptorReaderDelegate::populateResult @ 126 (426 bytes)

Stack: [0x000000fafe500000,0x000000fafe600000]
Native frames: (J=compiled Java code, j=interpreted, Vv=VM code, C=native code)
V  [jvm.dll+0x6d7e19]
V  [jvm.dll+0x8b5096]
V  [jvm.dll+0x8b764e]
V  [jvm.dll+0x8b7d33]
V  [jvm.dll+0x284596]
V  [jvm.dll+0xc685d]
V  [jvm.dll+0xc6da1]
V  [jvm.dll+0x3bed31]
V  [jvm.dll+0x38b2b2]
V  [jvm.dll+0x38a6fa]
V  [jvm.dll+0x24c700]
V  [jvm.dll+0x24bce0]
V  [jvm.dll+0x1cb4ae]
V  [jvm.dll+0x25baad]
V  [jvm.dll+0x25a03a]
V  [jvm.dll+0x3f868e]
V  [jvm.dll+0x85fb0d]
V  [jvm.dll+0x6d664d]
C  [ucrtbase.dll+0x2cd30]
C  [KERNEL32.DLL+0x2e957]
C  [ntdll.dll+0xaad6c]


---------------  P R O C E S S  ---------------

Threads class SMR info:
_java_thread_list=0x000002a2f277b9a0, length=58, elements={
0x000002a2d5b2eb30, 0x000002a2ec5a83e0, 0x000002a2d5bee480, 0x000002a2ec5abe30,
0x000002a2ec5acb10, 0x000002a2ec5b02a0, 0x000002a2ec5b3ad0, 0x000002a2ec5b56d0,
0x000002a2ec5b9ee0, 0x000002a2f22941b0, 0x000002a2f2386d80, 0x000002a2f294f020,
0x000002a2f2cfd8b0, 0x000002a2f2d95fd0, 0x000002a2f2d9aa20, 0x000002a2f2ed7e70,
0x000002a2f34ac720, 0x000002a2f23c8530, 0x000002a2f2a3c340, 0x000002a2f2a3c9d0,
0x000002a2f2a3af90, 0x000002a2f2a3d060, 0x000002a2f2a3a900, 0x000002a2f2a3a270,
0x000002a2f2a3bcb0, 0x000002a2f34f18a0, 0x000002a2f34f25c0, 0x000002a2f34f1f30,
0x000002a2f34efe60, 0x000002a2f34f2c50, 0x000002a2f34f04f0, 0x000002a2f34f0b80,
0x000002a2f34ef7d0, 0x000002a2f34f1210, 0x000002a2f39c8a10, 0x000002a2f39c7cf0,
0x000002a2f39c9dc0, 0x000002a2f39c8380, 0x000002a2f39c9730, 0x000002a2f39caae0,
0x000002a2f39ca450, 0x000002a2f39cb170, 0x000002a2f39cdf60, 0x000002a2f39ce5f0,
0x000002a2f39ccbb0, 0x000002a2f39cd8d0, 0x000002a2f39cb800, 0x000002a2f39cc520,
0x000002a2f39cec80, 0x000002a2f39cf310, 0x000002a2f2be43a0, 0x000002a2f5e5ed60,
0x000002a2f2be4a30, 0x000002a2f2be5750, 0x000002a2f2be50c0, 0x000002a2f2be5de0,
0x000002a2f2be2960, 0x000002a2f4dd5700
}

Java Threads: ( => current thread )
  0x000002a2d5b2eb30 JavaThread "main"                              [_thread_blocked, id=24584, stack(0x000000fafdb00000,0x000000fafdc00000) (1024K)]
  0x000002a2ec5a83e0 JavaThread "Reference Handler"          daemon [_thread_blocked, id=23712, stack(0x000000fafdf00000,0x000000fafe000000) (1024K)]
  0x000002a2d5bee480 JavaThread "Finalizer"                  daemon [_thread_blocked, id=31256, stack(0x000000fafe000000,0x000000fafe100000) (1024K)]
  0x000002a2ec5abe30 JavaThread "Signal Dispatcher"          daemon [_thread_blocked, id=22588, stack(0x000000fafe100000,0x000000fafe200000) (1024K)]
  0x000002a2ec5acb10 JavaThread "Attach Listener"            daemon [_thread_blocked, id=30656, stack(0x000000fafe200000,0x000000fafe300000) (1024K)]
  0x000002a2ec5b02a0 JavaThread "Service Thread"             daemon [_thread_blocked, id=21644, stack(0x000000fafe300000,0x000000fafe400000) (1024K)]
  0x000002a2ec5b3ad0 JavaThread "Monitor Deflation Thread"   daemon [_thread_blocked, id=14112, stack(0x000000fafe400000,0x000000fafe500000) (1024K)]
=>0x000002a2ec5b56d0 JavaThread "C2 CompilerThread0"         daemon [_thread_in_native, id=4508, stack(0x000000fafe500000,0x000000fafe600000) (1024K)]
  0x000002a2ec5b9ee0 JavaThread "C1 CompilerThread0"         daemon [_thread_blocked, id=11544, stack(0x000000fafe600000,0x000000fafe700000) (1024K)]
  0x000002a2f22941b0 JavaThread "Common-Cleaner"             daemon [_thread_blocked, id=1812, stack(0x000000fafe800000,0x000000fafe900000) (1024K)]
  0x000002a2f2386d80 JavaThread "Notification Thread"        daemon [_thread_blocked, id=11492, stack(0x000000fafe900000,0x000000fafea00000) (1024K)]
  0x000002a2f294f020 JavaThread "Active Thread: Equinox Container: dab3299f-8f7f-45c4-a508-83b56060065f"        [_thread_blocked, id=14584, stack(0x000000fafef00000,0x000000faff000000) (1024K)]
  0x000002a2f2cfd8b0 JavaThread "Refresh Thread: Equinox Container: dab3299f-8f7f-45c4-a508-83b56060065f" daemon [_thread_blocked, id=31764, stack(0x000000faff100000,0x000000faff200000) (1024K)]
  0x000002a2f2d95fd0 JavaThread "Framework Event Dispatcher: Equinox Container: dab3299f-8f7f-45c4-a508-83b56060065f" daemon [_thread_blocked, id=19012, stack(0x000000faff200000,0x000000faff300000) (1024K)]
  0x000002a2f2d9aa20 JavaThread "Start Level: Equinox Container: dab3299f-8f7f-45c4-a508-83b56060065f" daemon [_thread_blocked, id=368, stack(0x000000faff300000,0x000000faff400000) (1024K)]
  0x000002a2f2ed7e70 JavaThread "Bundle File Closer"         daemon [_thread_blocked, id=1140, stack(0x000000faff400000,0x000000faff500000) (1024K)]
  0x000002a2f34ac720 JavaThread "SCR Component Actor"        daemon [_thread_blocked, id=9148, stack(0x000000faff500000,0x000000faff600000) (1024K)]
  0x000002a2f23c8530 JavaThread "Worker-JM"                         [_thread_blocked, id=12072, stack(0x000000faff700000,0x000000faff800000) (1024K)]
  0x000002a2f2a3c340 JavaThread "JNA Cleaner"                daemon [_thread_blocked, id=30260, stack(0x000000faff600000,0x000000faff700000) (1024K)]
  0x000002a2f2a3c9d0 JavaThread "Worker-0"                          [_thread_blocked, id=11688, stack(0x000000faff800000,0x000000faff900000) (1024K)]
  0x000002a2f2a3af90 JavaThread "Worker-1"                          [_thread_blocked, id=13488, stack(0x000000faff900000,0x000000faffa00000) (1024K)]
  0x000002a2f2a3d060 JavaThread "Worker-2: Initialize workspace"        [_thread_blocked, id=31604, stack(0x000000faffa00000,0x000000faffb00000) (1024K)]
  0x000002a2f2a3a900 JavaThread "Java indexing"              daemon [_thread_blocked, id=19612, stack(0x000000faffb00000,0x000000faffc00000) (1024K)]
  0x000002a2f2a3a270 JavaThread "Worker-3"                          [_thread_blocked, id=30056, stack(0x000000faffe00000,0x000000fafff00000) (1024K)]
  0x000002a2f2a3bcb0 JavaThread "Worker-4"                          [_thread_blocked, id=28660, stack(0x000000fafff00000,0x000000fb00000000) (1024K)]
  0x000002a2f34f18a0 JavaThread "Thread-1"                   daemon [_thread_in_native, id=2812, stack(0x000000fa80000000,0x000000fa80100000) (1024K)]
  0x000002a2f34f25c0 JavaThread "Thread-2"                   daemon [_thread_in_native, id=27780, stack(0x000000fa80100000,0x000000fa80200000) (1024K)]
  0x000002a2f34f1f30 JavaThread "Thread-3"                   daemon [_thread_in_native, id=21120, stack(0x000000fa80200000,0x000000fa80300000) (1024K)]
  0x000002a2f34efe60 JavaThread "Thread-4"                   daemon [_thread_in_native, id=1832, stack(0x000000fa80300000,0x000000fa80400000) (1024K)]
  0x000002a2f34f2c50 JavaThread "Thread-5"                   daemon [_thread_in_native, id=26556, stack(0x000000fa80400000,0x000000fa80500000) (1024K)]
  0x000002a2f34f04f0 JavaThread "Thread-6"                   daemon [_thread_in_native, id=17412, stack(0x000000fa80500000,0x000000fa80600000) (1024K)]
  0x000002a2f34f0b80 JavaThread "Thread-7"                   daemon [_thread_in_native, id=14300, stack(0x000000fa80600000,0x000000fa80700000) (1024K)]
  0x000002a2f34ef7d0 JavaThread "Thread-8"                   daemon [_thread_in_native, id=2780, stack(0x000000fa80700000,0x000000fa80800000) (1024K)]
  0x000002a2f34f1210 JavaThread "Thread-9"                   daemon [_thread_in_native, id=31220, stack(0x000000fa80800000,0x000000fa80900000) (1024K)]
  0x000002a2f39c8a10 JavaThread "pool-2-thread-1"                   [_thread_blocked, id=20064, stack(0x000000fa80900000,0x000000fa80a00000) (1024K)]
  0x000002a2f39c7cf0 JavaThread "WorkspaceEventsHandler"            [_thread_blocked, id=7856, stack(0x000000fa80a00000,0x000000fa80b00000) (1024K)]
  0x000002a2f39c9dc0 JavaThread "pool-1-thread-1"                   [_thread_blocked, id=8756, stack(0x000000fa80b00000,0x000000fa80c00000) (1024K)]
  0x000002a2f39c8380 JavaThread "PatternSearchJob-worker-1"  daemon [_thread_blocked, id=21508, stack(0x000000fa80c00000,0x000000fa80d00000) (1024K)]
  0x000002a2f39c9730 JavaThread "PatternSearchJob-worker-2"  daemon [_thread_blocked, id=14636, stack(0x000000fa80d00000,0x000000fa80e00000) (1024K)]
  0x000002a2f39caae0 JavaThread "PatternSearchJob-worker-3"  daemon [_thread_blocked, id=32352, stack(0x000000fa80e00000,0x000000fa80f00000) (1024K)]
  0x000002a2f39ca450 JavaThread "PatternSearchJob-worker-4"  daemon [_thread_blocked, id=29700, stack(0x000000fa80f00000,0x000000fa81000000) (1024K)]
  0x000002a2f39cb170 JavaThread "PatternSearchJob-worker-6"  daemon [_thread_blocked, id=25236, stack(0x000000fa81000000,0x000000fa81100000) (1024K)]
  0x000002a2f39cdf60 JavaThread "PatternSearchJob-worker-5"  daemon [_thread_blocked, id=30240, stack(0x000000fa81100000,0x000000fa81200000) (1024K)]
  0x000002a2f39ce5f0 JavaThread "PatternSearchJob-worker-7"  daemon [_thread_blocked, id=9576, stack(0x000000fa81200000,0x000000fa81300000) (1024K)]
  0x000002a2f39ccbb0 JavaThread "ForkJoinPool.commonPool-worker-1" daemon [_thread_blocked, id=8212, stack(0x000000fa81300000,0x000000fa81400000) (1024K)]
  0x000002a2f39cd8d0 JavaThread "ForkJoinPool.commonPool-worker-2" daemon [_thread_blocked, id=12748, stack(0x000000fa81400000,0x000000fa81500000) (1024K)]
  0x000002a2f39cb800 JavaThread "ForkJoinPool.commonPool-worker-3" daemon [_thread_blocked, id=30408, stack(0x000000fa81500000,0x000000fa81600000) (1024K)]
  0x000002a2f39cc520 JavaThread "ForkJoinPool.commonPool-worker-4" daemon [_thread_blocked, id=1136, stack(0x000000fa81600000,0x000000fa81700000) (1024K)]
  0x000002a2f39cec80 JavaThread "ForkJoinPool.commonPool-worker-5" daemon [_thread_blocked, id=17648, stack(0x000000fa81700000,0x000000fa81800000) (1024K)]
  0x000002a2f39cf310 JavaThread "ForkJoinPool.commonPool-worker-6" daemon [_thread_blocked, id=31456, stack(0x000000fa81800000,0x000000fa81900000) (1024K)]
  0x000002a2f2be43a0 JavaThread "ForkJoinPool.commonPool-worker-7" daemon [_thread_blocked, id=14128, stack(0x000000fa81e00000,0x000000fa81f00000) (1024K)]
  0x000002a2f5e5ed60 JavaThread "C2 CompilerThread1"         daemon [_thread_in_native, id=13404, stack(0x000000fa81900000,0x000000fa81a00000) (1024K)]
  0x000002a2f2be4a30 JavaThread "ParallelDescriptorResolver-7-0" daemon [_thread_in_Java, id=28344, stack(0x000000fa81a00000,0x000000fa81b00000) (1024K)]
  0x000002a2f2be5750 JavaThread "ParallelDescriptorResolver-7-1" daemon [_thread_in_native, id=30132, stack(0x000000fa81b00000,0x000000fa81c00000) (1024K)]
  0x000002a2f2be50c0 JavaThread "ParallelDescriptorResolver-7-2" daemon [_thread_in_Java, id=6612, stack(0x000000fa81c00000,0x000000fa81d00000) (1024K)]
  0x000002a2f2be5de0 JavaThread "ParallelDescriptorResolver-7-3" daemon [_thread_in_native, id=10436, stack(0x000000fa81d00000,0x000000fa81e00000) (1024K)]
  0x000002a2f2be2960 JavaThread "ParallelDescriptorResolver-7-4" daemon [_thread_in_native, id=14784, stack(0x000000fa81f00000,0x000000fa82000000) (1024K)]
  0x000002a2f4dd5700 JavaThread "C2 CompilerThread2"         daemon [_thread_in_native, id=18200, stack(0x000000fa82000000,0x000000fa82100000) (1024K)]
Total: 58

Other Threads:
  0x000002a2d5bd27b0 VMThread "VM Thread"                           [id=27364, stack(0x000000fafde00000,0x000000fafdf00000) (1024K)]
  0x000002a2ec4bba00 WatcherThread "VM Periodic Task Thread"        [id=11660, stack(0x000000fafdd00000,0x000000fafde00000) (1024K)]
  0x000002a2d5b4d2a0 WorkerThread "GC Thread#0"                     [id=18364, stack(0x000000fafdc00000,0x000000fafdd00000) (1024K)]
  0x000002a2f27249b0 WorkerThread "GC Thread#1"                     [id=17744, stack(0x000000fafe700000,0x000000fafe800000) (1024K)]
  0x000002a2f2724d60 WorkerThread "GC Thread#2"                     [id=18016, stack(0x000000fafea00000,0x000000fafeb00000) (1024K)]
  0x000002a2f2560140 WorkerThread "GC Thread#3"                     [id=25532, stack(0x000000fafeb00000,0x000000fafec00000) (1024K)]
  0x000002a2f25604f0 WorkerThread "GC Thread#4"                     [id=26236, stack(0x000000fafec00000,0x000000fafed00000) (1024K)]
  0x000002a2f25608a0 WorkerThread "GC Thread#5"                     [id=32524, stack(0x000000fafed00000,0x000000fafee00000) (1024K)]
  0x000002a2f27f7aa0 WorkerThread "GC Thread#6"                     [id=15036, stack(0x000000fafee00000,0x000000fafef00000) (1024K)]
  0x000002a2f2e2e4c0 WorkerThread "GC Thread#7"                     [id=13908, stack(0x000000faff000000,0x000000faff100000) (1024K)]
Total: 10

Threads with active compile tasks:
C2 CompilerThread0  72371 15711 %     4       org.apache.maven.repository.internal.ArtifactDescriptorReaderDelegate::populateResult @ 126 (426 bytes)
C1 CompilerThread0  72371 15740       3       java.util.AbstractCollection::toArray (144 bytes)
C2 CompilerThread1  72371 15734       4       org.codehaus.plexus.util.xml.Xpp3Dom::mergeIntoXpp3Dom (518 bytes)
C2 CompilerThread2  72371 15732       4       org.apache.maven.model.io.xpp3.MavenXpp3Reader::parsePluginExecution (345 bytes)
Total: 4

VM state: not at safepoint (normal execution)

VM Mutex/Monitor currently owned by a thread: None

Heap address: 0x0000000080000000, size: 2048 MB, Compressed Oops mode: 32-bit

CDS archive(s) mapped at: [0x000002a280000000-0x000002a280ba0000-0x000002a280ba0000), size 12189696, SharedBaseAddress: 0x000002a280000000, ArchiveRelocationMode: 1.
Compressed class space mapped at: 0x000002a281000000-0x000002a2c1000000, reserved size: 1073741824
Narrow klass base: 0x000002a280000000, Narrow klass shift: 0, Narrow klass range: 0x100000000

GC Precious Log:
 CardTable entry size: 512
 CPUs: 8 total, 8 available
 Memory: 7379M
 Large Page Support: Disabled
 NUMA Support: Disabled
 Compressed Oops: Enabled (32-bit)
 Alignments: Space 512K, Generation 512K, Heap 2M
 Heap Min Capacity: 100M
 Heap Initial Capacity: 100M
 Heap Max Capacity: 2G
 Pre-touch: Disabled
 Parallel Workers: 8

Heap:
 PSYoungGen      total 3072K, used 847K [0x00000000d5580000, 0x00000000d5900000, 0x0000000100000000)
  eden space 2560K, 18% used [0x00000000d5580000,0x00000000d55f8dd0,0x00000000d5800000)
  from space 512K, 75% used [0x00000000d5880000,0x00000000d58e0020,0x00000000d5900000)
  to   space 512K, 0% used [0x00000000d5800000,0x00000000d5800000,0x00000000d5880000)
 ParOldGen       total 291840K, used 269277K [0x0000000080000000, 0x0000000091d00000, 0x00000000d5580000)
  object space 291840K, 92% used [0x0000000080000000,0x00000000906f7788,0x0000000091d00000)
 Metaspace       used 64554K, committed 66112K, reserved 1114112K
  class space    used 6942K, committed 7616K, reserved 1048576K

Card table byte_map: [0x000002a2d54f0000,0x000002a2d5900000] _byte_map_base: 0x000002a2d50f0000

Marking Bits: (ParMarkBitMap*) 0x00007ffb45c14460
 Begin Bits: [0x000002a2e7fe0000, 0x000002a2e9fe0000)
 End Bits:   [0x000002a2e9fe0000, 0x000002a2ebfe0000)

Polling page: 0x000002a2d3bf0000

Metaspace:

Usage:
  Non-class:     56.26 MB used.
      Class:      6.78 MB used.
       Both:     63.04 MB used.

Virtual space:
  Non-class space:       64.00 MB reserved,      57.12 MB ( 89%) committed,  1 nodes.
      Class space:        1.00 GB reserved,       7.44 MB ( <1%) committed,  1 nodes.
             Both:        1.06 GB reserved,      64.56 MB (  6%) committed. 

Chunk freelists:
   Non-Class:  6.77 MB
       Class:  8.46 MB
        Both:  15.23 MB

MaxMetaspaceSize: unlimited
CompressedClassSpaceSize: 1.00 GB
Initial GC threshold: 21.00 MB
Current GC threshold: 97.31 MB
CDS: on
 - commit_granule_bytes: 65536.
 - commit_granule_words: 8192.
 - virtual_space_node_default_size: 8388608.
 - enlarge_chunks_in_place: 1.
 - use_allocation_guard: 0.


Internal statistics:

num_allocs_failed_limit: 11.
num_arena_births: 1274.
num_arena_deaths: 54.
num_vsnodes_births: 2.
num_vsnodes_deaths: 0.
num_space_committed: 1033.
num_space_uncommitted: 0.
num_chunks_returned_to_freelist: 78.
num_chunks_taken_from_freelist: 4475.
num_chunk_merges: 20.
num_chunk_splits: 2721.
num_chunks_enlarged: 1450.
num_inconsistent_stats: 0.

CodeHeap 'non-profiled nmethods': size=120000Kb used=10084Kb max_used=10084Kb free=109915Kb
 bounds [0x000002a2e0800000, 0x000002a2e11e0000, 0x000002a2e7d30000]
CodeHeap 'profiled nmethods': size=120000Kb used=33209Kb max_used=33209Kb free=86790Kb
 bounds [0x000002a2d8d30000, 0x000002a2dada0000, 0x000002a2e0260000]
CodeHeap 'non-nmethods': size=5760Kb used=1427Kb max_used=1497Kb free=4332Kb
 bounds [0x000002a2e0260000, 0x000002a2e04d0000, 0x000002a2e0800000]
CodeCache: size=245760Kb, used=44720Kb, max_used=44790Kb, free=201037Kb
 total_blobs=15671, nmethods=14934, adapters=642, full_count=0
Compilation: enabled, stopped_count=0, restarted_count=0

Compilation events (20 events):
Event: 71.217 Thread 0x000002a2ec5b9ee0 nmethod 15722 0x000002a2dad9a890 code [0x000002a2dad9aa60, 0x000002a2dad9afa8]
Event: 71.219 Thread 0x000002a2ec5b9ee0 15723       3       org.eclipse.sisu.plexus.PlexusConfigurations::lookup (24 bytes)
Event: 71.219 Thread 0x000002a2ec5b9ee0 nmethod 15723 0x000002a2dad9b190 code [0x000002a2dad9b360, 0x000002a2dad9b798]
Event: 71.230 Thread 0x000002a2f5e5ed60 nmethod 15716 0x000002a2e11cf710 code [0x000002a2e11cf9c0, 0x000002a2e11d07a8]
Event: 71.230 Thread 0x000002a2f5e5ed60 15715   !   4       org.apache.maven.model.building.DefaultModelBuilder::configureResolver (140 bytes)
Event: 71.252 Thread 0x000002a2f5e5ed60 nmethod 15715 0x000002a2e11d1190 code [0x000002a2e11d1460, 0x000002a2e11d22b0]
Event: 71.252 Thread 0x000002a2f5e5ed60 15709       4       java.lang.Class::enumConstantDirectory (107 bytes)
Event: 72.268 Thread 0x000002a2ec5b9ee0 15730       3       org.apache.maven.model.inheritance.DefaultInheritanceAssembler$InheritanceModelMerger::appendPath (63 bytes)
Event: 72.268 Thread 0x000002a2ec5b9ee0 nmethod 15730 0x000002a2dad9b910 code [0x000002a2dad9bb80, 0x000002a2dad9c470]
Event: 72.268 Thread 0x000002a2f5e5ed60 nmethod 15709 0x000002a2e11d3190 code [0x000002a2e11d3360, 0x000002a2e11d35c0]
Event: 72.269 Thread 0x000002a2f5e5ed60 15717       4       org.eclipse.aether.artifact.AbstractArtifact::setVersion (40 bytes)
Event: 72.269 Thread 0x000002a2f4dd5700 15727       4       java.io.BufferedReader::fill (170 bytes)
Event: 72.272 Thread 0x000002a2f5e5ed60 nmethod 15717 0x000002a2e11d3790 code [0x000002a2e11d3940, 0x000002a2e11d3d98]
Event: 72.272 Thread 0x000002a2f5e5ed60 15725       4       java.util.LinkedHashMap$LinkedValues::iterator (16 bytes)
Event: 72.273 Thread 0x000002a2f5e5ed60 nmethod 15725 0x000002a2e11d4090 code [0x000002a2e11d4220, 0x000002a2e11d4380]
Event: 72.273 Thread 0x000002a2f5e5ed60 15728  s    4       java.lang.Throwable::fillInStackTrace (29 bytes)
Event: 72.273 Thread 0x000002a2f5e5ed60 nmethod 15728 0x000002a2e11d4490 code [0x000002a2e11d4640, 0x000002a2e11d4940]
Event: 72.273 Thread 0x000002a2f5e5ed60 15724   !   4       sun.nio.ch.FileChannelImpl$Closer::run (28 bytes)
Event: 72.274 Thread 0x000002a2f4dd5700 nmethod 15727 0x000002a2e11d4a10 code [0x000002a2e11d4c00, 0x000002a2e11d5448]
Event: 72.274 Thread 0x000002a2f4dd5700 15726   !   4       sun.nio.fs.WindowsChannelFactory::open (457 bytes)

GC Heap History (20 events):
Event: 71.082 GC heap before
{Heap before GC invocations=1327 (full 3):
 PSYoungGen      total 2560K, used 1814K [0x00000000d5580000, 0x00000000d5880000, 0x0000000100000000)
  eden space 1536K, 99% used [0x00000000d5580000,0x00000000d56fd810,0x00000000d5700000)
  from space 1024K, 28% used [0x00000000d5700000,0x00000000d5748020,0x00000000d5800000)
  to   space 512K, 0% used [0x00000000d5800000,0x00000000d5800000,0x00000000d5880000)
 ParOldGen       total 291840K, used 264803K [0x0000000080000000, 0x0000000091d00000, 0x00000000d5580000)
  object space 291840K, 90% used [0x0000000080000000,0x0000000090298e28,0x0000000091d00000)
 Metaspace       used 64552K, committed 66112K, reserved 1114112K
  class space    used 6941K, committed 7616K, reserved 1048576K
}
Event: 71.083 GC heap after
{Heap after GC invocations=1327 (full 3):
 PSYoungGen      total 2048K, used 304K [0x00000000d5580000, 0x00000000d5880000, 0x0000000100000000)
  eden space 1536K, 0% used [0x00000000d5580000,0x00000000d5580000,0x00000000d5700000)
  from space 512K, 59% used [0x00000000d5800000,0x00000000d584c030,0x00000000d5880000)
  to   space 512K, 0% used [0x00000000d5780000,0x00000000d5780000,0x00000000d5800000)
 ParOldGen       total 291840K, used 264883K [0x0000000080000000, 0x0000000091d00000, 0x00000000d5580000)
  object space 291840K, 90% used [0x0000000080000000,0x00000000902ace28,0x0000000091d00000)
 Metaspace       used 64552K, committed 66112K, reserved 1114112K
  class space    used 6941K, committed 7616K, reserved 1048576K
}
Event: 71.104 GC heap before
{Heap before GC invocations=1328 (full 3):
 PSYoungGen      total 2048K, used 1836K [0x00000000d5580000, 0x00000000d5880000, 0x0000000100000000)
  eden space 1536K, 99% used [0x00000000d5580000,0x00000000d56ff2e8,0x00000000d5700000)
  from space 512K, 59% used [0x00000000d5800000,0x00000000d584c030,0x00000000d5880000)
  to   space 512K, 0% used [0x00000000d5780000,0x00000000d5780000,0x00000000d5800000)
 ParOldGen       total 291840K, used 264883K [0x0000000080000000, 0x0000000091d00000, 0x00000000d5580000)
  object space 291840K, 90% used [0x0000000080000000,0x00000000902ace28,0x0000000091d00000)
 Metaspace       used 64552K, committed 66112K, reserved 1114112K
  class space    used 6941K, committed 7616K, reserved 1048576K
}
Event: 71.105 GC heap after
{Heap after GC invocations=1328 (full 3):
 PSYoungGen      total 2048K, used 288K [0x00000000d5580000, 0x00000000d5880000, 0x0000000100000000)
  eden space 1536K, 0% used [0x00000000d5580000,0x00000000d5580000,0x00000000d5700000)
  from space 512K, 56% used [0x00000000d5780000,0x00000000d57c8000,0x00000000d5800000)
  to   space 512K, 0% used [0x00000000d5800000,0x00000000d5800000,0x00000000d5880000)
 ParOldGen       total 291840K, used 264947K [0x0000000080000000, 0x0000000091d00000, 0x00000000d5580000)
  object space 291840K, 90% used [0x0000000080000000,0x00000000902bce28,0x0000000091d00000)
 Metaspace       used 64552K, committed 66112K, reserved 1114112K
  class space    used 6941K, committed 7616K, reserved 1048576K
}
Event: 71.123 GC heap before
{Heap before GC invocations=1329 (full 3):
 PSYoungGen      total 2048K, used 1824K [0x00000000d5580000, 0x00000000d5880000, 0x0000000100000000)
  eden space 1536K, 100% used [0x00000000d5580000,0x00000000d5700000,0x00000000d5700000)
  from space 512K, 56% used [0x00000000d5780000,0x00000000d57c8000,0x00000000d5800000)
  to   space 512K, 0% used [0x00000000d5800000,0x00000000d5800000,0x00000000d5880000)
 ParOldGen       total 291840K, used 264947K [0x0000000080000000, 0x0000000091d00000, 0x00000000d5580000)
  object space 291840K, 90% used [0x0000000080000000,0x00000000902bce28,0x0000000091d00000)
 Metaspace       used 64552K, committed 66112K, reserved 1114112K
  class space    used 6941K, committed 7616K, reserved 1048576K
}
Event: 71.124 GC heap after
{Heap after GC invocations=1329 (full 3):
 PSYoungGen      total 2048K, used 240K [0x00000000d5580000, 0x00000000d5880000, 0x0000000100000000)
  eden space 1536K, 0% used [0x00000000d5580000,0x00000000d5580000,0x00000000d5700000)
  from space 512K, 46% used [0x00000000d5800000,0x00000000d583c010,0x00000000d5880000)
  to   space 512K, 0% used [0x00000000d5780000,0x00000000d5780000,0x00000000d5800000)
 ParOldGen       total 291840K, used 265067K [0x0000000080000000, 0x0000000091d00000, 0x00000000d5580000)
  object space 291840K, 90% used [0x0000000080000000,0x00000000902dae28,0x0000000091d00000)
 Metaspace       used 64552K, committed 66112K, reserved 1114112K
  class space    used 6941K, committed 7616K, reserved 1048576K
}
Event: 71.171 GC heap before
{Heap before GC invocations=1330 (full 3):
 PSYoungGen      total 2048K, used 1776K [0x00000000d5580000, 0x00000000d5880000, 0x0000000100000000)
  eden space 1536K, 100% used [0x00000000d5580000,0x00000000d5700000,0x00000000d5700000)
  from space 512K, 46% used [0x00000000d5800000,0x00000000d583c010,0x00000000d5880000)
  to   space 512K, 0% used [0x00000000d5780000,0x00000000d5780000,0x00000000d5800000)
 ParOldGen       total 291840K, used 265067K [0x0000000080000000, 0x0000000091d00000, 0x00000000d5580000)
  object space 291840K, 90% used [0x0000000080000000,0x00000000902dae28,0x0000000091d00000)
 Metaspace       used 64552K, committed 66112K, reserved 1114112K
  class space    used 6941K, committed 7616K, reserved 1048576K
}
Event: 71.172 GC heap after
{Heap after GC invocations=1330 (full 3):
 PSYoungGen      total 2048K, used 384K [0x00000000d5580000, 0x00000000d5880000, 0x0000000100000000)
  eden space 1536K, 0% used [0x00000000d5580000,0x00000000d5580000,0x00000000d5700000)
  from space 512K, 75% used [0x00000000d5780000,0x00000000d57e0040,0x00000000d5800000)
  to   space 512K, 0% used [0x00000000d5800000,0x00000000d5800000,0x00000000d5880000)
 ParOldGen       total 291840K, used 265123K [0x0000000080000000, 0x0000000091d00000, 0x00000000d5580000)
  object space 291840K, 90% used [0x0000000080000000,0x00000000902e8e28,0x0000000091d00000)
 Metaspace       used 64552K, committed 66112K, reserved 1114112K
  class space    used 6941K, committed 7616K, reserved 1048576K
}
Event: 71.175 GC heap before
{Heap before GC invocations=1331 (full 3):
 PSYoungGen      total 2048K, used 1920K [0x00000000d5580000, 0x00000000d5880000, 0x0000000100000000)
  eden space 1536K, 100% used [0x00000000d5580000,0x00000000d5700000,0x00000000d5700000)
  from space 512K, 75% used [0x00000000d5780000,0x00000000d57e0040,0x00000000d5800000)
  to   space 512K, 0% used [0x00000000d5800000,0x00000000d5800000,0x00000000d5880000)
 ParOldGen       total 291840K, used 265123K [0x0000000080000000, 0x0000000091d00000, 0x00000000d5580000)
  object space 291840K, 90% used [0x0000000080000000,0x00000000902e8e28,0x0000000091d00000)
 Metaspace       used 64552K, committed 66112K, reserved 1114112K
  class space    used 6941K, committed 7616K, reserved 1048576K
}
Event: 71.176 GC heap after
{Heap after GC invocations=1331 (full 3):
 PSYoungGen      total 2048K, used 496K [0x00000000d5580000, 0x00000000d5900000, 0x0000000100000000)
  eden space 1536K, 0% used [0x00000000d5580000,0x00000000d5580000,0x00000000d5700000)
  from space 512K, 96% used [0x00000000d5800000,0x00000000d587c010,0x00000000d5880000)
  to   space 1024K, 0% used [0x00000000d5700000,0x00000000d5700000,0x00000000d5800000)
 ParOldGen       total 291840K, used 265267K [0x0000000080000000, 0x0000000091d00000, 0x00000000d5580000)
  object space 291840K, 90% used [0x0000000080000000,0x000000009030ce28,0x0000000091d00000)
 Metaspace       used 64552K, committed 66112K, reserved 1114112K
  class space    used 6941K, committed 7616K, reserved 1048576K
}
Event: 71.182 GC heap before
{Heap before GC invocations=1332 (full 3):
 PSYoungGen      total 2048K, used 2032K [0x00000000d5580000, 0x00000000d5900000, 0x0000000100000000)
  eden space 1536K, 100% used [0x00000000d5580000,0x00000000d5700000,0x00000000d5700000)
  from space 512K, 96% used [0x00000000d5800000,0x00000000d587c010,0x00000000d5880000)
  to   space 1024K, 0% used [0x00000000d5700000,0x00000000d5700000,0x00000000d5800000)
 ParOldGen       total 291840K, used 265267K [0x0000000080000000, 0x0000000091d00000, 0x00000000d5580000)
  object space 291840K, 90% used [0x0000000080000000,0x000000009030ce28,0x0000000091d00000)
 Metaspace       used 64552K, committed 66112K, reserved 1114112K
  class space    used 6941K, committed 7616K, reserved 1048576K
}
Event: 71.184 GC heap after
{Heap after GC invocations=1332 (full 3):
 PSYoungGen      total 2560K, used 480K [0x00000000d5580000, 0x00000000d5900000, 0x0000000100000000)
  eden space 1536K, 0% used [0x00000000d5580000,0x00000000d5580000,0x00000000d5700000)
  from space 1024K, 46% used [0x00000000d5700000,0x00000000d5778000,0x00000000d5800000)
  to   space 1024K, 0% used [0x00000000d5800000,0x00000000d5800000,0x00000000d5900000)
 ParOldGen       total 291840K, used 265674K [0x0000000080000000, 0x0000000091d00000, 0x00000000d5580000)
  object space 291840K, 91% used [0x0000000080000000,0x0000000090372ac8,0x0000000091d00000)
 Metaspace       used 64552K, committed 66112K, reserved 1114112K
  class space    used 6941K, committed 7616K, reserved 1048576K
}
Event: 71.199 GC heap before
{Heap before GC invocations=1333 (full 3):
 PSYoungGen      total 2560K, used 2013K [0x00000000d5580000, 0x00000000d5900000, 0x0000000100000000)
  eden space 1536K, 99% used [0x00000000d5580000,0x00000000d56ff440,0x00000000d5700000)
  from space 1024K, 46% used [0x00000000d5700000,0x00000000d5778000,0x00000000d5800000)
  to   space 1024K, 0% used [0x00000000d5800000,0x00000000d5800000,0x00000000d5900000)
 ParOldGen       total 291840K, used 265674K [0x0000000080000000, 0x0000000091d00000, 0x00000000d5580000)
  object space 291840K, 91% used [0x0000000080000000,0x0000000090372ac8,0x0000000091d00000)
 Metaspace       used 64552K, committed 66112K, reserved 1114112K
  class space    used 6941K, committed 7616K, reserved 1048576K
}
Event: 71.201 GC heap after
{Heap after GC invocations=1333 (full 3):
 PSYoungGen      total 2560K, used 576K [0x00000000d5580000, 0x00000000d5900000, 0x0000000100000000)
  eden space 1536K, 0% used [0x00000000d5580000,0x00000000d5580000,0x00000000d5700000)
  from space 1024K, 56% used [0x00000000d5800000,0x00000000d5890020,0x00000000d5900000)
  to   space 1024K, 0% used [0x00000000d5700000,0x00000000d5700000,0x00000000d5800000)
 ParOldGen       total 291840K, used 266069K [0x0000000080000000, 0x0000000091d00000, 0x00000000d5580000)
  object space 291840K, 91% used [0x0000000080000000,0x00000000903d5748,0x0000000091d00000)
 Metaspace       used 64552K, committed 66112K, reserved 1114112K
  class space    used 6941K, committed 7616K, reserved 1048576K
}
Event: 71.222 GC heap before
{Heap before GC invocations=1334 (full 3):
 PSYoungGen      total 2560K, used 2112K [0x00000000d5580000, 0x00000000d5900000, 0x0000000100000000)
  eden space 1536K, 99% used [0x00000000d5580000,0x00000000d56ffff8,0x00000000d5700000)
  from space 1024K, 56% used [0x00000000d5800000,0x00000000d5890020,0x00000000d5900000)
  to   space 1024K, 0% used [0x00000000d5700000,0x00000000d5700000,0x00000000d5800000)
 ParOldGen       total 291840K, used 266069K [0x0000000080000000, 0x0000000091d00000, 0x00000000d5580000)
  object space 291840K, 91% used [0x0000000080000000,0x00000000903d5748,0x0000000091d00000)
 Metaspace       used 64554K, committed 66112K, reserved 1114112K
  class space    used 6942K, committed 7616K, reserved 1048576K
}
Event: 71.224 GC heap after
{Heap after GC invocations=1334 (full 3):
 PSYoungGen      total 2560K, used 544K [0x00000000d5580000, 0x00000000d5900000, 0x0000000100000000)
  eden space 1536K, 0% used [0x00000000d5580000,0x00000000d5580000,0x00000000d5700000)
  from space 1024K, 53% used [0x00000000d5700000,0x00000000d5788020,0x00000000d5800000)
  to   space 1024K, 0% used [0x00000000d5800000,0x00000000d5800000,0x00000000d5900000)
 ParOldGen       total 291840K, used 266429K [0x0000000080000000, 0x0000000091d00000, 0x00000000d5580000)
  object space 291840K, 91% used [0x0000000080000000,0x000000009042f748,0x0000000091d00000)
 Metaspace       used 64554K, committed 66112K, reserved 1114112K
  class space    used 6942K, committed 7616K, reserved 1048576K
}
Event: 71.236 GC heap before
{Heap before GC invocations=1335 (full 3):
 PSYoungGen      total 2560K, used 2080K [0x00000000d5580000, 0x00000000d5900000, 0x0000000100000000)
  eden space 1536K, 100% used [0x00000000d5580000,0x00000000d5700000,0x00000000d5700000)
  from space 1024K, 53% used [0x00000000d5700000,0x00000000d5788020,0x00000000d5800000)
  to   space 1024K, 0% used [0x00000000d5800000,0x00000000d5800000,0x00000000d5900000)
 ParOldGen       total 291840K, used 266429K [0x0000000080000000, 0x0000000091d00000, 0x00000000d5580000)
  object space 291840K, 91% used [0x0000000080000000,0x000000009042f748,0x0000000091d00000)
 Metaspace       used 64554K, committed 66112K, reserved 1114112K
  class space    used 6942K, committed 7616K, reserved 1048576K
}
Event: 71.237 GC heap after
{Heap after GC invocations=1335 (full 3):
 PSYoungGen      total 2048K, used 432K [0x00000000d5580000, 0x00000000d5880000, 0x0000000100000000)
  eden space 1536K, 0% used [0x00000000d5580000,0x00000000d5580000,0x00000000d5700000)
  from space 512K, 84% used [0x00000000d5800000,0x00000000d586c010,0x00000000d5880000)
  to   space 512K, 0% used [0x00000000d5780000,0x00000000d5780000,0x00000000d5800000)
 ParOldGen       total 291840K, used 266805K [0x0000000080000000, 0x0000000091d00000, 0x00000000d5580000)
  object space 291840K, 91% used [0x0000000080000000,0x000000009048d748,0x0000000091d00000)
 Metaspace       used 64554K, committed 66112K, reserved 1114112K
  class space    used 6942K, committed 7616K, reserved 1048576K
}
Event: 71.271 GC heap before
{Heap before GC invocations=1336 (full 3):
 PSYoungGen      total 2048K, used 1968K [0x00000000d5580000, 0x00000000d5880000, 0x0000000100000000)
  eden space 1536K, 100% used [0x00000000d5580000,0x00000000d5700000,0x00000000d5700000)
  from space 512K, 84% used [0x00000000d5800000,0x00000000d586c010,0x00000000d5880000)
  to   space 512K, 0% used [0x00000000d5780000,0x00000000d5780000,0x00000000d5800000)
 ParOldGen       total 291840K, used 266805K [0x0000000080000000, 0x0000000091d00000, 0x00000000d5580000)
  object space 291840K, 91% used [0x0000000080000000,0x000000009048d748,0x0000000091d00000)
 Metaspace       used 64554K, committed 66112K, reserved 1114112K
  class space    used 6942K, committed 7616K, reserved 1048576K
}
Event: 72.267 GC heap after
{Heap after GC invocations=1336 (full 3):
 PSYoungGen      total 2048K, used 480K [0x00000000d5580000, 0x00000000d5900000, 0x0000000100000000)
  eden space 1536K, 0% used [0x00000000d5580000,0x00000000d5580000,0x00000000d5700000)
  from space 512K, 93% used [0x00000000d5780000,0x00000000d57f8020,0x00000000d5800000)
  to   space 1024K, 0% used [0x00000000d5800000,0x00000000d5800000,0x00000000d5900000)
 ParOldGen       total 291840K, used 266957K [0x0000000080000000, 0x0000000091d00000, 0x00000000d5580000)
  object space 291840K, 91% used [0x0000000080000000,0x00000000904b3748,0x0000000091d00000)
 Metaspace       used 64554K, committed 66112K, reserved 1114112K
  class space    used 6942K, committed 7616K, reserved 1048576K
}

Dll operation events (10 events):
Event: 0.023 Loaded shared library c:\Users\gueva\.vscode\extensions\redhat.java-1.55.0-win32-x64\jre\21.0.11-win32-x86_64\bin\java.dll
Event: 0.175 Loaded shared library c:\Users\gueva\.vscode\extensions\redhat.java-1.55.0-win32-x64\jre\21.0.11-win32-x86_64\bin\zip.dll
Event: 0.222 Loaded shared library C:\Users\gueva\.vscode\extensions\redhat.java-1.55.0-win32-x64\jre\21.0.11-win32-x86_64\bin\instrument.dll
Event: 0.231 Loaded shared library C:\Users\gueva\.vscode\extensions\redhat.java-1.55.0-win32-x64\jre\21.0.11-win32-x86_64\bin\net.dll
Event: 0.238 Loaded shared library C:\Users\gueva\.vscode\extensions\redhat.java-1.55.0-win32-x64\jre\21.0.11-win32-x86_64\bin\nio.dll
Event: 0.245 Loaded shared library C:\Users\gueva\.vscode\extensions\redhat.java-1.55.0-win32-x64\jre\21.0.11-win32-x86_64\bin\zip.dll
Event: 0.296 Loaded shared library C:\Users\gueva\.vscode\extensions\redhat.java-1.55.0-win32-x64\jre\21.0.11-win32-x86_64\bin\jimage.dll
Event: 0.463 Loaded shared library c:\Users\gueva\.vscode\extensions\redhat.java-1.55.0-win32-x64\jre\21.0.11-win32-x86_64\bin\verify.dll
Event: 2.592 Loaded shared library C:\Users\gueva\AppData\Roaming\Code\User\globalStorage\redhat.java\1.55.0\config_win\org.eclipse.equinox.launcher\org.eclipse.equinox.launcher.win32.win32.x86_64_1.3.100.v20260613-0559\eclipse_11924.dll
Event: 6.615 Loaded shared library C:\Users\gueva\AppData\Local\Temp\jna-98709026\jna1840619495289523244.dll

Deoptimization events (20 events):
Event: 63.560 Thread 0x000002a2f2a3d060 DEOPT PACKING pc=0x000002a2e1127150 sp=0x000000faffafd710
Event: 63.560 Thread 0x000002a2f2a3d060 DEOPT UNPACKING pc=0x000002a2e02b3aa2 sp=0x000000faffafd730 mode 2
Event: 66.009 Thread 0x000002a2f2a3d060 Uncommon trap: trap_request=0xffffffbe fr.pc=0x000002a2e1140ef8 relative=0x00000000000032f8
Event: 66.009 Thread 0x000002a2f2a3d060 Uncommon trap: reason=profile_predicate action=maybe_recompile pc=0x000002a2e1140ef8 method=org.apache.maven.model.composition.DefaultDependencyManagementImporter.importManagement(Lorg/apache/maven/model/Model;Ljava/util/List;Lorg/apache/maven/model/build
Event: 66.009 Thread 0x000002a2f2a3d060 DEOPT PACKING pc=0x000002a2e1140ef8 sp=0x000000faffafdf20
Event: 66.009 Thread 0x000002a2f2a3d060 DEOPT UNPACKING pc=0x000002a2e02b3aa2 sp=0x000000faffafdf00 mode 2
Event: 66.009 Thread 0x000002a2f2a3d060 Uncommon trap: trap_request=0xffffffbe fr.pc=0x000002a2e10c3728 relative=0x0000000000003008
Event: 66.009 Thread 0x000002a2f2a3d060 Uncommon trap: reason=profile_predicate action=maybe_recompile pc=0x000002a2e10c3728 method=org.apache.maven.model.composition.DefaultDependencyManagementImporter.importManagement(Lorg/apache/maven/model/Model;Ljava/util/List;Lorg/apache/maven/model/build
Event: 66.009 Thread 0x000002a2f2a3d060 DEOPT PACKING pc=0x000002a2e10c3728 sp=0x000000faffafdf10
Event: 66.009 Thread 0x000002a2f2a3d060 DEOPT UNPACKING pc=0x000002a2e02b3aa2 sp=0x000000faffafdf08 mode 2
Event: 68.079 Thread 0x000002a2f2a3d060 Uncommon trap: trap_request=0xffffffbe fr.pc=0x000002a2e1140ef8 relative=0x00000000000032f8
Event: 68.079 Thread 0x000002a2f2a3d060 Uncommon trap: reason=profile_predicate action=maybe_recompile pc=0x000002a2e1140ef8 method=org.apache.maven.model.composition.DefaultDependencyManagementImporter.importManagement(Lorg/apache/maven/model/Model;Ljava/util/List;Lorg/apache/maven/model/build
Event: 68.079 Thread 0x000002a2f2a3d060 DEOPT PACKING pc=0x000002a2e1140ef8 sp=0x000000faffafd900
Event: 68.079 Thread 0x000002a2f2a3d060 DEOPT UNPACKING pc=0x000002a2e02b3aa2 sp=0x000000faffafd8e0 mode 2
Event: 70.980 Thread 0x000002a2f2be5de0 Uncommon trap: trap_request=0xffffffbe fr.pc=0x000002a2e1140ef8 relative=0x00000000000032f8
Event: 70.980 Thread 0x000002a2f2be5de0 Uncommon trap: reason=profile_predicate action=maybe_recompile pc=0x000002a2e1140ef8 method=org.apache.maven.model.composition.DefaultDependencyManagementImporter.importManagement(Lorg/apache/maven/model/Model;Ljava/util/List;Lorg/apache/maven/model/build
Event: 70.980 Thread 0x000002a2f2be5de0 DEOPT PACKING pc=0x000002a2e1140ef8 sp=0x000000fa81dfdbc0
Event: 70.980 Thread 0x000002a2f2be5de0 DEOPT UNPACKING pc=0x000002a2e02b3aa2 sp=0x000000fa81dfdba0 mode 2
Event: 71.178 Thread 0x000002a2f2be5750 DEOPT PACKING pc=0x000002a2dab93ce4 sp=0x000000fa81bfe9f0
Event: 71.178 Thread 0x000002a2f2be5750 DEOPT UNPACKING pc=0x000002a2e02b4242 sp=0x000000fa81bfdeb8 mode 0

Classes loaded (20 events):
Event: 25.603 Loading class java/util/Collections$2
Event: 25.605 Loading class java/util/Collections$2 done
Event: 30.665 Loading class java/util/HashMap$EntrySpliterator
Event: 30.862 Loading class java/util/HashMap$EntrySpliterator done
Event: 32.985 Loading class sun/nio/cs/ISO_8859_1$Encoder
Event: 33.028 Loading class sun/nio/cs/ISO_8859_1$Encoder done
Event: 33.029 Loading class sun/nio/cs/Surrogate$Parser
Event: 33.031 Loading class sun/nio/cs/Surrogate$Parser done
Event: 33.031 Loading class sun/nio/cs/Surrogate
Event: 33.031 Loading class sun/nio/cs/Surrogate done
Event: 40.577 Loading class java/util/Vector$1
Event: 40.588 Loading class java/util/Vector$1 done
Event: 42.480 Loading class java/util/stream/ReduceOps$4
Event: 42.498 Loading class java/util/stream/ReduceOps$4 done
Event: 42.498 Loading class java/util/stream/ReduceOps$4ReducingSink
Event: 42.498 Loading class java/util/stream/ReduceOps$4ReducingSink done
Event: 43.213 Loading class java/util/Hashtable$ValueCollection
Event: 43.214 Loading class java/util/Hashtable$ValueCollection done
Event: 43.293 Loading class java/lang/UnsupportedClassVersionError
Event: 43.295 Loading class java/lang/UnsupportedClassVersionError done

Classes unloaded (20 events):
Event: 39.813 Thread 0x000002a2d5bd27b0 Unloading class 0x000002a281668800 'java/lang/invoke/LambdaForm$DMH+0x000002a281668800'
Event: 39.813 Thread 0x000002a2d5bd27b0 Unloading class 0x000002a281643800 'java/lang/invoke/LambdaForm$MH+0x000002a281643800'
Event: 39.813 Thread 0x000002a2d5bd27b0 Unloading class 0x000002a281643000 'java/lang/invoke/LambdaForm$MH+0x000002a281643000'
Event: 39.813 Thread 0x000002a2d5bd27b0 Unloading class 0x000002a281642800 'java/lang/invoke/LambdaForm$MH+0x000002a281642800'
Event: 39.813 Thread 0x000002a2d5bd27b0 Unloading class 0x000002a281642000 'java/lang/invoke/LambdaForm$MH+0x000002a281642000'
Event: 39.813 Thread 0x000002a2d5bd27b0 Unloading class 0x000002a281641c00 'java/lang/invoke/LambdaForm$MH+0x000002a281641c00'
Event: 39.813 Thread 0x000002a2d5bd27b0 Unloading class 0x000002a281641400 'java/lang/invoke/LambdaForm$MH+0x000002a281641400'
Event: 39.813 Thread 0x000002a2d5bd27b0 Unloading class 0x000002a281640c00 'java/lang/invoke/LambdaForm$MH+0x000002a281640c00'
Event: 39.813 Thread 0x000002a2d5bd27b0 Unloading class 0x000002a281640000 'java/lang/invoke/LambdaForm$MH+0x000002a281640000'
Event: 39.813 Thread 0x000002a2d5bd27b0 Unloading class 0x000002a28163f800 'java/lang/invoke/LambdaForm$MH+0x000002a28163f800'
Event: 39.813 Thread 0x000002a2d5bd27b0 Unloading class 0x000002a28163f000 'com/google/gson/internal/reflect/ReflectionHelper$RecordSupportedHelper$$InjectedInvoker+0x000002a28163f000'
Event: 39.813 Thread 0x000002a2d5bd27b0 Unloading class 0x000002a28163e800 'java/lang/invoke/LambdaForm$MH+0x000002a28163e800'
Event: 39.813 Thread 0x000002a2d5bd27b0 Unloading class 0x000002a28163c400 'java/lang/invoke/LambdaForm$MH+0x000002a28163c400'
Event: 39.813 Thread 0x000002a2d5bd27b0 Unloading class 0x000002a28163c000 'java/lang/invoke/LambdaForm$MH+0x000002a28163c000'
Event: 39.813 Thread 0x000002a2d5bd27b0 Unloading class 0x000002a28163b400 'java/lang/invoke/LambdaForm$DMH+0x000002a28163b400'
Event: 39.813 Thread 0x000002a2d5bd27b0 Unloading class 0x000002a28163b000 'java/lang/invoke/LambdaForm$MH+0x000002a28163b000'
Event: 39.813 Thread 0x000002a2d5bd27b0 Unloading class 0x000002a28163a400 'java/lang/invoke/LambdaForm$MH+0x000002a28163a400'
Event: 39.813 Thread 0x000002a2d5bd27b0 Unloading class 0x000002a28163a000 'java/lang/invoke/LambdaForm$MH+0x000002a28163a000'
Event: 39.813 Thread 0x000002a2d5bd27b0 Unloading class 0x000002a281639400 'java/lang/invoke/LambdaForm$DMH+0x000002a281639400'
Event: 39.813 Thread 0x000002a2d5bd27b0 Unloading class 0x000002a281638c00 'java/lang/invoke/LambdaForm$MH+0x000002a281638c00'

Classes redefined (0 events):
No events

Internal exceptions (20 events):
Event: 59.878 Thread 0x000002a2f2a3d060 Exception <a 'sun/nio/fs/WindowsException'{0x00000000d579cbd0}> (0x00000000d579cbd0) 
thrown [s\src\hotspot\share\prims\jni.cpp, line 520]
Event: 59.878 Thread 0x000002a2f2a3d060 Exception <a 'sun/nio/fs/WindowsException'{0x00000000d579d4b0}> (0x00000000d579d4b0) 
thrown [s\src\hotspot\share\prims\jni.cpp, line 520]
Event: 62.822 Thread 0x000002a2f2a3d060 Exception <a 'sun/nio/fs/WindowsException'{0x00000000d5694078}> (0x00000000d5694078) 
thrown [s\src\hotspot\share\prims\jni.cpp, line 520]
Event: 62.823 Thread 0x000002a2f2a3d060 Exception <a 'sun/nio/fs/WindowsException'{0x00000000d5694b80}> (0x00000000d5694b80) 
thrown [s\src\hotspot\share\prims\jni.cpp, line 520]
Event: 62.825 Thread 0x000002a2f2a3d060 Exception <a 'sun/nio/fs/WindowsException'{0x00000000d5695ef0}> (0x00000000d5695ef0) 
thrown [s\src\hotspot\share\prims\jni.cpp, line 520]
Event: 62.826 Thread 0x000002a2f2a3d060 Exception <a 'sun/nio/fs/WindowsException'{0x00000000d5696a10}> (0x00000000d5696a10) 
thrown [s\src\hotspot\share\prims\jni.cpp, line 520]
Event: 62.833 Thread 0x000002a2f2a3d060 Exception <a 'sun/nio/fs/WindowsException'{0x00000000d5697940}> (0x00000000d5697940) 
thrown [s\src\hotspot\share\prims\jni.cpp, line 520]
Event: 62.833 Thread 0x000002a2f2a3d060 Exception <a 'sun/nio/fs/WindowsException'{0x00000000d5698198}> (0x00000000d5698198) 
thrown [s\src\hotspot\share\prims\jni.cpp, line 520]
Event: 62.835 Thread 0x000002a2f2a3d060 Exception <a 'sun/nio/fs/WindowsException'{0x00000000d5699188}> (0x00000000d5699188) 
thrown [s\src\hotspot\share\prims\jni.cpp, line 520]
Event: 62.837 Thread 0x000002a2f2a3d060 Exception <a 'sun/nio/fs/WindowsException'{0x00000000d5699c90}> (0x00000000d5699c90) 
thrown [s\src\hotspot\share\prims\jni.cpp, line 520]
Event: 62.838 Thread 0x000002a2f2a3d060 Exception <a 'sun/nio/fs/WindowsException'{0x00000000d569b000}> (0x00000000d569b000) 
thrown [s\src\hotspot\share\prims\jni.cpp, line 520]
Event: 62.839 Thread 0x000002a2f2a3d060 Exception <a 'sun/nio/fs/WindowsException'{0x00000000d569b8e0}> (0x00000000d569b8e0) 
thrown [s\src\hotspot\share\prims\jni.cpp, line 520]
Event: 62.840 Thread 0x000002a2f2a3d060 Exception <a 'sun/nio/fs/WindowsException'{0x00000000d569c810}> (0x00000000d569c810) 
thrown [s\src\hotspot\share\prims\jni.cpp, line 520]
Event: 62.840 Thread 0x000002a2f2a3d060 Exception <a 'sun/nio/fs/WindowsException'{0x00000000d569d068}> (0x00000000d569d068) 
thrown [s\src\hotspot\share\prims\jni.cpp, line 520]
Event: 62.847 Thread 0x000002a2f2a3d060 Exception <a 'sun/nio/fs/WindowsException'{0x00000000d569ecd0}> (0x00000000d569ecd0) 
thrown [s\src\hotspot\share\prims\jni.cpp, line 520]
Event: 62.847 Thread 0x000002a2f2a3d060 Exception <a 'sun/nio/fs/WindowsException'{0x00000000d569f528}> (0x00000000d569f528) 
thrown [s\src\hotspot\share\prims\jni.cpp, line 520]
Event: 62.848 Thread 0x000002a2f2a3d060 Exception <a 'sun/nio/fs/WindowsException'{0x00000000d56a05e8}> (0x00000000d56a05e8) 
thrown [s\src\hotspot\share\prims\jni.cpp, line 520]
Event: 62.848 Thread 0x000002a2f2a3d060 Exception <a 'sun/nio/fs/WindowsException'{0x00000000d56a0c18}> (0x00000000d56a0c18) 
thrown [s\src\hotspot\share\prims\jni.cpp, line 520]
Event: 62.849 Thread 0x000002a2f2a3d060 Exception <a 'sun/nio/fs/WindowsException'{0x00000000d56a1898}> (0x00000000d56a1898) 
thrown [s\src\hotspot\share\prims\jni.cpp, line 520]
Event: 62.849 Thread 0x000002a2f2a3d060 Exception <a 'sun/nio/fs/WindowsException'{0x00000000d56a20f0}> (0x00000000d56a20f0) 
thrown [s\src\hotspot\share\prims\jni.cpp, line 520]

ZGC Phase Switch (0 events):
No events

VM Operations (20 events):
Event: 71.082 Executing safepoint VM operation: ParallelGCFailedAllocation (Allocation Failure)
Event: 71.083 Executing safepoint VM operation: ParallelGCFailedAllocation (Allocation Failure) done
Event: 71.104 Executing safepoint VM operation: ParallelGCFailedAllocation (Allocation Failure)
Event: 71.105 Executing safepoint VM operation: ParallelGCFailedAllocation (Allocation Failure) done
Event: 71.123 Executing safepoint VM operation: ParallelGCFailedAllocation (Allocation Failure)
Event: 71.124 Executing safepoint VM operation: ParallelGCFailedAllocation (Allocation Failure) done
Event: 71.171 Executing safepoint VM operation: ParallelGCFailedAllocation (Allocation Failure)
Event: 71.172 Executing safepoint VM operation: ParallelGCFailedAllocation (Allocation Failure) done
Event: 71.175 Executing safepoint VM operation: ParallelGCFailedAllocation (Allocation Failure)
Event: 71.176 Executing safepoint VM operation: ParallelGCFailedAllocation (Allocation Failure) done
Event: 71.182 Executing safepoint VM operation: ParallelGCFailedAllocation (Allocation Failure)
Event: 71.184 Executing safepoint VM operation: ParallelGCFailedAllocation (Allocation Failure) done
Event: 71.199 Executing safepoint VM operation: ParallelGCFailedAllocation (Allocation Failure)
Event: 71.201 Executing safepoint VM operation: ParallelGCFailedAllocation (Allocation Failure) done
Event: 71.222 Executing safepoint VM operation: ParallelGCFailedAllocation (Allocation Failure)
Event: 71.224 Executing safepoint VM operation: ParallelGCFailedAllocation (Allocation Failure) done
Event: 71.235 Executing safepoint VM operation: ParallelGCFailedAllocation (Allocation Failure)
Event: 71.237 Executing safepoint VM operation: ParallelGCFailedAllocation (Allocation Failure) done
Event: 71.271 Executing safepoint VM operation: ParallelGCFailedAllocation (Allocation Failure)
Event: 72.267 Executing safepoint VM operation: ParallelGCFailedAllocation (Allocation Failure) done

Memory protections (0 events):
No events

Nmethod flushes (20 events):
Event: 39.884 Thread 0x000002a2d5bd27b0 flushing  nmethod 0x000002a2d9710290
Event: 39.884 Thread 0x000002a2d5bd27b0 flushing  nmethod 0x000002a2d9710890
Event: 39.884 Thread 0x000002a2d5bd27b0 flushing  nmethod 0x000002a2d9710c10
Event: 39.884 Thread 0x000002a2d5bd27b0 flushing  nmethod 0x000002a2d9711110
Event: 39.884 Thread 0x000002a2d5bd27b0 flushing  nmethod 0x000002a2d9712010
Event: 39.884 Thread 0x000002a2d5bd27b0 flushing  nmethod 0x000002a2d9712810
Event: 39.884 Thread 0x000002a2d5bd27b0 flushing  nmethod 0x000002a2d975bc90
Event: 39.884 Thread 0x000002a2d5bd27b0 flushing  nmethod 0x000002a2d975c810
Event: 39.884 Thread 0x000002a2d5bd27b0 flushing  nmethod 0x000002a2d975d710
Event: 39.884 Thread 0x000002a2d5bd27b0 flushing  nmethod 0x000002a2d975dc10
Event: 39.884 Thread 0x000002a2d5bd27b0 flushing  nmethod 0x000002a2d975e010
Event: 39.884 Thread 0x000002a2d5bd27b0 flushing  nmethod 0x000002a2d975e710
Event: 39.884 Thread 0x000002a2d5bd27b0 flushing  nmethod 0x000002a2d976ce10
Event: 39.884 Thread 0x000002a2d5bd27b0 flushing  nmethod 0x000002a2d976d710
Event: 39.884 Thread 0x000002a2d5bd27b0 flushing  nmethod 0x000002a2d9771210
Event: 39.884 Thread 0x000002a2d5bd27b0 flushing  nmethod 0x000002a2d9771610
Event: 39.884 Thread 0x000002a2d5bd27b0 flushing  nmethod 0x000002a2d9771990
Event: 39.884 Thread 0x000002a2d5bd27b0 flushing  nmethod 0x000002a2d9771f10
Event: 39.884 Thread 0x000002a2d5bd27b0 flushing  nmethod 0x000002a2d9772310
Event: 39.884 Thread 0x000002a2d5bd27b0 flushing  nmethod 0x000002a2d9772890

Events (20 events):
Event: 54.610 Thread 0x000002a2f2be5750 Thread exited: 0x000002a2f2be5750
Event: 54.610 Thread 0x000002a2f2be4a30 Thread exited: 0x000002a2f2be4a30
Event: 54.610 Thread 0x000002a2f2be5de0 Thread exited: 0x000002a2f2be5de0
Event: 58.628 Thread 0x000002a2f2a3d060 Thread added: 0x000002a2f2be2960
Event: 58.628 Thread 0x000002a2f2a3d060 Thread added: 0x000002a2f2be4a30
Event: 58.629 Thread 0x000002a2f2a3d060 Thread added: 0x000002a2f2be50c0
Event: 58.629 Thread 0x000002a2f2a3d060 Thread added: 0x000002a2f2be5750
Event: 58.629 Thread 0x000002a2f2a3d060 Thread added: 0x000002a2f2be5de0
Event: 59.548 Thread 0x000002a2f2be5750 Thread exited: 0x000002a2f2be5750
Event: 59.549 Thread 0x000002a2f2be2960 Thread exited: 0x000002a2f2be2960
Event: 59.549 Thread 0x000002a2f2be5de0 Thread exited: 0x000002a2f2be5de0
Event: 59.552 Thread 0x000002a2f2be4a30 Thread exited: 0x000002a2f2be4a30
Event: 59.553 Thread 0x000002a2f2be50c0 Thread exited: 0x000002a2f2be50c0
Event: 70.515 Thread 0x000002a2ec5b9ee0 Thread added: 0x000002a2f5e5ed60
Event: 70.523 Thread 0x000002a2f2a3d060 Thread added: 0x000002a2f2be4a30
Event: 70.523 Thread 0x000002a2f2a3d060 Thread added: 0x000002a2f2be5750
Event: 70.523 Thread 0x000002a2f2a3d060 Thread added: 0x000002a2f2be50c0
Event: 70.524 Thread 0x000002a2f2a3d060 Thread added: 0x000002a2f2be5de0
Event: 70.524 Thread 0x000002a2f2a3d060 Thread added: 0x000002a2f2be2960
Event: 72.269 Thread 0x000002a2ec5b9ee0 Thread added: 0x000002a2f4dd5700


Dynamic libraries:
0x00007ff726070000 - 0x00007ff72607e000 	c:\Users\gueva\.vscode\extensions\redhat.java-1.55.0-win32-x64\jre\21.0.11-win32-x86_64\bin\java.exe
0x00007ffbf2e60000 - 0x00007ffbf30c6000 	C:\WINDOWS\SYSTEM32\ntdll.dll
0x00007ffbf0bd0000 - 0x00007ffbf0c99000 	C:\WINDOWS\System32\KERNEL32.DLL
0x00007ffbf0210000 - 0x00007ffbf060e000 	C:\WINDOWS\System32\KERNELBASE.dll
0x00007ffbf00b0000 - 0x00007ffbf01fc000 	C:\WINDOWS\System32\ucrtbase.dll
0x00007ffbe11e0000 - 0x00007ffbe11f8000 	c:\Users\gueva\.vscode\extensions\redhat.java-1.55.0-win32-x64\jre\21.0.11-win32-x86_64\bin\jli.dll
0x00007ffbf23e0000 - 0x00007ffbf25a7000 	C:\WINDOWS\System32\USER32.dll
0x00007ffbf0080000 - 0x00007ffbf00a7000 	C:\WINDOWS\System32\win32u.dll
0x00007ffbf0ba0000 - 0x00007ffbf0bcb000 	C:\WINDOWS\System32\GDI32.dll
0x00007ffbf0620000 - 0x00007ffbf074a000 	C:\WINDOWS\System32\gdi32full.dll
0x00007ffbf0ae0000 - 0x00007ffbf0b83000 	C:\WINDOWS\System32\msvcp_win.dll
0x00007ffbd7fc0000 - 0x00007ffbd7fde000 	c:\Users\gueva\.vscode\extensions\redhat.java-1.55.0-win32-x64\jre\21.0.11-win32-x86_64\bin\VCRUNTIME140.dll
0x00007ffbdc520000 - 0x00007ffbdc7b2000 	C:\WINDOWS\WinSxS\amd64_microsoft.windows.common-controls_6595b64144ccf1df_6.0.26100.8875_none_3e0d5d42e32fe9dd\COMCTL32.dll
0x00007ffbf0ca0000 - 0x00007ffbf0d49000 	C:\WINDOWS\System32\msvcrt.dll
0x00007ffbf0dc0000 - 0x00007ffbf0df2000 	C:\WINDOWS\System32\IMM32.DLL
0x00007ffbe19c0000 - 0x00007ffbe19cc000 	c:\Users\gueva\.vscode\extensions\redhat.java-1.55.0-win32-x64\jre\21.0.11-win32-x86_64\bin\vcruntime140_1.dll
0x00007ffbae2d0000 - 0x00007ffbae35d000 	c:\Users\gueva\.vscode\extensions\redhat.java-1.55.0-win32-x64\jre\21.0.11-win32-x86_64\bin\msvcp140.dll
0x00007ffb44f50000 - 0x00007ffb45cf2000 	c:\Users\gueva\.vscode\extensions\redhat.java-1.55.0-win32-x64\jre\21.0.11-win32-x86_64\bin\server\jvm.dll
0x00007ffbf0e00000 - 0x00007ffbf0eb7000 	C:\WINDOWS\System32\ADVAPI32.dll
0x00007ffbf2d60000 - 0x00007ffbf2e0a000 	C:\WINDOWS\System32\sechost.dll
0x00007ffbf27b0000 - 0x00007ffbf28c8000 	C:\WINDOWS\System32\RPCRT4.dll
0x00007ffbf16a0000 - 0x00007ffbf1720000 	C:\WINDOWS\System32\WS2_32.dll
0x00007ffbefee0000 - 0x00007ffbeff3e000 	C:\WINDOWS\SYSTEM32\POWRPROF.dll
0x00007ffbe6220000 - 0x00007ffbe6256000 	C:\WINDOWS\SYSTEM32\WINMM.dll
0x00007ffbde460000 - 0x00007ffbde46b000 	C:\WINDOWS\SYSTEM32\VERSION.dll
0x00007ffbefeb0000 - 0x00007ffbefec4000 	C:\WINDOWS\SYSTEM32\UMPDC.dll
0x00007ffbeed60000 - 0x00007ffbeed7b000 	C:\WINDOWS\SYSTEM32\kernel.appcore.dll
0x00007ffbe1610000 - 0x00007ffbe161a000 	c:\Users\gueva\.vscode\extensions\redhat.java-1.55.0-win32-x64\jre\21.0.11-win32-x86_64\bin\jimage.dll
0x00007ffbed720000 - 0x00007ffbed962000 	C:\WINDOWS\SYSTEM32\DBGHELP.DLL
0x00007ffbf1730000 - 0x00007ffbf1ab3000 	C:\WINDOWS\System32\combase.dll
0x00007ffbf25b0000 - 0x00007ffbf2689000 	C:\WINDOWS\System32\OLEAUT32.dll
0x00007ffbdc7c0000 - 0x00007ffbdc7fb000 	C:\WINDOWS\SYSTEM32\dbgcore.DLL
0x00007ffbf0a20000 - 0x00007ffbf0acc000 	C:\WINDOWS\System32\bcryptPrimitives.dll
0x00007ffbe15d0000 - 0x00007ffbe15df000 	c:\Users\gueva\.vscode\extensions\redhat.java-1.55.0-win32-x64\jre\21.0.11-win32-x86_64\bin\instrument.dll
0x00007ffbd7300000 - 0x00007ffbd7320000 	c:\Users\gueva\.vscode\extensions\redhat.java-1.55.0-win32-x64\jre\21.0.11-win32-x86_64\bin\java.dll
0x00007ffbf1bb0000 - 0x00007ffbf2342000 	C:\WINDOWS\System32\SHELL32.dll
0x00007ffbed970000 - 0x00007ffbee202000 	C:\WINDOWS\SYSTEM32\windows.storage.dll
0x00007ffbf15a0000 - 0x00007ffbf1697000 	C:\WINDOWS\System32\SHCORE.dll
0x00007ffbf0d50000 - 0x00007ffbf0db7000 	C:\WINDOWS\System32\shlwapi.dll
0x00007ffbeffa0000 - 0x00007ffbeffc9000 	C:\WINDOWS\SYSTEM32\profapi.dll
0x00007ffbd7210000 - 0x00007ffbd7228000 	c:\Users\gueva\.vscode\extensions\redhat.java-1.55.0-win32-x64\jre\21.0.11-win32-x86_64\bin\zip.dll
0x00007ffbe1220000 - 0x00007ffbe1230000 	C:\Users\gueva\.vscode\extensions\redhat.java-1.55.0-win32-x64\jre\21.0.11-win32-x86_64\bin\net.dll
0x00007ffbe5e40000 - 0x00007ffbe5f67000 	C:\WINDOWS\SYSTEM32\WINHTTP.dll
0x00007ffbef310000 - 0x00007ffbef37c000 	C:\WINDOWS\system32\mswsock.dll
0x00007ffbd7230000 - 0x00007ffbd7246000 	C:\Users\gueva\.vscode\extensions\redhat.java-1.55.0-win32-x64\jre\21.0.11-win32-x86_64\bin\nio.dll
0x00007ffbd8110000 - 0x00007ffbd8120000 	c:\Users\gueva\.vscode\extensions\redhat.java-1.55.0-win32-x64\jre\21.0.11-win32-x86_64\bin\verify.dll
0x00007ffbc2940000 - 0x00007ffbc2985000 	C:\Users\gueva\AppData\Roaming\Code\User\globalStorage\redhat.java\1.55.0\config_win\org.eclipse.equinox.launcher\org.eclipse.equinox.launcher.win32.win32.x86_64_1.3.100.v20260613-0559\eclipse_11924.dll
0x00007ffbf28d0000 - 0x00007ffbf2a69000 	C:\WINDOWS\System32\ole32.dll
0x00007ffbef610000 - 0x00007ffbef62b000 	C:\WINDOWS\SYSTEM32\CRYPTSP.dll
0x00007ffbeecc0000 - 0x00007ffbeecf9000 	C:\WINDOWS\system32\rsaenh.dll
0x00007ffbef3d0000 - 0x00007ffbef402000 	C:\WINDOWS\SYSTEM32\USERENV.dll
0x00007ffbeff70000 - 0x00007ffbeff9a000 	C:\WINDOWS\SYSTEM32\bcrypt.dll
0x00007ffbef630000 - 0x00007ffbef63c000 	C:\WINDOWS\SYSTEM32\CRYPTBASE.dll
0x00007ffbee6b0000 - 0x00007ffbee6e3000 	C:\WINDOWS\SYSTEM32\IPHLPAPI.DLL
0x00007ffbf2e10000 - 0x00007ffbf2e1a000 	C:\WINDOWS\System32\NSI.dll
0x00007ffbc2620000 - 0x00007ffbc2669000 	C:\Users\gueva\AppData\Local\Temp\jna-98709026\jna1840619495289523244.dll
0x00007ffbf23a0000 - 0x00007ffbf23a8000 	C:\WINDOWS\System32\PSAPI.DLL
0x00007ffbea460000 - 0x00007ffbea47d000 	C:\WINDOWS\SYSTEM32\dhcpcsvc6.DLL
0x00007ffbea410000 - 0x00007ffbea435000 	C:\WINDOWS\SYSTEM32\dhcpcsvc.DLL

JVMTI agents:
c:\Users\gueva\.vscode\extensions\redhat.java-1.55.0-win32-x64\lombok\lombok-1.18.39-4050.jar path:c:\Users\gueva\.vscode\extensions\redhat.java-1.55.0-win32-x64\jre\21.0.11-win32-x86_64\bin\instrument.dll, loaded, initialized, instrumentlib options:none

dbghelp: loaded successfully - version: 4.0.5 - missing functions: none
symbol engine: initialized successfully - sym options: 0x614 - pdb path: .;c:\Users\gueva\.vscode\extensions\redhat.java-1.55.0-win32-x64\jre\21.0.11-win32-x86_64\bin;C:\WINDOWS\SYSTEM32;C:\WINDOWS\WinSxS\amd64_microsoft.windows.common-controls_6595b64144ccf1df_6.0.26100.8875_none_3e0d5d42e32fe9dd;c:\Users\gueva\.vscode\extensions\redhat.java-1.55.0-win32-x64\jre\21.0.11-win32-x86_64\bin\server;C:\Users\gueva\AppData\Roaming\Code\User\globalStorage\redhat.java\1.55.0\config_win\org.eclipse.equinox.launcher\org.eclipse.equinox.launcher.win32.win32.x86_64_1.3.100.v20260613-0559;C:\Users\gueva\AppData\Local\Temp\jna-98709026

VM Arguments:
jvm_args: --add-modules=ALL-SYSTEM --add-opens=java.base/java.util=ALL-UNNAMED --add-opens=java.base/java.lang=ALL-UNNAMED --add-opens=java.base/sun.nio.fs=ALL-UNNAMED -Declipse.application=org.eclipse.jdt.ls.core.id1 -Dosgi.bundles.defaultStartLevel=4 -Declipse.product=org.eclipse.jdt.ls.core.product -Djava.import.generatesMetadataFilesAtProjectRoot=false -DDetectVMInstallationsJob.disabled=true -Dfile.encoding=utf8 -XX:+UseParallelGC -XX:GCTimeRatio=4 -XX:AdaptiveSizePolicyWeight=90 -Dsun.zip.disableMemoryMapping=true -Xmx2G -Xms100m -Xlog:disable -javaagent:c:\Users\gueva\.vscode\extensions\redhat.java-1.55.0-win32-x64\lombok\lombok-1.18.39-4050.jar -XX:+HeapDumpOnOutOfMemoryError -XX:HeapDumpPath=c:\Users\gueva\AppData\Roaming\Code\User\workspaceStorage\44fb2ca8477ceeac58e2505a295ba8ed\redhat.java -Daether.dependencyCollector.impl=bf 
java_command: c:\Users\gueva\.vscode\extensions\redhat.java-1.55.0-win32-x64\server\plugins\org.eclipse.equinox.launcher_1.7.200.v20260619-2039.jar -configuration c:\Users\gueva\AppData\Roaming\Code\User\globalStorage\redhat.java\1.55.0\config_win -data c:\Users\gueva\AppData\Roaming\Code\User\workspaceStorage\44fb2ca8477ceeac58e2505a295ba8ed\redhat.java\jdt_ws --pipe=\\.\pipe\lsp-0fee0fc487447d9600d5cb221ad7a50f-sock
java_class_path (initial): c:\Users\gueva\.vscode\extensions\redhat.java-1.55.0-win32-x64\server\plugins\org.eclipse.equinox.launcher_1.7.200.v20260619-2039.jar
Launcher Type: SUN_STANDARD

[Global flags]
    uintx AdaptiveSizePolicyWeight                 = 90                                        {product} {command line}
     intx CICompilerCount                          = 4                                         {product} {ergonomic}
    uintx GCTimeRatio                              = 4                                         {product} {command line}
     bool HeapDumpOnOutOfMemoryError               = true                                   {manageable} {command line}
    ccstr HeapDumpPath                             = c:\Users\gueva\AppData\Roaming\Code\User\workspaceStorage\44fb2ca8477ceeac58e2505a295ba8ed\redhat.java         {manageable} {command line}
   size_t InitialHeapSize                          = 104857600                                 {product} {command line}
   size_t MaxHeapSize                              = 2147483648                                {product} {command line}
   size_t MaxNewSize                               = 715653120                                 {product} {ergonomic}
   size_t MinHeapDeltaBytes                        = 524288                                    {product} {ergonomic}
   size_t MinHeapSize                              = 104857600                                 {product} {command line}
   size_t NewSize                                  = 34603008                                  {product} {ergonomic}
    uintx NonNMethodCodeHeapSize                   = 5839372                                {pd product} {ergonomic}
    uintx NonProfiledCodeHeapSize                  = 122909434                              {pd product} {ergonomic}
   size_t OldSize                                  = 70254592                                  {product} {ergonomic}
    uintx ProfiledCodeHeapSize                     = 122909434                              {pd product} {ergonomic}
    uintx ReservedCodeCacheSize                    = 251658240                              {pd product} {ergonomic}
     bool SegmentedCodeCache                       = true                                      {product} {ergonomic}
   size_t SoftMaxHeapSize                          = 2147483648                             {manageable} {ergonomic}
     bool UseCompressedOops                        = true                           {product lp64_product} {ergonomic}
     bool UseLargePagesIndividualAllocation        = false                                  {pd product} {ergonomic}
     bool UseParallelGC                            = true                                      {product} {command line}

Logging:
Log output configuration:
 #0: stdout all=off uptime,level,tags foldmultilines=false
 #1: stderr all=off uptime,level,tags foldmultilines=false

Release file:
JAVA_VERSION="21.0.11" 
MODULES="java.base java.compiler java.datatransfer java.xml java.prefs java.desktop java.instrument java.logging java.management java.security.sasl java.naming java.rmi java.management.rmi java.net.http java.scripting java.security.jgss java.transaction.xa java.sql java.sql.rowset java.xml.crypto java.se java.smartcardio jdk.accessibility jdk.internal.jvmstat jdk.attach jdk.charsets jdk.internal.opt jdk.zipfs jdk.compiler jdk.crypto.ec jdk.crypto.cryptoki jdk.crypto.mscapi jdk.dynalink jdk.internal.ed jdk.editpad jdk.hotspot.agent jdk.httpserver jdk.internal.le jdk.internal.vm.ci jdk.internal.vm.compiler jdk.internal.vm.compiler.management jdk.jartool jdk.javadoc jdk.jcmd jdk.management jdk.management.agent jdk.jconsole jdk.jdeps jdk.jdwp.agent jdk.jdi jdk.jfr jdk.jshell jdk.jsobject jdk.jstatd jdk.localedata jdk.management.jfr jdk.naming.dns jdk.naming.rmi jdk.net jdk.nio.mapmode jdk.random jdk.sctp jdk.security.auth jdk.security.jgss jdk.unsupported jdk.unsupported.desktop jdk.xml.dom" 

Environment Variables:
PATH=C:\Program Files\Common Files\Oracle\Java\javapath;C:\WINDOWS\system32;C:\WINDOWS;C:\WINDOWS\System32\Wbem;C:\WINDOWS\System32\WindowsPowerShell\v1.0\;C:\WINDOWS\System32\OpenSSH\;C:\Program Files\dotnet\;C:\Program Files\Java\jdk-25\bin;C:\Program Files\nodejs\;C:\xampp\php;C:\ProgramData\ComposerSetup\bin;C:\Program Files\Git\cmd;C:\Program Files (x86)\Microsoft SQL Server\160\Tools\Binn\;C:\Program Files\Microsoft SQL Server\160\Tools\Binn\;C:\Program Files\Microsoft SQL Server\Client SDK\ODBC\170\Tools\Binn\;C:\Program Files\Microsoft SQL Server\160\DTS\Binn\;C:\Program Files (x86)\Microsoft SQL Server\160\DTS\Binn\;C:\ProgramData\chocolatey\bin;C:\flutter\bin;;C:\Program Files\Docker\Docker\resources\bin;C:\Users\gueva\AppData\Local\Programs\Python\Launcher\;C:\Program Files\MySQL\MySQL Shell 8.0\bin\;C:\Users\gueva\AppData\Local\Microsoft\WindowsApps;C:\Users\gueva\AppData\Local\Programs\Microsoft VS Code\bin;C:\Users\gueva\AppData\Roaming\npm;C:\Users\gueva\AppData\Roaming\Composer\vendor\bin;C:\Users\gueva\AppData\Roaming\npm;C:\Users\gueva\AppData\Local\Python\bin;C:\Program Files\Git\bin;C:\Users\gueva\AppData\Local\Programs\mongosh\;C:\Program Files\MongoDB\Tools\100\bin;C:\Program Files\MongoDB\Server\8.2\bin;C:\Program Files\MySQL\MySQL Server 8.0\bin;C:\Program Files\Docker\Docker
USERNAME=gueva
OS=Windows_NT
PROCESSOR_IDENTIFIER=AMD64 Family 23 Model 160 Stepping 0, AuthenticAMD
TMP=C:\Users\gueva\AppData\Local\Temp
TEMP=C:\Users\gueva\AppData\Local\Temp




Periodic native trim disabled

---------------  S Y S T E M  ---------------

OS:
 Windows 11 , 64 bit Build 26100 (10.0.26100.8875)
OS uptime: 0 days 19:04 hours
Hyper-V role detected

CPU: total 8 (initial active 8) (8 cores per cpu, 2 threads per core) family 23 model 160 stepping 0 microcode 0x8a0000b, cx8, cmov, fxsr, ht, mmx, 3dnowpref, sse, sse2, sse3, ssse3, sse4a, sse4.1, sse4.2, popcnt, lzcnt, tsc, tscinvbit, avx, avx2, aes, clmul, bmi1, bmi2, adx, sha, fma, vzeroupper, clflush, clflushopt, hv, rdtscp, rdpid, f16c
Processor Information for the first 8 processors :
  Max Mhz: 2801, Current Mhz: 2801, Mhz Limit: 2801

Memory: 4k page, system-wide physical 7379M (630M free)
TotalPageFile size 29907M (AvailPageFile size 49M)
current process WorkingSet (physical memory assigned to process): 240M, peak: 481M
current process commit charge ("private bytes"): 586M, peak: 597M

vm_info: OpenJDK 64-Bit Server VM (21.0.11+10-LTS) for windows-amd64 JRE (21.0.11+10-LTS), built on 2026-04-21T00:00:00Z by "admin" with MS VC++ 17.12 (VS2022)

END.
