#
# There is insufficient memory for the Java Runtime Environment to continue.
# Native memory allocation (malloc) failed to allocate 1608832 bytes. Error detail: Chunk::new
# Possible reasons:
#   The system is out of physical RAM or swap space
#   This process is running with CompressedOops enabled, and the Java Heap may be blocking the growth of the native heap
# Possible solutions:
#   Reduce memory load on the system
#   Increase physical memory or swap space
#   Check if swap backing store is full
#   Decrease Java heap size (-Xmx/-Xms)
#   Decrease number of Java threads
#   Decrease Java thread stack sizes (-Xss)
#   Set larger code cache with -XX:ReservedCodeCacheSize=
#   JVM is running with Unscaled Compressed Oops mode in which the Java heap is
#     placed in the first 4GB address space. The Java Heap base address is the
#     maximum limit for the native heap growth. Please use -XX:HeapBaseMinAddress
#     to set the Java Heap base and to place the Java Heap above 4GB virtual address.
# This output file may be truncated or incomplete.
#
#  Out of Memory Error (arena.cpp:168), pid=32496, tid=31804
#
# JRE version: OpenJDK Runtime Environment Temurin-21.0.11+10 (21.0.11+10) (build 21.0.11+10-LTS)
# Java VM: OpenJDK 64-Bit Server VM Temurin-21.0.11+10 (21.0.11+10-LTS, mixed mode, sharing, tiered, compressed oops, compressed class ptrs, parallel gc, windows-amd64)
# No core dump will be written. Minidumps are not enabled by default on client versions of Windows
#

---------------  S U M M A R Y ------------

Command Line: --add-modules=ALL-SYSTEM --add-opens=java.base/java.util=ALL-UNNAMED --add-opens=java.base/java.lang=ALL-UNNAMED --add-opens=java.base/sun.nio.fs=ALL-UNNAMED -Declipse.application=org.eclipse.jdt.ls.core.id1 -Dosgi.bundles.defaultStartLevel=4 -Declipse.product=org.eclipse.jdt.ls.core.product -Djava.import.generatesMetadataFilesAtProjectRoot=false -DDetectVMInstallationsJob.disabled=true -Dfile.encoding=utf8 -XX:+UseParallelGC -XX:GCTimeRatio=4 -XX:AdaptiveSizePolicyWeight=90 -Dsun.zip.disableMemoryMapping=true -Xmx2G -Xms100m -Xlog:disable -javaagent:c:\Users\gueva\.vscode\extensions\redhat.java-1.55.0-win32-x64\lombok\lombok-1.18.39-4050.jar -XX:+HeapDumpOnOutOfMemoryError -XX:HeapDumpPath=c:\Users\gueva\AppData\Roaming\Code\User\workspaceStorage\44fb2ca8477ceeac58e2505a295ba8ed\redhat.java -Daether.dependencyCollector.impl=bf c:\Users\gueva\.vscode\extensions\redhat.java-1.55.0-win32-x64\server\plugins\org.eclipse.equinox.launcher_1.7.200.v20260619-2039.jar -configuration c:\Users\gueva\AppData\Roaming\Code\User\globalStorage\redhat.java\1.55.0\config_win -data c:\Users\gueva\AppData\Roaming\Code\User\workspaceStorage\44fb2ca8477ceeac58e2505a295ba8ed\redhat.java\jdt_ws --pipe=\\.\pipe\lsp-c35099450358bb5749c11eedcf5c0795-sock

Host: AMD Ryzen 5 7520U with Radeon Graphics         , 8 cores, 7G,  Windows 11 , 64 bit Build 26100 (10.0.26100.8875)
Time: Sun Jul 19 19:55:09 2026 Hora est嫕dar central (M憖ico) elapsed time: 40.718769 seconds (0d 0h 0m 40s)

---------------  T H R E A D  ---------------

Current thread (0x0000023be46fa370):  JavaThread "C2 CompilerThread0" daemon [_thread_in_native, id=31804, stack(0x000000bdb1e00000,0x000000bdb1f00000) (1024K)]


Current CompileTask:
C2:40718 12231       4       org.codehaus.plexus.interpolation.PrefixedValueSourceWrapper::getValue (39 bytes)

Stack: [0x000000bdb1e00000,0x000000bdb1f00000]
Native frames: (J=compiled Java code, j=interpreted, Vv=VM code, C=native code)
V  [jvm.dll+0x6d7e19]
V  [jvm.dll+0x8b5096]
V  [jvm.dll+0x8b764e]
V  [jvm.dll+0x8b7d33]
V  [jvm.dll+0x284596]
V  [jvm.dll+0xc685d]
V  [jvm.dll+0xc6da1]
V  [jvm.dll+0x3bed6b]
V  [jvm.dll+0x38b2b2]
V  [jvm.dll+0x38a6fa]
V  [jvm.dll+0x24c700]
V  [jvm.dll+0x24bce0]
V  [jvm.dll+0x1cb4ae]
V  [jvm.dll+0x25baad]
V  [jvm.dll+0x25a03a]
V  [jvm.dll+0x3f868e]
V  [jvm.dll+0x85fb0d]
V  [jvm.dll+0x6d664d]
C  [ucrtbase.dll+0x2cd30]
C  [KERNEL32.DLL+0x2e957]
C  [ntdll.dll+0xaad6c]


---------------  P R O C E S S  ---------------

Threads class SMR info:
_java_thread_list=0x0000023bccaeeb10, length=54, elements={
0x0000023be47609e0, 0x0000023be46d43c0, 0x0000023be46d5f00, 0x0000023be46da210,
0x0000023be46dae70, 0x0000023be46dfe50, 0x0000023be46e1ea0, 0x0000023be46fa370,
0x0000023be46fc430, 0x0000023bfcbb6690, 0x0000023bfcdf2ae0, 0x0000023bfd6b5c20,
0x0000023bfd55ee90, 0x0000023bfd489900, 0x0000023bfd47c8a0, 0x0000023bfd93dc10,
0x0000023bfd55aa70, 0x0000023bfc9ef3f0, 0x0000023bfdb46d30, 0x0000023bfdb466a0,
0x0000023bfdb480e0, 0x0000023bfdb473c0, 0x0000023bfdb48770, 0x0000023bfdb47a50,
0x0000023bfdb48e00, 0x0000023bfdb45980, 0x0000023bfda20210, 0x0000023bfda1e140,
0x0000023bfda1e7d0, 0x0000023bfda208a0, 0x0000023bfda1f4f0, 0x0000023bfda20f30,
0x0000023bfda1ee60, 0x0000023bfda1dab0, 0x0000023bfda23000, 0x0000023bfda22970,
0x0000023bfda222e0, 0x0000023bfda1fb80, 0x0000023bfda24a40, 0x0000023bfda23d20,
0x0000023bfda23690, 0x0000023bfda243b0, 0x0000023bfda215c0, 0x0000023bfda250d0,
0x0000023bc56e5750, 0x0000023bc56e7190, 0x0000023bc56e8bd0, 0x0000023bc56e5de0,
0x0000023bc56e8540, 0x0000023bfcc92a20, 0x0000023bfcc94af0, 0x0000023bfcc930b0,
0x0000023bfcc93dd0, 0x0000023bfcc93740
}

Java Threads: ( => current thread )
  0x0000023be47609e0 JavaThread "main"                              [_thread_blocked, id=12252, stack(0x000000bdb1400000,0x000000bdb1500000) (1024K)]
  0x0000023be46d43c0 JavaThread "Reference Handler"          daemon [_thread_blocked, id=9732, stack(0x000000bdb1800000,0x000000bdb1900000) (1024K)]
  0x0000023be46d5f00 JavaThread "Finalizer"                  daemon [_thread_blocked, id=28552, stack(0x000000bdb1900000,0x000000bdb1a00000) (1024K)]
  0x0000023be46da210 JavaThread "Signal Dispatcher"          daemon [_thread_blocked, id=6516, stack(0x000000bdb1a00000,0x000000bdb1b00000) (1024K)]
  0x0000023be46dae70 JavaThread "Attach Listener"            daemon [_thread_blocked, id=10820, stack(0x000000bdb1b00000,0x000000bdb1c00000) (1024K)]
  0x0000023be46dfe50 JavaThread "Service Thread"             daemon [_thread_blocked, id=27332, stack(0x000000bdb1c00000,0x000000bdb1d00000) (1024K)]
  0x0000023be46e1ea0 JavaThread "Monitor Deflation Thread"   daemon [_thread_blocked, id=20784, stack(0x000000bdb1d00000,0x000000bdb1e00000) (1024K)]
=>0x0000023be46fa370 JavaThread "C2 CompilerThread0"         daemon [_thread_in_native, id=31804, stack(0x000000bdb1e00000,0x000000bdb1f00000) (1024K)]
  0x0000023be46fc430 JavaThread "C1 CompilerThread0"         daemon [_thread_blocked, id=29868, stack(0x000000bdb1f00000,0x000000bdb2000000) (1024K)]
  0x0000023bfcbb6690 JavaThread "Common-Cleaner"             daemon [_thread_blocked, id=8508, stack(0x000000bdb2100000,0x000000bdb2200000) (1024K)]
  0x0000023bfcdf2ae0 JavaThread "Notification Thread"        daemon [_thread_blocked, id=26572, stack(0x000000bdb2200000,0x000000bdb2300000) (1024K)]
  0x0000023bfd6b5c20 JavaThread "Active Thread: Equinox Container: bd21d2df-6730-4242-9192-7c58d22e99e6"        [_thread_blocked, id=8760, stack(0x000000bdb2a00000,0x000000bdb2b00000) (1024K)]
  0x0000023bfd55ee90 JavaThread "Refresh Thread: Equinox Container: bd21d2df-6730-4242-9192-7c58d22e99e6" daemon [_thread_blocked, id=28784, stack(0x000000bdb2c00000,0x000000bdb2d00000) (1024K)]
  0x0000023bfd489900 JavaThread "Framework Event Dispatcher: Equinox Container: bd21d2df-6730-4242-9192-7c58d22e99e6" daemon [_thread_blocked, id=9380, stack(0x000000bdb2d00000,0x000000bdb2e00000) (1024K)]
  0x0000023bfd47c8a0 JavaThread "Start Level: Equinox Container: bd21d2df-6730-4242-9192-7c58d22e99e6" daemon [_thread_blocked, id=31976, stack(0x000000bdb2e00000,0x000000bdb2f00000) (1024K)]
  0x0000023bfd93dc10 JavaThread "Bundle File Closer"         daemon [_thread_blocked, id=2864, stack(0x000000bdb2900000,0x000000bdb2a00000) (1024K)]
  0x0000023bfd55aa70 JavaThread "SCR Component Actor"        daemon [_thread_blocked, id=30852, stack(0x000000bdb2000000,0x000000bdb2100000) (1024K)]
  0x0000023bfc9ef3f0 JavaThread "Worker-JM"                         [_thread_blocked, id=22232, stack(0x000000bdb2f00000,0x000000bdb3000000) (1024K)]
  0x0000023bfdb46d30 JavaThread "JNA Cleaner"                daemon [_thread_blocked, id=18832, stack(0x000000bdb3000000,0x000000bdb3100000) (1024K)]
  0x0000023bfdb466a0 JavaThread "Worker-0"                          [_thread_blocked, id=12912, stack(0x000000bdb3100000,0x000000bdb3200000) (1024K)]
  0x0000023bfdb480e0 JavaThread "Worker-1: Initialize workspace"        [_thread_blocked, id=10872, stack(0x000000bdb3200000,0x000000bdb3300000) (1024K)]
  0x0000023bfdb473c0 JavaThread "Worker-2: Initialize Workspace"        [_thread_blocked, id=28172, stack(0x000000bdb3400000,0x000000bdb3500000) (1024K)]
  0x0000023bfdb48770 JavaThread "Java indexing"              daemon [_thread_blocked, id=5028, stack(0x000000bdb3500000,0x000000bdb3600000) (1024K)]
  0x0000023bfdb47a50 JavaThread "Worker-3"                          [_thread_blocked, id=26068, stack(0x000000bdb3800000,0x000000bdb3900000) (1024K)]
  0x0000023bfdb48e00 JavaThread "Worker-4"                          [_thread_blocked, id=6724, stack(0x000000bdb3900000,0x000000bdb3a00000) (1024K)]
  0x0000023bfdb45980 JavaThread "Thread-1"                   daemon [_thread_in_native, id=22756, stack(0x000000bdb3a00000,0x000000bdb3b00000) (1024K)]
  0x0000023bfda20210 JavaThread "Thread-2"                   daemon [_thread_in_native, id=9884, stack(0x000000bdb3b00000,0x000000bdb3c00000) (1024K)]
  0x0000023bfda1e140 JavaThread "Thread-3"                   daemon [_thread_in_native, id=10940, stack(0x000000bdb3c00000,0x000000bdb3d00000) (1024K)]
  0x0000023bfda1e7d0 JavaThread "Thread-4"                   daemon [_thread_in_native, id=15564, stack(0x000000bdb3d00000,0x000000bdb3e00000) (1024K)]
  0x0000023bfda208a0 JavaThread "Thread-5"                   daemon [_thread_in_native, id=25852, stack(0x000000bdb3e00000,0x000000bdb3f00000) (1024K)]
  0x0000023bfda1f4f0 JavaThread "Thread-6"                   daemon [_thread_in_native, id=9852, stack(0x000000bdb3f00000,0x000000bdb4000000) (1024K)]
  0x0000023bfda20f30 JavaThread "Thread-7"                   daemon [_thread_in_native, id=20624, stack(0x000000bdb4000000,0x000000bdb4100000) (1024K)]
  0x0000023bfda1ee60 JavaThread "Thread-8"                   daemon [_thread_in_native, id=13828, stack(0x000000bdb4100000,0x000000bdb4200000) (1024K)]
  0x0000023bfda1dab0 JavaThread "Thread-9"                   daemon [_thread_in_native, id=19016, stack(0x000000bdb4200000,0x000000bdb4300000) (1024K)]
  0x0000023bfda23000 JavaThread "pool-2-thread-1"                   [_thread_blocked, id=15272, stack(0x000000bdb4300000,0x000000bdb4400000) (1024K)]
  0x0000023bfda22970 JavaThread "WorkspaceEventsHandler"            [_thread_blocked, id=5180, stack(0x000000bdb4400000,0x000000bdb4500000) (1024K)]
  0x0000023bfda222e0 JavaThread "pool-1-thread-1"                   [_thread_blocked, id=27448, stack(0x000000bdb4500000,0x000000bdb4600000) (1024K)]
  0x0000023bfda1fb80 JavaThread "PatternSearchJob-worker-1"  daemon [_thread_blocked, id=14676, stack(0x000000bdb4600000,0x000000bdb4700000) (1024K)]
  0x0000023bfda24a40 JavaThread "PatternSearchJob-worker-2"  daemon [_thread_blocked, id=22904, stack(0x000000bdb4700000,0x000000bdb4800000) (1024K)]
  0x0000023bfda23d20 JavaThread "PatternSearchJob-worker-3"  daemon [_thread_blocked, id=24568, stack(0x000000bdb4800000,0x000000bdb4900000) (1024K)]
  0x0000023bfda23690 JavaThread "PatternSearchJob-worker-5"  daemon [_thread_blocked, id=32044, stack(0x000000bdb4900000,0x000000bdb4a00000) (1024K)]
  0x0000023bfda243b0 JavaThread "PatternSearchJob-worker-4"  daemon [_thread_blocked, id=31176, stack(0x000000bdb4a00000,0x000000bdb4b00000) (1024K)]
  0x0000023bfda215c0 JavaThread "PatternSearchJob-worker-6"  daemon [_thread_blocked, id=19276, stack(0x000000bdb4b00000,0x000000bdb4c00000) (1024K)]
  0x0000023bfda250d0 JavaThread "PatternSearchJob-worker-7"  daemon [_thread_blocked, id=20772, stack(0x000000bdb4c00000,0x000000bdb4d00000) (1024K)]
  0x0000023bc56e5750 JavaThread "ForkJoinPool.commonPool-worker-1" daemon [_thread_blocked, id=13352, stack(0x000000bdb4d00000,0x000000bdb4e00000) (1024K)]
  0x0000023bc56e7190 JavaThread "ForkJoinPool.commonPool-worker-2" daemon [_thread_blocked, id=19884, stack(0x000000bdb4e00000,0x000000bdb4f00000) (1024K)]
  0x0000023bc56e8bd0 JavaThread "ForkJoinPool.commonPool-worker-3" daemon [_thread_blocked, id=31476, stack(0x000000bdb4f00000,0x000000bdb5000000) (1024K)]
  0x0000023bc56e5de0 JavaThread "ForkJoinPool.commonPool-worker-4" daemon [_thread_blocked, id=12388, stack(0x000000bdb5000000,0x000000bdb5100000) (1024K)]
  0x0000023bc56e8540 JavaThread "ForkJoinPool.commonPool-worker-5" daemon [_thread_blocked, id=27580, stack(0x000000bdb5100000,0x000000bdb5200000) (1024K)]
  0x0000023bfcc92a20 JavaThread "ParallelDescriptorResolver-1-0" daemon [_thread_blocked, id=25400, stack(0x000000bdb3300000,0x000000bdb3400000) (1024K)]
  0x0000023bfcc94af0 JavaThread "ParallelDescriptorResolver-1-1" daemon [_thread_blocked, id=29052, stack(0x000000bdb5200000,0x000000bdb5300000) (1024K)]
  0x0000023bfcc930b0 JavaThread "ParallelDescriptorResolver-1-2" daemon [_thread_blocked, id=24108, stack(0x000000bdb5300000,0x000000bdb5400000) (1024K)]
  0x0000023bfcc93dd0 JavaThread "ParallelDescriptorResolver-1-3" daemon [_thread_blocked, id=25380, stack(0x000000bdb5400000,0x000000bdb5500000) (1024K)]
  0x0000023bfcc93740 JavaThread "ParallelDescriptorResolver-1-4" daemon [_thread_blocked, id=30708, stack(0x000000bdb5500000,0x000000bdb5600000) (1024K)]
Total: 54

Other Threads:
  0x0000023be46d3700 VMThread "VM Thread"                           [id=29200, stack(0x000000bdb1700000,0x000000bdb1800000) (1024K)]
  0x0000023be45eca00 WatcherThread "VM Periodic Task Thread"        [id=8844, stack(0x000000bdb1600000,0x000000bdb1700000) (1024K)]
  0x0000023be477f0c0 WorkerThread "GC Thread#0"                     [id=28952, stack(0x000000bdb1500000,0x000000bdb1600000) (1024K)]
  0x0000023bfd70f0a0 WorkerThread "GC Thread#1"                     [id=15784, stack(0x000000bdb2300000,0x000000bdb2400000) (1024K)]
  0x0000023bfcd1ea20 WorkerThread "GC Thread#2"                     [id=13460, stack(0x000000bdb2400000,0x000000bdb2500000) (1024K)]
  0x0000023bfcd1edd0 WorkerThread "GC Thread#3"                     [id=24316, stack(0x000000bdb2500000,0x000000bdb2600000) (1024K)]
  0x0000023bfd06cf90 WorkerThread "GC Thread#4"                     [id=31860, stack(0x000000bdb2600000,0x000000bdb2700000) (1024K)]
  0x0000023bfd06d340 WorkerThread "GC Thread#5"                     [id=1908, stack(0x000000bdb2700000,0x000000bdb2800000) (1024K)]
  0x0000023bfd06d6f0 WorkerThread "GC Thread#6"                     [id=25868, stack(0x000000bdb2800000,0x000000bdb2900000) (1024K)]
  0x0000023bfd513eb0 WorkerThread "GC Thread#7"                     [id=21116, stack(0x000000bdb2b00000,0x000000bdb2c00000) (1024K)]
Total: 10

Threads with active compile tasks:
C2 CompilerThread0  41291 12231       4       org.codehaus.plexus.interpolation.PrefixedValueSourceWrapper::getValue (39 bytes)
Total: 1

VM state: at safepoint (normal execution)

VM Mutex/Monitor currently owned by a thread:  ([mutex/lock_event])
[0x00007ffb45c0f570] Threads_lock - owner thread: 0x0000023be46d3700
[0x00007ffb45c0f670] Heap_lock - owner thread: 0x0000023bfcc93dd0

Heap address: 0x0000000080000000, size: 2048 MB, Compressed Oops mode: 32-bit

CDS archive(s) mapped at: [0x0000023b80000000-0x0000023b80ba0000-0x0000023b80ba0000), size 12189696, SharedBaseAddress: 0x0000023b80000000, ArchiveRelocationMode: 1.
Compressed class space mapped at: 0x0000023b81000000-0x0000023bc1000000, reserved size: 1073741824
Narrow klass base: 0x0000023b80000000, Narrow klass shift: 0, Narrow klass range: 0x100000000

GC Precious Log:
 CardTable entry size: 512
 CPUs: 8 total, 8 available
 Memory: 7379M
 Large Page Support: Disabled
 NUMA Support: Disabled
 Compressed Oops: Enabled (32-bit)
 Alignments: Space 512K, Generation 512K, Heap 2M
 Heap Min Capacity: 100M
 Heap Initial Capacity: 100M
 Heap Max Capacity: 2G
 Pre-touch: Disabled
 Parallel Workers: 8

Heap:
 PSYoungGen      total 4608K, used 507K [0x00000000d5580000, 0x00000000d5b00000, 0x0000000100000000)
  eden space 4096K, 0% used [0x00000000d5580000,0x00000000d5580000,0x00000000d5980000)
  from space 512K, 99% used [0x00000000d5a80000,0x00000000d5afefc0,0x00000000d5b00000)
  to   space 1024K, 0% used [0x00000000d5980000,0x00000000d5980000,0x00000000d5a80000)
 ParOldGen       total 195584K, used 195328K [0x0000000080000000, 0x000000008bf00000, 0x00000000d5580000)
  object space 195584K, 99% used [0x0000000080000000,0x000000008bec02a0,0x000000008bf00000)
 Metaspace       used 55251K, committed 56704K, reserved 1114112K
  class space    used 5960K, committed 6592K, reserved 1048576K

Card table byte_map: [0x0000023be4100000,0x0000023be4510000] _byte_map_base: 0x0000023be3d00000

Marking Bits: (ParMarkBitMap*) 0x00007ffb45c14460
 Begin Bits: [0x0000023bf6c10000, 0x0000023bf8c10000)
 End Bits:   [0x0000023bf8c10000, 0x0000023bfac10000)

Polling page: 0x0000023be25c0000

Metaspace:

Usage:
  Non-class:     48.14 MB used.
      Class:      5.82 MB used.
       Both:     53.96 MB used.

Virtual space:
  Non-class space:       64.00 MB reserved,      48.94 MB ( 76%) committed,  1 nodes.
      Class space:        1.00 GB reserved,       6.44 MB ( <1%) committed,  1 nodes.
             Both:        1.06 GB reserved,      55.38 MB (  5%) committed. 

Chunk freelists:
   Non-Class:  14.72 MB
       Class:  9.50 MB
        Both:  24.22 MB

MaxMetaspaceSize: unlimited
CompressedClassSpaceSize: 1.00 GB
Initial GC threshold: 21.00 MB
Current GC threshold: 58.38 MB
CDS: on
 - commit_granule_bytes: 65536.
 - commit_granule_words: 8192.
 - virtual_space_node_default_size: 8388608.
 - enlarge_chunks_in_place: 1.
 - use_allocation_guard: 0.


Internal statistics:

num_allocs_failed_limit: 8.
num_arena_births: 1092.
num_arena_deaths: 14.
num_vsnodes_births: 2.
num_vsnodes_deaths: 0.
num_space_committed: 886.
num_space_uncommitted: 0.
num_chunks_returned_to_freelist: 22.
num_chunks_taken_from_freelist: 3810.
num_chunk_merges: 14.
num_chunk_splits: 2309.
num_chunks_enlarged: 1225.
num_inconsistent_stats: 0.

CodeHeap 'non-profiled nmethods': size=120000Kb used=7069Kb max_used=7069Kb free=112930Kb
 bounds [0x0000023bef430000, 0x0000023befb20000, 0x0000023bf6960000]
CodeHeap 'profiled nmethods': size=120000Kb used=25139Kb max_used=25139Kb free=94860Kb
 bounds [0x0000023be7960000, 0x0000023be91f0000, 0x0000023beee90000]
CodeHeap 'non-nmethods': size=5760Kb used=1380Kb max_used=1461Kb free=4379Kb
 bounds [0x0000023beee90000, 0x0000023bef100000, 0x0000023bef430000]
CodeCache: size=245760Kb, used=33588Kb, max_used=33669Kb, free=212169Kb
 total_blobs=12423, nmethods=11738, adapters=591, full_count=0
Compilation: enabled, stopped_count=0, restarted_count=0

Compilation events (20 events):
Event: 39.627 Thread 0x0000023be46fc430 12260       2       java.util.stream.ReferencePipeline::anyMatch (18 bytes)
Event: 39.627 Thread 0x0000023be46fc430 nmethod 12260 0x0000023be91b0790 code [0x0000023be91b0940, 0x0000023be91b0ae0]
Event: 39.679 Thread 0x0000023be46fc430 12261   !   3       org.apache.maven.model.PluginManagement::clone (51 bytes)
Event: 39.679 Thread 0x0000023be46fc430 nmethod 12261 0x0000023be91b0c10 code [0x0000023be91b0ea0, 0x0000023be91b1890]
Event: 39.681 Thread 0x0000023be46fc430 12262       3       org.apache.maven.model.inheritance.DefaultInheritanceAssembler$InheritanceModelMerger::mergePluginContainer_Plugins (433 bytes)
Event: 40.602 Thread 0x0000023be46fc430 nmethod 12262 0x0000023be91b1c90 code [0x0000023be91b2400, 0x0000023be91b6d58]
Event: 40.607 Thread 0x0000023be46fc430 12267 %     3       org.apache.maven.model.inheritance.DefaultInheritanceAssembler$InheritanceModelMerger::putAll @ 13 (74 bytes)
Event: 40.608 Thread 0x0000023be46fc430 nmethod 12267% 0x0000023be91b8410 code [0x0000023be91b8680, 0x0000023be91b9158]
Event: 40.608 Thread 0x0000023be46fc430 12270       3       org.codehaus.plexus.util.xml.pull.MXParser::parseAttribute (1438 bytes)
Event: 40.611 Thread 0x0000023be46fc430 nmethod 12270 0x0000023be91b9410 code [0x0000023be91b9be0, 0x0000023be91be418]
Event: 40.611 Thread 0x0000023be46fc430 12265       2       org.apache.maven.model.merge.ModelMerger::mergeRepositoryBase_Name (41 bytes)
Event: 40.611 Thread 0x0000023be46fc430 nmethod 12265 0x0000023be91bfe90 code [0x0000023be91c0040, 0x0000023be91c0200]
Event: 40.611 Thread 0x0000023be46fc430 12266       2       org.apache.maven.model.merge.ModelMerger::mergeRepositoryBase_Url (41 bytes)
Event: 40.611 Thread 0x0000023be46fc430 nmethod 12266 0x0000023be91c0390 code [0x0000023be91c0540, 0x0000023be91c0700]
Event: 40.611 Thread 0x0000023be46fc430 12268       2       org.apache.maven.model.merge.ModelMerger::mergeRepositoryBase_Layout (43 bytes)
Event: 40.611 Thread 0x0000023be46fc430 nmethod 12268 0x0000023be91c0890 code [0x0000023be91c0a40, 0x0000023be91c0c00]
Event: 40.611 Thread 0x0000023be46fc430 12264       2       org.apache.maven.model.merge.ModelMerger::mergeRepositoryBase_Id (43 bytes)
Event: 40.612 Thread 0x0000023be46fc430 nmethod 12264 0x0000023be91c0d90 code [0x0000023be91c0f40, 0x0000023be91c1100]
Event: 40.612 Thread 0x0000023be46fc430 12263       2       org.apache.maven.model.merge.ModelMerger::mergeDistributionManagement (46 bytes)
Event: 40.612 Thread 0x0000023be46fc430 nmethod 12263 0x0000023be91c1290 code [0x0000023be91c1480, 0x0000023be91c16d8]

GC Heap History (20 events):
Event: 39.169 GC heap before
{Heap before GC invocations=460 (full 2):
 PSYoungGen      total 5120K, used 4991K [0x00000000d5580000, 0x00000000d5b80000, 0x0000000100000000)
  eden space 4096K, 99% used [0x00000000d5580000,0x00000000d597fff8,0x00000000d5980000)
  from space 1024K, 87% used [0x00000000d5980000,0x00000000d5a60000,0x00000000d5a80000)
  to   space 1024K, 0% used [0x00000000d5a80000,0x00000000d5a80000,0x00000000d5b80000)
 ParOldGen       total 187392K, used 187208K [0x0000000080000000, 0x000000008b700000, 0x00000000d5580000)
  object space 187392K, 99% used [0x0000000080000000,0x000000008b6d22a0,0x000000008b700000)
 Metaspace       used 55149K, committed 56576K, reserved 1114112K
  class space    used 5960K, committed 6592K, reserved 1048576K
}
Event: 39.171 GC heap after
{Heap after GC invocations=460 (full 2):
 PSYoungGen      total 5120K, used 512K [0x00000000d5580000, 0x00000000d5b80000, 0x0000000100000000)
  eden space 4096K, 0% used [0x00000000d5580000,0x00000000d5580000,0x00000000d5980000)
  from space 1024K, 50% used [0x00000000d5a80000,0x00000000d5b00000,0x00000000d5b80000)
  to   space 1024K, 0% used [0x00000000d5980000,0x00000000d5980000,0x00000000d5a80000)
 ParOldGen       total 188416K, used 187943K [0x0000000080000000, 0x000000008b800000, 0x00000000d5580000)
  object space 188416K, 99% used [0x0000000080000000,0x000000008b789f10,0x000000008b800000)
 Metaspace       used 55149K, committed 56576K, reserved 1114112K
  class space    used 5960K, committed 6592K, reserved 1048576K
}
Event: 39.230 GC heap before
{Heap before GC invocations=461 (full 2):
 PSYoungGen      total 5120K, used 4608K [0x00000000d5580000, 0x00000000d5b80000, 0x0000000100000000)
  eden space 4096K, 100% used [0x00000000d5580000,0x00000000d5980000,0x00000000d5980000)
  from space 1024K, 50% used [0x00000000d5a80000,0x00000000d5b00000,0x00000000d5b80000)
  to   space 1024K, 0% used [0x00000000d5980000,0x00000000d5980000,0x00000000d5a80000)
 ParOldGen       total 188416K, used 187943K [0x0000000080000000, 0x000000008b800000, 0x00000000d5580000)
  object space 188416K, 99% used [0x0000000080000000,0x000000008b789f10,0x000000008b800000)
 Metaspace       used 55151K, committed 56576K, reserved 1114112K
  class space    used 5960K, committed 6592K, reserved 1048576K
}
Event: 39.232 GC heap after
{Heap after GC invocations=461 (full 2):
 PSYoungGen      total 5120K, used 562K [0x00000000d5580000, 0x00000000d5b80000, 0x0000000100000000)
  eden space 4096K, 0% used [0x00000000d5580000,0x00000000d5580000,0x00000000d5980000)
  from space 1024K, 54% used [0x00000000d5980000,0x00000000d5a0c898,0x00000000d5a80000)
  to   space 1024K, 0% used [0x00000000d5a80000,0x00000000d5a80000,0x00000000d5b80000)
 ParOldGen       total 188416K, used 188271K [0x0000000080000000, 0x000000008b800000, 0x00000000d5580000)
  object space 188416K, 99% used [0x0000000080000000,0x000000008b7dbf10,0x000000008b800000)
 Metaspace       used 55151K, committed 56576K, reserved 1114112K
  class space    used 5960K, committed 6592K, reserved 1048576K
}
Event: 39.270 GC heap before
{Heap before GC invocations=462 (full 2):
 PSYoungGen      total 5120K, used 4658K [0x00000000d5580000, 0x00000000d5b80000, 0x0000000100000000)
  eden space 4096K, 100% used [0x00000000d5580000,0x00000000d5980000,0x00000000d5980000)
  from space 1024K, 54% used [0x00000000d5980000,0x00000000d5a0c898,0x00000000d5a80000)
  to   space 1024K, 0% used [0x00000000d5a80000,0x00000000d5a80000,0x00000000d5b80000)
 ParOldGen       total 188416K, used 188271K [0x0000000080000000, 0x000000008b800000, 0x00000000d5580000)
  object space 188416K, 99% used [0x0000000080000000,0x000000008b7dbf10,0x000000008b800000)
 Metaspace       used 55152K, committed 56576K, reserved 1114112K
  class space    used 5960K, committed 6592K, reserved 1048576K
}
Event: 39.272 GC heap after
{Heap after GC invocations=462 (full 2):
 PSYoungGen      total 5120K, used 498K [0x00000000d5580000, 0x00000000d5b80000, 0x0000000100000000)
  eden space 4096K, 0% used [0x00000000d5580000,0x00000000d5580000,0x00000000d5980000)
  from space 1024K, 48% used [0x00000000d5a80000,0x00000000d5afc878,0x00000000d5b80000)
  to   space 1024K, 0% used [0x00000000d5980000,0x00000000d5980000,0x00000000d5a80000)
 ParOldGen       total 188416K, used 188383K [0x0000000080000000, 0x000000008b800000, 0x00000000d5580000)
  object space 188416K, 99% used [0x0000000080000000,0x000000008b7f7f10,0x000000008b800000)
 Metaspace       used 55152K, committed 56576K, reserved 1114112K
  class space    used 5960K, committed 6592K, reserved 1048576K
}
Event: 39.312 GC heap before
{Heap before GC invocations=463 (full 2):
 PSYoungGen      total 5120K, used 4505K [0x00000000d5580000, 0x00000000d5b80000, 0x0000000100000000)
  eden space 4096K, 97% used [0x00000000d5580000,0x00000000d5969e68,0x00000000d5980000)
  from space 1024K, 48% used [0x00000000d5a80000,0x00000000d5afc878,0x00000000d5b80000)
  to   space 1024K, 0% used [0x00000000d5980000,0x00000000d5980000,0x00000000d5a80000)
 ParOldGen       total 188416K, used 188383K [0x0000000080000000, 0x000000008b800000, 0x00000000d5580000)
  object space 188416K, 99% used [0x0000000080000000,0x000000008b7f7f10,0x000000008b800000)
 Metaspace       used 55157K, committed 56576K, reserved 1114112K
  class space    used 5960K, committed 6592K, reserved 1048576K
}
Event: 39.314 GC heap after
{Heap after GC invocations=463 (full 2):
 PSYoungGen      total 5120K, used 288K [0x00000000d5580000, 0x00000000d5b00000, 0x0000000100000000)
  eden space 4096K, 0% used [0x00000000d5580000,0x00000000d5580000,0x00000000d5980000)
  from space 1024K, 28% used [0x00000000d5980000,0x00000000d59c8000,0x00000000d5a80000)
  to   space 512K, 0% used [0x00000000d5a80000,0x00000000d5a80000,0x00000000d5b00000)
 ParOldGen       total 188928K, used 188531K [0x0000000080000000, 0x000000008b880000, 0x00000000d5580000)
  object space 188928K, 99% used [0x0000000080000000,0x000000008b81cf20,0x000000008b880000)
 Metaspace       used 55157K, committed 56576K, reserved 1114112K
  class space    used 5960K, committed 6592K, reserved 1048576K
}
Event: 39.391 GC heap before
{Heap before GC invocations=464 (full 2):
 PSYoungGen      total 5120K, used 4384K [0x00000000d5580000, 0x00000000d5b00000, 0x0000000100000000)
  eden space 4096K, 100% used [0x00000000d5580000,0x00000000d5980000,0x00000000d5980000)
  from space 1024K, 28% used [0x00000000d5980000,0x00000000d59c8000,0x00000000d5a80000)
  to   space 512K, 0% used [0x00000000d5a80000,0x00000000d5a80000,0x00000000d5b00000)
 ParOldGen       total 188928K, used 188531K [0x0000000080000000, 0x000000008b880000, 0x00000000d5580000)
  object space 188928K, 99% used [0x0000000080000000,0x000000008b81cf20,0x000000008b880000)
 Metaspace       used 55171K, committed 56640K, reserved 1114112K
  class space    used 5960K, committed 6592K, reserved 1048576K
}
Event: 39.392 GC heap after
{Heap after GC invocations=464 (full 2):
 PSYoungGen      total 4608K, used 500K [0x00000000d5580000, 0x00000000d5b80000, 0x0000000100000000)
  eden space 4096K, 0% used [0x00000000d5580000,0x00000000d5580000,0x00000000d5980000)
  from space 512K, 97% used [0x00000000d5a80000,0x00000000d5afd0e0,0x00000000d5b00000)
  to   space 1024K, 0% used [0x00000000d5980000,0x00000000d5980000,0x00000000d5a80000)
 ParOldGen       total 188928K, used 188763K [0x0000000080000000, 0x000000008b880000, 0x00000000d5580000)
  object space 188928K, 99% used [0x0000000080000000,0x000000008b856f20,0x000000008b880000)
 Metaspace       used 55171K, committed 56640K, reserved 1114112K
  class space    used 5960K, committed 6592K, reserved 1048576K
}
Event: 39.420 GC heap before
{Heap before GC invocations=465 (full 2):
 PSYoungGen      total 4608K, used 4596K [0x00000000d5580000, 0x00000000d5b80000, 0x0000000100000000)
  eden space 4096K, 100% used [0x00000000d5580000,0x00000000d5980000,0x00000000d5980000)
  from space 512K, 97% used [0x00000000d5a80000,0x00000000d5afd0e0,0x00000000d5b00000)
  to   space 1024K, 0% used [0x00000000d5980000,0x00000000d5980000,0x00000000d5a80000)
 ParOldGen       total 188928K, used 188763K [0x0000000080000000, 0x000000008b880000, 0x00000000d5580000)
  object space 188928K, 99% used [0x0000000080000000,0x000000008b856f20,0x000000008b880000)
 Metaspace       used 55171K, committed 56640K, reserved 1114112K
  class space    used 5960K, committed 6592K, reserved 1048576K
}
Event: 39.421 GC heap after
{Heap after GC invocations=465 (full 2):
 PSYoungGen      total 5120K, used 516K [0x00000000d5580000, 0x00000000d5b80000, 0x0000000100000000)
  eden space 4096K, 0% used [0x00000000d5580000,0x00000000d5580000,0x00000000d5980000)
  from space 1024K, 50% used [0x00000000d5980000,0x00000000d5a01110,0x00000000d5a80000)
  to   space 1024K, 0% used [0x00000000d5a80000,0x00000000d5a80000,0x00000000d5b80000)
 ParOldGen       total 188928K, used 188883K [0x0000000080000000, 0x000000008b880000, 0x00000000d5580000)
  object space 188928K, 99% used [0x0000000080000000,0x000000008b874f20,0x000000008b880000)
 Metaspace       used 55171K, committed 56640K, reserved 1114112K
  class space    used 5960K, committed 6592K, reserved 1048576K
}
Event: 39.461 GC heap before
{Heap before GC invocations=466 (full 2):
 PSYoungGen      total 5120K, used 4612K [0x00000000d5580000, 0x00000000d5b80000, 0x0000000100000000)
  eden space 4096K, 100% used [0x00000000d5580000,0x00000000d5980000,0x00000000d5980000)
  from space 1024K, 50% used [0x00000000d5980000,0x00000000d5a01110,0x00000000d5a80000)
  to   space 1024K, 0% used [0x00000000d5a80000,0x00000000d5a80000,0x00000000d5b80000)
 ParOldGen       total 188928K, used 188883K [0x0000000080000000, 0x000000008b880000, 0x00000000d5580000)
  object space 188928K, 99% used [0x0000000080000000,0x000000008b874f20,0x000000008b880000)
 Metaspace       used 55171K, committed 56640K, reserved 1114112K
  class space    used 5960K, committed 6592K, reserved 1048576K
}
Event: 39.463 GC heap after
{Heap after GC invocations=466 (full 2):
 PSYoungGen      total 5120K, used 672K [0x00000000d5580000, 0x00000000d5b80000, 0x0000000100000000)
  eden space 4096K, 0% used [0x00000000d5580000,0x00000000d5580000,0x00000000d5980000)
  from space 1024K, 65% used [0x00000000d5a80000,0x00000000d5b28000,0x00000000d5b80000)
  to   space 1024K, 0% used [0x00000000d5980000,0x00000000d5980000,0x00000000d5a80000)
 ParOldGen       total 189440K, used 189055K [0x0000000080000000, 0x000000008b900000, 0x00000000d5580000)
  object space 189440K, 99% used [0x0000000080000000,0x000000008b89ff30,0x000000008b900000)
 Metaspace       used 55171K, committed 56640K, reserved 1114112K
  class space    used 5960K, committed 6592K, reserved 1048576K
}
Event: 39.531 GC heap before
{Heap before GC invocations=467 (full 2):
 PSYoungGen      total 5120K, used 4767K [0x00000000d5580000, 0x00000000d5b80000, 0x0000000100000000)
  eden space 4096K, 99% used [0x00000000d5580000,0x00000000d597fff0,0x00000000d5980000)
  from space 1024K, 65% used [0x00000000d5a80000,0x00000000d5b28000,0x00000000d5b80000)
  to   space 1024K, 0% used [0x00000000d5980000,0x00000000d5980000,0x00000000d5a80000)
 ParOldGen       total 189440K, used 189055K [0x0000000080000000, 0x000000008b900000, 0x00000000d5580000)
  object space 189440K, 99% used [0x0000000080000000,0x000000008b89ff30,0x000000008b900000)
 Metaspace       used 55176K, committed 56640K, reserved 1114112K
  class space    used 5960K, committed 6592K, reserved 1048576K
}
Event: 39.533 GC heap after
{Heap after GC invocations=467 (full 2):
 PSYoungGen      total 5120K, used 794K [0x00000000d5580000, 0x00000000d5b80000, 0x0000000100000000)
  eden space 4096K, 0% used [0x00000000d5580000,0x00000000d5580000,0x00000000d5980000)
  from space 1024K, 77% used [0x00000000d5980000,0x00000000d5a46af0,0x00000000d5a80000)
  to   space 1024K, 0% used [0x00000000d5a80000,0x00000000d5a80000,0x00000000d5b80000)
 ParOldGen       total 189952K, used 189559K [0x0000000080000000, 0x000000008b980000, 0x00000000d5580000)
  object space 189952K, 99% used [0x0000000080000000,0x000000008b91df30,0x000000008b980000)
 Metaspace       used 55176K, committed 56640K, reserved 1114112K
  class space    used 5960K, committed 6592K, reserved 1048576K
}
Event: 39.593 GC heap before
{Heap before GC invocations=468 (full 2):
 PSYoungGen      total 5120K, used 4890K [0x00000000d5580000, 0x00000000d5b80000, 0x0000000100000000)
  eden space 4096K, 100% used [0x00000000d5580000,0x00000000d5980000,0x00000000d5980000)
  from space 1024K, 77% used [0x00000000d5980000,0x00000000d5a46af0,0x00000000d5a80000)
  to   space 1024K, 0% used [0x00000000d5a80000,0x00000000d5a80000,0x00000000d5b80000)
 ParOldGen       total 189952K, used 189559K [0x0000000080000000, 0x000000008b980000, 0x00000000d5580000)
  object space 189952K, 99% used [0x0000000080000000,0x000000008b91df30,0x000000008b980000)
 Metaspace       used 55189K, committed 56640K, reserved 1114112K
  class space    used 5960K, committed 6592K, reserved 1048576K
}
Event: 39.595 GC heap after
{Heap after GC invocations=468 (full 2):
 PSYoungGen      total 5120K, used 672K [0x00000000d5580000, 0x00000000d5b80000, 0x0000000100000000)
  eden space 4096K, 0% used [0x00000000d5580000,0x00000000d5580000,0x00000000d5980000)
  from space 1024K, 65% used [0x00000000d5a80000,0x00000000d5b28000,0x00000000d5b80000)
  to   space 1024K, 0% used [0x00000000d5980000,0x00000000d5980000,0x00000000d5a80000)
 ParOldGen       total 190464K, used 190135K [0x0000000080000000, 0x000000008ba00000, 0x00000000d5580000)
  object space 190464K, 99% used [0x0000000080000000,0x000000008b9adf30,0x000000008ba00000)
 Metaspace       used 55189K, committed 56640K, reserved 1114112K
  class space    used 5960K, committed 6592K, reserved 1048576K
}
Event: 40.606 GC heap before
{Heap before GC invocations=469 (full 2):
 PSYoungGen      total 5120K, used 4768K [0x00000000d5580000, 0x00000000d5b80000, 0x0000000100000000)
  eden space 4096K, 100% used [0x00000000d5580000,0x00000000d5980000,0x00000000d5980000)
  from space 1024K, 65% used [0x00000000d5a80000,0x00000000d5b28000,0x00000000d5b80000)
  to   space 1024K, 0% used [0x00000000d5980000,0x00000000d5980000,0x00000000d5a80000)
 ParOldGen       total 190464K, used 190135K [0x0000000080000000, 0x000000008ba00000, 0x00000000d5580000)
  object space 190464K, 99% used [0x0000000080000000,0x000000008b9adf30,0x000000008ba00000)
 Metaspace       used 55191K, committed 56640K, reserved 1114112K
  class space    used 5960K, committed 6592K, reserved 1048576K
}
Event: 40.607 GC heap after
{Heap after GC invocations=469 (full 2):
 PSYoungGen      total 5120K, used 704K [0x00000000d5580000, 0x00000000d5b80000, 0x0000000100000000)
  eden space 4096K, 0% used [0x00000000d5580000,0x00000000d5580000,0x00000000d5980000)
  from space 1024K, 68% used [0x00000000d5980000,0x00000000d5a30000,0x00000000d5a80000)
  to   space 1024K, 0% used [0x00000000d5a80000,0x00000000d5a80000,0x00000000d5b80000)
 ParOldGen       total 190976K, used 190563K [0x0000000080000000, 0x000000008ba80000, 0x00000000d5580000)
  object space 190976K, 99% used [0x0000000080000000,0x000000008ba18f40,0x000000008ba80000)
 Metaspace       used 55191K, committed 56640K, reserved 1114112K
  class space    used 5960K, committed 6592K, reserved 1048576K
}

Dll operation events (10 events):
Event: 0.019 Loaded shared library c:\Users\gueva\.vscode\extensions\redhat.java-1.55.0-win32-x64\jre\21.0.11-win32-x86_64\bin\java.dll
Event: 0.151 Loaded shared library c:\Users\gueva\.vscode\extensions\redhat.java-1.55.0-win32-x64\jre\21.0.11-win32-x86_64\bin\zip.dll
Event: 0.187 Loaded shared library C:\Users\gueva\.vscode\extensions\redhat.java-1.55.0-win32-x64\jre\21.0.11-win32-x86_64\bin\instrument.dll
Event: 0.195 Loaded shared library C:\Users\gueva\.vscode\extensions\redhat.java-1.55.0-win32-x64\jre\21.0.11-win32-x86_64\bin\net.dll
Event: 0.199 Loaded shared library C:\Users\gueva\.vscode\extensions\redhat.java-1.55.0-win32-x64\jre\21.0.11-win32-x86_64\bin\nio.dll
Event: 0.204 Loaded shared library C:\Users\gueva\.vscode\extensions\redhat.java-1.55.0-win32-x64\jre\21.0.11-win32-x86_64\bin\zip.dll
Event: 0.231 Loaded shared library C:\Users\gueva\.vscode\extensions\redhat.java-1.55.0-win32-x64\jre\21.0.11-win32-x86_64\bin\jimage.dll
Event: 0.377 Loaded shared library c:\Users\gueva\.vscode\extensions\redhat.java-1.55.0-win32-x64\jre\21.0.11-win32-x86_64\bin\verify.dll
Event: 3.037 Loaded shared library C:\Users\gueva\AppData\Roaming\Code\User\globalStorage\redhat.java\1.55.0\config_win\org.eclipse.equinox.launcher\org.eclipse.equinox.launcher.win32.win32.x86_64_1.3.100.v20260613-0559\eclipse_11924.dll
Event: 8.705 Loaded shared library C:\Users\gueva\AppData\Local\Temp\jna-98709026\jna13279027256430608313.dll

Deoptimization events (20 events):
Event: 38.495 Thread 0x0000023bc56e5de0 DEOPT PACKING pc=0x0000023bef7e8d48 sp=0x000000bdb50fe5b0
Event: 38.495 Thread 0x0000023bc56e5de0 DEOPT UNPACKING pc=0x0000023beeee3aa2 sp=0x000000bdb50fe5c0 mode 2
Event: 38.714 Thread 0x0000023bc56e5750 DEOPT PACKING pc=0x0000023be8f7b3e8 sp=0x000000bdb4dfe2e0
Event: 38.714 Thread 0x0000023bc56e5750 DEOPT UNPACKING pc=0x0000023beeee4242 sp=0x000000bdb4dfd840 mode 0
Event: 39.229 Thread 0x0000023bfcc930b0 Uncommon trap: trap_request=0xffffff45 fr.pc=0x0000023bef4b1014 relative=0x0000000000000494
Event: 39.229 Thread 0x0000023bfcc930b0 Uncommon trap: reason=unstable_if action=reinterpret pc=0x0000023bef4b1014 method=java.lang.AbstractStringBuilder.inflateIfNeededFor(Ljava/lang/String;)V @ 14 c2
Event: 39.229 Thread 0x0000023bfcc930b0 DEOPT PACKING pc=0x0000023bef4b1014 sp=0x000000bdb53fe180
Event: 39.229 Thread 0x0000023bfcc930b0 DEOPT UNPACKING pc=0x0000023beeee3aa2 sp=0x000000bdb53fe078 mode 2
Event: 39.229 Thread 0x0000023bfcc930b0 Uncommon trap: trap_request=0xffffff45 fr.pc=0x0000023bef4f1a28 relative=0x0000000000000468
Event: 39.229 Thread 0x0000023bfcc930b0 Uncommon trap: reason=unstable_if action=reinterpret pc=0x0000023bef4f1a28 method=java.lang.AbstractStringBuilder.isLatin1()Z @ 10 c2
Event: 39.229 Thread 0x0000023bfcc930b0 DEOPT PACKING pc=0x0000023bef4f1a28 sp=0x000000bdb53fe180
Event: 39.229 Thread 0x0000023bfcc930b0 DEOPT UNPACKING pc=0x0000023beeee3aa2 sp=0x000000bdb53fe018 mode 2
Event: 39.318 Thread 0x0000023bfcc92a20 DEOPT PACKING pc=0x0000023be8c3e196 sp=0x000000bdb33fe1b0
Event: 39.318 Thread 0x0000023bfcc92a20 DEOPT UNPACKING pc=0x0000023beeee4242 sp=0x000000bdb33fd658 mode 0
Event: 39.534 Thread 0x0000023bc56e5750 DEOPT PACKING pc=0x0000023be8b022bb sp=0x000000bdb4dfdca0
Event: 39.534 Thread 0x0000023bc56e5750 DEOPT UNPACKING pc=0x0000023beeee4242 sp=0x000000bdb4dfd1d8 mode 0
Event: 40.607 Thread 0x0000023bfcc930b0 Uncommon trap: trap_request=0xffffff45 fr.pc=0x0000023befabdb80 relative=0x0000000000002060
Event: 40.607 Thread 0x0000023bfcc930b0 Uncommon trap: reason=unstable_if action=reinterpret pc=0x0000023befabdb80 method=org.codehaus.plexus.util.xml.pull.MXParser.parseAttribute()C @ 793 c2
Event: 40.608 Thread 0x0000023bfcc930b0 DEOPT PACKING pc=0x0000023befabdb80 sp=0x000000bdb53fe3d0
Event: 40.608 Thread 0x0000023bfcc930b0 DEOPT UNPACKING pc=0x0000023beeee3aa2 sp=0x000000bdb53fe368 mode 2

Classes loaded (20 events):
Event: 23.208 Loading class java/util/AbstractList$ListItr
Event: 23.208 Loading class java/util/AbstractList$ListItr done
Event: 23.240 Loading class java/nio/channels/Channels$ReadableByteChannelImpl
Event: 23.241 Loading class java/nio/channels/Channels$ReadableByteChannelImpl done
Event: 23.242 Loading class java/nio/channels/NonWritableChannelException
Event: 23.242 Loading class java/nio/channels/NonWritableChannelException done
Event: 24.089 Loading class java/util/Hashtable$KeySet
Event: 24.090 Loading class java/util/Hashtable$KeySet done
Event: 24.253 Loading class java/lang/invoke/MethodHandleImpl$CountingWrapper$1
Event: 24.253 Loading class java/lang/invoke/MethodHandleImpl$CountingWrapper$1 done
Event: 31.051 Loading class java/util/Collections$2
Event: 31.051 Loading class java/util/Collections$2 done
Event: 34.487 Loading class sun/nio/cs/ISO_8859_1$Encoder
Event: 34.488 Loading class sun/nio/cs/ISO_8859_1$Encoder done
Event: 34.488 Loading class sun/nio/cs/Surrogate$Parser
Event: 34.498 Loading class sun/nio/cs/Surrogate$Parser done
Event: 34.498 Loading class sun/nio/cs/Surrogate
Event: 34.498 Loading class sun/nio/cs/Surrogate done
Event: 35.670 Loading class java/util/HashMap$EntrySpliterator
Event: 35.670 Loading class java/util/HashMap$EntrySpliterator done

Classes unloaded (7 events):
Event: 9.883 Thread 0x0000023be46d3700 Unloading class 0x0000023b811ab400 'java/lang/invoke/LambdaForm$MH+0x0000023b811ab400'
Event: 9.883 Thread 0x0000023be46d3700 Unloading class 0x0000023b811ab000 'java/lang/invoke/LambdaForm$MH+0x0000023b811ab000'
Event: 9.883 Thread 0x0000023be46d3700 Unloading class 0x0000023b811aac00 'java/lang/invoke/LambdaForm$MH+0x0000023b811aac00'
Event: 9.883 Thread 0x0000023be46d3700 Unloading class 0x0000023b811aa800 'java/lang/invoke/LambdaForm$MH+0x0000023b811aa800'
Event: 9.883 Thread 0x0000023be46d3700 Unloading class 0x0000023b811aa400 'java/lang/invoke/LambdaForm$BMH+0x0000023b811aa400'
Event: 9.883 Thread 0x0000023be46d3700 Unloading class 0x0000023b811aa000 'java/lang/invoke/LambdaForm$DMH+0x0000023b811aa000'
Event: 9.883 Thread 0x0000023be46d3700 Unloading class 0x0000023b811a8c00 'java/lang/invoke/LambdaForm$DMH+0x0000023b811a8c00'

Classes redefined (0 events):
No events

Internal exceptions (20 events):
Event: 35.238 Thread 0x0000023bc56e5de0 Exception <a 'sun/nio/fs/WindowsException'{0x00000000d59485e0}> (0x00000000d59485e0) 
thrown [s\src\hotspot\share\prims\jni.cpp, line 520]
Event: 35.240 Thread 0x0000023bc56e5de0 Exception <a 'sun/nio/fs/WindowsException'{0x00000000d5580550}> (0x00000000d5580550) 
thrown [s\src\hotspot\share\prims\jni.cpp, line 520]
Event: 35.680 Thread 0x0000023bfdb480e0 Exception <a 'sun/nio/fs/WindowsException'{0x00000000d5881550}> (0x00000000d5881550) 
thrown [s\src\hotspot\share\prims\jni.cpp, line 520]
Event: 35.680 Thread 0x0000023bfdb480e0 Exception <a 'sun/nio/fs/WindowsException'{0x00000000d5896af8}> (0x00000000d5896af8) 
thrown [s\src\hotspot\share\prims\jni.cpp, line 520]
Event: 35.680 Thread 0x0000023bfdb480e0 Exception <a 'sun/nio/fs/WindowsException'{0x00000000d5897e68}> (0x00000000d5897e68) 
thrown [s\src\hotspot\share\prims\jni.cpp, line 520]
Event: 35.680 Thread 0x0000023bfdb480e0 Exception <a 'sun/nio/fs/WindowsException'{0x00000000d58d0260}> (0x00000000d58d0260) 
thrown [s\src\hotspot\share\prims\jni.cpp, line 520]
Event: 35.681 Thread 0x0000023bfdb480e0 Exception <a 'sun/nio/fs/WindowsException'{0x00000000d58d1190}> (0x00000000d58d1190) 
thrown [s\src\hotspot\share\prims\jni.cpp, line 520]
Event: 35.681 Thread 0x0000023bfdb480e0 Exception <a 'sun/nio/fs/WindowsException'{0x00000000d58d19e8}> (0x00000000d58d19e8) 
thrown [s\src\hotspot\share\prims\jni.cpp, line 520]
Event: 35.681 Thread 0x0000023bfdb480e0 Exception <a 'sun/nio/fs/WindowsException'{0x00000000d58e5578}> (0x00000000d58e5578) 
thrown [s\src\hotspot\share\prims\jni.cpp, line 520]
Event: 35.682 Thread 0x0000023bfdb480e0 Exception <a 'sun/nio/fs/WindowsException'{0x00000000d58e6080}> (0x00000000d58e6080) 
thrown [s\src\hotspot\share\prims\jni.cpp, line 520]
Event: 35.682 Thread 0x0000023bfdb480e0 Exception <a 'sun/nio/fs/WindowsException'{0x00000000d58e73f0}> (0x00000000d58e73f0) 
thrown [s\src\hotspot\share\prims\jni.cpp, line 520]
Event: 35.682 Thread 0x0000023bfdb480e0 Exception <a 'sun/nio/fs/WindowsException'{0x00000000d58e7f20}> (0x00000000d58e7f20) 
thrown [s\src\hotspot\share\prims\jni.cpp, line 520]
Event: 35.682 Thread 0x0000023bfdb480e0 Exception <a 'sun/nio/fs/WindowsException'{0x00000000d58e8e50}> (0x00000000d58e8e50) 
thrown [s\src\hotspot\share\prims\jni.cpp, line 520]
Event: 35.682 Thread 0x0000023bfdb480e0 Exception <a 'sun/nio/fs/WindowsException'{0x00000000d58e96a8}> (0x00000000d58e96a8) 
thrown [s\src\hotspot\share\prims\jni.cpp, line 520]
Event: 35.684 Thread 0x0000023bfdb480e0 Exception <a 'sun/nio/fs/WindowsException'{0x00000000d596dc00}> (0x00000000d596dc00) 
thrown [s\src\hotspot\share\prims\jni.cpp, line 520]
Event: 35.684 Thread 0x0000023bfdb480e0 Exception <a 'sun/nio/fs/WindowsException'{0x00000000d596e458}> (0x00000000d596e458) 
thrown [s\src\hotspot\share\prims\jni.cpp, line 520]
Event: 35.684 Thread 0x0000023bfdb480e0 Exception <a 'sun/nio/fs/WindowsException'{0x00000000d5983b28}> (0x00000000d5983b28) 
thrown [s\src\hotspot\share\prims\jni.cpp, line 520]
Event: 35.685 Thread 0x0000023bfdb480e0 Exception <a 'sun/nio/fs/WindowsException'{0x00000000d5984158}> (0x00000000d5984158) 
thrown [s\src\hotspot\share\prims\jni.cpp, line 520]
Event: 35.685 Thread 0x0000023bfdb480e0 Exception <a 'sun/nio/fs/WindowsException'{0x00000000d5984dd8}> (0x00000000d5984dd8) 
thrown [s\src\hotspot\share\prims\jni.cpp, line 520]
Event: 35.685 Thread 0x0000023bfdb480e0 Exception <a 'sun/nio/fs/WindowsException'{0x00000000d5985630}> (0x00000000d5985630) 
thrown [s\src\hotspot\share\prims\jni.cpp, line 520]

ZGC Phase Switch (0 events):
No events

VM Operations (20 events):
Event: 39.169 Executing safepoint VM operation: ParallelGCFailedAllocation (Allocation Failure)
Event: 39.171 Executing safepoint VM operation: ParallelGCFailedAllocation (Allocation Failure) done
Event: 39.230 Executing safepoint VM operation: ParallelGCFailedAllocation (Allocation Failure)
Event: 39.232 Executing safepoint VM operation: ParallelGCFailedAllocation (Allocation Failure) done
Event: 39.270 Executing safepoint VM operation: ParallelGCFailedAllocation (Allocation Failure)
Event: 39.272 Executing safepoint VM operation: ParallelGCFailedAllocation (Allocation Failure) done
Event: 39.312 Executing safepoint VM operation: ParallelGCFailedAllocation (Allocation Failure)
Event: 39.314 Executing safepoint VM operation: ParallelGCFailedAllocation (Allocation Failure) done
Event: 39.391 Executing safepoint VM operation: ParallelGCFailedAllocation (Allocation Failure)
Event: 39.392 Executing safepoint VM operation: ParallelGCFailedAllocation (Allocation Failure) done
Event: 39.420 Executing safepoint VM operation: ParallelGCFailedAllocation (Allocation Failure)
Event: 39.421 Executing safepoint VM operation: ParallelGCFailedAllocation (Allocation Failure) done
Event: 39.461 Executing safepoint VM operation: ParallelGCFailedAllocation (Allocation Failure)
Event: 39.463 Executing safepoint VM operation: ParallelGCFailedAllocation (Allocation Failure) done
Event: 39.531 Executing safepoint VM operation: ParallelGCFailedAllocation (Allocation Failure)
Event: 39.533 Executing safepoint VM operation: ParallelGCFailedAllocation (Allocation Failure) done
Event: 39.593 Executing safepoint VM operation: ParallelGCFailedAllocation (Allocation Failure)
Event: 39.595 Executing safepoint VM operation: ParallelGCFailedAllocation (Allocation Failure) done
Event: 39.724 Executing safepoint VM operation: ParallelGCFailedAllocation (Allocation Failure)
Event: 40.607 Executing safepoint VM operation: ParallelGCFailedAllocation (Allocation Failure) done

Memory protections (0 events):
No events

Nmethod flushes (20 events):
Event: 12.219 Thread 0x0000023be46d3700 flushing  nmethod 0x0000023be7ff0b10
Event: 12.219 Thread 0x0000023be46d3700 flushing  nmethod 0x0000023be7ff1d10
Event: 12.219 Thread 0x0000023be46d3700 flushing  nmethod 0x0000023be7ff2510
Event: 12.219 Thread 0x0000023be46d3700 flushing  nmethod 0x0000023be7ff2c90
Event: 12.219 Thread 0x0000023be46d3700 flushing  nmethod 0x0000023be7ff3610
Event: 12.219 Thread 0x0000023be46d3700 flushing  nmethod 0x0000023be7ff3b10
Event: 12.219 Thread 0x0000023be46d3700 flushing  nmethod 0x0000023be7ff4010
Event: 12.219 Thread 0x0000023be46d3700 flushing  nmethod 0x0000023be7ff4410
Event: 12.219 Thread 0x0000023be46d3700 flushing  nmethod 0x0000023be7ff4f90
Event: 12.219 Thread 0x0000023be46d3700 flushing  nmethod 0x0000023be7ff5810
Event: 12.219 Thread 0x0000023be46d3700 flushing  nmethod 0x0000023be7ff7290
Event: 12.219 Thread 0x0000023be46d3700 flushing  nmethod 0x0000023be7ff7c10
Event: 12.219 Thread 0x0000023be46d3700 flushing  nmethod 0x0000023be8020b90
Event: 12.219 Thread 0x0000023be46d3700 flushing  nmethod 0x0000023be8030310
Event: 12.219 Thread 0x0000023be46d3700 flushing  nmethod 0x0000023be8034410
Event: 12.219 Thread 0x0000023be46d3700 flushing  nmethod 0x0000023be803d110
Event: 12.219 Thread 0x0000023be46d3700 flushing  nmethod 0x0000023be808d610
Event: 12.219 Thread 0x0000023be46d3700 flushing  nmethod 0x0000023be80ae910
Event: 12.219 Thread 0x0000023be46d3700 flushing  nmethod 0x0000023be80c5b90
Event: 12.219 Thread 0x0000023be46d3700 flushing  nmethod 0x0000023be8100510

Events (20 events):
Event: 22.161 Thread 0x0000023bc56e5750 Thread added: 0x0000023bc56e7190
Event: 22.162 Thread 0x0000023bc56e7190 Thread added: 0x0000023bc56e8bd0
Event: 22.164 Thread 0x0000023bc56e8bd0 Thread added: 0x0000023bc56e5de0
Event: 22.166 Thread 0x0000023bc56e5de0 Thread added: 0x0000023bc56e8540
Event: 29.250 Thread 0x0000023bfdb480e0 Thread added: 0x0000023bc56e6470
Event: 29.250 Thread 0x0000023bfdb480e0 Thread added: 0x0000023bfcc93dd0
Event: 29.250 Thread 0x0000023bfdb480e0 Thread added: 0x0000023bfcc94af0
Event: 29.251 Thread 0x0000023bfdb480e0 Thread added: 0x0000023bfcc94460
Event: 29.251 Thread 0x0000023bfdb480e0 Thread added: 0x0000023bfcc930b0
Event: 29.251 Thread 0x0000023bfe4d5f90 Thread exited: 0x0000023bfe4d5f90
Event: 30.833 Thread 0x0000023bfcc94af0 Thread exited: 0x0000023bfcc94af0
Event: 30.833 Thread 0x0000023bfcc93dd0 Thread exited: 0x0000023bfcc93dd0
Event: 30.833 Thread 0x0000023bfcc930b0 Thread exited: 0x0000023bfcc930b0
Event: 30.834 Thread 0x0000023bfcc94460 Thread exited: 0x0000023bfcc94460
Event: 30.834 Thread 0x0000023bc56e6470 Thread exited: 0x0000023bc56e6470
Event: 37.437 Thread 0x0000023bfdb480e0 Thread added: 0x0000023bfcc92a20
Event: 37.441 Thread 0x0000023bfdb480e0 Thread added: 0x0000023bfcc94af0
Event: 37.441 Thread 0x0000023bfdb480e0 Thread added: 0x0000023bfcc930b0
Event: 37.441 Thread 0x0000023bfdb480e0 Thread added: 0x0000023bfcc93dd0
Event: 37.466 Thread 0x0000023bfdb480e0 Thread added: 0x0000023bfcc93740


Dynamic libraries:
0x00007ff726070000 - 0x00007ff72607e000 	c:\Users\gueva\.vscode\extensions\redhat.java-1.55.0-win32-x64\jre\21.0.11-win32-x86_64\bin\java.exe
0x00007ffbf2e60000 - 0x00007ffbf30c6000 	C:\WINDOWS\SYSTEM32\ntdll.dll
0x00007ffbf0bd0000 - 0x00007ffbf0c99000 	C:\WINDOWS\System32\KERNEL32.DLL
0x00007ffbf0210000 - 0x00007ffbf060e000 	C:\WINDOWS\System32\KERNELBASE.dll
0x00007ffbf00b0000 - 0x00007ffbf01fc000 	C:\WINDOWS\System32\ucrtbase.dll
0x00007ffbe11e0000 - 0x00007ffbe11f8000 	c:\Users\gueva\.vscode\extensions\redhat.java-1.55.0-win32-x64\jre\21.0.11-win32-x86_64\bin\jli.dll
0x00007ffbd7fc0000 - 0x00007ffbd7fde000 	c:\Users\gueva\.vscode\extensions\redhat.java-1.55.0-win32-x64\jre\21.0.11-win32-x86_64\bin\VCRUNTIME140.dll
0x00007ffbf23e0000 - 0x00007ffbf25a7000 	C:\WINDOWS\System32\USER32.dll
0x00007ffbf0080000 - 0x00007ffbf00a7000 	C:\WINDOWS\System32\win32u.dll
0x00007ffbdc520000 - 0x00007ffbdc7b2000 	C:\WINDOWS\WinSxS\amd64_microsoft.windows.common-controls_6595b64144ccf1df_6.0.26100.8875_none_3e0d5d42e32fe9dd\COMCTL32.dll
0x00007ffbf0ba0000 - 0x00007ffbf0bcb000 	C:\WINDOWS\System32\GDI32.dll
0x00007ffbf0ca0000 - 0x00007ffbf0d49000 	C:\WINDOWS\System32\msvcrt.dll
0x00007ffbf0620000 - 0x00007ffbf074a000 	C:\WINDOWS\System32\gdi32full.dll
0x00007ffbf0ae0000 - 0x00007ffbf0b83000 	C:\WINDOWS\System32\msvcp_win.dll
0x00007ffbf0dc0000 - 0x00007ffbf0df2000 	C:\WINDOWS\System32\IMM32.DLL
0x00007ffbe19c0000 - 0x00007ffbe19cc000 	c:\Users\gueva\.vscode\extensions\redhat.java-1.55.0-win32-x64\jre\21.0.11-win32-x86_64\bin\vcruntime140_1.dll
0x00007ffbae2d0000 - 0x00007ffbae35d000 	c:\Users\gueva\.vscode\extensions\redhat.java-1.55.0-win32-x64\jre\21.0.11-win32-x86_64\bin\msvcp140.dll
0x00007ffb44f50000 - 0x00007ffb45cf2000 	c:\Users\gueva\.vscode\extensions\redhat.java-1.55.0-win32-x64\jre\21.0.11-win32-x86_64\bin\server\jvm.dll
0x00007ffbf0e00000 - 0x00007ffbf0eb7000 	C:\WINDOWS\System32\ADVAPI32.dll
0x00007ffbf2d60000 - 0x00007ffbf2e0a000 	C:\WINDOWS\System32\sechost.dll
0x00007ffbf27b0000 - 0x00007ffbf28c8000 	C:\WINDOWS\System32\RPCRT4.dll
0x00007ffbf16a0000 - 0x00007ffbf1720000 	C:\WINDOWS\System32\WS2_32.dll
0x00007ffbde460000 - 0x00007ffbde46b000 	C:\WINDOWS\SYSTEM32\VERSION.dll
0x00007ffbe6220000 - 0x00007ffbe6256000 	C:\WINDOWS\SYSTEM32\WINMM.dll
0x00007ffbefee0000 - 0x00007ffbeff3e000 	C:\WINDOWS\SYSTEM32\POWRPROF.dll
0x00007ffbefeb0000 - 0x00007ffbefec4000 	C:\WINDOWS\SYSTEM32\UMPDC.dll
0x00007ffbeed60000 - 0x00007ffbeed7b000 	C:\WINDOWS\SYSTEM32\kernel.appcore.dll
0x00007ffbe4e20000 - 0x00007ffbe4e2a000 	c:\Users\gueva\.vscode\extensions\redhat.java-1.55.0-win32-x64\jre\21.0.11-win32-x86_64\bin\jimage.dll
0x00007ffbed720000 - 0x00007ffbed962000 	C:\WINDOWS\SYSTEM32\DBGHELP.DLL
0x00007ffbf1730000 - 0x00007ffbf1ab3000 	C:\WINDOWS\System32\combase.dll
0x00007ffbf25b0000 - 0x00007ffbf2689000 	C:\WINDOWS\System32\OLEAUT32.dll
0x00007ffbdc7c0000 - 0x00007ffbdc7fb000 	C:\WINDOWS\SYSTEM32\dbgcore.DLL
0x00007ffbf0a20000 - 0x00007ffbf0acc000 	C:\WINDOWS\System32\bcryptPrimitives.dll
0x00007ffbe4e10000 - 0x00007ffbe4e1f000 	c:\Users\gueva\.vscode\extensions\redhat.java-1.55.0-win32-x64\jre\21.0.11-win32-x86_64\bin\instrument.dll
0x00007ffbd7300000 - 0x00007ffbd7320000 	c:\Users\gueva\.vscode\extensions\redhat.java-1.55.0-win32-x64\jre\21.0.11-win32-x86_64\bin\java.dll
0x00007ffbf1bb0000 - 0x00007ffbf2342000 	C:\WINDOWS\System32\SHELL32.dll
0x00007ffbed970000 - 0x00007ffbee202000 	C:\WINDOWS\SYSTEM32\windows.storage.dll
0x00007ffbf15a0000 - 0x00007ffbf1697000 	C:\WINDOWS\System32\SHCORE.dll
0x00007ffbf0d50000 - 0x00007ffbf0db7000 	C:\WINDOWS\System32\shlwapi.dll
0x00007ffbeffa0000 - 0x00007ffbeffc9000 	C:\WINDOWS\SYSTEM32\profapi.dll
0x00007ffbd7230000 - 0x00007ffbd7248000 	c:\Users\gueva\.vscode\extensions\redhat.java-1.55.0-win32-x64\jre\21.0.11-win32-x86_64\bin\zip.dll
0x00007ffbe1610000 - 0x00007ffbe1620000 	C:\Users\gueva\.vscode\extensions\redhat.java-1.55.0-win32-x64\jre\21.0.11-win32-x86_64\bin\net.dll
0x00007ffbe5e40000 - 0x00007ffbe5f67000 	C:\WINDOWS\SYSTEM32\WINHTTP.dll
0x00007ffbef310000 - 0x00007ffbef37c000 	C:\WINDOWS\system32\mswsock.dll
0x00007ffbd7210000 - 0x00007ffbd7226000 	C:\Users\gueva\.vscode\extensions\redhat.java-1.55.0-win32-x64\jre\21.0.11-win32-x86_64\bin\nio.dll
0x00007ffbe15d0000 - 0x00007ffbe15e0000 	c:\Users\gueva\.vscode\extensions\redhat.java-1.55.0-win32-x64\jre\21.0.11-win32-x86_64\bin\verify.dll
0x00007ffbc2940000 - 0x00007ffbc2985000 	C:\Users\gueva\AppData\Roaming\Code\User\globalStorage\redhat.java\1.55.0\config_win\org.eclipse.equinox.launcher\org.eclipse.equinox.launcher.win32.win32.x86_64_1.3.100.v20260613-0559\eclipse_11924.dll
0x00007ffbf28d0000 - 0x00007ffbf2a69000 	C:\WINDOWS\System32\ole32.dll
0x00007ffbef610000 - 0x00007ffbef62b000 	C:\WINDOWS\SYSTEM32\CRYPTSP.dll
0x00007ffbeecc0000 - 0x00007ffbeecf9000 	C:\WINDOWS\system32\rsaenh.dll
0x00007ffbef3d0000 - 0x00007ffbef402000 	C:\WINDOWS\SYSTEM32\USERENV.dll
0x00007ffbeff70000 - 0x00007ffbeff9a000 	C:\WINDOWS\SYSTEM32\bcrypt.dll
0x00007ffbef630000 - 0x00007ffbef63c000 	C:\WINDOWS\SYSTEM32\CRYPTBASE.dll
0x00007ffbee6b0000 - 0x00007ffbee6e3000 	C:\WINDOWS\SYSTEM32\IPHLPAPI.DLL
0x00007ffbf2e10000 - 0x00007ffbf2e1a000 	C:\WINDOWS\System32\NSI.dll
0x00007ffbc2620000 - 0x00007ffbc2669000 	C:\Users\gueva\AppData\Local\Temp\jna-98709026\jna13279027256430608313.dll
0x00007ffbf23a0000 - 0x00007ffbf23a8000 	C:\WINDOWS\System32\PSAPI.DLL
0x00007ffbea460000 - 0x00007ffbea47d000 	C:\WINDOWS\SYSTEM32\dhcpcsvc6.DLL
0x00007ffbea410000 - 0x00007ffbea435000 	C:\WINDOWS\SYSTEM32\dhcpcsvc.DLL

JVMTI agents:
c:\Users\gueva\.vscode\extensions\redhat.java-1.55.0-win32-x64\lombok\lombok-1.18.39-4050.jar path:c:\Users\gueva\.vscode\extensions\redhat.java-1.55.0-win32-x64\jre\21.0.11-win32-x86_64\bin\instrument.dll, loaded, initialized, instrumentlib options:none

dbghelp: loaded successfully - version: 4.0.5 - missing functions: none
symbol engine: initialized successfully - sym options: 0x614 - pdb path: .;c:\Users\gueva\.vscode\extensions\redhat.java-1.55.0-win32-x64\jre\21.0.11-win32-x86_64\bin;C:\WINDOWS\SYSTEM32;C:\WINDOWS\WinSxS\amd64_microsoft.windows.common-controls_6595b64144ccf1df_6.0.26100.8875_none_3e0d5d42e32fe9dd;c:\Users\gueva\.vscode\extensions\redhat.java-1.55.0-win32-x64\jre\21.0.11-win32-x86_64\bin\server;C:\Users\gueva\AppData\Roaming\Code\User\globalStorage\redhat.java\1.55.0\config_win\org.eclipse.equinox.launcher\org.eclipse.equinox.launcher.win32.win32.x86_64_1.3.100.v20260613-0559;C:\Users\gueva\AppData\Local\Temp\jna-98709026

VM Arguments:
jvm_args: --add-modules=ALL-SYSTEM --add-opens=java.base/java.util=ALL-UNNAMED --add-opens=java.base/java.lang=ALL-UNNAMED --add-opens=java.base/sun.nio.fs=ALL-UNNAMED -Declipse.application=org.eclipse.jdt.ls.core.id1 -Dosgi.bundles.defaultStartLevel=4 -Declipse.product=org.eclipse.jdt.ls.core.product -Djava.import.generatesMetadataFilesAtProjectRoot=false -DDetectVMInstallationsJob.disabled=true -Dfile.encoding=utf8 -XX:+UseParallelGC -XX:GCTimeRatio=4 -XX:AdaptiveSizePolicyWeight=90 -Dsun.zip.disableMemoryMapping=true -Xmx2G -Xms100m -Xlog:disable -javaagent:c:\Users\gueva\.vscode\extensions\redhat.java-1.55.0-win32-x64\lombok\lombok-1.18.39-4050.jar -XX:+HeapDumpOnOutOfMemoryError -XX:HeapDumpPath=c:\Users\gueva\AppData\Roaming\Code\User\workspaceStorage\44fb2ca8477ceeac58e2505a295ba8ed\redhat.java -Daether.dependencyCollector.impl=bf 
java_command: c:\Users\gueva\.vscode\extensions\redhat.java-1.55.0-win32-x64\server\plugins\org.eclipse.equinox.launcher_1.7.200.v20260619-2039.jar -configuration c:\Users\gueva\AppData\Roaming\Code\User\globalStorage\redhat.java\1.55.0\config_win -data c:\Users\gueva\AppData\Roaming\Code\User\workspaceStorage\44fb2ca8477ceeac58e2505a295ba8ed\redhat.java\jdt_ws --pipe=\\.\pipe\lsp-c35099450358bb5749c11eedcf5c0795-sock
java_class_path (initial): c:\Users\gueva\.vscode\extensions\redhat.java-1.55.0-win32-x64\server\plugins\org.eclipse.equinox.launcher_1.7.200.v20260619-2039.jar
Launcher Type: SUN_STANDARD

[Global flags]
    uintx AdaptiveSizePolicyWeight                 = 90                                        {product} {command line}
     intx CICompilerCount                          = 4                                         {product} {ergonomic}
    uintx GCTimeRatio                              = 4                                         {product} {command line}
     bool HeapDumpOnOutOfMemoryError               = true                                   {manageable} {command line}
    ccstr HeapDumpPath                             = c:\Users\gueva\AppData\Roaming\Code\User\workspaceStorage\44fb2ca8477ceeac58e2505a295ba8ed\redhat.java         {manageable} {command line}
   size_t InitialHeapSize                          = 104857600                                 {product} {command line}
   size_t MaxHeapSize                              = 2147483648                                {product} {command line}
   size_t MaxNewSize                               = 715653120                                 {product} {ergonomic}
   size_t MinHeapDeltaBytes                        = 524288                                    {product} {ergonomic}
   size_t MinHeapSize                              = 104857600                                 {product} {command line}
   size_t NewSize                                  = 34603008                                  {product} {ergonomic}
    uintx NonNMethodCodeHeapSize                   = 5839372                                {pd product} {ergonomic}
    uintx NonProfiledCodeHeapSize                  = 122909434                              {pd product} {ergonomic}
   size_t OldSize                                  = 70254592                                  {product} {ergonomic}
    uintx ProfiledCodeHeapSize                     = 122909434                              {pd product} {ergonomic}
    uintx ReservedCodeCacheSize                    = 251658240                              {pd product} {ergonomic}
     bool SegmentedCodeCache                       = true                                      {product} {ergonomic}
   size_t SoftMaxHeapSize                          = 2147483648                             {manageable} {ergonomic}
     bool UseCompressedOops                        = true                           {product lp64_product} {ergonomic}
     bool UseLargePagesIndividualAllocation        = false                                  {pd product} {ergonomic}
     bool UseParallelGC                            = true                                      {product} {command line}

Logging:
Log output configuration:
 #0: stdout all=off uptime,level,tags foldmultilines=false
 #1: stderr all=off uptime,level,tags foldmultilines=false

Release file:
JAVA_VERSION="21.0.11" 
MODULES="java.base java.compiler java.datatransfer java.xml java.prefs java.desktop java.instrument java.logging java.management java.security.sasl java.naming java.rmi java.management.rmi java.net.http java.scripting java.security.jgss java.transaction.xa java.sql java.sql.rowset java.xml.crypto java.se java.smartcardio jdk.accessibility jdk.internal.jvmstat jdk.attach jdk.charsets jdk.internal.opt jdk.zipfs jdk.compiler jdk.crypto.ec jdk.crypto.cryptoki jdk.crypto.mscapi jdk.dynalink jdk.internal.ed jdk.editpad jdk.hotspot.agent jdk.httpserver jdk.internal.le jdk.internal.vm.ci jdk.internal.vm.compiler jdk.internal.vm.compiler.management jdk.jartool jdk.javadoc jdk.jcmd jdk.management jdk.management.agent jdk.jconsole jdk.jdeps jdk.jdwp.agent jdk.jdi jdk.jfr jdk.jshell jdk.jsobject jdk.jstatd jdk.localedata jdk.management.jfr jdk.naming.dns jdk.naming.rmi jdk.net jdk.nio.mapmode jdk.random jdk.sctp jdk.security.auth jdk.security.jgss jdk.unsupported jdk.unsupported.desktop jdk.xml.dom" 

Environment Variables:
PATH=C:\Program Files\Common Files\Oracle\Java\javapath;C:\WINDOWS\system32;C:\WINDOWS;C:\WINDOWS\System32\Wbem;C:\WINDOWS\System32\WindowsPowerShell\v1.0\;C:\WINDOWS\System32\OpenSSH\;C:\Program Files\dotnet\;C:\Program Files\Java\jdk-25\bin;C:\Program Files\nodejs\;C:\xampp\php;C:\ProgramData\ComposerSetup\bin;C:\Program Files\Git\cmd;C:\Program Files (x86)\Microsoft SQL Server\160\Tools\Binn\;C:\Program Files\Microsoft SQL Server\160\Tools\Binn\;C:\Program Files\Microsoft SQL Server\Client SDK\ODBC\170\Tools\Binn\;C:\Program Files\Microsoft SQL Server\160\DTS\Binn\;C:\Program Files (x86)\Microsoft SQL Server\160\DTS\Binn\;C:\ProgramData\chocolatey\bin;C:\flutter\bin;;C:\Program Files\Docker\Docker\resources\bin;C:\Users\gueva\AppData\Local\Programs\Python\Launcher\;C:\Program Files\MySQL\MySQL Shell 8.0\bin\;C:\Users\gueva\AppData\Local\Microsoft\WindowsApps;C:\Users\gueva\AppData\Local\Programs\Microsoft VS Code\bin;C:\Users\gueva\AppData\Roaming\npm;C:\Users\gueva\AppData\Roaming\Composer\vendor\bin;C:\Users\gueva\AppData\Roaming\npm;C:\Users\gueva\AppData\Local\Python\bin;C:\Program Files\Git\bin;C:\Users\gueva\AppData\Local\Programs\mongosh\;C:\Program Files\MongoDB\Tools\100\bin;C:\Program Files\MongoDB\Server\8.2\bin;C:\Program Files\MySQL\MySQL Server 8.0\bin;C:\Program Files\Docker\Docker
USERNAME=gueva
OS=Windows_NT
PROCESSOR_IDENTIFIER=AMD64 Family 23 Model 160 Stepping 0, AuthenticAMD
TMP=C:\Users\gueva\AppData\Local\Temp
TEMP=C:\Users\gueva\AppData\Local\Temp




Periodic native trim disabled

---------------  S Y S T E M  ---------------

OS:
 Windows 11 , 64 bit Build 26100 (10.0.26100.8875)
OS uptime: 0 days 19:05 hours
Hyper-V role detected

CPU: total 8 (initial active 8) (8 cores per cpu, 2 threads per core) family 23 model 160 stepping 0 microcode 0x8a0000b, cx8, cmov, fxsr, ht, mmx, 3dnowpref, sse, sse2, sse3, ssse3, sse4a, sse4.1, sse4.2, popcnt, lzcnt, tsc, tscinvbit, avx, avx2, aes, clmul, bmi1, bmi2, adx, sha, fma, vzeroupper, clflush, clflushopt, hv, rdtscp, rdpid, f16c
Processor Information for the first 8 processors :
  Max Mhz: 2801, Current Mhz: 2801, Mhz Limit: 2801

Memory: 4k page, system-wide physical 7379M (360M free)
TotalPageFile size 29907M (AvailPageFile size 96M)
current process WorkingSet (physical memory assigned to process): 387M, peak: 402M
current process commit charge ("private bytes"): 484M, peak: 484M

vm_info: OpenJDK 64-Bit Server VM (21.0.11+10-LTS) for windows-amd64 JRE (21.0.11+10-LTS), built on 2026-04-21T00:00:00Z by "admin" with MS VC++ 17.12 (VS2022)

END.
