#
# There is insufficient memory for the Java Runtime Environment to continue.
# Native memory allocation (malloc) failed to allocate 63856 bytes. Error detail: Chunk::new
# Possible reasons:
#   The system is out of physical RAM or swap space
#   This process is running with CompressedOops enabled, and the Java Heap may be blocking the growth of the native heap
# Possible solutions:
#   Reduce memory load on the system
#   Increase physical memory or swap space
#   Check if swap backing store is full
#   Decrease Java heap size (-Xmx/-Xms)
#   Decrease number of Java threads
#   Decrease Java thread stack sizes (-Xss)
#   Set larger code cache with -XX:ReservedCodeCacheSize=
#   JVM is running with Unscaled Compressed Oops mode in which the Java heap is
#     placed in the first 4GB address space. The Java Heap base address is the
#     maximum limit for the native heap growth. Please use -XX:HeapBaseMinAddress
#     to set the Java Heap base and to place the Java Heap above 4GB virtual address.
# This output file may be truncated or incomplete.
#
#  Out of Memory Error (arena.cpp:168), pid=31388, tid=8640
#
# JRE version: OpenJDK Runtime Environment Temurin-21.0.11+10 (21.0.11+10) (build 21.0.11+10-LTS)
# Java VM: OpenJDK 64-Bit Server VM Temurin-21.0.11+10 (21.0.11+10-LTS, mixed mode, sharing, tiered, compressed oops, compressed class ptrs, parallel gc, windows-amd64)
# No core dump will be written. Minidumps are not enabled by default on client versions of Windows
#

---------------  S U M M A R Y ------------

Command Line: --add-modules=ALL-SYSTEM --add-opens=java.base/java.util=ALL-UNNAMED --add-opens=java.base/java.lang=ALL-UNNAMED --add-opens=java.base/sun.nio.fs=ALL-UNNAMED -Declipse.application=org.eclipse.jdt.ls.core.id1 -Dosgi.bundles.defaultStartLevel=4 -Declipse.product=org.eclipse.jdt.ls.core.product -Djava.import.generatesMetadataFilesAtProjectRoot=false -DDetectVMInstallationsJob.disabled=true -Dfile.encoding=utf8 -XX:+UseParallelGC -XX:GCTimeRatio=4 -XX:AdaptiveSizePolicyWeight=90 -Dsun.zip.disableMemoryMapping=true -Xmx2G -Xms100m -Xlog:disable -javaagent:c:\Users\gueva\.vscode\extensions\redhat.java-1.55.0-win32-x64\lombok\lombok-1.18.39-4050.jar -XX:+HeapDumpOnOutOfMemoryError -XX:HeapDumpPath=c:\Users\gueva\AppData\Roaming\Code\User\workspaceStorage\44fb2ca8477ceeac58e2505a295ba8ed\redhat.java -Daether.dependencyCollector.impl=bf c:\Users\gueva\.vscode\extensions\redhat.java-1.55.0-win32-x64\server\plugins\org.eclipse.equinox.launcher_1.7.200.v20260619-2039.jar -configuration c:\Users\gueva\AppData\Roaming\Code\User\globalStorage\redhat.java\1.55.0\config_win -data c:\Users\gueva\AppData\Roaming\Code\User\workspaceStorage\44fb2ca8477ceeac58e2505a295ba8ed\redhat.java\jdt_ws --pipe=\\.\pipe\lsp-a2bc713d0e03f648eed736f78a57b859-sock

Host: AMD Ryzen 5 7520U with Radeon Graphics         , 8 cores, 7G,  Windows 11 , 64 bit Build 26100 (10.0.26100.8875)
Time: Sun Jul 19 20:06:36 2026 Hora est嫕dar central (M憖ico) elapsed time: 15.841468 seconds (0d 0h 0m 15s)

---------------  T H R E A D  ---------------

Current thread (0x000002690f5c6aa0):  JavaThread "C2 CompilerThread0" daemon [_thread_in_native, id=8640, stack(0x0000008c9da00000,0x0000008c9db00000) (1024K)]


Current CompileTask:
C2:15841 1778       4       java.io.WinNTFileSystem::normalize (224 bytes)

Stack: [0x0000008c9da00000,0x0000008c9db00000]
Native frames: (J=compiled Java code, j=interpreted, Vv=VM code, C=native code)
V  [jvm.dll+0x6d7e19]
V  [jvm.dll+0x8b5096]
V  [jvm.dll+0x8b764e]
V  [jvm.dll+0x8b7d33]
V  [jvm.dll+0x284596]
V  [jvm.dll+0xc685d]
V  [jvm.dll+0xc6da1]
V  [jvm.dll+0x5df161]
V  [jvm.dll+0x1e3dba]
V  [jvm.dll+0x24c853]
V  [jvm.dll+0x24bce0]
V  [jvm.dll+0x1cb4ae]
V  [jvm.dll+0x25baad]
V  [jvm.dll+0x25a03a]
V  [jvm.dll+0x3f868e]
V  [jvm.dll+0x85fb0d]
V  [jvm.dll+0x6d664d]
C  [ucrtbase.dll+0x2cd30]
C  [KERNEL32.DLL+0x2e957]
C  [ntdll.dll+0xaad6c]


---------------  P R O C E S S  ---------------

Threads class SMR info:
_java_thread_list=0x000002696d176000, length=15, elements={
0x000002690f645300, 0x000002690f6fb030, 0x000002690f6fdd20, 0x000002690f5b6030,
0x000002690f5b8cf0, 0x000002690f5baa60, 0x000002690f5bb4c0, 0x000002690f5c6aa0,
0x00000269688a0020, 0x0000026968a22160, 0x0000026968bd0390, 0x000002696d2bbe70,
0x00000269689041a0, 0x000002696d976ce0, 0x000002696d6d41e0
}

Java Threads: ( => current thread )
  0x000002690f645300 JavaThread "main"                              [_thread_blocked, id=31440, stack(0x0000008c9d000000,0x0000008c9d100000) (1024K)]
  0x000002690f6fb030 JavaThread "Reference Handler"          daemon [_thread_blocked, id=22600, stack(0x0000008c9d400000,0x0000008c9d500000) (1024K)]
  0x000002690f6fdd20 JavaThread "Finalizer"                  daemon [_thread_blocked, id=17600, stack(0x0000008c9d500000,0x0000008c9d600000) (1024K)]
  0x000002690f5b6030 JavaThread "Signal Dispatcher"          daemon [_thread_blocked, id=17668, stack(0x0000008c9d600000,0x0000008c9d700000) (1024K)]
  0x000002690f5b8cf0 JavaThread "Attach Listener"            daemon [_thread_blocked, id=19516, stack(0x0000008c9d700000,0x0000008c9d800000) (1024K)]
  0x000002690f5baa60 JavaThread "Service Thread"             daemon [_thread_blocked, id=23624, stack(0x0000008c9d800000,0x0000008c9d900000) (1024K)]
  0x000002690f5bb4c0 JavaThread "Monitor Deflation Thread"   daemon [_thread_blocked, id=14856, stack(0x0000008c9d900000,0x0000008c9da00000) (1024K)]
=>0x000002690f5c6aa0 JavaThread "C2 CompilerThread0"         daemon [_thread_in_native, id=8640, stack(0x0000008c9da00000,0x0000008c9db00000) (1024K)]
  0x00000269688a0020 JavaThread "C1 CompilerThread0"         daemon [_thread_blocked, id=19800, stack(0x0000008c9db00000,0x0000008c9dc00000) (1024K)]
  0x0000026968a22160 JavaThread "Common-Cleaner"             daemon [_thread_blocked, id=12664, stack(0x0000008c9dd00000,0x0000008c9de00000) (1024K)]
  0x0000026968bd0390 JavaThread "Notification Thread"        daemon [_thread_blocked, id=25180, stack(0x0000008c9de00000,0x0000008c9df00000) (1024K)]
  0x000002696d2bbe70 JavaThread "Active Thread: Equinox Container: e42e614f-ba1b-4335-ae99-25cd4d36fad6"        [_thread_blocked, id=18116, stack(0x0000008c9e500000,0x0000008c9e600000) (1024K)]
  0x00000269689041a0 JavaThread "Refresh Thread: Equinox Container: e42e614f-ba1b-4335-ae99-25cd4d36fad6" daemon [_thread_blocked, id=21320, stack(0x0000008c9e600000,0x0000008c9e700000) (1024K)]
  0x000002696d976ce0 JavaThread "Framework Event Dispatcher: Equinox Container: e42e614f-ba1b-4335-ae99-25cd4d36fad6" daemon [_thread_blocked, id=18276, stack(0x0000008c9e700000,0x0000008c9e800000) (1024K)]
  0x000002696d6d41e0 JavaThread "Start Level: Equinox Container: e42e614f-ba1b-4335-ae99-25cd4d36fad6" daemon [_thread_in_vm, id=19448, stack(0x0000008c9e800000,0x0000008c9e900000) (1024K)]
Total: 15

Other Threads:
  0x000002690f6e08d0 VMThread "VM Thread"                           [id=30740, stack(0x0000008c9d300000,0x0000008c9d400000) (1024K)]
  0x000002690f4cca00 WatcherThread "VM Periodic Task Thread"        [id=8672, stack(0x0000008c9d200000,0x0000008c9d300000) (1024K)]
  0x000002690f662900 WorkerThread "GC Thread#0"                     [id=30448, stack(0x0000008c9d100000,0x0000008c9d200000) (1024K)]
  0x000002696d5cd1b0 WorkerThread "GC Thread#1"                     [id=19140, stack(0x0000008c9dc00000,0x0000008c9dd00000) (1024K)]
  0x000002696d63da60 WorkerThread "GC Thread#2"                     [id=15864, stack(0x0000008c9df00000,0x0000008c9e000000) (1024K)]
  0x000002696d63cba0 WorkerThread "GC Thread#3"                     [id=16280, stack(0x0000008c9e000000,0x0000008c9e100000) (1024K)]
  0x000002696d63c440 WorkerThread "GC Thread#4"                     [id=4388, stack(0x0000008c9e100000,0x0000008c9e200000) (1024K)]
  0x000002696d63d300 WorkerThread "GC Thread#5"                     [id=20980, stack(0x0000008c9e200000,0x0000008c9e300000) (1024K)]
  0x000002696d63d6b0 WorkerThread "GC Thread#6"                     [id=13128, stack(0x0000008c9e300000,0x0000008c9e400000) (1024K)]
  0x000002696d63c090 WorkerThread "GC Thread#7"                     [id=29168, stack(0x0000008c9e400000,0x0000008c9e500000) (1024K)]
Total: 10

Threads with active compile tasks:
C2 CompilerThread0  15904 1778       4       java.io.WinNTFileSystem::normalize (224 bytes)
C1 CompilerThread0  15904 1855       3       org.eclipse.osgi.internal.framework.EquinoxBundle::getState (101 bytes)
Total: 2

VM state: not at safepoint (normal execution)

VM Mutex/Monitor currently owned by a thread:  ([mutex/lock_event])
[0x00007ffb4615fbf0] SystemDictionary_lock - owner thread: 0x0000000000000000

Heap address: 0x0000000080000000, size: 2048 MB, Compressed Oops mode: 32-bit

CDS archive(s) mapped at: [0x0000026926000000-0x0000026926ba0000-0x0000026926ba0000), size 12189696, SharedBaseAddress: 0x0000026926000000, ArchiveRelocationMode: 1.
Compressed class space mapped at: 0x0000026927000000-0x0000026967000000, reserved size: 1073741824
Narrow klass base: 0x0000026926000000, Narrow klass shift: 0, Narrow klass range: 0x100000000

GC Precious Log:
 CardTable entry size: 512
 CPUs: 8 total, 8 available
 Memory: 7379M
 Large Page Support: Disabled
 NUMA Support: Disabled
 Compressed Oops: Enabled (32-bit)
 Alignments: Space 512K, Generation 512K, Heap 2M
 Heap Min Capacity: 100M
 Heap Initial Capacity: 100M
 Heap Max Capacity: 2G
 Pre-touch: Disabled
 Parallel Workers: 8

Heap:
 PSYoungGen      total 29696K, used 9214K [0x00000000d5580000, 0x00000000d8f80000, 0x0000000100000000)
  eden space 25600K, 20% used [0x00000000d5580000,0x00000000d5a82380,0x00000000d6e80000)
  from space 4096K, 99% used [0x00000000d8b80000,0x00000000d8f7d810,0x00000000d8f80000)
  to   space 4096K, 0% used [0x00000000d6e80000,0x00000000d6e80000,0x00000000d7280000)
 ParOldGen       total 68608K, used 2025K [0x0000000080000000, 0x0000000084300000, 0x00000000d5580000)
  object space 68608K, 2% used [0x0000000080000000,0x00000000801fa5d0,0x0000000084300000)
 Metaspace       used 8735K, committed 9088K, reserved 1114112K
  class space    used 924K, committed 1088K, reserved 1048576K

Card table byte_map: [0x000002690efe0000,0x000002690f3f0000] _byte_map_base: 0x000002690ebe0000

Marking Bits: (ParMarkBitMap*) 0x00007ffb46164460
 Begin Bits: [0x0000026921af0000, 0x0000026923af0000)
 End Bits:   [0x0000026923af0000, 0x0000026925af0000)

Polling page: 0x000002690d630000

Metaspace:

Usage:
  Non-class:      7.63 MB used.
      Class:    924.30 KB used.
       Both:      8.53 MB used.

Virtual space:
  Non-class space:       64.00 MB reserved,       7.81 MB ( 12%) committed,  1 nodes.
      Class space:        1.00 GB reserved,       1.06 MB ( <1%) committed,  1 nodes.
             Both:        1.06 GB reserved,       8.88 MB ( <1%) committed. 

Chunk freelists:
   Non-Class:  8.02 MB
       Class:  14.84 MB
        Both:  22.85 MB

MaxMetaspaceSize: unlimited
CompressedClassSpaceSize: 1.00 GB
Initial GC threshold: 21.00 MB
Current GC threshold: 21.00 MB
CDS: on
 - commit_granule_bytes: 65536.
 - commit_granule_words: 8192.
 - virtual_space_node_default_size: 8388608.
 - enlarge_chunks_in_place: 1.
 - use_allocation_guard: 0.


Internal statistics:

num_allocs_failed_limit: 0.
num_arena_births: 240.
num_arena_deaths: 0.
num_vsnodes_births: 2.
num_vsnodes_deaths: 0.
num_space_committed: 142.
num_space_uncommitted: 0.
num_chunks_returned_to_freelist: 0.
num_chunks_taken_from_freelist: 469.
num_chunk_merges: 0.
num_chunk_splits: 301.
num_chunks_enlarged: 200.
num_inconsistent_stats: 0.

CodeHeap 'non-profiled nmethods': size=120000Kb used=778Kb max_used=778Kb free=119221Kb
 bounds [0x000002691a310000, 0x000002691a580000, 0x0000026921840000]
CodeHeap 'profiled nmethods': size=120000Kb used=3481Kb max_used=3481Kb free=116518Kb
 bounds [0x0000026912840000, 0x0000026912bb0000, 0x0000026919d70000]
CodeHeap 'non-nmethods': size=5760Kb used=1218Kb max_used=1237Kb free=4541Kb
 bounds [0x0000026919d70000, 0x0000026919fe0000, 0x000002691a310000]
CodeCache: size=245760Kb, used=5477Kb, max_used=5496Kb, free=240280Kb
 total_blobs=2329, nmethods=1845, adapters=391, full_count=0
Compilation: enabled, stopped_count=0, restarted_count=0

Compilation events (20 events):
Event: 9.741 Thread 0x00000269688a0020 1822       3       java.util.concurrent.locks.ReentrantReadWriteLock$Sync::tryReleaseShared (146 bytes)
Event: 9.741 Thread 0x00000269688a0020 nmethod 1822 0x0000026912b93790 code [0x0000026912b93a00, 0x0000026912b945b8]
Event: 9.742 Thread 0x00000269688a0020 1816       3       java.util.HashMap::entrySet (27 bytes)
Event: 9.742 Thread 0x00000269688a0020 nmethod 1816 0x0000026912b94a90 code [0x0000026912b94c60, 0x0000026912b94fd8]
Event: 9.743 Thread 0x00000269688a0020 1827       3       java.lang.Throwable::<init> (39 bytes)
Event: 9.743 Thread 0x00000269688a0020 nmethod 1827 0x0000026912b95110 code [0x0000026912b952c0, 0x0000026912b95588]
Event: 9.744 Thread 0x00000269688a0020 1828       3       java.lang.invoke.MethodHandleNatives::findMethodHandleType (7 bytes)
Event: 9.744 Thread 0x00000269688a0020 nmethod 1828 0x0000026912b95690 code [0x0000026912b95840, 0x0000026912b95960]
Event: 9.744 Thread 0x00000269688a0020 1829       3       java.lang.invoke.MemberName::changeReferenceKind (46 bytes)
Event: 9.744 Thread 0x00000269688a0020 nmethod 1829 0x0000026912b95a10 code [0x0000026912b95ba0, 0x0000026912b95cd0]
Event: 9.746 Thread 0x00000269688a0020 1830       3       java.util.ArrayList$SubList::checkForComodification (23 bytes)
Event: 9.747 Thread 0x00000269688a0020 nmethod 1830 0x0000026912b95d90 code [0x0000026912b95f40, 0x0000026912b96168]
Event: 9.747 Thread 0x00000269688a0020 1831       1       org.eclipse.osgi.container.ModuleRevision::getSymbolicName (5 bytes)
Event: 9.747 Thread 0x00000269688a0020 nmethod 1831 0x000002691a3d1e10 code [0x000002691a3d1fa0, 0x000002691a3d2068]
Event: 15.825 Thread 0x00000269688a0020 1832       3       java.lang.invoke.MethodHandles$Lookup::in (283 bytes)
Event: 15.827 Thread 0x00000269688a0020 nmethod 1832 0x0000026912b96290 code [0x0000026912b966a0, 0x0000026912b97f70]
Event: 15.827 Thread 0x00000269688a0020 1834       3       java.net.URLStreamHandler::setURL (159 bytes)
Event: 15.828 Thread 0x00000269688a0020 nmethod 1834 0x0000026912b98810 code [0x0000026912b98ba0, 0x0000026912b9a010]
Event: 15.828 Thread 0x00000269688a0020 1833       3       java.lang.invoke.AbstractValidatingLambdaMetafactory::isAdaptableTo (126 bytes)
Event: 15.828 Thread 0x00000269688a0020 nmethod 1833 0x0000026912b9a910 code [0x0000026912b9abc0, 0x0000026912b9b528]

GC Heap History (4 events):
Event: 4.644 GC heap before
{Heap before GC invocations=1 (full 0):
 PSYoungGen      total 29696K, used 25600K [0x00000000d5580000, 0x00000000d7680000, 0x0000000100000000)
  eden space 25600K, 100% used [0x00000000d5580000,0x00000000d6e80000,0x00000000d6e80000)
  from space 4096K, 0% used [0x00000000d7280000,0x00000000d7280000,0x00000000d7680000)
  to   space 4096K, 0% used [0x00000000d6e80000,0x00000000d6e80000,0x00000000d7280000)
 ParOldGen       total 68608K, used 0K [0x0000000080000000, 0x0000000084300000, 0x00000000d5580000)
  object space 68608K, 0% used [0x0000000080000000,0x0000000080000000,0x0000000084300000)
 Metaspace       used 4392K, committed 4608K, reserved 1114112K
  class space    used 477K, committed 576K, reserved 1048576K
}
Event: 5.701 GC heap after
{Heap after GC invocations=1 (full 0):
 PSYoungGen      total 29696K, used 3303K [0x00000000d5580000, 0x00000000d8f80000, 0x0000000100000000)
  eden space 25600K, 0% used [0x00000000d5580000,0x00000000d5580000,0x00000000d6e80000)
  from space 4096K, 80% used [0x00000000d6e80000,0x00000000d71b9e98,0x00000000d7280000)
  to   space 4096K, 0% used [0x00000000d8b80000,0x00000000d8b80000,0x00000000d8f80000)
 ParOldGen       total 68608K, used 16K [0x0000000080000000, 0x0000000084300000, 0x00000000d5580000)
  object space 68608K, 0% used [0x0000000080000000,0x0000000080004000,0x0000000084300000)
 Metaspace       used 4392K, committed 4608K, reserved 1114112K
  class space    used 477K, committed 576K, reserved 1048576K
}
Event: 9.726 GC heap before
{Heap before GC invocations=2 (full 0):
 PSYoungGen      total 29696K, used 28903K [0x00000000d5580000, 0x00000000d8f80000, 0x0000000100000000)
  eden space 25600K, 100% used [0x00000000d5580000,0x00000000d6e80000,0x00000000d6e80000)
  from space 4096K, 80% used [0x00000000d6e80000,0x00000000d71b9e98,0x00000000d7280000)
  to   space 4096K, 0% used [0x00000000d8b80000,0x00000000d8b80000,0x00000000d8f80000)
 ParOldGen       total 68608K, used 16K [0x0000000080000000, 0x0000000084300000, 0x00000000d5580000)
  object space 68608K, 0% used [0x0000000080000000,0x0000000080004000,0x0000000084300000)
 Metaspace       used 8017K, committed 8320K, reserved 1114112K
  class space    used 838K, committed 960K, reserved 1048576K
}
Event: 9.732 GC heap after
{Heap after GC invocations=2 (full 0):
 PSYoungGen      total 29696K, used 4086K [0x00000000d5580000, 0x00000000d8f80000, 0x0000000100000000)
  eden space 25600K, 0% used [0x00000000d5580000,0x00000000d5580000,0x00000000d6e80000)
  from space 4096K, 99% used [0x00000000d8b80000,0x00000000d8f7d810,0x00000000d8f80000)
  to   space 4096K, 0% used [0x00000000d6e80000,0x00000000d6e80000,0x00000000d7280000)
 ParOldGen       total 68608K, used 2025K [0x0000000080000000, 0x0000000084300000, 0x00000000d5580000)
  object space 68608K, 2% used [0x0000000080000000,0x00000000801fa5d0,0x0000000084300000)
 Metaspace       used 8017K, committed 8320K, reserved 1114112K
  class space    used 838K, committed 960K, reserved 1048576K
}

Dll operation events (8 events):
Event: 0.027 Loaded shared library c:\Users\gueva\.vscode\extensions\redhat.java-1.55.0-win32-x64\jre\21.0.11-win32-x86_64\bin\java.dll
Event: 2.309 Loaded shared library c:\Users\gueva\.vscode\extensions\redhat.java-1.55.0-win32-x64\jre\21.0.11-win32-x86_64\bin\zip.dll
Event: 2.375 Loaded shared library C:\Users\gueva\.vscode\extensions\redhat.java-1.55.0-win32-x64\jre\21.0.11-win32-x86_64\bin\instrument.dll
Event: 2.392 Loaded shared library C:\Users\gueva\.vscode\extensions\redhat.java-1.55.0-win32-x64\jre\21.0.11-win32-x86_64\bin\net.dll
Event: 2.398 Loaded shared library C:\Users\gueva\.vscode\extensions\redhat.java-1.55.0-win32-x64\jre\21.0.11-win32-x86_64\bin\nio.dll
Event: 2.406 Loaded shared library C:\Users\gueva\.vscode\extensions\redhat.java-1.55.0-win32-x64\jre\21.0.11-win32-x86_64\bin\zip.dll
Event: 2.482 Loaded shared library C:\Users\gueva\.vscode\extensions\redhat.java-1.55.0-win32-x64\jre\21.0.11-win32-x86_64\bin\jimage.dll
Event: 2.744 Loaded shared library c:\Users\gueva\.vscode\extensions\redhat.java-1.55.0-win32-x64\jre\21.0.11-win32-x86_64\bin\verify.dll

Deoptimization events (20 events):
Event: 9.631 Thread 0x000002690f645300 DEOPT PACKING pc=0x00000269129bf108 sp=0x0000008c9d0fc4c0
Event: 9.631 Thread 0x000002690f645300 DEOPT UNPACKING pc=0x0000026919dc4242 sp=0x0000008c9d0fb940 mode 0
Event: 9.631 Thread 0x000002690f645300 DEOPT PACKING pc=0x00000269129bf108 sp=0x0000008c9d0fc7c0
Event: 9.631 Thread 0x000002690f645300 DEOPT UNPACKING pc=0x0000026919dc4242 sp=0x0000008c9d0fbc40 mode 0
Event: 9.690 Thread 0x000002690f645300 DEOPT PACKING pc=0x00000269128fc0b9 sp=0x0000008c9d0fe6f0
Event: 9.690 Thread 0x000002690f645300 DEOPT UNPACKING pc=0x0000026919dc4242 sp=0x0000008c9d0fdbf0 mode 0
Event: 9.696 Thread 0x000002690f645300 DEOPT PACKING pc=0x00000269128fc0b9 sp=0x0000008c9d0fe680
Event: 9.696 Thread 0x000002690f645300 DEOPT UNPACKING pc=0x0000026919dc4242 sp=0x0000008c9d0fdb80 mode 0
Event: 9.704 Thread 0x000002690f645300 DEOPT PACKING pc=0x00000269128fc0b9 sp=0x0000008c9d0fe680
Event: 9.704 Thread 0x000002690f645300 DEOPT UNPACKING pc=0x0000026919dc4242 sp=0x0000008c9d0fdb80 mode 0
Event: 9.711 Thread 0x000002690f645300 DEOPT PACKING pc=0x00000269128fc0b9 sp=0x0000008c9d0fe6e0
Event: 9.711 Thread 0x000002690f645300 DEOPT UNPACKING pc=0x0000026919dc4242 sp=0x0000008c9d0fdbe0 mode 0
Event: 9.746 Thread 0x00000269689041a0 Uncommon trap: trap_request=0xffffff45 fr.pc=0x000002691a356d40 relative=0x00000000000004c0
Event: 9.746 Thread 0x00000269689041a0 Uncommon trap: reason=unstable_if action=reinterpret pc=0x000002691a356d40 method=java.util.HashMap$HashIterator.<init>(Ljava/util/HashMap;)V @ 45 c2
Event: 9.746 Thread 0x00000269689041a0 DEOPT PACKING pc=0x000002691a356d40 sp=0x0000008c9e6fec80
Event: 9.746 Thread 0x00000269689041a0 DEOPT UNPACKING pc=0x0000026919dc3aa2 sp=0x0000008c9e6feaf0 mode 2
Event: 15.826 Thread 0x00000269689041a0 Uncommon trap: trap_request=0xffffff45 fr.pc=0x000002691a343cc4 relative=0x00000000000002a4
Event: 15.826 Thread 0x00000269689041a0 Uncommon trap: reason=unstable_if action=reinterpret pc=0x000002691a343cc4 method=java.util.HashMap$HashIterator.<init>(Ljava/util/HashMap;)V @ 45 c2
Event: 15.826 Thread 0x00000269689041a0 DEOPT PACKING pc=0x000002691a343cc4 sp=0x0000008c9e6feaa0
Event: 15.826 Thread 0x00000269689041a0 DEOPT UNPACKING pc=0x0000026919dc3aa2 sp=0x0000008c9e6fea48 mode 2

Classes loaded (20 events):
Event: 9.654 Loading class java/lang/Thread$Builder$OfPlatform done
Event: 9.654 Loading class java/lang/Thread$Builder$OfVirtual
Event: 9.654 Loading class java/lang/Thread$Builder$OfVirtual done
Event: 9.663 Loading class sun/nio/fs/WindowsChannelFactory
Event: 9.663 Loading class sun/nio/fs/WindowsChannelFactory done
Event: 9.663 Loading class sun/nio/fs/WindowsChannelFactory$1
Event: 9.664 Loading class sun/nio/fs/WindowsChannelFactory$1 done
Event: 9.664 Loading class sun/nio/fs/WindowsChannelFactory$Flags
Event: 9.664 Loading class sun/nio/fs/WindowsChannelFactory$Flags done
Event: 9.664 Loading class sun/nio/ch/FileChannelImpl$Closer
Event: 9.664 Loading class sun/nio/ch/FileChannelImpl$Closer done
Event: 9.742 Loading class java/util/concurrent/RejectedExecutionException
Event: 9.743 Loading class java/util/concurrent/RejectedExecutionException done
Event: 9.747 Loading class java/util/Collections$ReverseComparator
Event: 12.799 Loading class java/util/Collections$ReverseComparator done
Event: 12.799 Loading class java/util/Comparators$NaturalOrderComparator
Event: 13.798 Loading class java/util/Comparators$NaturalOrderComparator done
Event: 15.824 Loading class java/util/Collections$ReverseComparator2
Event: 15.824 Loading class java/util/Collections$ReverseComparator2 done
Event: 15.827 Loading class java/util/concurrent/CancellationException

Classes unloaded (0 events):
No events

Classes redefined (0 events):
No events

Internal exceptions (20 events):
Event: 3.551 Thread 0x000002690f645300 Exception <a 'java/lang/NoSuchMethodError'{0x00000000d6a620c8}: 'java.lang.ClassLoader java.lang.ClassLoader.getPlatformClassLoader(java.lang.Class)'> (0x00000000d6a620c8) 
thrown [s\src\hotspot\share\interpreter\linkResolver.cpp, line 773]
Event: 4.644 Thread 0x000002690f645300 Exception <a 'java/lang/ClassNotFoundException'{0x00000000d6e7e8c0}: sun/net/www/protocol/c/Handler> (0x00000000d6e7e8c0) 
thrown [s\src\hotspot\share\classfile\systemDictionary.cpp, line 313]
Event: 5.705 Thread 0x000002690f645300 Exception <a 'java/lang/ClassNotFoundException'{0x00000000d6f35230}: sun/net/www/protocol/c/Handler> (0x00000000d6f35230) 
thrown [s\src\hotspot\share\classfile\systemDictionary.cpp, line 313]
Event: 5.706 Thread 0x000002690f645300 Exception <a 'java/lang/ClassNotFoundException'{0x00000000d5581090}: sun/net/www/protocol/c/Handler> (0x00000000d5581090) 
thrown [s\src\hotspot\share\classfile\systemDictionary.cpp, line 313]
Event: 5.727 Thread 0x000002690f645300 Exception <a 'java/io/FileNotFoundException'{0x00000000d55aa490}> (0x00000000d55aa490) 
thrown [s\src\hotspot\share\prims\jni.cpp, line 520]
Event: 5.762 Thread 0x000002690f645300 Implicit null exception at 0x000002691a36df29 to 0x000002691a36e79c
Event: 5.762 Thread 0x000002690f645300 Implicit null exception at 0x000002691a38081a to 0x000002691a380a20
Event: 5.763 Thread 0x000002690f645300 Exception <a 'java/lang/NoSuchMethodError'{0x00000000d56dcda8}: 'void java.lang.invoke.DirectMethodHandle$Holder.invokeStatic(java.lang.Object, java.lang.Object, java.lang.Object, java.lang.Object)'> (0x00000000d56dcda8) 
thrown [s\src\hotspot\share\interpreter\linkResolver.cpp, line 773]
Event: 5.764 Thread 0x000002690f645300 Implicit null exception at 0x000002691a37551a to 0x000002691a37571c
Event: 5.764 Thread 0x000002690f645300 Implicit null exception at 0x000002691a371bbd to 0x000002691a371c41
Event: 6.942 Thread 0x000002690f645300 Exception <a 'java/lang/NoSuchMethodError'{0x00000000d59c7ce0}: 'void java.lang.invoke.DirectMethodHandle$Holder.invokeSpecial(java.lang.Object, java.lang.Object, java.lang.Object)'> (0x00000000d59c7ce0) 
thrown [s\src\hotspot\share\interpreter\linkResolver.cpp, line 773]
Event: 8.341 Thread 0x000002690f645300 Exception <a 'java/lang/NoSuchMethodError'{0x00000000d6431070}: 'int java.lang.invoke.DirectMethodHandle$Holder.invokeVirtual(java.lang.Object, java.lang.Object)'> (0x00000000d6431070) 
thrown [s\src\hotspot\share\interpreter\linkResolver.cpp, line 773]
Event: 8.469 Thread 0x000002690f645300 Exception <a 'java/lang/NoSuchMethodError'{0x00000000d65a8be0}: 'int java.lang.invoke.DirectMethodHandle$Holder.invokeStaticInit(java.lang.Object, java.lang.Object, java.lang.Object, java.lang.Object)'> (0x00000000d65a8be0) 
thrown [s\src\hotspot\share\interpreter\linkResolver.cpp, line 773]
Event: 8.471 Thread 0x000002690f645300 Exception <a 'java/lang/IncompatibleClassChangeError'{0x00000000d65b12c8}: Found class java.lang.Object, but interface was expected> (0x00000000d65b12c8) 
thrown [s\src\hotspot\share\interpreter\linkResolver.cpp, line 840]
Event: 8.472 Thread 0x000002690f645300 Exception <a 'java/lang/NoSuchMethodError'{0x00000000d65b7878}: 'void java.lang.invoke.DirectMethodHandle$Holder.invokeStaticInit(java.lang.Object, java.lang.Object)'> (0x00000000d65b7878) 
thrown [s\src\hotspot\share\interpreter\linkResolver.cpp, line 773]
Event: 8.474 Thread 0x000002690f645300 Exception <a 'java/lang/NoSuchMethodError'{0x00000000d65c0a50}: 'int java.lang.invoke.DirectMethodHandle$Holder.invokeStaticInit(java.lang.Object, java.lang.Object)'> (0x00000000d65c0a50) 
thrown [s\src\hotspot\share\interpreter\linkResolver.cpp, line 773]
Event: 8.535 Thread 0x000002690f645300 Exception <a 'java/lang/NoSuchMethodError'{0x00000000d680b2e8}: 'java.lang.Object java.lang.invoke.DirectMethodHandle$Holder.newInvokeSpecial(java.lang.Object, int, java.lang.Object)'> (0x00000000d680b2e8) 
thrown [s\src\hotspot\share\interpreter\linkResolver.cpp, line 773]
Event: 8.581 Thread 0x000002690f645300 Exception <a 'java/lang/ClassNotFoundException'{0x00000000d6a2bce0}: sun/net/www/protocol/plurl/Handler> (0x00000000d6a2bce0) 
thrown [s\src\hotspot\share\classfile\systemDictionary.cpp, line 313]
Event: 8.581 Thread 0x000002690f645300 Exception <a 'java/lang/ClassNotFoundException'{0x00000000d6a2cb60}: sun/net/www/protocol/plurl/Handler> (0x00000000d6a2cb60) 
thrown [s\src\hotspot\share\classfile\systemDictionary.cpp, line 313]
Event: 9.739 Thread 0x000002690f645300 Exception <a 'java/lang/UnsatisfiedLinkError'{0x00000000d55aa898}: 'void org.eclipse.equinox.launcher.JNIBridge._update_splash()'> (0x00000000d55aa898) 
thrown [s\src\hotspot\share\prims\nativeLookup.cpp, line 415]

ZGC Phase Switch (0 events):
No events

VM Operations (20 events):
Event: 4.644 Executing safepoint VM operation: ParallelGCFailedAllocation (Allocation Failure)
Event: 5.705 Executing safepoint VM operation: ParallelGCFailedAllocation (Allocation Failure) done
Event: 6.709 Executing safepoint VM operation: Cleanup
Event: 6.898 Executing safepoint VM operation: Cleanup done
Event: 7.901 Executing safepoint VM operation: Cleanup
Event: 7.964 Executing safepoint VM operation: Cleanup done
Event: 8.510 Executing non-safepoint VM operation: HandshakeAllThreads (Deoptimize)
Event: 8.510 Executing non-safepoint VM operation: HandshakeAllThreads (Deoptimize) done
Event: 8.522 Executing non-safepoint VM operation: HandshakeAllThreads (Deoptimize)
Event: 8.522 Executing non-safepoint VM operation: HandshakeAllThreads (Deoptimize) done
Event: 8.564 Executing non-safepoint VM operation: HandshakeAllThreads (Deoptimize)
Event: 8.564 Executing non-safepoint VM operation: HandshakeAllThreads (Deoptimize) done
Event: 8.575 Executing non-safepoint VM operation: HandshakeAllThreads (Deoptimize)
Event: 8.575 Executing non-safepoint VM operation: HandshakeAllThreads (Deoptimize) done
Event: 9.589 Executing safepoint VM operation: Cleanup
Event: 9.589 Executing safepoint VM operation: Cleanup done
Event: 9.726 Executing safepoint VM operation: ParallelGCFailedAllocation (Allocation Failure)
Event: 9.732 Executing safepoint VM operation: ParallelGCFailedAllocation (Allocation Failure) done
Event: 10.739 Executing safepoint VM operation: Cleanup
Event: 12.799 Executing safepoint VM operation: Cleanup done

Memory protections (0 events):
No events

Nmethod flushes (0 events):
No events

Events (17 events):
Event: 2.110 Thread 0x000002690f645300 Thread added: 0x000002690f645300
Event: 2.194 Thread 0x000002690f645300 Thread added: 0x000002690f6fb030
Event: 2.195 Thread 0x000002690f645300 Thread added: 0x000002690f6fdd20
Event: 2.196 Thread 0x000002690f645300 Thread added: 0x000002690f5b6030
Event: 2.196 Thread 0x000002690f645300 Thread added: 0x000002690f5b8cf0
Event: 2.196 Thread 0x000002690f645300 Thread added: 0x000002690f5baa60
Event: 2.196 Thread 0x000002690f645300 Thread added: 0x000002690f5bb4c0
Event: 2.197 Thread 0x000002690f645300 Thread added: 0x000002690f5c6aa0
Event: 2.206 Thread 0x000002690f645300 Thread added: 0x00000269688a0020
Event: 2.330 Thread 0x00000269688a0020 Thread added: 0x000002696898dcf0
Event: 2.384 Thread 0x000002690f645300 Thread added: 0x0000026968a22160
Event: 2.904 Thread 0x000002690f645300 Thread added: 0x0000026968bd0390
Event: 3.449 Thread 0x000002696898dcf0 Thread exited: 0x000002696898dcf0
Event: 8.101 Thread 0x00000269688a0020 Thread added: 0x0000026968905fc0
Event: 8.493 Thread 0x000002690f645300 Thread added: 0x000002696d2bbe70
Event: 9.622 Thread 0x0000026968905fc0 Thread exited: 0x0000026968905fc0
Event: 9.734 Thread 0x000002690f645300 Thread added: 0x00000269689041a0


Dynamic libraries:
0x00007ff6d2d80000 - 0x00007ff6d2d8e000 	c:\Users\gueva\.vscode\extensions\redhat.java-1.55.0-win32-x64\jre\21.0.11-win32-x86_64\bin\java.exe
0x00007ffbf2e60000 - 0x00007ffbf30c6000 	C:\WINDOWS\SYSTEM32\ntdll.dll
0x00007ffbf0bd0000 - 0x00007ffbf0c99000 	C:\WINDOWS\System32\KERNEL32.DLL
0x00007ffbf0210000 - 0x00007ffbf060e000 	C:\WINDOWS\System32\KERNELBASE.dll
0x00007ffbf00b0000 - 0x00007ffbf01fc000 	C:\WINDOWS\System32\ucrtbase.dll
0x00007ffbe1640000 - 0x00007ffbe1658000 	c:\Users\gueva\.vscode\extensions\redhat.java-1.55.0-win32-x64\jre\21.0.11-win32-x86_64\bin\jli.dll
0x00007ffbf23e0000 - 0x00007ffbf25a7000 	C:\WINDOWS\System32\USER32.dll
0x00007ffbf0080000 - 0x00007ffbf00a7000 	C:\WINDOWS\System32\win32u.dll
0x00007ffbe4e10000 - 0x00007ffbe4e2e000 	c:\Users\gueva\.vscode\extensions\redhat.java-1.55.0-win32-x64\jre\21.0.11-win32-x86_64\bin\VCRUNTIME140.dll
0x00007ffbf0ba0000 - 0x00007ffbf0bcb000 	C:\WINDOWS\System32\GDI32.dll
0x00007ffbf0620000 - 0x00007ffbf074a000 	C:\WINDOWS\System32\gdi32full.dll
0x00007ffbf0ae0000 - 0x00007ffbf0b83000 	C:\WINDOWS\System32\msvcp_win.dll
0x00007ffbdc520000 - 0x00007ffbdc7b2000 	C:\WINDOWS\WinSxS\amd64_microsoft.windows.common-controls_6595b64144ccf1df_6.0.26100.8875_none_3e0d5d42e32fe9dd\COMCTL32.dll
0x00007ffbf0ca0000 - 0x00007ffbf0d49000 	C:\WINDOWS\System32\msvcrt.dll
0x00007ffbf0dc0000 - 0x00007ffbf0df2000 	C:\WINDOWS\System32\IMM32.DLL
0x00007ffbe19c0000 - 0x00007ffbe19cc000 	c:\Users\gueva\.vscode\extensions\redhat.java-1.55.0-win32-x64\jre\21.0.11-win32-x86_64\bin\vcruntime140_1.dll
0x00007ffbae2d0000 - 0x00007ffbae35d000 	c:\Users\gueva\.vscode\extensions\redhat.java-1.55.0-win32-x64\jre\21.0.11-win32-x86_64\bin\msvcp140.dll
0x00007ffb454a0000 - 0x00007ffb46242000 	c:\Users\gueva\.vscode\extensions\redhat.java-1.55.0-win32-x64\jre\21.0.11-win32-x86_64\bin\server\jvm.dll
0x00007ffbf0e00000 - 0x00007ffbf0eb7000 	C:\WINDOWS\System32\ADVAPI32.dll
0x00007ffbf2d60000 - 0x00007ffbf2e0a000 	C:\WINDOWS\System32\sechost.dll
0x00007ffbf27b0000 - 0x00007ffbf28c8000 	C:\WINDOWS\System32\RPCRT4.dll
0x00007ffbf16a0000 - 0x00007ffbf1720000 	C:\WINDOWS\System32\WS2_32.dll
0x00007ffbefee0000 - 0x00007ffbeff3e000 	C:\WINDOWS\SYSTEM32\POWRPROF.dll
0x00007ffbde460000 - 0x00007ffbde46b000 	C:\WINDOWS\SYSTEM32\VERSION.dll
0x00007ffbe6220000 - 0x00007ffbe6256000 	C:\WINDOWS\SYSTEM32\WINMM.dll
0x00007ffbefeb0000 - 0x00007ffbefec4000 	C:\WINDOWS\SYSTEM32\UMPDC.dll
0x00007ffbeed60000 - 0x00007ffbeed7b000 	C:\WINDOWS\SYSTEM32\kernel.appcore.dll
0x00007ffbe1610000 - 0x00007ffbe161a000 	c:\Users\gueva\.vscode\extensions\redhat.java-1.55.0-win32-x64\jre\21.0.11-win32-x86_64\bin\jimage.dll
0x00007ffbed720000 - 0x00007ffbed962000 	C:\WINDOWS\SYSTEM32\DBGHELP.DLL
0x00007ffbf1730000 - 0x00007ffbf1ab3000 	C:\WINDOWS\System32\combase.dll
0x00007ffbf25b0000 - 0x00007ffbf2689000 	C:\WINDOWS\System32\OLEAUT32.dll
0x00007ffbdc7c0000 - 0x00007ffbdc7fb000 	C:\WINDOWS\SYSTEM32\dbgcore.DLL
0x00007ffbf0a20000 - 0x00007ffbf0acc000 	C:\WINDOWS\System32\bcryptPrimitives.dll
0x00007ffbe15d0000 - 0x00007ffbe15df000 	c:\Users\gueva\.vscode\extensions\redhat.java-1.55.0-win32-x64\jre\21.0.11-win32-x86_64\bin\instrument.dll
0x00007ffbe11e0000 - 0x00007ffbe1200000 	c:\Users\gueva\.vscode\extensions\redhat.java-1.55.0-win32-x64\jre\21.0.11-win32-x86_64\bin\java.dll
0x00007ffbf1bb0000 - 0x00007ffbf2342000 	C:\WINDOWS\System32\SHELL32.dll
0x00007ffbed970000 - 0x00007ffbee202000 	C:\WINDOWS\SYSTEM32\windows.storage.dll
0x00007ffbf15a0000 - 0x00007ffbf1697000 	C:\WINDOWS\System32\SHCORE.dll
0x00007ffbf0d50000 - 0x00007ffbf0db7000 	C:\WINDOWS\System32\shlwapi.dll
0x00007ffbeffa0000 - 0x00007ffbeffc9000 	C:\WINDOWS\SYSTEM32\profapi.dll
0x00007ffbd8110000 - 0x00007ffbd8128000 	c:\Users\gueva\.vscode\extensions\redhat.java-1.55.0-win32-x64\jre\21.0.11-win32-x86_64\bin\zip.dll
0x00007ffbe1220000 - 0x00007ffbe1230000 	C:\Users\gueva\.vscode\extensions\redhat.java-1.55.0-win32-x64\jre\21.0.11-win32-x86_64\bin\net.dll
0x00007ffbe5e40000 - 0x00007ffbe5f67000 	C:\WINDOWS\SYSTEM32\WINHTTP.dll
0x00007ffbef310000 - 0x00007ffbef37c000 	C:\WINDOWS\system32\mswsock.dll
0x00007ffbd7fc0000 - 0x00007ffbd7fd6000 	C:\Users\gueva\.vscode\extensions\redhat.java-1.55.0-win32-x64\jre\21.0.11-win32-x86_64\bin\nio.dll
0x00007ffbdf8c0000 - 0x00007ffbdf8d0000 	c:\Users\gueva\.vscode\extensions\redhat.java-1.55.0-win32-x64\jre\21.0.11-win32-x86_64\bin\verify.dll
0x00007ffbc2620000 - 0x00007ffbc2665000 	C:\Users\gueva\AppData\Roaming\Code\User\globalStorage\redhat.java\1.55.0\config_win\org.eclipse.equinox.launcher\org.eclipse.equinox.launcher.win32.win32.x86_64_1.3.100.v20260613-0559\eclipse_11924.dll
0x00007ffbf28d0000 - 0x00007ffbf2a69000 	C:\WINDOWS\System32\ole32.dll

JVMTI agents:
c:\Users\gueva\.vscode\extensions\redhat.java-1.55.0-win32-x64\lombok\lombok-1.18.39-4050.jar path:c:\Users\gueva\.vscode\extensions\redhat.java-1.55.0-win32-x64\jre\21.0.11-win32-x86_64\bin\instrument.dll, loaded, initialized, instrumentlib options:none

dbghelp: loaded successfully - version: 4.0.5 - missing functions: none
symbol engine: initialized successfully - sym options: 0x614 - pdb path: .;c:\Users\gueva\.vscode\extensions\redhat.java-1.55.0-win32-x64\jre\21.0.11-win32-x86_64\bin;C:\WINDOWS\SYSTEM32;C:\WINDOWS\WinSxS\amd64_microsoft.windows.common-controls_6595b64144ccf1df_6.0.26100.8875_none_3e0d5d42e32fe9dd;c:\Users\gueva\.vscode\extensions\redhat.java-1.55.0-win32-x64\jre\21.0.11-win32-x86_64\bin\server;C:\Users\gueva\AppData\Roaming\Code\User\globalStorage\redhat.java\1.55.0\config_win\org.eclipse.equinox.launcher\org.eclipse.equinox.launcher.win32.win32.x86_64_1.3.100.v20260613-0559

VM Arguments:
jvm_args: --add-modules=ALL-SYSTEM --add-opens=java.base/java.util=ALL-UNNAMED --add-opens=java.base/java.lang=ALL-UNNAMED --add-opens=java.base/sun.nio.fs=ALL-UNNAMED -Declipse.application=org.eclipse.jdt.ls.core.id1 -Dosgi.bundles.defaultStartLevel=4 -Declipse.product=org.eclipse.jdt.ls.core.product -Djava.import.generatesMetadataFilesAtProjectRoot=false -DDetectVMInstallationsJob.disabled=true -Dfile.encoding=utf8 -XX:+UseParallelGC -XX:GCTimeRatio=4 -XX:AdaptiveSizePolicyWeight=90 -Dsun.zip.disableMemoryMapping=true -Xmx2G -Xms100m -Xlog:disable -javaagent:c:\Users\gueva\.vscode\extensions\redhat.java-1.55.0-win32-x64\lombok\lombok-1.18.39-4050.jar -XX:+HeapDumpOnOutOfMemoryError -XX:HeapDumpPath=c:\Users\gueva\AppData\Roaming\Code\User\workspaceStorage\44fb2ca8477ceeac58e2505a295ba8ed\redhat.java -Daether.dependencyCollector.impl=bf 
java_command: c:\Users\gueva\.vscode\extensions\redhat.java-1.55.0-win32-x64\server\plugins\org.eclipse.equinox.launcher_1.7.200.v20260619-2039.jar -configuration c:\Users\gueva\AppData\Roaming\Code\User\globalStorage\redhat.java\1.55.0\config_win -data c:\Users\gueva\AppData\Roaming\Code\User\workspaceStorage\44fb2ca8477ceeac58e2505a295ba8ed\redhat.java\jdt_ws --pipe=\\.\pipe\lsp-a2bc713d0e03f648eed736f78a57b859-sock
java_class_path (initial): c:\Users\gueva\.vscode\extensions\redhat.java-1.55.0-win32-x64\server\plugins\org.eclipse.equinox.launcher_1.7.200.v20260619-2039.jar
Launcher Type: SUN_STANDARD

[Global flags]
    uintx AdaptiveSizePolicyWeight                 = 90                                        {product} {command line}
     intx CICompilerCount                          = 4                                         {product} {ergonomic}
    uintx GCTimeRatio                              = 4                                         {product} {command line}
     bool HeapDumpOnOutOfMemoryError               = true                                   {manageable} {command line}
    ccstr HeapDumpPath                             = c:\Users\gueva\AppData\Roaming\Code\User\workspaceStorage\44fb2ca8477ceeac58e2505a295ba8ed\redhat.java         {manageable} {command line}
   size_t InitialHeapSize                          = 104857600                                 {product} {command line}
   size_t MaxHeapSize                              = 2147483648                                {product} {command line}
   size_t MaxNewSize                               = 715653120                                 {product} {ergonomic}
   size_t MinHeapDeltaBytes                        = 524288                                    {product} {ergonomic}
   size_t MinHeapSize                              = 104857600                                 {product} {command line}
   size_t NewSize                                  = 34603008                                  {product} {ergonomic}
    uintx NonNMethodCodeHeapSize                   = 5839372                                {pd product} {ergonomic}
    uintx NonProfiledCodeHeapSize                  = 122909434                              {pd product} {ergonomic}
   size_t OldSize                                  = 70254592                                  {product} {ergonomic}
    uintx ProfiledCodeHeapSize                     = 122909434                              {pd product} {ergonomic}
    uintx ReservedCodeCacheSize                    = 251658240                              {pd product} {ergonomic}
     bool SegmentedCodeCache                       = true                                      {product} {ergonomic}
   size_t SoftMaxHeapSize                          = 2147483648                             {manageable} {ergonomic}
     bool UseCompressedOops                        = true                           {product lp64_product} {ergonomic}
     bool UseLargePagesIndividualAllocation        = false                                  {pd product} {ergonomic}
     bool UseParallelGC                            = true                                      {product} {command line}

Logging:
Log output configuration:
 #0: stdout all=off uptime,level,tags foldmultilines=false
 #1: stderr all=off uptime,level,tags foldmultilines=false

Release file:
JAVA_VERSION="21.0.11" 
MODULES="java.base java.compiler java.datatransfer java.xml java.prefs java.desktop java.instrument java.logging java.management java.security.sasl java.naming java.rmi java.management.rmi java.net.http java.scripting java.security.jgss java.transaction.xa java.sql java.sql.rowset java.xml.crypto java.se java.smartcardio jdk.accessibility jdk.internal.jvmstat jdk.attach jdk.charsets jdk.internal.opt jdk.zipfs jdk.compiler jdk.crypto.ec jdk.crypto.cryptoki jdk.crypto.mscapi jdk.dynalink jdk.internal.ed jdk.editpad jdk.hotspot.agent jdk.httpserver jdk.internal.le jdk.internal.vm.ci jdk.internal.vm.compiler jdk.internal.vm.compiler.management jdk.jartool jdk.javadoc jdk.jcmd jdk.management jdk.management.agent jdk.jconsole jdk.jdeps jdk.jdwp.agent jdk.jdi jdk.jfr jdk.jshell jdk.jsobject jdk.jstatd jdk.localedata jdk.management.jfr jdk.naming.dns jdk.naming.rmi jdk.net jdk.nio.mapmode jdk.random jdk.sctp jdk.security.auth jdk.security.jgss jdk.unsupported jdk.unsupported.desktop jdk.xml.dom" 

Environment Variables:
PATH=C:\Program Files\Common Files\Oracle\Java\javapath;C:\WINDOWS\system32;C:\WINDOWS;C:\WINDOWS\System32\Wbem;C:\WINDOWS\System32\WindowsPowerShell\v1.0\;C:\WINDOWS\System32\OpenSSH\;C:\Program Files\dotnet\;C:\Program Files\Java\jdk-25\bin;C:\Program Files\nodejs\;C:\xampp\php;C:\ProgramData\ComposerSetup\bin;C:\Program Files\Git\cmd;C:\Program Files (x86)\Microsoft SQL Server\160\Tools\Binn\;C:\Program Files\Microsoft SQL Server\160\Tools\Binn\;C:\Program Files\Microsoft SQL Server\Client SDK\ODBC\170\Tools\Binn\;C:\Program Files\Microsoft SQL Server\160\DTS\Binn\;C:\Program Files (x86)\Microsoft SQL Server\160\DTS\Binn\;C:\ProgramData\chocolatey\bin;C:\flutter\bin;;C:\Program Files\Docker\Docker\resources\bin;C:\Users\gueva\AppData\Local\Programs\Python\Launcher\;C:\Program Files\MySQL\MySQL Shell 8.0\bin\;C:\Users\gueva\AppData\Local\Microsoft\WindowsApps;C:\Users\gueva\AppData\Local\Programs\Microsoft VS Code\bin;C:\Users\gueva\AppData\Roaming\npm;C:\Users\gueva\AppData\Roaming\Composer\vendor\bin;C:\Users\gueva\AppData\Roaming\npm;C:\Users\gueva\AppData\Local\Python\bin;C:\Program Files\Git\bin;C:\Users\gueva\AppData\Local\Programs\mongosh\;C:\Program Files\MongoDB\Tools\100\bin;C:\Program Files\MongoDB\Server\8.2\bin;C:\Program Files\MySQL\MySQL Server 8.0\bin;C:\Program Files\Docker\Docker
USERNAME=gueva
OS=Windows_NT
PROCESSOR_IDENTIFIER=AMD64 Family 23 Model 160 Stepping 0, AuthenticAMD
TMP=C:\Users\gueva\AppData\Local\Temp
TEMP=C:\Users\gueva\AppData\Local\Temp




Periodic native trim disabled

---------------  S Y S T E M  ---------------

OS:
 Windows 11 , 64 bit Build 26100 (10.0.26100.8875)
OS uptime: 0 days 19:16 hours
Hyper-V role detected

CPU: total 8 (initial active 8) (8 cores per cpu, 2 threads per core) family 23 model 160 stepping 0 microcode 0x8a0000b, cx8, cmov, fxsr, ht, mmx, 3dnowpref, sse, sse2, sse3, ssse3, sse4a, sse4.1, sse4.2, popcnt, lzcnt, tsc, tscinvbit, avx, avx2, aes, clmul, bmi1, bmi2, adx, sha, fma, vzeroupper, clflush, clflushopt, hv, rdtscp, rdpid, f16c
Processor Information for the first 8 processors :
  Max Mhz: 2801, Current Mhz: 2801, Mhz Limit: 2801

Memory: 4k page, system-wide physical 7379M (320M free)
TotalPageFile size 29907M (AvailPageFile size 5M)
current process WorkingSet (physical memory assigned to process): 96M, peak: 99M
current process commit charge ("private bytes"): 265M, peak: 269M

vm_info: OpenJDK 64-Bit Server VM (21.0.11+10-LTS) for windows-amd64 JRE (21.0.11+10-LTS), built on 2026-04-21T00:00:00Z by "admin" with MS VC++ 17.12 (VS2022)

END.
