#
# There is insufficient memory for the Java Runtime Environment to continue.
# Native memory allocation (malloc) failed to allocate 796064 bytes. Error detail: Chunk::new
# Possible reasons:
#   The system is out of physical RAM or swap space
#   This process is running with CompressedOops enabled, and the Java Heap may be blocking the growth of the native heap
# Possible solutions:
#   Reduce memory load on the system
#   Increase physical memory or swap space
#   Check if swap backing store is full
#   Decrease Java heap size (-Xmx/-Xms)
#   Decrease number of Java threads
#   Decrease Java thread stack sizes (-Xss)
#   Set larger code cache with -XX:ReservedCodeCacheSize=
#   JVM is running with Unscaled Compressed Oops mode in which the Java heap is
#     placed in the first 4GB address space. The Java Heap base address is the
#     maximum limit for the native heap growth. Please use -XX:HeapBaseMinAddress
#     to set the Java Heap base and to place the Java Heap above 4GB virtual address.
# This output file may be truncated or incomplete.
#
#  Out of Memory Error (arena.cpp:168), pid=11840, tid=20116
#
# JRE version: OpenJDK Runtime Environment Temurin-21.0.11+10 (21.0.11+10) (build 21.0.11+10-LTS)
# Java VM: OpenJDK 64-Bit Server VM Temurin-21.0.11+10 (21.0.11+10-LTS, mixed mode, sharing, tiered, compressed oops, compressed class ptrs, parallel gc, windows-amd64)
# No core dump will be written. Minidumps are not enabled by default on client versions of Windows
#

---------------  S U M M A R Y ------------

Command Line: --add-modules=ALL-SYSTEM --add-opens=java.base/java.util=ALL-UNNAMED --add-opens=java.base/java.lang=ALL-UNNAMED --add-opens=java.base/sun.nio.fs=ALL-UNNAMED -Declipse.application=org.eclipse.jdt.ls.core.id1 -Dosgi.bundles.defaultStartLevel=4 -Declipse.product=org.eclipse.jdt.ls.core.product -Djava.import.generatesMetadataFilesAtProjectRoot=false -DDetectVMInstallationsJob.disabled=true -Dfile.encoding=utf8 -XX:+UseParallelGC -XX:GCTimeRatio=4 -XX:AdaptiveSizePolicyWeight=90 -Dsun.zip.disableMemoryMapping=true -Xmx2G -Xms100m -Xlog:disable -javaagent:c:\Users\gueva\.vscode\extensions\redhat.java-1.55.0-win32-x64\lombok\lombok-1.18.39-4050.jar -XX:+HeapDumpOnOutOfMemoryError -XX:HeapDumpPath=c:\Users\gueva\AppData\Roaming\Code\User\workspaceStorage\44fb2ca8477ceeac58e2505a295ba8ed\redhat.java -Daether.dependencyCollector.impl=bf c:\Users\gueva\.vscode\extensions\redhat.java-1.55.0-win32-x64\server\plugins\org.eclipse.equinox.launcher_1.7.200.v20260619-2039.jar -configuration c:\Users\gueva\AppData\Roaming\Code\User\globalStorage\redhat.java\1.55.0\config_win -data c:\Users\gueva\AppData\Roaming\Code\User\workspaceStorage\44fb2ca8477ceeac58e2505a295ba8ed\redhat.java\jdt_ws --pipe=\\.\pipe\lsp-972227489db273536463d4d992eece6e-sock

Host: AMD Ryzen 5 7520U with Radeon Graphics         , 8 cores, 7G,  Windows 11 , 64 bit Build 26100 (10.0.26100.8875)
Time: Sun Jul 19 20:49:13 2026 Hora estándar central (México) elapsed time: 11.957074 seconds (0d 0h 0m 11s)

---------------  T H R E A D  ---------------

Current thread (0x000001eadeed3c60):  JavaThread "C2 CompilerThread0" daemon [_thread_in_native, id=20116, stack(0x0000005001100000,0x0000005001200000) (1024K)]


Current CompileTask:
C2:11957 2548       4       java.io.DataInputStream::readUTF (501 bytes)

Stack: [0x0000005001100000,0x0000005001200000]
Native frames: (J=compiled Java code, j=interpreted, Vv=VM code, C=native code)
V  [jvm.dll+0x6d7e19]
V  [jvm.dll+0x8b5096]
V  [jvm.dll+0x8b764e]
V  [jvm.dll+0x8b7d33]
V  [jvm.dll+0x284596]
V  [jvm.dll+0xc685d]
V  [jvm.dll+0xc6da1]
V  [jvm.dll+0x3bed6b]
V  [jvm.dll+0x38b2b2]
V  [jvm.dll+0x38a6fa]
V  [jvm.dll+0x24c700]
V  [jvm.dll+0x24bce0]
V  [jvm.dll+0x1cb4ae]
V  [jvm.dll+0x25baad]
V  [jvm.dll+0x25a03a]
V  [jvm.dll+0x3f868e]
V  [jvm.dll+0x85fb0d]
V  [jvm.dll+0x6d664d]
C  [ucrtbase.dll+0x2cd30]
C  [KERNEL32.DLL+0x2e957]
C  [ntdll.dll+0xaad6c]


---------------  P R O C E S S  ---------------

Threads class SMR info:
_java_thread_list=0x000001eafc439850, length=17, elements={
0x000001eadef53c00, 0x000001eadf00baa0, 0x000001eadeec3fb0, 0x000001eadeec6a70,
0x000001eadeec76d0, 0x000001eadeeca140, 0x000001eadeecc230, 0x000001eadeed3c60,
0x000001eadeed93b0, 0x000001eaf73e1b00, 0x000001eaf74d4250, 0x000001eaf7976140,
0x000001eaf7c9f600, 0x000001eaf78d9c10, 0x000001eaf78dc290, 0x000001eafc670070,
0x000001eafc733740
}

Java Threads: ( => current thread )
  0x000001eadef53c00 JavaThread "main"                              [_thread_blocked, id=11744, stack(0x0000005000700000,0x0000005000800000) (1024K)]
  0x000001eadf00baa0 JavaThread "Reference Handler"          daemon [_thread_blocked, id=13992, stack(0x0000005000b00000,0x0000005000c00000) (1024K)]
  0x000001eadeec3fb0 JavaThread "Finalizer"                  daemon [_thread_blocked, id=20372, stack(0x0000005000c00000,0x0000005000d00000) (1024K)]
  0x000001eadeec6a70 JavaThread "Signal Dispatcher"          daemon [_thread_blocked, id=15512, stack(0x0000005000d00000,0x0000005000e00000) (1024K)]
  0x000001eadeec76d0 JavaThread "Attach Listener"            daemon [_thread_blocked, id=27824, stack(0x0000005000e00000,0x0000005000f00000) (1024K)]
  0x000001eadeeca140 JavaThread "Service Thread"             daemon [_thread_blocked, id=18008, stack(0x0000005000f00000,0x0000005001000000) (1024K)]
  0x000001eadeecc230 JavaThread "Monitor Deflation Thread"   daemon [_thread_blocked, id=24336, stack(0x0000005001000000,0x0000005001100000) (1024K)]
=>0x000001eadeed3c60 JavaThread "C2 CompilerThread0"         daemon [_thread_in_native, id=20116, stack(0x0000005001100000,0x0000005001200000) (1024K)]
  0x000001eadeed93b0 JavaThread "C1 CompilerThread0"         daemon [_thread_blocked, id=2272, stack(0x0000005001200000,0x0000005001300000) (1024K)]
  0x000001eaf73e1b00 JavaThread "Common-Cleaner"             daemon [_thread_blocked, id=31772, stack(0x0000005001300000,0x0000005001400000) (1024K)]
  0x000001eaf74d4250 JavaThread "Notification Thread"        daemon [_thread_blocked, id=13792, stack(0x0000005001400000,0x0000005001500000) (1024K)]
  0x000001eaf7976140 JavaThread "Active Thread: Equinox Container: a42120a0-93b4-4209-a967-40dc7a964c82"        [_thread_blocked, id=7416, stack(0x0000005001b00000,0x0000005001c00000) (1024K)]
  0x000001eaf7c9f600 JavaThread "Refresh Thread: Equinox Container: a42120a0-93b4-4209-a967-40dc7a964c82" daemon [_thread_blocked, id=2428, stack(0x0000005001d00000,0x0000005001e00000) (1024K)]
  0x000001eaf78d9c10 JavaThread "Framework Event Dispatcher: Equinox Container: a42120a0-93b4-4209-a967-40dc7a964c82" daemon [_thread_blocked, id=13200, stack(0x0000005001e00000,0x0000005001f00000) (1024K)]
  0x000001eaf78dc290 JavaThread "Start Level: Equinox Container: a42120a0-93b4-4209-a967-40dc7a964c82" daemon [_thread_in_Java, id=25860, stack(0x0000005001f00000,0x0000005002000000) (1024K)]
  0x000001eafc670070 JavaThread "Bundle File Closer"         daemon [_thread_blocked, id=3112, stack(0x0000005002000000,0x0000005002100000) (1024K)]
  0x000001eafc733740 JavaThread "SCR Component Actor"        daemon [_thread_blocked, id=18788, stack(0x0000005002100000,0x0000005002200000) (1024K)]
Total: 17

Other Threads:
  0x000001eadcb7ea10 VMThread "VM Thread"                           [id=26528, stack(0x0000005000a00000,0x0000005000b00000) (1024K)]
  0x000001eadeddba00 WatcherThread "VM Periodic Task Thread"        [id=26212, stack(0x0000005000900000,0x0000005000a00000) (1024K)]
  0x000001eadef71100 WorkerThread "GC Thread#0"                     [id=30896, stack(0x0000005000800000,0x0000005000900000) (1024K)]
  0x000001eaf7651220 WorkerThread "GC Thread#1"                     [id=9116, stack(0x0000005001500000,0x0000005001600000) (1024K)]
  0x000001eaf76ae540 WorkerThread "GC Thread#2"                     [id=14648, stack(0x0000005001600000,0x0000005001700000) (1024K)]
  0x000001eaf78ad240 WorkerThread "GC Thread#3"                     [id=16636, stack(0x0000005001700000,0x0000005001800000) (1024K)]
  0x000001eaf78ad5f0 WorkerThread "GC Thread#4"                     [id=16392, stack(0x0000005001800000,0x0000005001900000) (1024K)]
  0x000001eaf78ad9a0 WorkerThread "GC Thread#5"                     [id=484, stack(0x0000005001900000,0x0000005001a00000) (1024K)]
  0x000001eaf78add50 WorkerThread "GC Thread#6"                     [id=24248, stack(0x0000005001a00000,0x0000005001b00000) (1024K)]
  0x000001eaf78913c0 WorkerThread "GC Thread#7"                     [id=16652, stack(0x0000005001c00000,0x0000005001d00000) (1024K)]
Total: 10

Threads with active compile tasks:
C2 CompilerThread0  13319 2548       4       java.io.DataInputStream::readUTF (501 bytes)
Total: 1

VM state: not at safepoint (normal execution)

VM Mutex/Monitor currently owned by a thread: None

Heap address: 0x0000000080000000, size: 2048 MB, Compressed Oops mode: 32-bit

CDS archive(s) mapped at: [0x000001ea80000000-0x000001ea80ba0000-0x000001ea80ba0000), size 12189696, SharedBaseAddress: 0x000001ea80000000, ArchiveRelocationMode: 1.
Compressed class space mapped at: 0x000001ea81000000-0x000001eac1000000, reserved size: 1073741824
Narrow klass base: 0x000001ea80000000, Narrow klass shift: 0, Narrow klass range: 0x100000000

GC Precious Log:
 CardTable entry size: 512
 CPUs: 8 total, 8 available
 Memory: 7379M
 Large Page Support: Disabled
 NUMA Support: Disabled
 Compressed Oops: Enabled (32-bit)
 Alignments: Space 512K, Generation 512K, Heap 2M
 Heap Min Capacity: 100M
 Heap Initial Capacity: 100M
 Heap Max Capacity: 2G
 Pre-touch: Disabled
 Parallel Workers: 8

Heap:
 PSYoungGen      total 29696K, used 9777K [0x00000000d5580000, 0x00000000d7680000, 0x0000000100000000)
  eden space 25600K, 22% used [0x00000000d5580000,0x00000000d5b0d588,0x00000000d6e80000)
  from space 4096K, 99% used [0x00000000d7280000,0x00000000d767f020,0x00000000d7680000)
  to   space 4096K, 0% used [0x00000000d6e80000,0x00000000d6e80000,0x00000000d7280000)
 ParOldGen       total 68608K, used 6768K [0x0000000080000000, 0x0000000084300000, 0x00000000d5580000)
  object space 68608K, 9% used [0x0000000080000000,0x000000008069c1a0,0x0000000084300000)
 Metaspace       used 12443K, committed 12864K, reserved 1114112K
  class space    used 1322K, committed 1472K, reserved 1048576K

Card table byte_map: [0x000001eade8f0000,0x000001eaded00000] _byte_map_base: 0x000001eade4f0000

Marking Bits: (ParMarkBitMap*) 0x00007ffb4b634460
 Begin Bits: [0x000001eaf1400000, 0x000001eaf3400000)
 End Bits:   [0x000001eaf3400000, 0x000001eaf5400000)

Polling page: 0x000001eadcd70000

Metaspace:

Usage:
  Non-class:     10.86 MB used.
      Class:      1.29 MB used.
       Both:     12.15 MB used.

Virtual space:
  Non-class space:       64.00 MB reserved,      11.12 MB ( 17%) committed,  1 nodes.
      Class space:        1.00 GB reserved,       1.44 MB ( <1%) committed,  1 nodes.
             Both:        1.06 GB reserved,      12.56 MB (  1%) committed. 

Chunk freelists:
   Non-Class:  4.03 MB
       Class:  14.57 MB
        Both:  18.60 MB

MaxMetaspaceSize: unlimited
CompressedClassSpaceSize: 1.00 GB
Initial GC threshold: 21.00 MB
Current GC threshold: 21.00 MB
CDS: on
 - commit_granule_bytes: 65536.
 - commit_granule_words: 8192.
 - virtual_space_node_default_size: 8388608.
 - enlarge_chunks_in_place: 1.
 - use_allocation_guard: 0.


Internal statistics:

num_allocs_failed_limit: 0.
num_arena_births: 276.
num_arena_deaths: 0.
num_vsnodes_births: 2.
num_vsnodes_deaths: 0.
num_space_committed: 201.
num_space_uncommitted: 0.
num_chunks_returned_to_freelist: 0.
num_chunks_taken_from_freelist: 644.
num_chunk_merges: 0.
num_chunk_splits: 414.
num_chunks_enlarged: 280.
num_inconsistent_stats: 0.

CodeHeap 'non-profiled nmethods': size=120000Kb used=1077Kb max_used=1077Kb free=118922Kb
 bounds [0x000001eae9c20000, 0x000001eae9e90000, 0x000001eaf1150000]
CodeHeap 'profiled nmethods': size=120000Kb used=5027Kb max_used=5027Kb free=114972Kb
 bounds [0x000001eae2150000, 0x000001eae2640000, 0x000001eae9680000]
CodeHeap 'non-nmethods': size=5760Kb used=1239Kb max_used=1257Kb free=4520Kb
 bounds [0x000001eae9680000, 0x000001eae98f0000, 0x000001eae9c20000]
CodeCache: size=245760Kb, used=7343Kb, max_used=7361Kb, free=238414Kb
 total_blobs=3075, nmethods=2572, adapters=409, full_count=0
Compilation: enabled, stopped_count=0, restarted_count=0

Compilation events (20 events):
Event: 8.821 Thread 0x000001eadeed93b0 nmethod 2544 0x000001eae2616c90 code [0x000001eae2617160, 0x000001eae26191d8]
Event: 8.821 Thread 0x000001eadeed93b0 2546   !   3       org.eclipse.osgi.internal.hooks.EclipseLazyStarter::postFindLocalClass (394 bytes)
Event: 8.822 Thread 0x000001eadeed93b0 nmethod 2546 0x000001eae2619f90 code [0x000001eae261a4c0, 0x000001eae261d278]
Event: 8.822 Thread 0x000001eadeed93b0 2545       3       org.eclipse.osgi.internal.loader.ModuleClassLoader::findLocalClass (9 bytes)
Event: 8.823 Thread 0x000001eadeed93b0 nmethod 2545 0x000001eae261e490 code [0x000001eae261e640, 0x000001eae261e7a0]
Event: 8.832 Thread 0x000001eadeed93b0 2547       3       java.io.WinNTFileSystem::normalize (143 bytes)
Event: 8.833 Thread 0x000001eadeed93b0 nmethod 2547 0x000001eae261e890 code [0x000001eae261eb20, 0x000001eae261f580]
Event: 8.878 Thread 0x000001eadeed3c60 2548       4       java.io.DataInputStream::readUTF (501 bytes)
Event: 8.895 Thread 0x000001eadeed93b0 2551       3       java.util.Base64$Decoder::decode (35 bytes)
Event: 8.895 Thread 0x000001eadeed93b0 nmethod 2551 0x000001eae261f990 code [0x000001eae261fb60, 0x000001eae261fe50]
Event: 8.895 Thread 0x000001eadeed93b0 2552       1       org.eclipse.osgi.container.Module::getLastModified (5 bytes)
Event: 8.895 Thread 0x000001eadeed93b0 nmethod 2552 0x000001eae9d2cd10 code [0x000001eae9d2cea0, 0x000001eae9d2cf70]
Event: 8.907 Thread 0x000001eadeed93b0 2563       3       java.util.ArrayList::rangeCheckForAdd (26 bytes)
Event: 8.908 Thread 0x000001eadeed93b0 nmethod 2563 0x000001eae261ff90 code [0x000001eae2620200, 0x000001eae2620a10]
Event: 8.909 Thread 0x000001eadeed93b0 2564       3       java.util.stream.FindOps$FindOp::evaluateSequential (39 bytes)
Event: 8.909 Thread 0x000001eadeed93b0 nmethod 2564 0x000001eae2620d90 code [0x000001eae2620f80, 0x000001eae2621588]
Event: 8.909 Thread 0x000001eadeed93b0 2565       3       java.util.stream.FindOps$FindSink$OfRef::<init> (5 bytes)
Event: 8.909 Thread 0x000001eadeed93b0 nmethod 2565 0x000001eae2621710 code [0x000001eae26218c0, 0x000001eae2621a88]
Event: 8.909 Thread 0x000001eadeed93b0 2567   !   3       org.eclipse.osgi.internal.loader.classpath.ClasspathManager::defineClass (636 bytes)
Event: 11.944 Thread 0x000001eadeed93b0 nmethod 2567 0x000001eae2621b90 code [0x000001eae2622140, 0x000001eae2625570]

GC Heap History (8 events):
Event: 1.758 GC heap before
{Heap before GC invocations=1 (full 0):
 PSYoungGen      total 29696K, used 25600K [0x00000000d5580000, 0x00000000d7680000, 0x0000000100000000)
  eden space 25600K, 100% used [0x00000000d5580000,0x00000000d6e80000,0x00000000d6e80000)
  from space 4096K, 0% used [0x00000000d7280000,0x00000000d7280000,0x00000000d7680000)
  to   space 4096K, 0% used [0x00000000d6e80000,0x00000000d6e80000,0x00000000d7280000)
 ParOldGen       total 68608K, used 0K [0x0000000080000000, 0x0000000084300000, 0x00000000d5580000)
  object space 68608K, 0% used [0x0000000080000000,0x0000000080000000,0x0000000084300000)
 Metaspace       used 4382K, committed 4608K, reserved 1114112K
  class space    used 475K, committed 576K, reserved 1048576K
}
Event: 1.770 GC heap after
{Heap after GC invocations=1 (full 0):
 PSYoungGen      total 29696K, used 3280K [0x00000000d5580000, 0x00000000d7680000, 0x0000000100000000)
  eden space 25600K, 0% used [0x00000000d5580000,0x00000000d5580000,0x00000000d6e80000)
  from space 4096K, 80% used [0x00000000d6e80000,0x00000000d71b4148,0x00000000d7280000)
  to   space 4096K, 0% used [0x00000000d7280000,0x00000000d7280000,0x00000000d7680000)
 ParOldGen       total 68608K, used 16K [0x0000000080000000, 0x0000000084300000, 0x00000000d5580000)
  object space 68608K, 0% used [0x0000000080000000,0x0000000080004000,0x0000000084300000)
 Metaspace       used 4382K, committed 4608K, reserved 1114112K
  class space    used 475K, committed 576K, reserved 1048576K
}
Event: 3.263 GC heap before
{Heap before GC invocations=2 (full 0):
 PSYoungGen      total 29696K, used 28880K [0x00000000d5580000, 0x00000000d7680000, 0x0000000100000000)
  eden space 25600K, 100% used [0x00000000d5580000,0x00000000d6e80000,0x00000000d6e80000)
  from space 4096K, 80% used [0x00000000d6e80000,0x00000000d71b4148,0x00000000d7280000)
  to   space 4096K, 0% used [0x00000000d7280000,0x00000000d7280000,0x00000000d7680000)
 ParOldGen       total 68608K, used 16K [0x0000000080000000, 0x0000000084300000, 0x00000000d5580000)
  object space 68608K, 0% used [0x0000000080000000,0x0000000080004000,0x0000000084300000)
 Metaspace       used 8010K, committed 8256K, reserved 1114112K
  class space    used 833K, committed 960K, reserved 1048576K
}
Event: 3.270 GC heap after
{Heap after GC invocations=2 (full 0):
 PSYoungGen      total 29696K, used 4087K [0x00000000d5580000, 0x00000000d7680000, 0x0000000100000000)
  eden space 25600K, 0% used [0x00000000d5580000,0x00000000d5580000,0x00000000d6e80000)
  from space 4096K, 99% used [0x00000000d7280000,0x00000000d767de88,0x00000000d7680000)
  to   space 4096K, 0% used [0x00000000d6e80000,0x00000000d6e80000,0x00000000d7280000)
 ParOldGen       total 68608K, used 2015K [0x0000000080000000, 0x0000000084300000, 0x00000000d5580000)
  object space 68608K, 2% used [0x0000000080000000,0x00000000801f7c98,0x0000000084300000)
 Metaspace       used 8010K, committed 8256K, reserved 1114112K
  class space    used 833K, committed 960K, reserved 1048576K
}
Event: 5.223 GC heap before
{Heap before GC invocations=3 (full 0):
 PSYoungGen      total 29696K, used 29679K [0x00000000d5580000, 0x00000000d7680000, 0x0000000100000000)
  eden space 25600K, 99% used [0x00000000d5580000,0x00000000d6e7de08,0x00000000d6e80000)
  from space 4096K, 99% used [0x00000000d7280000,0x00000000d767de88,0x00000000d7680000)
  to   space 4096K, 0% used [0x00000000d6e80000,0x00000000d6e80000,0x00000000d7280000)
 ParOldGen       total 68608K, used 2015K [0x0000000080000000, 0x0000000084300000, 0x00000000d5580000)
  object space 68608K, 2% used [0x0000000080000000,0x00000000801f7c98,0x0000000084300000)
 Metaspace       used 9482K, committed 9792K, reserved 1114112K
  class space    used 1013K, committed 1152K, reserved 1048576K
}
Event: 5.229 GC heap after
{Heap after GC invocations=3 (full 0):
 PSYoungGen      total 29696K, used 4079K [0x00000000d5580000, 0x00000000d7680000, 0x0000000100000000)
  eden space 25600K, 0% used [0x00000000d5580000,0x00000000d5580000,0x00000000d6e80000)
  from space 4096K, 99% used [0x00000000d6e80000,0x00000000d727bc98,0x00000000d7280000)
  to   space 4096K, 0% used [0x00000000d7280000,0x00000000d7280000,0x00000000d7680000)
 ParOldGen       total 68608K, used 4761K [0x0000000080000000, 0x0000000084300000, 0x00000000d5580000)
  object space 68608K, 6% used [0x0000000080000000,0x00000000804a66a0,0x0000000084300000)
 Metaspace       used 9482K, committed 9792K, reserved 1114112K
  class space    used 1013K, committed 1152K, reserved 1048576K
}
Event: 8.767 GC heap before
{Heap before GC invocations=4 (full 0):
 PSYoungGen      total 29696K, used 29679K [0x00000000d5580000, 0x00000000d7680000, 0x0000000100000000)
  eden space 25600K, 100% used [0x00000000d5580000,0x00000000d6e80000,0x00000000d6e80000)
  from space 4096K, 99% used [0x00000000d6e80000,0x00000000d727bc98,0x00000000d7280000)
  to   space 4096K, 0% used [0x00000000d7280000,0x00000000d7280000,0x00000000d7680000)
 ParOldGen       total 68608K, used 4761K [0x0000000080000000, 0x0000000084300000, 0x00000000d5580000)
  object space 68608K, 6% used [0x0000000080000000,0x00000000804a66a0,0x0000000084300000)
 Metaspace       used 11610K, committed 11968K, reserved 1114112K
  class space    used 1228K, committed 1408K, reserved 1048576K
}
Event: 8.772 GC heap after
{Heap after GC invocations=4 (full 0):
 PSYoungGen      total 29696K, used 4092K [0x00000000d5580000, 0x00000000d7680000, 0x0000000100000000)
  eden space 25600K, 0% used [0x00000000d5580000,0x00000000d5580000,0x00000000d6e80000)
  from space 4096K, 99% used [0x00000000d7280000,0x00000000d767f020,0x00000000d7680000)
  to   space 4096K, 0% used [0x00000000d6e80000,0x00000000d6e80000,0x00000000d7280000)
 ParOldGen       total 68608K, used 6768K [0x0000000080000000, 0x0000000084300000, 0x00000000d5580000)
  object space 68608K, 9% used [0x0000000080000000,0x000000008069c1a0,0x0000000084300000)
 Metaspace       used 11610K, committed 11968K, reserved 1114112K
  class space    used 1228K, committed 1408K, reserved 1048576K
}

Dll operation events (9 events):
Event: 0.118 Loaded shared library c:\Users\gueva\.vscode\extensions\redhat.java-1.55.0-win32-x64\jre\21.0.11-win32-x86_64\bin\java.dll
Event: 0.406 Loaded shared library c:\Users\gueva\.vscode\extensions\redhat.java-1.55.0-win32-x64\jre\21.0.11-win32-x86_64\bin\zip.dll
Event: 0.450 Loaded shared library C:\Users\gueva\.vscode\extensions\redhat.java-1.55.0-win32-x64\jre\21.0.11-win32-x86_64\bin\instrument.dll
Event: 0.461 Loaded shared library C:\Users\gueva\.vscode\extensions\redhat.java-1.55.0-win32-x64\jre\21.0.11-win32-x86_64\bin\net.dll
Event: 0.467 Loaded shared library C:\Users\gueva\.vscode\extensions\redhat.java-1.55.0-win32-x64\jre\21.0.11-win32-x86_64\bin\nio.dll
Event: 0.473 Loaded shared library C:\Users\gueva\.vscode\extensions\redhat.java-1.55.0-win32-x64\jre\21.0.11-win32-x86_64\bin\zip.dll
Event: 0.522 Loaded shared library C:\Users\gueva\.vscode\extensions\redhat.java-1.55.0-win32-x64\jre\21.0.11-win32-x86_64\bin\jimage.dll
Event: 0.685 Loaded shared library c:\Users\gueva\.vscode\extensions\redhat.java-1.55.0-win32-x64\jre\21.0.11-win32-x86_64\bin\verify.dll
Event: 3.354 Loaded shared library C:\Users\gueva\AppData\Roaming\Code\User\globalStorage\redhat.java\1.55.0\config_win\org.eclipse.equinox.launcher\org.eclipse.equinox.launcher.win32.win32.x86_64_1.3.100.v20260613-0559\eclipse_11924.dll

Deoptimization events (20 events):
Event: 5.977 Thread 0x000001eaf78dc290 Uncommon trap: trap_request=0xffffff45 fr.pc=0x000001eae9c93fcc relative=0x000000000000018c
Event: 5.977 Thread 0x000001eaf78dc290 Uncommon trap: reason=unstable_if action=reinterpret pc=0x000001eae9c93fcc method=java.lang.String.startsWith(Ljava/lang/String;I)Z @ 50 c2
Event: 5.977 Thread 0x000001eaf78dc290 DEOPT PACKING pc=0x000001eae9c93fcc sp=0x0000005001ffe370
Event: 5.977 Thread 0x000001eaf78dc290 DEOPT UNPACKING pc=0x000001eae96d3aa2 sp=0x0000005001ffe2a0 mode 2
Event: 8.623 Thread 0x000001eaf78dc290 DEOPT PACKING pc=0x000001eae255b649 sp=0x0000005001ff8080
Event: 8.623 Thread 0x000001eaf78dc290 DEOPT UNPACKING pc=0x000001eae96d4242 sp=0x0000005001ff74f0 mode 0
Event: 8.631 Thread 0x000001eaf78dc290 Uncommon trap: trap_request=0xffffff45 fr.pc=0x000001eae9d1b5b4 relative=0x0000000000000614
Event: 8.631 Thread 0x000001eaf78dc290 Uncommon trap: reason=unstable_if action=reinterpret pc=0x000001eae9d1b5b4 method=org.eclipse.osgi.framework.util.CaseInsensitiveDictionaryMap.findCommonKeyIndex(Ljava/lang/String;)Lorg/eclipse/osgi/framework/util/CaseInsensitiveDictionaryMap$CaseInsensit
Event: 8.631 Thread 0x000001eaf78dc290 DEOPT PACKING pc=0x000001eae9d1b5b4 sp=0x0000005001ffe3f0
Event: 8.631 Thread 0x000001eaf78dc290 DEOPT UNPACKING pc=0x000001eae96d3aa2 sp=0x0000005001ffe380 mode 2
Event: 8.777 Thread 0x000001eaf78dc290 DEOPT PACKING pc=0x000001eae255b649 sp=0x0000005001ffcb90
Event: 8.777 Thread 0x000001eaf78dc290 DEOPT UNPACKING pc=0x000001eae96d4242 sp=0x0000005001ffc000 mode 0
Event: 8.802 Thread 0x000001eaf78dc290 Uncommon trap: trap_request=0xffffff45 fr.pc=0x000001eae9ccb470 relative=0x00000000000013f0
Event: 8.802 Thread 0x000001eaf78dc290 Uncommon trap: reason=unstable_if action=reinterpret pc=0x000001eae9ccb470 method=java.io.WinNTFileSystem.normalize(Ljava/lang/String;II)Ljava/lang/String; @ 100 c2
Event: 8.802 Thread 0x000001eaf78dc290 DEOPT PACKING pc=0x000001eae9ccb470 sp=0x0000005001ff9230
Event: 8.802 Thread 0x000001eaf78dc290 DEOPT UNPACKING pc=0x000001eae96d3aa2 sp=0x0000005001ff9170 mode 2
Event: 8.802 Thread 0x000001eaf78dc290 Uncommon trap: trap_request=0xffffff45 fr.pc=0x000001eae9cd1d58 relative=0x0000000000001958
Event: 8.802 Thread 0x000001eaf78dc290 Uncommon trap: reason=unstable_if action=reinterpret pc=0x000001eae9cd1d58 method=java.io.WinNTFileSystem.normalize(Ljava/lang/String;II)Ljava/lang/String; @ 100 c2
Event: 8.802 Thread 0x000001eaf78dc290 DEOPT PACKING pc=0x000001eae9cd1d58 sp=0x0000005001ff9160
Event: 8.802 Thread 0x000001eaf78dc290 DEOPT UNPACKING pc=0x000001eae96d3aa2 sp=0x0000005001ff9168 mode 2

Classes loaded (20 events):
Event: 8.756 Loading class java/util/concurrent/locks/ReentrantLock$FairSync
Event: 8.756 Loading class java/util/concurrent/locks/ReentrantLock$FairSync done
Event: 8.881 Loading class java/util/stream/ReferencePipeline$5
Event: 8.881 Loading class java/util/stream/LongPipeline$StatelessOp
Event: 8.888 Loading class java/util/stream/LongPipeline
Event: 8.888 Loading class java/util/stream/LongStream
Event: 8.888 Loading class java/util/stream/LongStream done
Event: 8.889 Loading class java/util/stream/LongPipeline done
Event: 8.889 Loading class java/util/stream/LongPipeline$StatelessOp done
Event: 8.889 Loading class java/util/stream/ReferencePipeline$5 done
Event: 8.889 Loading class java/util/function/LongBinaryOperator
Event: 8.889 Loading class java/util/function/LongBinaryOperator done
Event: 8.889 Loading class java/util/stream/ReduceOps$10
Event: 8.890 Loading class java/util/stream/ReduceOps$10 done
Event: 8.890 Loading class java/util/stream/ReduceOps$8ReducingSink
Event: 8.893 Loading class java/util/stream/Sink$OfLong
Event: 8.893 Loading class java/util/stream/Sink$OfLong done
Event: 8.893 Loading class java/util/stream/ReduceOps$8ReducingSink done
Event: 8.893 Loading class java/util/stream/ReferencePipeline$5$1
Event: 8.893 Loading class java/util/stream/ReferencePipeline$5$1 done

Classes unloaded (0 events):
No events

Classes redefined (0 events):
No events

Internal exceptions (20 events):
Event: 1.883 Thread 0x000001eadef53c00 Exception <a 'java/lang/NoSuchMethodError'{0x00000000d56ed828}: 'void java.lang.invoke.DirectMethodHandle$Holder.invokeStatic(java.lang.Object, java.lang.Object, java.lang.Object, java.lang.Object)'> (0x00000000d56ed828) 
thrown [s\src\hotspot\share\interpreter\linkResolver.cpp, line 773]
Event: 1.886 Thread 0x000001eadef53c00 Implicit null exception at 0x000001eae9c7aebd to 0x000001eae9c7af41
Event: 2.017 Thread 0x000001eadef53c00 Exception <a 'java/lang/NoSuchMethodError'{0x00000000d59d7d70}: 'void java.lang.invoke.DirectMethodHandle$Holder.invokeSpecial(java.lang.Object, java.lang.Object, java.lang.Object)'> (0x00000000d59d7d70) 
thrown [s\src\hotspot\share\interpreter\linkResolver.cpp, line 773]
Event: 2.367 Thread 0x000001eadef53c00 Exception <a 'java/lang/NoSuchMethodError'{0x00000000d645a130}: 'int java.lang.invoke.DirectMethodHandle$Holder.invokeVirtual(java.lang.Object, java.lang.Object)'> (0x00000000d645a130) 
thrown [s\src\hotspot\share\interpreter\linkResolver.cpp, line 773]
Event: 2.786 Thread 0x000001eadef53c00 Exception <a 'java/lang/NoSuchMethodError'{0x00000000d65e28e8}: 'int java.lang.invoke.DirectMethodHandle$Holder.invokeStaticInit(java.lang.Object, java.lang.Object, java.lang.Object, java.lang.Object)'> (0x00000000d65e28e8) 
thrown [s\src\hotspot\share\interpreter\linkResolver.cpp, line 773]
Event: 2.789 Thread 0x000001eadef53c00 Exception <a 'java/lang/IncompatibleClassChangeError'{0x00000000d65eafd0}: Found class java.lang.Object, but interface was expected> (0x00000000d65eafd0) 
thrown [s\src\hotspot\share\interpreter\linkResolver.cpp, line 840]
Event: 2.790 Thread 0x000001eadef53c00 Exception <a 'java/lang/NoSuchMethodError'{0x00000000d65f1e80}: 'void java.lang.invoke.DirectMethodHandle$Holder.invokeStaticInit(java.lang.Object, java.lang.Object)'> (0x00000000d65f1e80) 
thrown [s\src\hotspot\share\interpreter\linkResolver.cpp, line 773]
Event: 2.793 Thread 0x000001eadef53c00 Exception <a 'java/lang/NoSuchMethodError'{0x00000000d65fb9b8}: 'int java.lang.invoke.DirectMethodHandle$Holder.invokeStaticInit(java.lang.Object, java.lang.Object)'> (0x00000000d65fb9b8) 
thrown [s\src\hotspot\share\interpreter\linkResolver.cpp, line 773]
Event: 2.882 Thread 0x000001eadef53c00 Exception <a 'java/lang/NoSuchMethodError'{0x00000000d686b688}: 'java.lang.Object java.lang.invoke.DirectMethodHandle$Holder.newInvokeSpecial(java.lang.Object, int, java.lang.Object)'> (0x00000000d686b688) 
thrown [s\src\hotspot\share\interpreter\linkResolver.cpp, line 773]
Event: 2.995 Thread 0x000001eadef53c00 Exception <a 'java/lang/ClassNotFoundException'{0x00000000d6a91060}: sun/net/www/protocol/plurl/Handler> (0x00000000d6a91060) 
thrown [s\src\hotspot\share\classfile\systemDictionary.cpp, line 313]
Event: 2.996 Thread 0x000001eadef53c00 Exception <a 'java/lang/ClassNotFoundException'{0x00000000d6a91ee0}: sun/net/www/protocol/plurl/Handler> (0x00000000d6a91ee0) 
thrown [s\src\hotspot\share\classfile\systemDictionary.cpp, line 313]
Event: 3.337 Thread 0x000001eadef53c00 Exception <a 'java/lang/UnsatisfiedLinkError'{0x00000000d560f948}: 'void org.eclipse.equinox.launcher.JNIBridge._update_splash()'> (0x00000000d560f948) 
thrown [s\src\hotspot\share\prims\nativeLookup.cpp, line 415]
Event: 3.433 Thread 0x000001eaf7c9f600 Exception <a 'java/lang/NoSuchMethodError'{0x00000000d58e7d78}: 'void java.lang.invoke.DirectMethodHandle$Holder.invokeInterface(java.lang.Object, java.lang.Object, java.lang.Object)'> (0x00000000d58e7d78) 
thrown [s\src\hotspot\share\interpreter\linkResolver.cpp, line 773]
Event: 3.621 Thread 0x000001eaf78dc290 Exception <a 'java/lang/NoSuchMethodError'{0x00000000d5caf9a0}: 'java.lang.Object java.lang.invoke.DirectMethodHandle$Holder.newInvokeSpecial(java.lang.Object, java.lang.Object, int, java.lang.Object)'> (0x00000000d5caf9a0) 
thrown [s\src\hotspot\share\interpreter\linkResolver.cpp, line 773]
Event: 3.622 Thread 0x000001eaf78dc290 Exception <a 'java/lang/NoSuchMethodError'{0x00000000d5cb37d0}: 'java.lang.Object java.lang.invoke.DirectMethodHandle$Holder.invokeSpecial(java.lang.Object, java.lang.Object, java.lang.Object, int, java.lang.Object)'> (0x00000000d5cb37d0) 
thrown [s\src\hotspot\share\interpreter\linkResolver.cpp, line 773]
Event: 3.666 Thread 0x000001eaf78dc290 Exception <a 'java/lang/NoClassDefFoundError'{0x00000000d5d59f30}: jakarta/servlet/ServletContainerInitializer> (0x00000000d5d59f30) 
thrown [s\src\hotspot\share\classfile\systemDictionary.cpp, line 302]
Event: 3.726 Thread 0x000001eaf78dc290 Exception <a 'java/lang/ClassNotFoundException'{0x00000000d5ec2d28}: sun/util/logging/resources/spi/loggingProvider> (0x00000000d5ec2d28) 
thrown [s\src\hotspot\share\classfile\systemDictionary.cpp, line 313]
Event: 8.673 Thread 0x000001eaf78dc290 Exception <a 'java/lang/NullPointerException'{0x00000000d67ef6a0}> (0x00000000d67ef6a0) 
thrown [s\src\hotspot\share\interpreter\linkResolver.cpp, line 1372]
Event: 8.673 Thread 0x000001eaf78dc290 Exception <a 'java/lang/NullPointerException'{0x00000000d67ef980}> (0x00000000d67ef980) 
thrown [s\src\hotspot\share\interpreter\linkResolver.cpp, line 1372]
Event: 8.880 Thread 0x000001eaf78dc290 Exception <a 'java/lang/NoSuchMethodError'{0x00000000d58b8e30}: 'long java.lang.invoke.DirectMethodHandle$Holder.invokeSpecial(java.lang.Object, java.lang.Object)'> (0x00000000d58b8e30) 
thrown [s\src\hotspot\share\interpreter\linkResolver.cpp, line 773]

ZGC Phase Switch (0 events):
No events

VM Operations (20 events):
Event: 3.755 Executing non-safepoint VM operation: HandshakeAllThreads (Deoptimize) done
Event: 3.790 Executing non-safepoint VM operation: HandshakeAllThreads (Deoptimize)
Event: 3.790 Executing non-safepoint VM operation: HandshakeAllThreads (Deoptimize) done
Event: 3.817 Executing non-safepoint VM operation: HandshakeAllThreads (Deoptimize)
Event: 3.817 Executing non-safepoint VM operation: HandshakeAllThreads (Deoptimize) done
Event: 4.832 Executing safepoint VM operation: Cleanup
Event: 4.832 Executing safepoint VM operation: Cleanup done
Event: 5.223 Executing safepoint VM operation: ParallelGCFailedAllocation (Allocation Failure)
Event: 5.229 Executing safepoint VM operation: ParallelGCFailedAllocation (Allocation Failure) done
Event: 6.241 Executing safepoint VM operation: Cleanup
Event: 7.153 Executing safepoint VM operation: Cleanup done
Event: 8.466 Executing non-safepoint VM operation: HandshakeAllThreads (Deoptimize)
Event: 8.466 Executing non-safepoint VM operation: HandshakeAllThreads (Deoptimize) done
Event: 8.466 Executing safepoint VM operation: Cleanup
Event: 8.466 Executing safepoint VM operation: Cleanup done
Event: 8.757 Executing non-safepoint VM operation: HandshakeAllThreads (Deoptimize)
Event: 8.757 Executing non-safepoint VM operation: HandshakeAllThreads (Deoptimize) done
Event: 8.767 Executing safepoint VM operation: ParallelGCFailedAllocation (Allocation Failure)
Event: 8.772 Executing safepoint VM operation: ParallelGCFailedAllocation (Allocation Failure) done
Event: 9.778 Executing safepoint VM operation: Cleanup

Memory protections (0 events):
No events

Nmethod flushes (0 events):
No events

Events (17 events):
Event: 0.241 Thread 0x000001eadef53c00 Thread added: 0x000001eadef53c00
Event: 0.310 Thread 0x000001eadef53c00 Thread added: 0x000001eadf00baa0
Event: 0.310 Thread 0x000001eadef53c00 Thread added: 0x000001eadeec3fb0
Event: 0.312 Thread 0x000001eadef53c00 Thread added: 0x000001eadeec6a70
Event: 0.313 Thread 0x000001eadef53c00 Thread added: 0x000001eadeec76d0
Event: 0.313 Thread 0x000001eadef53c00 Thread added: 0x000001eadeeca140
Event: 0.313 Thread 0x000001eadef53c00 Thread added: 0x000001eadeecc230
Event: 0.314 Thread 0x000001eadef53c00 Thread added: 0x000001eadeed3c60
Event: 0.315 Thread 0x000001eadef53c00 Thread added: 0x000001eadeed93b0
Event: 0.455 Thread 0x000001eadef53c00 Thread added: 0x000001eaf73e1b00
Event: 0.887 Thread 0x000001eadef53c00 Thread added: 0x000001eaf74d4250
Event: 2.811 Thread 0x000001eadef53c00 Thread added: 0x000001eaf7976140
Event: 3.332 Thread 0x000001eadef53c00 Thread added: 0x000001eaf7c9f600
Event: 3.440 Thread 0x000001eaf7c9f600 Thread added: 0x000001eaf78d9c10
Event: 3.459 Thread 0x000001eadef53c00 Thread added: 0x000001eaf78dc290
Event: 5.486 Thread 0x000001eaf78dc290 Thread added: 0x000001eafc670070
Event: 8.632 Thread 0x000001eaf78dc290 Thread added: 0x000001eafc733740


Dynamic libraries:
0x00007ff7c50a0000 - 0x00007ff7c50ae000 	c:\Users\gueva\.vscode\extensions\redhat.java-1.55.0-win32-x64\jre\21.0.11-win32-x86_64\bin\java.exe
0x00007ffbf2e60000 - 0x00007ffbf30c6000 	C:\WINDOWS\SYSTEM32\ntdll.dll
0x00007ffbf0bd0000 - 0x00007ffbf0c99000 	C:\WINDOWS\System32\KERNEL32.DLL
0x00007ffbf0210000 - 0x00007ffbf060e000 	C:\WINDOWS\System32\KERNELBASE.dll
0x00007ffbf00b0000 - 0x00007ffbf01fc000 	C:\WINDOWS\System32\ucrtbase.dll
0x00007ffbd7fc0000 - 0x00007ffbd7fd8000 	c:\Users\gueva\.vscode\extensions\redhat.java-1.55.0-win32-x64\jre\21.0.11-win32-x86_64\bin\jli.dll
0x00007ffbf23e0000 - 0x00007ffbf25a7000 	C:\WINDOWS\System32\USER32.dll
0x00007ffbd7300000 - 0x00007ffbd731e000 	c:\Users\gueva\.vscode\extensions\redhat.java-1.55.0-win32-x64\jre\21.0.11-win32-x86_64\bin\VCRUNTIME140.dll
0x00007ffbf0080000 - 0x00007ffbf00a7000 	C:\WINDOWS\System32\win32u.dll
0x00007ffbdc520000 - 0x00007ffbdc7b2000 	C:\WINDOWS\WinSxS\amd64_microsoft.windows.common-controls_6595b64144ccf1df_6.0.26100.8875_none_3e0d5d42e32fe9dd\COMCTL32.dll
0x00007ffbf0ba0000 - 0x00007ffbf0bcb000 	C:\WINDOWS\System32\GDI32.dll
0x00007ffbf0ca0000 - 0x00007ffbf0d49000 	C:\WINDOWS\System32\msvcrt.dll
0x00007ffbf0620000 - 0x00007ffbf074a000 	C:\WINDOWS\System32\gdi32full.dll
0x00007ffbf0ae0000 - 0x00007ffbf0b83000 	C:\WINDOWS\System32\msvcp_win.dll
0x00007ffbf0dc0000 - 0x00007ffbf0df2000 	C:\WINDOWS\System32\IMM32.DLL
0x00007ffbe1610000 - 0x00007ffbe161c000 	c:\Users\gueva\.vscode\extensions\redhat.java-1.55.0-win32-x64\jre\21.0.11-win32-x86_64\bin\vcruntime140_1.dll
0x00007ffbae4d0000 - 0x00007ffbae55d000 	c:\Users\gueva\.vscode\extensions\redhat.java-1.55.0-win32-x64\jre\21.0.11-win32-x86_64\bin\msvcp140.dll
0x00007ffb4a970000 - 0x00007ffb4b712000 	c:\Users\gueva\.vscode\extensions\redhat.java-1.55.0-win32-x64\jre\21.0.11-win32-x86_64\bin\server\jvm.dll
0x00007ffbf0e00000 - 0x00007ffbf0eb7000 	C:\WINDOWS\System32\ADVAPI32.dll
0x00007ffbf2d60000 - 0x00007ffbf2e0a000 	C:\WINDOWS\System32\sechost.dll
0x00007ffbf27b0000 - 0x00007ffbf28c8000 	C:\WINDOWS\System32\RPCRT4.dll
0x00007ffbf16a0000 - 0x00007ffbf1720000 	C:\WINDOWS\System32\WS2_32.dll
0x00007ffbefee0000 - 0x00007ffbeff3e000 	C:\WINDOWS\SYSTEM32\POWRPROF.dll
0x00007ffbe6220000 - 0x00007ffbe6256000 	C:\WINDOWS\SYSTEM32\WINMM.dll
0x00007ffbde460000 - 0x00007ffbde46b000 	C:\WINDOWS\SYSTEM32\VERSION.dll
0x00007ffbefeb0000 - 0x00007ffbefec4000 	C:\WINDOWS\SYSTEM32\UMPDC.dll
0x00007ffbeed60000 - 0x00007ffbeed7b000 	C:\WINDOWS\SYSTEM32\kernel.appcore.dll
0x00007ffbe15d0000 - 0x00007ffbe15da000 	c:\Users\gueva\.vscode\extensions\redhat.java-1.55.0-win32-x64\jre\21.0.11-win32-x86_64\bin\jimage.dll
0x00007ffbed720000 - 0x00007ffbed962000 	C:\WINDOWS\SYSTEM32\DBGHELP.DLL
0x00007ffbf1730000 - 0x00007ffbf1ab3000 	C:\WINDOWS\System32\combase.dll
0x00007ffbf25b0000 - 0x00007ffbf2689000 	C:\WINDOWS\System32\OLEAUT32.dll
0x00007ffbdc7c0000 - 0x00007ffbdc7fb000 	C:\WINDOWS\SYSTEM32\dbgcore.DLL
0x00007ffbf0a20000 - 0x00007ffbf0acc000 	C:\WINDOWS\System32\bcryptPrimitives.dll
0x00007ffbe1220000 - 0x00007ffbe122f000 	c:\Users\gueva\.vscode\extensions\redhat.java-1.55.0-win32-x64\jre\21.0.11-win32-x86_64\bin\instrument.dll
0x00007ffbd65d0000 - 0x00007ffbd65f0000 	c:\Users\gueva\.vscode\extensions\redhat.java-1.55.0-win32-x64\jre\21.0.11-win32-x86_64\bin\java.dll
0x00007ffbf1bb0000 - 0x00007ffbf2342000 	C:\WINDOWS\System32\SHELL32.dll
0x00007ffbed970000 - 0x00007ffbee202000 	C:\WINDOWS\SYSTEM32\windows.storage.dll
0x00007ffbf15a0000 - 0x00007ffbf1697000 	C:\WINDOWS\System32\SHCORE.dll
0x00007ffbf0d50000 - 0x00007ffbf0db7000 	C:\WINDOWS\System32\shlwapi.dll
0x00007ffbeffa0000 - 0x00007ffbeffc9000 	C:\WINDOWS\SYSTEM32\profapi.dll
0x00007ffbd7090000 - 0x00007ffbd70a8000 	c:\Users\gueva\.vscode\extensions\redhat.java-1.55.0-win32-x64\jre\21.0.11-win32-x86_64\bin\zip.dll
0x00007ffbdf8c0000 - 0x00007ffbdf8d0000 	C:\Users\gueva\.vscode\extensions\redhat.java-1.55.0-win32-x64\jre\21.0.11-win32-x86_64\bin\net.dll
0x00007ffbe5e40000 - 0x00007ffbe5f67000 	C:\WINDOWS\SYSTEM32\WINHTTP.dll
0x00007ffbef310000 - 0x00007ffbef37c000 	C:\WINDOWS\system32\mswsock.dll
0x00007ffbd2410000 - 0x00007ffbd2426000 	C:\Users\gueva\.vscode\extensions\redhat.java-1.55.0-win32-x64\jre\21.0.11-win32-x86_64\bin\nio.dll
0x00007ffbd9b00000 - 0x00007ffbd9b10000 	c:\Users\gueva\.vscode\extensions\redhat.java-1.55.0-win32-x64\jre\21.0.11-win32-x86_64\bin\verify.dll
0x00007ffbb46b0000 - 0x00007ffbb46f5000 	C:\Users\gueva\AppData\Roaming\Code\User\globalStorage\redhat.java\1.55.0\config_win\org.eclipse.equinox.launcher\org.eclipse.equinox.launcher.win32.win32.x86_64_1.3.100.v20260613-0559\eclipse_11924.dll
0x00007ffbf28d0000 - 0x00007ffbf2a69000 	C:\WINDOWS\System32\ole32.dll

JVMTI agents:
c:\Users\gueva\.vscode\extensions\redhat.java-1.55.0-win32-x64\lombok\lombok-1.18.39-4050.jar path:c:\Users\gueva\.vscode\extensions\redhat.java-1.55.0-win32-x64\jre\21.0.11-win32-x86_64\bin\instrument.dll, loaded, initialized, instrumentlib options:none

dbghelp: loaded successfully - version: 4.0.5 - missing functions: none
symbol engine: initialized successfully - sym options: 0x614 - pdb path: .;c:\Users\gueva\.vscode\extensions\redhat.java-1.55.0-win32-x64\jre\21.0.11-win32-x86_64\bin;C:\WINDOWS\SYSTEM32;C:\WINDOWS\WinSxS\amd64_microsoft.windows.common-controls_6595b64144ccf1df_6.0.26100.8875_none_3e0d5d42e32fe9dd;c:\Users\gueva\.vscode\extensions\redhat.java-1.55.0-win32-x64\jre\21.0.11-win32-x86_64\bin\server;C:\Users\gueva\AppData\Roaming\Code\User\globalStorage\redhat.java\1.55.0\config_win\org.eclipse.equinox.launcher\org.eclipse.equinox.launcher.win32.win32.x86_64_1.3.100.v20260613-0559

VM Arguments:
jvm_args: --add-modules=ALL-SYSTEM --add-opens=java.base/java.util=ALL-UNNAMED --add-opens=java.base/java.lang=ALL-UNNAMED --add-opens=java.base/sun.nio.fs=ALL-UNNAMED -Declipse.application=org.eclipse.jdt.ls.core.id1 -Dosgi.bundles.defaultStartLevel=4 -Declipse.product=org.eclipse.jdt.ls.core.product -Djava.import.generatesMetadataFilesAtProjectRoot=false -DDetectVMInstallationsJob.disabled=true -Dfile.encoding=utf8 -XX:+UseParallelGC -XX:GCTimeRatio=4 -XX:AdaptiveSizePolicyWeight=90 -Dsun.zip.disableMemoryMapping=true -Xmx2G -Xms100m -Xlog:disable -javaagent:c:\Users\gueva\.vscode\extensions\redhat.java-1.55.0-win32-x64\lombok\lombok-1.18.39-4050.jar -XX:+HeapDumpOnOutOfMemoryError -XX:HeapDumpPath=c:\Users\gueva\AppData\Roaming\Code\User\workspaceStorage\44fb2ca8477ceeac58e2505a295ba8ed\redhat.java -Daether.dependencyCollector.impl=bf 
java_command: c:\Users\gueva\.vscode\extensions\redhat.java-1.55.0-win32-x64\server\plugins\org.eclipse.equinox.launcher_1.7.200.v20260619-2039.jar -configuration c:\Users\gueva\AppData\Roaming\Code\User\globalStorage\redhat.java\1.55.0\config_win -data c:\Users\gueva\AppData\Roaming\Code\User\workspaceStorage\44fb2ca8477ceeac58e2505a295ba8ed\redhat.java\jdt_ws --pipe=\\.\pipe\lsp-972227489db273536463d4d992eece6e-sock
java_class_path (initial): c:\Users\gueva\.vscode\extensions\redhat.java-1.55.0-win32-x64\server\plugins\org.eclipse.equinox.launcher_1.7.200.v20260619-2039.jar
Launcher Type: SUN_STANDARD

[Global flags]
    uintx AdaptiveSizePolicyWeight                 = 90                                        {product} {command line}
     intx CICompilerCount                          = 4                                         {product} {ergonomic}
    uintx GCTimeRatio                              = 4                                         {product} {command line}
     bool HeapDumpOnOutOfMemoryError               = true                                   {manageable} {command line}
    ccstr HeapDumpPath                             = c:\Users\gueva\AppData\Roaming\Code\User\workspaceStorage\44fb2ca8477ceeac58e2505a295ba8ed\redhat.java         {manageable} {command line}
   size_t InitialHeapSize                          = 104857600                                 {product} {command line}
   size_t MaxHeapSize                              = 2147483648                                {product} {command line}
   size_t MaxNewSize                               = 715653120                                 {product} {ergonomic}
   size_t MinHeapDeltaBytes                        = 524288                                    {product} {ergonomic}
   size_t MinHeapSize                              = 104857600                                 {product} {command line}
   size_t NewSize                                  = 34603008                                  {product} {ergonomic}
    uintx NonNMethodCodeHeapSize                   = 5839372                                {pd product} {ergonomic}
    uintx NonProfiledCodeHeapSize                  = 122909434                              {pd product} {ergonomic}
   size_t OldSize                                  = 70254592                                  {product} {ergonomic}
    uintx ProfiledCodeHeapSize                     = 122909434                              {pd product} {ergonomic}
    uintx ReservedCodeCacheSize                    = 251658240                              {pd product} {ergonomic}
     bool SegmentedCodeCache                       = true                                      {product} {ergonomic}
   size_t SoftMaxHeapSize                          = 2147483648                             {manageable} {ergonomic}
     bool UseCompressedOops                        = true                           {product lp64_product} {ergonomic}
     bool UseLargePagesIndividualAllocation        = false                                  {pd product} {ergonomic}
     bool UseParallelGC                            = true                                      {product} {command line}

Logging:
Log output configuration:
 #0: stdout all=off uptime,level,tags foldmultilines=false
 #1: stderr all=off uptime,level,tags foldmultilines=false

Release file:
JAVA_VERSION="21.0.11" 
MODULES="java.base java.compiler java.datatransfer java.xml java.prefs java.desktop java.instrument java.logging java.management java.security.sasl java.naming java.rmi java.management.rmi java.net.http java.scripting java.security.jgss java.transaction.xa java.sql java.sql.rowset java.xml.crypto java.se java.smartcardio jdk.accessibility jdk.internal.jvmstat jdk.attach jdk.charsets jdk.internal.opt jdk.zipfs jdk.compiler jdk.crypto.ec jdk.crypto.cryptoki jdk.crypto.mscapi jdk.dynalink jdk.internal.ed jdk.editpad jdk.hotspot.agent jdk.httpserver jdk.internal.le jdk.internal.vm.ci jdk.internal.vm.compiler jdk.internal.vm.compiler.management jdk.jartool jdk.javadoc jdk.jcmd jdk.management jdk.management.agent jdk.jconsole jdk.jdeps jdk.jdwp.agent jdk.jdi jdk.jfr jdk.jshell jdk.jsobject jdk.jstatd jdk.localedata jdk.management.jfr jdk.naming.dns jdk.naming.rmi jdk.net jdk.nio.mapmode jdk.random jdk.sctp jdk.security.auth jdk.security.jgss jdk.unsupported jdk.unsupported.desktop jdk.xml.dom" 

Environment Variables:
PATH=C:\Program Files\Common Files\Oracle\Java\javapath;C:\WINDOWS\system32;C:\WINDOWS;C:\WINDOWS\System32\Wbem;C:\WINDOWS\System32\WindowsPowerShell\v1.0\;C:\WINDOWS\System32\OpenSSH\;C:\Program Files\dotnet\;C:\Program Files\Java\jdk-25\bin;C:\Program Files\nodejs\;C:\xampp\php;C:\ProgramData\ComposerSetup\bin;C:\Program Files\Git\cmd;C:\Program Files (x86)\Microsoft SQL Server\160\Tools\Binn\;C:\Program Files\Microsoft SQL Server\160\Tools\Binn\;C:\Program Files\Microsoft SQL Server\Client SDK\ODBC\170\Tools\Binn\;C:\Program Files\Microsoft SQL Server\160\DTS\Binn\;C:\Program Files (x86)\Microsoft SQL Server\160\DTS\Binn\;C:\ProgramData\chocolatey\bin;C:\flutter\bin;;C:\Program Files\Docker\Docker\resources\bin;C:\Users\gueva\AppData\Local\Programs\Python\Launcher\;C:\Program Files\MySQL\MySQL Shell 8.0\bin\;C:\Users\gueva\AppData\Local\Microsoft\WindowsApps;C:\Users\gueva\AppData\Local\Programs\Microsoft VS Code\bin;C:\Users\gueva\AppData\Roaming\npm;C:\Users\gueva\AppData\Roaming\Composer\vendor\bin;C:\Users\gueva\AppData\Roaming\npm;C:\Users\gueva\AppData\Local\Python\bin;C:\Program Files\Git\bin;C:\Users\gueva\AppData\Local\Programs\mongosh\;C:\Program Files\MongoDB\Tools\100\bin;C:\Program Files\MongoDB\Server\8.2\bin;C:\Program Files\MySQL\MySQL Server 8.0\bin;C:\Program Files\Docker\Docker
USERNAME=gueva
OS=Windows_NT
PROCESSOR_IDENTIFIER=AMD64 Family 23 Model 160 Stepping 0, AuthenticAMD
TMP=C:\Users\gueva\AppData\Local\Temp
TEMP=C:\Users\gueva\AppData\Local\Temp




Periodic native trim disabled

---------------  S Y S T E M  ---------------

OS:
 Windows 11 , 64 bit Build 26100 (10.0.26100.8875)
OS uptime: 0 days 19:59 hours
Hyper-V role detected

CPU: total 8 (initial active 8) (8 cores per cpu, 2 threads per core) family 23 model 160 stepping 0 microcode 0x8a0000b, cx8, cmov, fxsr, ht, mmx, 3dnowpref, sse, sse2, sse3, ssse3, sse4a, sse4.1, sse4.2, popcnt, lzcnt, tsc, tscinvbit, avx, avx2, aes, clmul, bmi1, bmi2, adx, sha, fma, vzeroupper, clflush, clflushopt, hv, rdtscp, rdpid, f16c
Processor Information for the first 8 processors :
  Max Mhz: 2801, Current Mhz: 2801, Mhz Limit: 2801

Memory: 4k page, system-wide physical 7379M (348M free)
TotalPageFile size 29907M (AvailPageFile size 311M)
current process WorkingSet (physical memory assigned to process): 114M, peak: 114M
current process commit charge ("private bytes"): 253M, peak: 253M

vm_info: OpenJDK 64-Bit Server VM (21.0.11+10-LTS) for windows-amd64 JRE (21.0.11+10-LTS), built on 2026-04-21T00:00:00Z by "admin" with MS VC++ 17.12 (VS2022)

END.
