#
# There is insufficient memory for the Java Runtime Environment to continue.
# Native memory allocation (malloc) failed to allocate 456896 bytes. Error detail: Chunk::new
# Possible reasons:
#   The system is out of physical RAM or swap space
#   This process is running with CompressedOops enabled, and the Java Heap may be blocking the growth of the native heap
# Possible solutions:
#   Reduce memory load on the system
#   Increase physical memory or swap space
#   Check if swap backing store is full
#   Decrease Java heap size (-Xmx/-Xms)
#   Decrease number of Java threads
#   Decrease Java thread stack sizes (-Xss)
#   Set larger code cache with -XX:ReservedCodeCacheSize=
#   JVM is running with Unscaled Compressed Oops mode in which the Java heap is
#     placed in the first 4GB address space. The Java Heap base address is the
#     maximum limit for the native heap growth. Please use -XX:HeapBaseMinAddress
#     to set the Java Heap base and to place the Java Heap above 4GB virtual address.
# This output file may be truncated or incomplete.
#
#  Out of Memory Error (arena.cpp:168), pid=2268, tid=20864
#
# JRE version: OpenJDK Runtime Environment Temurin-21.0.11+10 (21.0.11+10) (build 21.0.11+10-LTS)
# Java VM: OpenJDK 64-Bit Server VM Temurin-21.0.11+10 (21.0.11+10-LTS, mixed mode, sharing, tiered, compressed oops, compressed class ptrs, parallel gc, windows-amd64)
# No core dump will be written. Minidumps are not enabled by default on client versions of Windows
#

---------------  S U M M A R Y ------------

Command Line: --add-modules=ALL-SYSTEM --add-opens=java.base/java.util=ALL-UNNAMED --add-opens=java.base/java.lang=ALL-UNNAMED --add-opens=java.base/sun.nio.fs=ALL-UNNAMED -Declipse.application=org.eclipse.jdt.ls.core.id1 -Dosgi.bundles.defaultStartLevel=4 -Declipse.product=org.eclipse.jdt.ls.core.product -Djava.import.generatesMetadataFilesAtProjectRoot=false -DDetectVMInstallationsJob.disabled=true -Dfile.encoding=utf8 -XX:+UseParallelGC -XX:GCTimeRatio=4 -XX:AdaptiveSizePolicyWeight=90 -Dsun.zip.disableMemoryMapping=true -Xmx2G -Xms100m -Xlog:disable -javaagent:c:\Users\gueva\.vscode\extensions\redhat.java-1.55.0-win32-x64\lombok\lombok-1.18.39-4050.jar c:\Users\gueva\.vscode\extensions\redhat.java-1.55.0-win32-x64\server\plugins\org.eclipse.equinox.launcher_1.7.200.v20260619-2039.jar -configuration c:\Users\gueva\AppData\Roaming\Code\User\globalStorage\redhat.java\1.55.0\config_ss_win -data c:\Users\gueva\AppData\Roaming\Code\User\workspaceStorage\44fb2ca8477ceeac58e2505a295ba8ed\redhat.java\ss_ws --pipe=\\.\pipe\lsp-96c4a9eeb3b873a7b22f31d4ec15c639-sock

Host: AMD Ryzen 5 7520U with Radeon Graphics         , 8 cores, 7G,  Windows 11 , 64 bit Build 26100 (10.0.26100.8875)
Time: Sun Jul 19 20:21:10 2026 Hora estándar central (México) elapsed time: 20.051749 seconds (0d 0h 0m 20s)

---------------  T H R E A D  ---------------

Current thread (0x000001c0fd523010):  JavaThread "C2 CompilerThread1" daemon [_thread_in_native, id=20864, stack(0x0000009b91200000,0x0000009b91300000) (1024K)]


Current CompileTask:
C2:20051 3224       4       org.eclipse.core.internal.watson.ElementTreeIterator::requestPath (100 bytes)

Stack: [0x0000009b91200000,0x0000009b91300000]
Native frames: (J=compiled Java code, j=interpreted, Vv=VM code, C=native code)
V  [jvm.dll+0x6d7e19]
V  [jvm.dll+0x8b5096]
V  [jvm.dll+0x8b764e]
V  [jvm.dll+0x8b7d33]
V  [jvm.dll+0x284596]
V  [jvm.dll+0xc685d]
V  [jvm.dll+0xc6da1]
V  [jvm.dll+0x2fb4ee]
V  [jvm.dll+0x5fe9a4]
V  [jvm.dll+0x255d67]
V  [jvm.dll+0x25612d]
V  [jvm.dll+0x24e6a0]
V  [jvm.dll+0x24bbe6]
V  [jvm.dll+0x1cb4ae]
V  [jvm.dll+0x25baad]
V  [jvm.dll+0x25a03a]
V  [jvm.dll+0x3f868e]
V  [jvm.dll+0x85fb0d]
V  [jvm.dll+0x6d664d]
C  [ucrtbase.dll+0x2cd30]
C  [KERNEL32.DLL+0x2e957]
C  [ntdll.dll+0xaad6c]


---------------  P R O C E S S  ---------------

Threads class SMR info:
_java_thread_list=0x000001c0fdba97a0, length=30, elements={
0x000001c0df454e10, 0x000001c0df50d0f0, 0x000001c0f5ec5780, 0x000001c0f5ec8ed0,
0x000001c0f5ecb940, 0x000001c0f5ecc3a0, 0x000001c0f5ed3b20, 0x000001c0f5ede9c0,
0x000001c0f5ee3450, 0x000001c0f79b99e0, 0x000001c0f7a89050, 0x000001c0fc664890,
0x000001c0fc68bb00, 0x000001c0fc674890, 0x000001c0fc633f60, 0x000001c0fc90b360,
0x000001c0f785f870, 0x000001c0fcc66f40, 0x000001c0fcef4bb0, 0x000001c0fd523010,
0x000001c0fcef5240, 0x000001c0fcef65f0, 0x000001c0fcef58d0, 0x000001c0fcef5f60,
0x000001c0fcef3800, 0x000001c0fcef3170, 0x000001c0fcef3e90, 0x000001c0fcef4520,
0x000001c0fd171120, 0x000001c0fd1717b0
}

Java Threads: ( => current thread )
  0x000001c0df454e10 JavaThread "main"                              [_thread_in_vm, id=12848, stack(0x0000009b8f500000,0x0000009b8f600000) (1024K)]
  0x000001c0df50d0f0 JavaThread "Reference Handler"          daemon [_thread_blocked, id=30968, stack(0x0000009b8f900000,0x0000009b8fa00000) (1024K)]
  0x000001c0f5ec5780 JavaThread "Finalizer"                  daemon [_thread_blocked, id=29260, stack(0x0000009b8fa00000,0x0000009b8fb00000) (1024K)]
  0x000001c0f5ec8ed0 JavaThread "Signal Dispatcher"          daemon [_thread_blocked, id=20568, stack(0x0000009b8fb00000,0x0000009b8fc00000) (1024K)]
  0x000001c0f5ecb940 JavaThread "Attach Listener"            daemon [_thread_blocked, id=23272, stack(0x0000009b8fc00000,0x0000009b8fd00000) (1024K)]
  0x000001c0f5ecc3a0 JavaThread "Service Thread"             daemon [_thread_blocked, id=18016, stack(0x0000009b8fd00000,0x0000009b8fe00000) (1024K)]
  0x000001c0f5ed3b20 JavaThread "Monitor Deflation Thread"   daemon [_thread_blocked, id=25864, stack(0x0000009b8fe00000,0x0000009b8ff00000) (1024K)]
  0x000001c0f5ede9c0 JavaThread "C2 CompilerThread0"         daemon [_thread_in_native, id=29884, stack(0x0000009b8ff00000,0x0000009b90000000) (1024K)]
  0x000001c0f5ee3450 JavaThread "C1 CompilerThread0"         daemon [_thread_blocked, id=1956, stack(0x0000009b90000000,0x0000009b90100000) (1024K)]
  0x000001c0f79b99e0 JavaThread "Common-Cleaner"             daemon [_thread_blocked, id=13680, stack(0x0000009b90100000,0x0000009b90200000) (1024K)]
  0x000001c0f7a89050 JavaThread "Notification Thread"        daemon [_thread_blocked, id=10328, stack(0x0000009b90200000,0x0000009b90300000) (1024K)]
  0x000001c0fc664890 JavaThread "Active Thread: Equinox Container: 62960fdc-b527-488a-a372-a53bc71730e6"        [_thread_blocked, id=100, stack(0x0000009b90900000,0x0000009b90a00000) (1024K)]
  0x000001c0fc68bb00 JavaThread "Framework Event Dispatcher: Equinox Container: 62960fdc-b527-488a-a372-a53bc71730e6" daemon [_thread_blocked, id=22192, stack(0x0000009b90a00000,0x0000009b90b00000) (1024K)]
  0x000001c0fc674890 JavaThread "Start Level: Equinox Container: 62960fdc-b527-488a-a372-a53bc71730e6" daemon [_thread_blocked, id=25896, stack(0x0000009b90b00000,0x0000009b90c00000) (1024K)]
  0x000001c0fc633f60 JavaThread "SCR Component Actor"        daemon [_thread_blocked, id=19968, stack(0x0000009b90d00000,0x0000009b90e00000) (1024K)]
  0x000001c0fc90b360 JavaThread "Worker-JM"                         [_thread_blocked, id=19180, stack(0x0000009b90e00000,0x0000009b90f00000) (1024K)]
  0x000001c0f785f870 JavaThread "JNA Cleaner"                daemon [_thread_blocked, id=19800, stack(0x0000009b90f00000,0x0000009b91000000) (1024K)]
  0x000001c0fcc66f40 JavaThread "Worker-0"                          [_thread_blocked, id=22116, stack(0x0000009b91000000,0x0000009b91100000) (1024K)]
  0x000001c0fcef4bb0 JavaThread "Worker-1: Initialize After Load"        [_thread_in_vm, id=30260, stack(0x0000009b91100000,0x0000009b91200000) (1024K)]
=>0x000001c0fd523010 JavaThread "C2 CompilerThread1"         daemon [_thread_in_native, id=20864, stack(0x0000009b91200000,0x0000009b91300000) (1024K)]
  0x000001c0fcef5240 JavaThread "Thread-1"                   daemon [_thread_in_native, id=21784, stack(0x0000009b91500000,0x0000009b91600000) (1024K)]
  0x000001c0fcef65f0 JavaThread "Thread-2"                   daemon [_thread_in_native, id=13952, stack(0x0000009b91600000,0x0000009b91700000) (1024K)]
  0x000001c0fcef58d0 JavaThread "Thread-3"                   daemon [_thread_in_native, id=23452, stack(0x0000009b91700000,0x0000009b91800000) (1024K)]
  0x000001c0fcef5f60 JavaThread "Thread-4"                   daemon [_thread_in_native, id=9484, stack(0x0000009b91800000,0x0000009b91900000) (1024K)]
  0x000001c0fcef3800 JavaThread "Thread-5"                   daemon [_thread_in_native, id=11408, stack(0x0000009b91900000,0x0000009b91a00000) (1024K)]
  0x000001c0fcef3170 JavaThread "Thread-6"                   daemon [_thread_in_native, id=15136, stack(0x0000009b91a00000,0x0000009b91b00000) (1024K)]
  0x000001c0fcef3e90 JavaThread "Thread-7"                   daemon [_thread_in_native, id=13264, stack(0x0000009b91b00000,0x0000009b91c00000) (1024K)]
  0x000001c0fcef4520 JavaThread "Thread-8"                   daemon [_thread_in_native, id=6612, stack(0x0000009b91c00000,0x0000009b91d00000) (1024K)]
  0x000001c0fd171120 JavaThread "Thread-9"                   daemon [_thread_in_native, id=20304, stack(0x0000009b91d00000,0x0000009b91e00000) (1024K)]
  0x000001c0fd1717b0 JavaThread "pool-2-thread-1"                   [_thread_blocked, id=22372, stack(0x0000009b91e00000,0x0000009b91f00000) (1024K)]
Total: 30

Other Threads:
  0x000001c0df4f1970 VMThread "VM Thread"                           [id=27844, stack(0x0000009b8f800000,0x0000009b8f900000) (1024K)]
  0x000001c0f5ddca10 WatcherThread "VM Periodic Task Thread"        [id=21260, stack(0x0000009b8f700000,0x0000009b8f800000) (1024K)]
  0x000001c0df472410 WorkerThread "GC Thread#0"                     [id=15548, stack(0x0000009b8f600000,0x0000009b8f700000) (1024K)]
  0x000001c0f7b0dce0 WorkerThread "GC Thread#1"                     [id=30704, stack(0x0000009b90300000,0x0000009b90400000) (1024K)]
  0x000001c0f7b0ec00 WorkerThread "GC Thread#2"                     [id=14856, stack(0x0000009b90400000,0x0000009b90500000) (1024K)]
  0x000001c0f7b0efb0 WorkerThread "GC Thread#3"                     [id=25128, stack(0x0000009b90500000,0x0000009b90600000) (1024K)]
  0x000001c0fc1bf660 WorkerThread "GC Thread#4"                     [id=26048, stack(0x0000009b90600000,0x0000009b90700000) (1024K)]
  0x000001c0fc1bfa10 WorkerThread "GC Thread#5"                     [id=10428, stack(0x0000009b90700000,0x0000009b90800000) (1024K)]
  0x000001c0fc095ef0 WorkerThread "GC Thread#6"                     [id=19184, stack(0x0000009b90800000,0x0000009b90900000) (1024K)]
  0x000001c0fc5d5f60 WorkerThread "GC Thread#7"                     [id=22300, stack(0x0000009b90c00000,0x0000009b90d00000) (1024K)]
Total: 10

Threads with active compile tasks:
C2 CompilerThread0  22119 3237       4       org.eclipse.core.internal.watson.ElementTreeIterator::doIteration (114 bytes)
C2 CompilerThread1  22119 3224       4       org.eclipse.core.internal.watson.ElementTreeIterator::requestPath (100 bytes)
Total: 2

VM state: not at safepoint (normal execution)

VM Mutex/Monitor currently owned by a thread: None

Heap address: 0x0000000080000000, size: 2048 MB, Compressed Oops mode: 32-bit

CDS archive(s) mapped at: [0x000001c080000000-0x000001c080ba0000-0x000001c080ba0000), size 12189696, SharedBaseAddress: 0x000001c080000000, ArchiveRelocationMode: 1.
Compressed class space mapped at: 0x000001c081000000-0x000001c0c1000000, reserved size: 1073741824
Narrow klass base: 0x000001c080000000, Narrow klass shift: 0, Narrow klass range: 0x100000000

GC Precious Log:
 CardTable entry size: 512
 CPUs: 8 total, 8 available
 Memory: 7379M
 Large Page Support: Disabled
 NUMA Support: Disabled
 Compressed Oops: Enabled (32-bit)
 Alignments: Space 512K, Generation 512K, Heap 2M
 Heap Min Capacity: 100M
 Heap Initial Capacity: 100M
 Heap Max Capacity: 2G
 Pre-touch: Disabled
 Parallel Workers: 8

Heap:
 PSYoungGen      total 27136K, used 23877K [0x00000000d5580000, 0x00000000d7600000, 0x0000000100000000)
  eden space 24064K, 86% used [0x00000000d5580000,0x00000000d69d3a20,0x00000000d6d00000)
  from space 3072K, 99% used [0x00000000d7200000,0x00000000d74fdbf8,0x00000000d7500000)
  to   space 4608K, 0% used [0x00000000d6d00000,0x00000000d6d00000,0x00000000d7180000)
 ParOldGen       total 68608K, used 13760K [0x0000000080000000, 0x0000000084300000, 0x00000000d5580000)
  object space 68608K, 20% used [0x0000000080000000,0x0000000080d703b0,0x0000000084300000)
 Metaspace       used 27024K, committed 27904K, reserved 1114112K
  class space    used 2694K, committed 3072K, reserved 1048576K

Card table byte_map: [0x000001c0dee20000,0x000001c0df230000] _byte_map_base: 0x000001c0dea20000

Marking Bits: (ParMarkBitMap*) 0x00007ffb46164460
 Begin Bits: [0x000001c0f1900000, 0x000001c0f3900000)
 End Bits:   [0x000001c0f3900000, 0x000001c0f5900000)

Polling page: 0x000001c0dec10000

Metaspace:

Usage:
  Non-class:     23.76 MB used.
      Class:      2.63 MB used.
       Both:     26.39 MB used.

Virtual space:
  Non-class space:       64.00 MB reserved,      24.25 MB ( 38%) committed,  1 nodes.
      Class space:        1.00 GB reserved,       3.00 MB ( <1%) committed,  1 nodes.
             Both:        1.06 GB reserved,      27.25 MB (  3%) committed. 

Chunk freelists:
   Non-Class:  7.72 MB
       Class:  13.03 MB
        Both:  20.75 MB

MaxMetaspaceSize: unlimited
CompressedClassSpaceSize: 1.00 GB
Initial GC threshold: 21.00 MB
Current GC threshold: 35.00 MB
CDS: on
 - commit_granule_bytes: 65536.
 - commit_granule_words: 8192.
 - virtual_space_node_default_size: 8388608.
 - enlarge_chunks_in_place: 1.
 - use_allocation_guard: 0.


Internal statistics:

num_allocs_failed_limit: 3.
num_arena_births: 560.
num_arena_deaths: 14.
num_vsnodes_births: 2.
num_vsnodes_deaths: 0.
num_space_committed: 436.
num_space_uncommitted: 0.
num_chunks_returned_to_freelist: 17.
num_chunks_taken_from_freelist: 1616.
num_chunk_merges: 9.
num_chunk_splits: 1035.
num_chunks_enlarged: 675.
num_inconsistent_stats: 0.

CodeHeap 'non-profiled nmethods': size=120000Kb used=1730Kb max_used=1730Kb free=118269Kb
 bounds [0x000001c0ea120000, 0x000001c0ea390000, 0x000001c0f1650000]
CodeHeap 'profiled nmethods': size=120000Kb used=6494Kb max_used=6494Kb free=113505Kb
 bounds [0x000001c0e2650000, 0x000001c0e2cb0000, 0x000001c0e9b80000]
CodeHeap 'non-nmethods': size=5760Kb used=1338Kb max_used=1364Kb free=4422Kb
 bounds [0x000001c0e9b80000, 0x000001c0e9df0000, 0x000001c0ea120000]
CodeCache: size=245760Kb, used=9562Kb, max_used=9588Kb, free=236196Kb
 total_blobs=3920, nmethods=3291, adapters=535, full_count=0
Compilation: enabled, stopped_count=0, restarted_count=0

Compilation events (20 events):
Event: 17.944 Thread 0x000001c0f5ee3450 3270       1       java.lang.reflect.Constructor::getRoot (5 bytes)
Event: 17.944 Thread 0x000001c0f5ee3450 nmethod 3270 0x000001c0ea2cee90 code [0x000001c0ea2cf020, 0x000001c0ea2cf0e8]
Event: 17.946 Thread 0x000001c0f5ee3450 3273       3       java.lang.reflect.Method::copy (84 bytes)
Event: 17.947 Thread 0x000001c0f5ee3450 nmethod 3273 0x000001c0e2c98e90 code [0x000001c0e2c99060, 0x000001c0e2c993e0]
Event: 17.947 Thread 0x000001c0f5ee3450 3274   !   3       java.lang.reflect.Executable::declaredAnnotations (85 bytes)
Event: 17.948 Thread 0x000001c0f5ee3450 nmethod 3274 0x000001c0e2c99510 code [0x000001c0e2c99760, 0x000001c0e2c9a020]
Event: 17.948 Thread 0x000001c0f5ee3450 3275       3       com.sun.org.apache.xerces.internal.util.ParserConfigurationSettings::getProperty (31 bytes)
Event: 17.948 Thread 0x000001c0f5ee3450 nmethod 3275 0x000001c0e2c9a390 code [0x000001c0e2c9a560, 0x000001c0e2c9a898]
Event: 17.948 Thread 0x000001c0f5ee3450 3272       3       java.lang.reflect.Method::<init> (68 bytes)
Event: 17.948 Thread 0x000001c0f5ee3450 nmethod 3272 0x000001c0e2c9aa10 code [0x000001c0e2c9abc0, 0x000001c0e2c9aed0]
Event: 17.948 Thread 0x000001c0f5ee3450 3276       3       com.sun.org.apache.xerces.internal.util.XMLAttributesImpl::getAugmentations (24 bytes)
Event: 17.948 Thread 0x000001c0f5ee3450 nmethod 3276 0x000001c0e2c9b010 code [0x000001c0e2c9b1c0, 0x000001c0e2c9b398]
Event: 17.948 Thread 0x000001c0f5ee3450 3277       3       com.sun.org.apache.xerces.internal.dom.NamedNodeMapImpl::findNamePoint (105 bytes)
Event: 17.949 Thread 0x000001c0f5ee3450 nmethod 3277 0x000001c0e2c9b490 code [0x000001c0e2c9b6a0, 0x000001c0e2c9bd90]
Event: 17.949 Thread 0x000001c0f5ee3450 3280       3       com.sun.org.apache.xerces.internal.dom.NodeImpl::isNormalized (17 bytes)
Event: 17.949 Thread 0x000001c0f5ee3450 nmethod 3280 0x000001c0e2c9bf90 code [0x000001c0e2c9c120, 0x000001c0e2c9c288]
Event: 17.949 Thread 0x000001c0f5ee3450 3278       3       com.sun.org.apache.xerces.internal.dom.NodeImpl::needsSyncData (26 bytes)
Event: 17.949 Thread 0x000001c0f5ee3450 nmethod 3278 0x000001c0e2c9c310 code [0x000001c0e2c9c4a0, 0x000001c0e2c9c608]
Event: 17.949 Thread 0x000001c0f5ee3450 3279       3       com.sun.org.apache.xerces.internal.dom.NodeImpl::isNormalized (55 bytes)
Event: 19.986 Thread 0x000001c0f5ee3450 nmethod 3279 0x000001c0e2c9c690 code [0x000001c0e2c9c860, 0x000001c0e2c9cb88]

GC Heap History (18 events):
Event: 2.467 GC heap before
{Heap before GC invocations=1 (full 0):
 PSYoungGen      total 29696K, used 25600K [0x00000000d5580000, 0x00000000d7680000, 0x0000000100000000)
  eden space 25600K, 100% used [0x00000000d5580000,0x00000000d6e80000,0x00000000d6e80000)
  from space 4096K, 0% used [0x00000000d7280000,0x00000000d7280000,0x00000000d7680000)
  to   space 4096K, 0% used [0x00000000d6e80000,0x00000000d6e80000,0x00000000d7280000)
 ParOldGen       total 68608K, used 0K [0x0000000080000000, 0x0000000084300000, 0x00000000d5580000)
  object space 68608K, 0% used [0x0000000080000000,0x0000000080000000,0x0000000084300000)
 Metaspace       used 4380K, committed 4608K, reserved 1114112K
  class space    used 476K, committed 576K, reserved 1048576K
}
Event: 2.482 GC heap after
{Heap after GC invocations=1 (full 0):
 PSYoungGen      total 29696K, used 3287K [0x00000000d5580000, 0x00000000d7680000, 0x0000000100000000)
  eden space 25600K, 0% used [0x00000000d5580000,0x00000000d5580000,0x00000000d6e80000)
  from space 4096K, 80% used [0x00000000d6e80000,0x00000000d71b5ea8,0x00000000d7280000)
  to   space 4096K, 0% used [0x00000000d7280000,0x00000000d7280000,0x00000000d7680000)
 ParOldGen       total 68608K, used 16K [0x0000000080000000, 0x0000000084300000, 0x00000000d5580000)
  object space 68608K, 0% used [0x0000000080000000,0x0000000080004000,0x0000000084300000)
 Metaspace       used 4380K, committed 4608K, reserved 1114112K
  class space    used 476K, committed 576K, reserved 1048576K
}
Event: 4.520 GC heap before
{Heap before GC invocations=2 (full 0):
 PSYoungGen      total 29696K, used 28887K [0x00000000d5580000, 0x00000000d7680000, 0x0000000100000000)
  eden space 25600K, 100% used [0x00000000d5580000,0x00000000d6e80000,0x00000000d6e80000)
  from space 4096K, 80% used [0x00000000d6e80000,0x00000000d71b5ea8,0x00000000d7280000)
  to   space 4096K, 0% used [0x00000000d7280000,0x00000000d7280000,0x00000000d7680000)
 ParOldGen       total 68608K, used 16K [0x0000000080000000, 0x0000000084300000, 0x00000000d5580000)
  object space 68608K, 0% used [0x0000000080000000,0x0000000080004000,0x0000000084300000)
 Metaspace       used 8260K, committed 8576K, reserved 1114112K
  class space    used 878K, committed 1024K, reserved 1048576K
}
Event: 4.527 GC heap after
{Heap after GC invocations=2 (full 0):
 PSYoungGen      total 29696K, used 4093K [0x00000000d5580000, 0x00000000d7680000, 0x0000000100000000)
  eden space 25600K, 0% used [0x00000000d5580000,0x00000000d5580000,0x00000000d6e80000)
  from space 4096K, 99% used [0x00000000d7280000,0x00000000d767f698,0x00000000d7680000)
  to   space 4096K, 0% used [0x00000000d6e80000,0x00000000d6e80000,0x00000000d7280000)
 ParOldGen       total 68608K, used 1028K [0x0000000080000000, 0x0000000084300000, 0x00000000d5580000)
  object space 68608K, 1% used [0x0000000080000000,0x0000000080101040,0x0000000084300000)
 Metaspace       used 8260K, committed 8576K, reserved 1114112K
  class space    used 878K, committed 1024K, reserved 1048576K
}
Event: 6.152 GC heap before
{Heap before GC invocations=3 (full 0):
 PSYoungGen      total 29696K, used 29693K [0x00000000d5580000, 0x00000000d7680000, 0x0000000100000000)
  eden space 25600K, 100% used [0x00000000d5580000,0x00000000d6e80000,0x00000000d6e80000)
  from space 4096K, 99% used [0x00000000d7280000,0x00000000d767f698,0x00000000d7680000)
  to   space 4096K, 0% used [0x00000000d6e80000,0x00000000d6e80000,0x00000000d7280000)
 ParOldGen       total 68608K, used 1028K [0x0000000080000000, 0x0000000084300000, 0x00000000d5580000)
  object space 68608K, 1% used [0x0000000080000000,0x0000000080101040,0x0000000084300000)
 Metaspace       used 13101K, committed 13632K, reserved 1114112K
  class space    used 1388K, committed 1600K, reserved 1048576K
}
Event: 6.157 GC heap after
{Heap after GC invocations=3 (full 0):
 PSYoungGen      total 29696K, used 4076K [0x00000000d5580000, 0x00000000d7680000, 0x0000000100000000)
  eden space 25600K, 0% used [0x00000000d5580000,0x00000000d5580000,0x00000000d6e80000)
  from space 4096K, 99% used [0x00000000d6e80000,0x00000000d727b3c8,0x00000000d7280000)
  to   space 4096K, 0% used [0x00000000d7280000,0x00000000d7280000,0x00000000d7680000)
 ParOldGen       total 68608K, used 2823K [0x0000000080000000, 0x0000000084300000, 0x00000000d5580000)
  object space 68608K, 4% used [0x0000000080000000,0x00000000802c1f68,0x0000000084300000)
 Metaspace       used 13101K, committed 13632K, reserved 1114112K
  class space    used 1388K, committed 1600K, reserved 1048576K
}
Event: 8.999 GC heap before
{Heap before GC invocations=4 (full 0):
 PSYoungGen      total 29696K, used 29676K [0x00000000d5580000, 0x00000000d7680000, 0x0000000100000000)
  eden space 25600K, 100% used [0x00000000d5580000,0x00000000d6e80000,0x00000000d6e80000)
  from space 4096K, 99% used [0x00000000d6e80000,0x00000000d727b3c8,0x00000000d7280000)
  to   space 4096K, 0% used [0x00000000d7280000,0x00000000d7280000,0x00000000d7680000)
 ParOldGen       total 68608K, used 2823K [0x0000000080000000, 0x0000000084300000, 0x00000000d5580000)
  object space 68608K, 4% used [0x0000000080000000,0x00000000802c1f68,0x0000000084300000)
 Metaspace       used 16077K, committed 16768K, reserved 1114112K
  class space    used 1725K, committed 2048K, reserved 1048576K
}
Event: 9.005 GC heap after
{Heap after GC invocations=4 (full 0):
 PSYoungGen      total 29696K, used 4087K [0x00000000d5580000, 0x00000000d7680000, 0x0000000100000000)
  eden space 25600K, 0% used [0x00000000d5580000,0x00000000d5580000,0x00000000d6e80000)
  from space 4096K, 99% used [0x00000000d7280000,0x00000000d767dce8,0x00000000d7680000)
  to   space 4096K, 0% used [0x00000000d6e80000,0x00000000d6e80000,0x00000000d7280000)
 ParOldGen       total 68608K, used 7900K [0x0000000080000000, 0x0000000084300000, 0x00000000d5580000)
  object space 68608K, 11% used [0x0000000080000000,0x00000000807b7388,0x0000000084300000)
 Metaspace       used 16077K, committed 16768K, reserved 1114112K
  class space    used 1725K, committed 2048K, reserved 1048576K
}
Event: 14.833 GC heap before
{Heap before GC invocations=5 (full 0):
 PSYoungGen      total 29696K, used 29687K [0x00000000d5580000, 0x00000000d7680000, 0x0000000100000000)
  eden space 25600K, 100% used [0x00000000d5580000,0x00000000d6e80000,0x00000000d6e80000)
  from space 4096K, 99% used [0x00000000d7280000,0x00000000d767dce8,0x00000000d7680000)
  to   space 4096K, 0% used [0x00000000d6e80000,0x00000000d6e80000,0x00000000d7280000)
 ParOldGen       total 68608K, used 7900K [0x0000000080000000, 0x0000000084300000, 0x00000000d5580000)
  object space 68608K, 11% used [0x0000000080000000,0x00000000807b7388,0x0000000084300000)
 Metaspace       used 19434K, committed 20096K, reserved 1114112K
  class space    used 1943K, committed 2240K, reserved 1048576K
}
Event: 14.835 GC heap after
{Heap after GC invocations=5 (full 0):
 PSYoungGen      total 29184K, used 4081K [0x00000000d5580000, 0x00000000d7b00000, 0x0000000100000000)
  eden space 25088K, 0% used [0x00000000d5580000,0x00000000d5580000,0x00000000d6e00000)
  from space 4096K, 99% used [0x00000000d6e80000,0x00000000d727c748,0x00000000d7280000)
  to   space 6656K, 0% used [0x00000000d7480000,0x00000000d7480000,0x00000000d7b00000)
 ParOldGen       total 68608K, used 8520K [0x0000000080000000, 0x0000000084300000, 0x00000000d5580000)
  object space 68608K, 12% used [0x0000000080000000,0x0000000080852130,0x0000000084300000)
 Metaspace       used 19434K, committed 20096K, reserved 1114112K
  class space    used 1943K, committed 2240K, reserved 1048576K
}
Event: 16.067 GC heap before
{Heap before GC invocations=6 (full 0):
 PSYoungGen      total 29184K, used 16750K [0x00000000d5580000, 0x00000000d7b00000, 0x0000000100000000)
  eden space 25088K, 50% used [0x00000000d5580000,0x00000000d61df358,0x00000000d6e00000)
  from space 4096K, 99% used [0x00000000d6e80000,0x00000000d727c748,0x00000000d7280000)
  to   space 6656K, 0% used [0x00000000d7480000,0x00000000d7480000,0x00000000d7b00000)
 ParOldGen       total 68608K, used 8520K [0x0000000080000000, 0x0000000084300000, 0x00000000d5580000)
  object space 68608K, 12% used [0x0000000080000000,0x0000000080852130,0x0000000084300000)
 Metaspace       used 20890K, committed 21504K, reserved 1114112K
  class space    used 2085K, committed 2368K, reserved 1048576K
}
Event: 16.069 GC heap after
{Heap after GC invocations=6 (full 0):
 PSYoungGen      total 30208K, used 4664K [0x00000000d5580000, 0x00000000d7980000, 0x0000000100000000)
  eden space 25088K, 0% used [0x00000000d5580000,0x00000000d5580000,0x00000000d6e00000)
  from space 5120K, 91% used [0x00000000d7480000,0x00000000d790e1e0,0x00000000d7980000)
  to   space 5120K, 0% used [0x00000000d6f80000,0x00000000d6f80000,0x00000000d7480000)
 ParOldGen       total 68608K, used 8520K [0x0000000080000000, 0x0000000084300000, 0x00000000d5580000)
  object space 68608K, 12% used [0x0000000080000000,0x0000000080852130,0x0000000084300000)
 Metaspace       used 20890K, committed 21504K, reserved 1114112K
  class space    used 2085K, committed 2368K, reserved 1048576K
}
Event: 16.069 GC heap before
{Heap before GC invocations=7 (full 1):
 PSYoungGen      total 30208K, used 4664K [0x00000000d5580000, 0x00000000d7980000, 0x0000000100000000)
  eden space 25088K, 0% used [0x00000000d5580000,0x00000000d5580000,0x00000000d6e00000)
  from space 5120K, 91% used [0x00000000d7480000,0x00000000d790e1e0,0x00000000d7980000)
  to   space 5120K, 0% used [0x00000000d6f80000,0x00000000d6f80000,0x00000000d7480000)
 ParOldGen       total 68608K, used 8520K [0x0000000080000000, 0x0000000084300000, 0x00000000d5580000)
  object space 68608K, 12% used [0x0000000080000000,0x0000000080852130,0x0000000084300000)
 Metaspace       used 20890K, committed 21504K, reserved 1114112K
  class space    used 2085K, committed 2368K, reserved 1048576K
}
Event: 16.246 GC heap after
{Heap after GC invocations=7 (full 1):
 PSYoungGen      total 30208K, used 0K [0x00000000d5580000, 0x00000000d7980000, 0x0000000100000000)
  eden space 25088K, 0% used [0x00000000d5580000,0x00000000d5580000,0x00000000d6e00000)
  from space 5120K, 0% used [0x00000000d7480000,0x00000000d7480000,0x00000000d7980000)
  to   space 5120K, 0% used [0x00000000d6f80000,0x00000000d6f80000,0x00000000d7480000)
 ParOldGen       total 68608K, used 12659K [0x0000000080000000, 0x0000000084300000, 0x00000000d5580000)
  object space 68608K, 18% used [0x0000000080000000,0x0000000080c5cea0,0x0000000084300000)
 Metaspace       used 20878K, committed 21504K, reserved 1114112K
  class space    used 2082K, committed 2368K, reserved 1048576K
}
Event: 17.138 GC heap before
{Heap before GC invocations=8 (full 1):
 PSYoungGen      total 30208K, used 25088K [0x00000000d5580000, 0x00000000d7980000, 0x0000000100000000)
  eden space 25088K, 100% used [0x00000000d5580000,0x00000000d6e00000,0x00000000d6e00000)
  from space 5120K, 0% used [0x00000000d7480000,0x00000000d7480000,0x00000000d7980000)
  to   space 5120K, 0% used [0x00000000d6f80000,0x00000000d6f80000,0x00000000d7480000)
 ParOldGen       total 68608K, used 12659K [0x0000000080000000, 0x0000000084300000, 0x00000000d5580000)
  object space 68608K, 18% used [0x0000000080000000,0x0000000080c5cea0,0x0000000084300000)
 Metaspace       used 23247K, committed 24000K, reserved 1114112K
  class space    used 2263K, committed 2560K, reserved 1048576K
}
Event: 17.141 GC heap after
{Heap after GC invocations=8 (full 1):
 PSYoungGen      total 27136K, used 2376K [0x00000000d5580000, 0x00000000d7500000, 0x0000000100000000)
  eden space 24576K, 0% used [0x00000000d5580000,0x00000000d5580000,0x00000000d6d80000)
  from space 2560K, 92% used [0x00000000d6f80000,0x00000000d71d22b0,0x00000000d7200000)
  to   space 3072K, 0% used [0x00000000d7200000,0x00000000d7200000,0x00000000d7500000)
 ParOldGen       total 68608K, used 12667K [0x0000000080000000, 0x0000000084300000, 0x00000000d5580000)
  object space 68608K, 18% used [0x0000000080000000,0x0000000080c5eea0,0x0000000084300000)
 Metaspace       used 23247K, committed 24000K, reserved 1114112K
  class space    used 2263K, committed 2560K, reserved 1048576K
}
Event: 17.869 GC heap before
{Heap before GC invocations=9 (full 1):
 PSYoungGen      total 27136K, used 26952K [0x00000000d5580000, 0x00000000d7500000, 0x0000000100000000)
  eden space 24576K, 100% used [0x00000000d5580000,0x00000000d6d80000,0x00000000d6d80000)
  from space 2560K, 92% used [0x00000000d6f80000,0x00000000d71d22b0,0x00000000d7200000)
  to   space 3072K, 0% used [0x00000000d7200000,0x00000000d7200000,0x00000000d7500000)
 ParOldGen       total 68608K, used 12667K [0x0000000080000000, 0x0000000084300000, 0x00000000d5580000)
  object space 68608K, 18% used [0x0000000080000000,0x0000000080c5eea0,0x0000000084300000)
 Metaspace       used 26296K, committed 27136K, reserved 1114112K
  class space    used 2593K, committed 2944K, reserved 1048576K
}
Event: 17.872 GC heap after
{Heap after GC invocations=9 (full 1):
 PSYoungGen      total 27136K, used 3062K [0x00000000d5580000, 0x00000000d7600000, 0x0000000100000000)
  eden space 24064K, 0% used [0x00000000d5580000,0x00000000d5580000,0x00000000d6d00000)
  from space 3072K, 99% used [0x00000000d7200000,0x00000000d74fdbf8,0x00000000d7500000)
  to   space 4608K, 0% used [0x00000000d6d00000,0x00000000d6d00000,0x00000000d7180000)
 ParOldGen       total 68608K, used 13760K [0x0000000080000000, 0x0000000084300000, 0x00000000d5580000)
  object space 68608K, 20% used [0x0000000080000000,0x0000000080d703b0,0x0000000084300000)
 Metaspace       used 26296K, committed 27136K, reserved 1114112K
  class space    used 2593K, committed 2944K, reserved 1048576K
}

Dll operation events (10 events):
Event: 0.041 Loaded shared library c:\Users\gueva\.vscode\extensions\redhat.java-1.55.0-win32-x64\jre\21.0.11-win32-x86_64\bin\java.dll
Event: 0.306 Loaded shared library c:\Users\gueva\.vscode\extensions\redhat.java-1.55.0-win32-x64\jre\21.0.11-win32-x86_64\bin\zip.dll
Event: 0.389 Loaded shared library C:\Users\gueva\.vscode\extensions\redhat.java-1.55.0-win32-x64\jre\21.0.11-win32-x86_64\bin\instrument.dll
Event: 0.414 Loaded shared library C:\Users\gueva\.vscode\extensions\redhat.java-1.55.0-win32-x64\jre\21.0.11-win32-x86_64\bin\net.dll
Event: 0.426 Loaded shared library C:\Users\gueva\.vscode\extensions\redhat.java-1.55.0-win32-x64\jre\21.0.11-win32-x86_64\bin\nio.dll
Event: 0.436 Loaded shared library C:\Users\gueva\.vscode\extensions\redhat.java-1.55.0-win32-x64\jre\21.0.11-win32-x86_64\bin\zip.dll
Event: 0.554 Loaded shared library C:\Users\gueva\.vscode\extensions\redhat.java-1.55.0-win32-x64\jre\21.0.11-win32-x86_64\bin\jimage.dll
Event: 0.857 Loaded shared library c:\Users\gueva\.vscode\extensions\redhat.java-1.55.0-win32-x64\jre\21.0.11-win32-x86_64\bin\verify.dll
Event: 4.226 Loaded shared library C:\Users\gueva\AppData\Roaming\Code\User\globalStorage\redhat.java\1.55.0\config_ss_win\org.eclipse.equinox.launcher\org.eclipse.equinox.launcher.win32.win32.x86_64_1.3.100.v20260613-0559\eclipse_11924.dll
Event: 8.869 Loaded shared library C:\Users\gueva\AppData\Local\Temp\jna-98709026\jna8526671896524169524.dll

Deoptimization events (20 events):
Event: 17.250 Thread 0x000001c0fc674890 DEOPT PACKING pc=0x000001c0e2bead49 sp=0x0000009b90bf9930
Event: 17.250 Thread 0x000001c0fc674890 DEOPT UNPACKING pc=0x000001c0e9bd4242 sp=0x0000009b90bf8da0 mode 0
Event: 17.250 Thread 0x000001c0fc674890 DEOPT PACKING pc=0x000001c0e2bead49 sp=0x0000009b90bf9930
Event: 17.250 Thread 0x000001c0fc674890 DEOPT UNPACKING pc=0x000001c0e9bd4242 sp=0x0000009b90bf8da0 mode 0
Event: 17.250 Thread 0x000001c0fc674890 DEOPT PACKING pc=0x000001c0e2bead49 sp=0x0000009b90bf9930
Event: 17.250 Thread 0x000001c0fc674890 DEOPT UNPACKING pc=0x000001c0e9bd4242 sp=0x0000009b90bf8da0 mode 0
Event: 17.251 Thread 0x000001c0fc674890 DEOPT PACKING pc=0x000001c0e2bead49 sp=0x0000009b90bf9930
Event: 17.251 Thread 0x000001c0fc674890 DEOPT UNPACKING pc=0x000001c0e9bd4242 sp=0x0000009b90bf8da0 mode 0
Event: 17.682 Thread 0x000001c0fc674890 Uncommon trap: trap_request=0xffffff45 fr.pc=0x000001c0ea1b4cc4 relative=0x0000000000000124
Event: 17.682 Thread 0x000001c0fc674890 Uncommon trap: reason=unstable_if action=reinterpret pc=0x000001c0ea1b4cc4 method=jdk.internal.org.objectweb.asm.SymbolTable.put(Ljdk/internal/org/objectweb/asm/SymbolTable$Entry;)Ljdk/internal/org/objectweb/asm/SymbolTable$Entry; @ 13 c2
Event: 17.682 Thread 0x000001c0fc674890 DEOPT PACKING pc=0x000001c0ea1b4cc4 sp=0x0000009b90bfbcc0
Event: 17.682 Thread 0x000001c0fc674890 DEOPT UNPACKING pc=0x000001c0e9bd3aa2 sp=0x0000009b90bfbc20 mode 2
Event: 17.746 Thread 0x000001c0df454e10 Uncommon trap: trap_request=0xffffff45 fr.pc=0x000001c0ea29c3c4 relative=0x00000000000011e4
Event: 17.746 Thread 0x000001c0df454e10 Uncommon trap: reason=unstable_if action=reinterpret pc=0x000001c0ea29c3c4 method=java.util.zip.ZipCoder$UTF8ZipCoder.hasTrailingSlash([BI)Z @ 11 c2
Event: 17.746 Thread 0x000001c0df454e10 DEOPT PACKING pc=0x000001c0ea29c3c4 sp=0x0000009b8f5f9f80
Event: 17.746 Thread 0x000001c0df454e10 DEOPT UNPACKING pc=0x000001c0e9bd3aa2 sp=0x0000009b8f5f9ee8 mode 2
Event: 17.812 Thread 0x000001c0fcef4bb0 Uncommon trap: trap_request=0xffffff45 fr.pc=0x000001c0ea28d1cc relative=0x0000000000000e4c
Event: 17.812 Thread 0x000001c0fcef4bb0 Uncommon trap: reason=unstable_if action=reinterpret pc=0x000001c0ea28d1cc method=java.util.Properties.loadConvert([CIILjava/lang/StringBuilder;)Ljava/lang/String; @ 477 c2
Event: 17.812 Thread 0x000001c0fcef4bb0 DEOPT PACKING pc=0x000001c0ea28d1cc sp=0x0000009b911fd800
Event: 17.812 Thread 0x000001c0fcef4bb0 DEOPT UNPACKING pc=0x000001c0e9bd3aa2 sp=0x0000009b911fd7e0 mode 2

Classes loaded (20 events):
Event: 17.912 Loading class sun/reflect/generics/reflectiveObjects/ParameterizedTypeImpl
Event: 17.913 Loading class java/lang/reflect/ParameterizedType
Event: 17.913 Loading class java/lang/reflect/ParameterizedType done
Event: 17.913 Loading class sun/reflect/generics/reflectiveObjects/ParameterizedTypeImpl done
Event: 17.913 Loading class sun/reflect/generics/repository/ClassRepository
Event: 17.913 Loading class sun/reflect/generics/repository/ClassRepository done
Event: 17.913 Loading class sun/reflect/generics/tree/ClassSignature
Event: 17.913 Loading class sun/reflect/generics/tree/ClassSignature done
Event: 17.913 Loading class sun/reflect/generics/tree/TypeVariableSignature
Event: 17.914 Loading class sun/reflect/generics/tree/TypeVariableSignature done
Event: 17.914 Loading class sun/reflect/generics/reflectiveObjects/TypeVariableImpl
Event: 17.914 Loading class sun/reflect/generics/reflectiveObjects/LazyReflectiveObjectGenerator
Event: 17.914 Loading class sun/reflect/generics/reflectiveObjects/LazyReflectiveObjectGenerator done
Event: 17.914 Loading class sun/reflect/generics/reflectiveObjects/TypeVariableImpl done
Event: 17.938 Loading class java/lang/Deprecated
Event: 17.939 Loading class java/lang/Deprecated done
Event: 17.939 Loading class java/io/UncheckedIOException
Event: 17.939 Loading class java/io/UncheckedIOException done
Event: 17.941 Loading class jdk/internal/vm/annotation/IntrinsicCandidate
Event: 17.941 Loading class jdk/internal/vm/annotation/IntrinsicCandidate done

Classes unloaded (7 events):
Event: 16.174 Thread 0x000001c0df4f1970 Unloading class 0x000001c08118d400 'java/lang/invoke/LambdaForm$MH+0x000001c08118d400'
Event: 16.174 Thread 0x000001c0df4f1970 Unloading class 0x000001c08118d000 'java/lang/invoke/LambdaForm$MH+0x000001c08118d000'
Event: 16.174 Thread 0x000001c0df4f1970 Unloading class 0x000001c08118cc00 'java/lang/invoke/LambdaForm$MH+0x000001c08118cc00'
Event: 16.174 Thread 0x000001c0df4f1970 Unloading class 0x000001c08118c800 'java/lang/invoke/LambdaForm$MH+0x000001c08118c800'
Event: 16.174 Thread 0x000001c0df4f1970 Unloading class 0x000001c08118c400 'java/lang/invoke/LambdaForm$BMH+0x000001c08118c400'
Event: 16.174 Thread 0x000001c0df4f1970 Unloading class 0x000001c08118c000 'java/lang/invoke/LambdaForm$DMH+0x000001c08118c000'
Event: 16.174 Thread 0x000001c0df4f1970 Unloading class 0x000001c08118ac00 'java/lang/invoke/LambdaForm$DMH+0x000001c08118ac00'

Classes redefined (0 events):
No events

Internal exceptions (20 events):
Event: 8.995 Thread 0x000001c0fc674890 Exception <a 'java/lang/NoSuchMethodError'{0x00000000d6e3ca30}: 'void java.lang.invoke.DirectMethodHandle$Holder.invokeSpecial(java.lang.Object, java.lang.Object, java.lang.Object, java.lang.Object, java.lang.Object)'> (0x00000000d6e3ca30) 
thrown [s\src\hotspot\share\interpreter\linkResolver.cpp, line 773]
Event: 9.060 Thread 0x000001c0fc674890 Exception <a 'java/lang/NoSuchMethodError'{0x00000000d58555d8}: 'double java.lang.invoke.DirectMethodHandle$Holder.invokeStatic(java.lang.Object, java.lang.Object)'> (0x00000000d58555d8) 
thrown [s\src\hotspot\share\interpreter\linkResolver.cpp, line 773]
Event: 9.061 Thread 0x000001c0fc674890 Exception <a 'java/lang/NoSuchMethodError'{0x00000000d5861f50}: 'double java.lang.invoke.DirectMethodHandle$Holder.invokeStaticInit(java.lang.Object, java.lang.Object)'> (0x00000000d5861f50) 
thrown [s\src\hotspot\share\interpreter\linkResolver.cpp, line 773]
Event: 15.684 Thread 0x000001c0fc674890 Implicit null exception at 0x000001c0ea270d75 to 0x000001c0ea270e50
Event: 16.755 Thread 0x000001c0fc674890 Exception <a 'java/io/FileNotFoundException'{0x00000000d63f9400}> (0x00000000d63f9400) 
thrown [s\src\hotspot\share\prims\jni.cpp, line 520]
Event: 16.756 Thread 0x000001c0fc674890 Exception <a 'java/io/FileNotFoundException'{0x00000000d63fa438}> (0x00000000d63fa438) 
thrown [s\src\hotspot\share\prims\jni.cpp, line 520]
Event: 17.074 Thread 0x000001c0fc674890 Exception <a 'java/lang/ClassNotFoundException'{0x00000000d6c3c130}: com/sun/org/apache/xerces/internal/impl/msg/spi/DOMMessagesProvider> (0x00000000d6c3c130) 
thrown [s\src\hotspot\share\classfile\systemDictionary.cpp, line 313]
Event: 17.085 Thread 0x000001c0fc674890 Exception <a 'java/lang/ClassNotFoundException'{0x00000000d6c6a038}: com/sun/org/apache/xerces/internal/impl/msg/spi/XMLSerializerMessagesProvider> (0x00000000d6c6a038) 
thrown [s\src\hotspot\share\classfile\systemDictionary.cpp, line 313]
Event: 17.089 Thread 0x000001c0fc674890 Exception <a 'java/lang/ClassNotFoundException'{0x00000000d6c7e638}: com/sun/org/apache/xerces/internal/impl/msg/spi/XMLMessagesProvider> (0x00000000d6c7e638) 
thrown [s\src\hotspot\share\classfile\systemDictionary.cpp, line 313]
Event: 17.156 Thread 0x000001c0fc674890 Exception <a 'java/lang/NoSuchMethodError'{0x00000000d55e7480}: 'java.lang.Object java.lang.invoke.DirectMethodHandle$Holder.newInvokeSpecial(java.lang.Object, int, java.lang.Object, java.lang.Object)'> (0x00000000d55e7480) 
thrown [s\src\hotspot\share\interpreter\linkResolver.cpp, line 773]
Event: 17.206 Thread 0x000001c0fc674890 Exception <a 'sun/nio/fs/WindowsException'{0x00000000d57dc478}> (0x00000000d57dc478) 
thrown [s\src\hotspot\share\prims\jni.cpp, line 520]
Event: 17.493 Thread 0x000001c0fc674890 Exception <a 'java/lang/ClassNotFoundException'{0x00000000d5d86498}: com/sun/org/apache/xml/internal/serializer/spi/XMLEntitiesProvider> (0x00000000d5d86498) 
thrown [s\src\hotspot\share\classfile\systemDictionary.cpp, line 313]
Event: 17.655 Thread 0x000001c0fc674890 Exception <a 'java/io/FileNotFoundException'{0x00000000d60fad00}> (0x00000000d60fad00) 
thrown [s\src\hotspot\share\prims\jni.cpp, line 520]
Event: 17.687 Thread 0x000001c0fc674890 Exception <a 'java/lang/UnsatisfiedLinkError'{0x00000000d61f7780}: No se encontrĂł el proceso especificado.
> (0x00000000d61f7780) 
thrown [s\src\hotspot\share\prims\jni.cpp, line 539]
Event: 17.695 Thread 0x000001c0fc674890 Exception <a 'java/io/FileNotFoundException'{0x00000000d620df68}> (0x00000000d620df68) 
thrown [s\src\hotspot\share\prims\jni.cpp, line 520]
Event: 17.711 Thread 0x000001c0fc674890 Exception <a 'java/io/FileNotFoundException'{0x00000000d6287e30}> (0x00000000d6287e30) 
thrown [s\src\hotspot\share\prims\jni.cpp, line 520]
Event: 17.718 Thread 0x000001c0fc674890 Exception <a 'java/lang/UnsatisfiedLinkError'{0x00000000d62b6360}: No se encontrĂł el proceso especificado.
> (0x00000000d62b6360) 
thrown [s\src\hotspot\share\prims\jni.cpp, line 539]
Event: 17.794 Thread 0x000001c0df454e10 Exception <a 'java/lang/NoSuchMethodError'{0x00000000d6635f40}: 'java.lang.Object java.lang.invoke.DirectMethodHandle$Holder.invokeStatic(java.lang.Object, long, java.lang.Object)'> (0x00000000d6635f40) 
thrown [s\src\hotspot\share\interpreter\linkResolver.cpp, line 773]
Event: 17.795 Thread 0x000001c0df454e10 Exception <a 'java/lang/NoSuchMethodError'{0x00000000d66395a8}: 'java.lang.Object java.lang.invoke.DirectMethodHandle$Holder.invokeStaticInit(java.lang.Object, long, java.lang.Object)'> (0x00000000d66395a8) 
thrown [s\src\hotspot\share\interpreter\linkResolver.cpp, line 773]
Event: 17.795 Thread 0x000001c0df454e10 Exception <a 'java/lang/NoSuchMethodError'{0x00000000d664f5a8}: 'java.lang.Object java.lang.invoke.DirectMethodHandle$Holder.newInvokeSpecial(java.lang.Object, long)'> (0x00000000d664f5a8) 
thrown [s\src\hotspot\share\interpreter\linkResolver.cpp, line 773]

ZGC Phase Switch (0 events):
No events

VM Operations (20 events):
Event: 14.128 Executing safepoint VM operation: Cleanup
Event: 14.128 Executing safepoint VM operation: Cleanup done
Event: 14.833 Executing safepoint VM operation: ParallelGCFailedAllocation (Allocation Failure)
Event: 14.835 Executing safepoint VM operation: ParallelGCFailedAllocation (Allocation Failure) done
Event: 15.843 Executing safepoint VM operation: Cleanup
Event: 15.844 Executing safepoint VM operation: Cleanup done
Event: 16.067 Executing safepoint VM operation: CollectForMetadataAllocation (Metadata GC Threshold)
Event: 16.246 Executing safepoint VM operation: CollectForMetadataAllocation (Metadata GC Threshold) done
Event: 17.138 Executing safepoint VM operation: ParallelGCFailedAllocation (Allocation Failure)
Event: 17.141 Executing safepoint VM operation: ParallelGCFailedAllocation (Allocation Failure) done
Event: 17.192 Executing non-safepoint VM operation: HandshakeAllThreads (Deoptimize)
Event: 17.192 Executing non-safepoint VM operation: HandshakeAllThreads (Deoptimize) done
Event: 17.253 Executing non-safepoint VM operation: HandshakeAllThreads (Deoptimize)
Event: 17.253 Executing non-safepoint VM operation: HandshakeAllThreads (Deoptimize) done
Event: 17.549 Executing non-safepoint VM operation: HandshakeAllThreads (Deoptimize)
Event: 17.549 Executing non-safepoint VM operation: HandshakeAllThreads (Deoptimize) done
Event: 17.869 Executing safepoint VM operation: ParallelGCFailedAllocation (Allocation Failure)
Event: 17.872 Executing safepoint VM operation: ParallelGCFailedAllocation (Allocation Failure) done
Event: 18.881 Executing safepoint VM operation: Cleanup
Event: 19.986 Executing safepoint VM operation: Cleanup done

Memory protections (0 events):
No events

Nmethod flushes (0 events):
No events

Events (20 events):
Event: 4.185 Thread 0x000001c0df454e10 Thread added: 0x000001c0fc68bb00
Event: 4.197 Thread 0x000001c0df454e10 Thread added: 0x000001c0fc674890
Event: 4.591 Thread 0x000001c0fc674890 Thread added: 0x000001c0fc633f60
Event: 5.971 Thread 0x000001c0fc674890 Thread added: 0x000001c0fc90b360
Event: 8.906 Thread 0x000001c0fc674890 Thread added: 0x000001c0f785f870
Event: 8.954 Thread 0x000001c0fc674890 Thread added: 0x000001c0fcc66f40
Event: 8.977 Thread 0x000001c0fc674890 Thread added: 0x000001c0fcef4bb0
Event: 17.092 Thread 0x000001c0f5ee3450 Thread added: 0x000001c0fd523010
Event: 17.128 Thread 0x000001c0fc674890 Thread added: 0x000001c0fcef5240
Event: 17.226 Thread 0x000001c0fcef5240 Thread exited: 0x000001c0fcef5240
Event: 17.809 Thread 0x000001c0df454e10 Thread added: 0x000001c0fcef5240
Event: 17.809 Thread 0x000001c0df454e10 Thread added: 0x000001c0fcef65f0
Event: 17.810 Thread 0x000001c0df454e10 Thread added: 0x000001c0fcef58d0
Event: 17.810 Thread 0x000001c0df454e10 Thread added: 0x000001c0fcef5f60
Event: 17.810 Thread 0x000001c0df454e10 Thread added: 0x000001c0fcef3800
Event: 17.810 Thread 0x000001c0df454e10 Thread added: 0x000001c0fcef3170
Event: 17.810 Thread 0x000001c0df454e10 Thread added: 0x000001c0fcef3e90
Event: 17.810 Thread 0x000001c0df454e10 Thread added: 0x000001c0fcef4520
Event: 17.810 Thread 0x000001c0df454e10 Thread added: 0x000001c0fd171120
Event: 17.862 Thread 0x000001c0df454e10 Thread added: 0x000001c0fd1717b0


Dynamic libraries:
0x00007ff783270000 - 0x00007ff78327e000 	c:\Users\gueva\.vscode\extensions\redhat.java-1.55.0-win32-x64\jre\21.0.11-win32-x86_64\bin\java.exe
0x00007ffbf2e60000 - 0x00007ffbf30c6000 	C:\WINDOWS\SYSTEM32\ntdll.dll
0x00007ffbf0bd0000 - 0x00007ffbf0c99000 	C:\WINDOWS\System32\KERNEL32.DLL
0x00007ffbf0210000 - 0x00007ffbf060e000 	C:\WINDOWS\System32\KERNELBASE.dll
0x00007ffbf00b0000 - 0x00007ffbf01fc000 	C:\WINDOWS\System32\ucrtbase.dll
0x00007ffbd7fc0000 - 0x00007ffbd7fd8000 	c:\Users\gueva\.vscode\extensions\redhat.java-1.55.0-win32-x64\jre\21.0.11-win32-x86_64\bin\jli.dll
0x00007ffbd7090000 - 0x00007ffbd70ae000 	c:\Users\gueva\.vscode\extensions\redhat.java-1.55.0-win32-x64\jre\21.0.11-win32-x86_64\bin\VCRUNTIME140.dll
0x00007ffbf23e0000 - 0x00007ffbf25a7000 	C:\WINDOWS\System32\USER32.dll
0x00007ffbf0080000 - 0x00007ffbf00a7000 	C:\WINDOWS\System32\win32u.dll
0x00007ffbf0ba0000 - 0x00007ffbf0bcb000 	C:\WINDOWS\System32\GDI32.dll
0x00007ffbf0620000 - 0x00007ffbf074a000 	C:\WINDOWS\System32\gdi32full.dll
0x00007ffbf0ae0000 - 0x00007ffbf0b83000 	C:\WINDOWS\System32\msvcp_win.dll
0x00007ffbdc520000 - 0x00007ffbdc7b2000 	C:\WINDOWS\WinSxS\amd64_microsoft.windows.common-controls_6595b64144ccf1df_6.0.26100.8875_none_3e0d5d42e32fe9dd\COMCTL32.dll
0x00007ffbf0ca0000 - 0x00007ffbf0d49000 	C:\WINDOWS\System32\msvcrt.dll
0x00007ffbf0dc0000 - 0x00007ffbf0df2000 	C:\WINDOWS\System32\IMM32.DLL
0x00007ffbe19c0000 - 0x00007ffbe19cc000 	c:\Users\gueva\.vscode\extensions\redhat.java-1.55.0-win32-x64\jre\21.0.11-win32-x86_64\bin\vcruntime140_1.dll
0x00007ffbae2d0000 - 0x00007ffbae35d000 	c:\Users\gueva\.vscode\extensions\redhat.java-1.55.0-win32-x64\jre\21.0.11-win32-x86_64\bin\msvcp140.dll
0x00007ffb454a0000 - 0x00007ffb46242000 	c:\Users\gueva\.vscode\extensions\redhat.java-1.55.0-win32-x64\jre\21.0.11-win32-x86_64\bin\server\jvm.dll
0x00007ffbf0e00000 - 0x00007ffbf0eb7000 	C:\WINDOWS\System32\ADVAPI32.dll
0x00007ffbf2d60000 - 0x00007ffbf2e0a000 	C:\WINDOWS\System32\sechost.dll
0x00007ffbf27b0000 - 0x00007ffbf28c8000 	C:\WINDOWS\System32\RPCRT4.dll
0x00007ffbf16a0000 - 0x00007ffbf1720000 	C:\WINDOWS\System32\WS2_32.dll
0x00007ffbefee0000 - 0x00007ffbeff3e000 	C:\WINDOWS\SYSTEM32\POWRPROF.dll
0x00007ffbe6220000 - 0x00007ffbe6256000 	C:\WINDOWS\SYSTEM32\WINMM.dll
0x00007ffbde460000 - 0x00007ffbde46b000 	C:\WINDOWS\SYSTEM32\VERSION.dll
0x00007ffbefeb0000 - 0x00007ffbefec4000 	C:\WINDOWS\SYSTEM32\UMPDC.dll
0x00007ffbeed60000 - 0x00007ffbeed7b000 	C:\WINDOWS\SYSTEM32\kernel.appcore.dll
0x00007ffbe1610000 - 0x00007ffbe161a000 	c:\Users\gueva\.vscode\extensions\redhat.java-1.55.0-win32-x64\jre\21.0.11-win32-x86_64\bin\jimage.dll
0x00007ffbed720000 - 0x00007ffbed962000 	C:\WINDOWS\SYSTEM32\DBGHELP.DLL
0x00007ffbf1730000 - 0x00007ffbf1ab3000 	C:\WINDOWS\System32\combase.dll
0x00007ffbf25b0000 - 0x00007ffbf2689000 	C:\WINDOWS\System32\OLEAUT32.dll
0x00007ffbdc7c0000 - 0x00007ffbdc7fb000 	C:\WINDOWS\SYSTEM32\dbgcore.DLL
0x00007ffbf0a20000 - 0x00007ffbf0acc000 	C:\WINDOWS\System32\bcryptPrimitives.dll
0x00007ffbe15d0000 - 0x00007ffbe15df000 	c:\Users\gueva\.vscode\extensions\redhat.java-1.55.0-win32-x64\jre\21.0.11-win32-x86_64\bin\instrument.dll
0x00007ffbd65d0000 - 0x00007ffbd65f0000 	c:\Users\gueva\.vscode\extensions\redhat.java-1.55.0-win32-x64\jre\21.0.11-win32-x86_64\bin\java.dll
0x00007ffbf1bb0000 - 0x00007ffbf2342000 	C:\WINDOWS\System32\SHELL32.dll
0x00007ffbed970000 - 0x00007ffbee202000 	C:\WINDOWS\SYSTEM32\windows.storage.dll
0x00007ffbf15a0000 - 0x00007ffbf1697000 	C:\WINDOWS\System32\SHCORE.dll
0x00007ffbf0d50000 - 0x00007ffbf0db7000 	C:\WINDOWS\System32\shlwapi.dll
0x00007ffbeffa0000 - 0x00007ffbeffc9000 	C:\WINDOWS\SYSTEM32\profapi.dll
0x00007ffbd2410000 - 0x00007ffbd2428000 	c:\Users\gueva\.vscode\extensions\redhat.java-1.55.0-win32-x64\jre\21.0.11-win32-x86_64\bin\zip.dll
0x00007ffbe5510000 - 0x00007ffbe5520000 	C:\Users\gueva\.vscode\extensions\redhat.java-1.55.0-win32-x64\jre\21.0.11-win32-x86_64\bin\net.dll
0x00007ffbe5e40000 - 0x00007ffbe5f67000 	C:\WINDOWS\SYSTEM32\WINHTTP.dll
0x00007ffbef310000 - 0x00007ffbef37c000 	C:\WINDOWS\system32\mswsock.dll
0x00007ffbc6500000 - 0x00007ffbc6516000 	C:\Users\gueva\.vscode\extensions\redhat.java-1.55.0-win32-x64\jre\21.0.11-win32-x86_64\bin\nio.dll
0x00007ffbe5500000 - 0x00007ffbe5510000 	c:\Users\gueva\.vscode\extensions\redhat.java-1.55.0-win32-x64\jre\21.0.11-win32-x86_64\bin\verify.dll
0x00007ffbb47b0000 - 0x00007ffbb47f5000 	C:\Users\gueva\AppData\Roaming\Code\User\globalStorage\redhat.java\1.55.0\config_ss_win\org.eclipse.equinox.launcher\org.eclipse.equinox.launcher.win32.win32.x86_64_1.3.100.v20260613-0559\eclipse_11924.dll
0x00007ffbf28d0000 - 0x00007ffbf2a69000 	C:\WINDOWS\System32\ole32.dll
0x00007ffbef610000 - 0x00007ffbef62b000 	C:\WINDOWS\SYSTEM32\CRYPTSP.dll
0x00007ffbeecc0000 - 0x00007ffbeecf9000 	C:\WINDOWS\system32\rsaenh.dll
0x00007ffbef3d0000 - 0x00007ffbef402000 	C:\WINDOWS\SYSTEM32\USERENV.dll
0x00007ffbeff70000 - 0x00007ffbeff9a000 	C:\WINDOWS\SYSTEM32\bcrypt.dll
0x00007ffbef630000 - 0x00007ffbef63c000 	C:\WINDOWS\SYSTEM32\CRYPTBASE.dll
0x00007ffbee6b0000 - 0x00007ffbee6e3000 	C:\WINDOWS\SYSTEM32\IPHLPAPI.DLL
0x00007ffbf2e10000 - 0x00007ffbf2e1a000 	C:\WINDOWS\System32\NSI.dll
0x00007ffbb0b90000 - 0x00007ffbb0bd9000 	C:\Users\gueva\AppData\Local\Temp\jna-98709026\jna8526671896524169524.dll
0x00007ffbf23a0000 - 0x00007ffbf23a8000 	C:\WINDOWS\System32\PSAPI.DLL
0x00007ffbea460000 - 0x00007ffbea47d000 	C:\WINDOWS\SYSTEM32\dhcpcsvc6.DLL
0x00007ffbea410000 - 0x00007ffbea435000 	C:\WINDOWS\SYSTEM32\dhcpcsvc.DLL

JVMTI agents:
c:\Users\gueva\.vscode\extensions\redhat.java-1.55.0-win32-x64\lombok\lombok-1.18.39-4050.jar path:c:\Users\gueva\.vscode\extensions\redhat.java-1.55.0-win32-x64\jre\21.0.11-win32-x86_64\bin\instrument.dll, loaded, initialized, instrumentlib options:none

dbghelp: loaded successfully - version: 4.0.5 - missing functions: none
symbol engine: initialized successfully - sym options: 0x614 - pdb path: .;c:\Users\gueva\.vscode\extensions\redhat.java-1.55.0-win32-x64\jre\21.0.11-win32-x86_64\bin;C:\WINDOWS\SYSTEM32;C:\WINDOWS\WinSxS\amd64_microsoft.windows.common-controls_6595b64144ccf1df_6.0.26100.8875_none_3e0d5d42e32fe9dd;c:\Users\gueva\.vscode\extensions\redhat.java-1.55.0-win32-x64\jre\21.0.11-win32-x86_64\bin\server;C:\Users\gueva\AppData\Roaming\Code\User\globalStorage\redhat.java\1.55.0\config_ss_win\org.eclipse.equinox.launcher\org.eclipse.equinox.launcher.win32.win32.x86_64_1.3.100.v20260613-0559;C:\Users\gueva\AppData\Local\Temp\jna-98709026

VM Arguments:
jvm_args: --add-modules=ALL-SYSTEM --add-opens=java.base/java.util=ALL-UNNAMED --add-opens=java.base/java.lang=ALL-UNNAMED --add-opens=java.base/sun.nio.fs=ALL-UNNAMED -Declipse.application=org.eclipse.jdt.ls.core.id1 -Dosgi.bundles.defaultStartLevel=4 -Declipse.product=org.eclipse.jdt.ls.core.product -Djava.import.generatesMetadataFilesAtProjectRoot=false -DDetectVMInstallationsJob.disabled=true -Dfile.encoding=utf8 -XX:+UseParallelGC -XX:GCTimeRatio=4 -XX:AdaptiveSizePolicyWeight=90 -Dsun.zip.disableMemoryMapping=true -Xmx2G -Xms100m -Xlog:disable -javaagent:c:\Users\gueva\.vscode\extensions\redhat.java-1.55.0-win32-x64\lombok\lombok-1.18.39-4050.jar 
java_command: c:\Users\gueva\.vscode\extensions\redhat.java-1.55.0-win32-x64\server\plugins\org.eclipse.equinox.launcher_1.7.200.v20260619-2039.jar -configuration c:\Users\gueva\AppData\Roaming\Code\User\globalStorage\redhat.java\1.55.0\config_ss_win -data c:\Users\gueva\AppData\Roaming\Code\User\workspaceStorage\44fb2ca8477ceeac58e2505a295ba8ed\redhat.java\ss_ws --pipe=\\.\pipe\lsp-96c4a9eeb3b873a7b22f31d4ec15c639-sock
java_class_path (initial): c:\Users\gueva\.vscode\extensions\redhat.java-1.55.0-win32-x64\server\plugins\org.eclipse.equinox.launcher_1.7.200.v20260619-2039.jar
Launcher Type: SUN_STANDARD

[Global flags]
    uintx AdaptiveSizePolicyWeight                 = 90                                        {product} {command line}
     intx CICompilerCount                          = 4                                         {product} {ergonomic}
    uintx GCTimeRatio                              = 4                                         {product} {command line}
   size_t InitialHeapSize                          = 104857600                                 {product} {command line}
   size_t MaxHeapSize                              = 2147483648                                {product} {command line}
   size_t MaxNewSize                               = 715653120                                 {product} {ergonomic}
   size_t MinHeapDeltaBytes                        = 524288                                    {product} {ergonomic}
   size_t MinHeapSize                              = 104857600                                 {product} {command line}
   size_t NewSize                                  = 34603008                                  {product} {ergonomic}
    uintx NonNMethodCodeHeapSize                   = 5839372                                {pd product} {ergonomic}
    uintx NonProfiledCodeHeapSize                  = 122909434                              {pd product} {ergonomic}
   size_t OldSize                                  = 70254592                                  {product} {ergonomic}
    uintx ProfiledCodeHeapSize                     = 122909434                              {pd product} {ergonomic}
    uintx ReservedCodeCacheSize                    = 251658240                              {pd product} {ergonomic}
     bool SegmentedCodeCache                       = true                                      {product} {ergonomic}
   size_t SoftMaxHeapSize                          = 2147483648                             {manageable} {ergonomic}
     bool UseCompressedOops                        = true                           {product lp64_product} {ergonomic}
     bool UseLargePagesIndividualAllocation        = false                                  {pd product} {ergonomic}
     bool UseParallelGC                            = true                                      {product} {command line}

Logging:
Log output configuration:
 #0: stdout all=off uptime,level,tags foldmultilines=false
 #1: stderr all=off uptime,level,tags foldmultilines=false

Release file:
JAVA_VERSION="21.0.11" 
MODULES="java.base java.compiler java.datatransfer java.xml java.prefs java.desktop java.instrument java.logging java.management java.security.sasl java.naming java.rmi java.management.rmi java.net.http java.scripting java.security.jgss java.transaction.xa java.sql java.sql.rowset java.xml.crypto java.se java.smartcardio jdk.accessibility jdk.internal.jvmstat jdk.attach jdk.charsets jdk.internal.opt jdk.zipfs jdk.compiler jdk.crypto.ec jdk.crypto.cryptoki jdk.crypto.mscapi jdk.dynalink jdk.internal.ed jdk.editpad jdk.hotspot.agent jdk.httpserver jdk.internal.le jdk.internal.vm.ci jdk.internal.vm.compiler jdk.internal.vm.compiler.management jdk.jartool jdk.javadoc jdk.jcmd jdk.management jdk.management.agent jdk.jconsole jdk.jdeps jdk.jdwp.agent jdk.jdi jdk.jfr jdk.jshell jdk.jsobject jdk.jstatd jdk.localedata jdk.management.jfr jdk.naming.dns jdk.naming.rmi jdk.net jdk.nio.mapmode jdk.random jdk.sctp jdk.security.auth jdk.security.jgss jdk.unsupported jdk.unsupported.desktop jdk.xml.dom" 

Environment Variables:
PATH=C:\Program Files\Common Files\Oracle\Java\javapath;C:\WINDOWS\system32;C:\WINDOWS;C:\WINDOWS\System32\Wbem;C:\WINDOWS\System32\WindowsPowerShell\v1.0\;C:\WINDOWS\System32\OpenSSH\;C:\Program Files\dotnet\;C:\Program Files\Java\jdk-25\bin;C:\Program Files\nodejs\;C:\xampp\php;C:\ProgramData\ComposerSetup\bin;C:\Program Files\Git\cmd;C:\Program Files (x86)\Microsoft SQL Server\160\Tools\Binn\;C:\Program Files\Microsoft SQL Server\160\Tools\Binn\;C:\Program Files\Microsoft SQL Server\Client SDK\ODBC\170\Tools\Binn\;C:\Program Files\Microsoft SQL Server\160\DTS\Binn\;C:\Program Files (x86)\Microsoft SQL Server\160\DTS\Binn\;C:\ProgramData\chocolatey\bin;C:\flutter\bin;;C:\Program Files\Docker\Docker\resources\bin;C:\Users\gueva\AppData\Local\Programs\Python\Launcher\;C:\Program Files\MySQL\MySQL Shell 8.0\bin\;C:\Users\gueva\AppData\Local\Microsoft\WindowsApps;C:\Users\gueva\AppData\Local\Programs\Microsoft VS Code\bin;C:\Users\gueva\AppData\Roaming\npm;C:\Users\gueva\AppData\Roaming\Composer\vendor\bin;C:\Users\gueva\AppData\Roaming\npm;C:\Users\gueva\AppData\Local\Python\bin;C:\Program Files\Git\bin;C:\Users\gueva\AppData\Local\Programs\mongosh\;C:\Program Files\MongoDB\Tools\100\bin;C:\Program Files\MongoDB\Server\8.2\bin;C:\Program Files\MySQL\MySQL Server 8.0\bin;C:\Program Files\Docker\Docker
USERNAME=gueva
OS=Windows_NT
PROCESSOR_IDENTIFIER=AMD64 Family 23 Model 160 Stepping 0, AuthenticAMD
TMP=C:\Users\gueva\AppData\Local\Temp
TEMP=C:\Users\gueva\AppData\Local\Temp




Periodic native trim disabled

---------------  S Y S T E M  ---------------

OS:
 Windows 11 , 64 bit Build 26100 (10.0.26100.8875)
OS uptime: 0 days 19:31 hours
Hyper-V role detected

CPU: total 8 (initial active 8) (8 cores per cpu, 2 threads per core) family 23 model 160 stepping 0 microcode 0x8a0000b, cx8, cmov, fxsr, ht, mmx, 3dnowpref, sse, sse2, sse3, ssse3, sse4a, sse4.1, sse4.2, popcnt, lzcnt, tsc, tscinvbit, avx, avx2, aes, clmul, bmi1, bmi2, adx, sha, fma, vzeroupper, clflush, clflushopt, hv, rdtscp, rdpid, f16c
Processor Information for the first 8 processors :
  Max Mhz: 2801, Current Mhz: 2801, Mhz Limit: 2801

Memory: 4k page, system-wide physical 7379M (567M free)
TotalPageFile size 29907M (AvailPageFile size 113M)
current process WorkingSet (physical memory assigned to process): 159M, peak: 160M
current process commit charge ("private bytes"): 287M, peak: 288M

vm_info: OpenJDK 64-Bit Server VM (21.0.11+10-LTS) for windows-amd64 JRE (21.0.11+10-LTS), built on 2026-04-21T00:00:00Z by "admin" with MS VC++ 17.12 (VS2022)

END.
