#
# There is insufficient memory for the Java Runtime Environment to continue.
# Native memory allocation (mmap) failed to map 1048576 bytes. Error detail: G1 virtual space
# Possible reasons:
#   The system is out of physical RAM or swap space
#   This process is running with CompressedOops enabled, and the Java Heap may be blocking the growth of the native heap
# Possible solutions:
#   Reduce memory load on the system
#   Increase physical memory or swap space
#   Check if swap backing store is full
#   Decrease Java heap size (-Xmx/-Xms)
#   Decrease number of Java threads
#   Decrease Java thread stack sizes (-Xss)
#   Set larger code cache with -XX:ReservedCodeCacheSize=
#   JVM is running with Unscaled Compressed Oops mode in which the Java heap is
#     placed in the first 4GB address space. The Java Heap base address is the
#     maximum limit for the native heap growth. Please use -XX:HeapBaseMinAddress
#     to set the Java Heap base and to place the Java Heap above 4GB virtual address.
# This output file may be truncated or incomplete.
#
#  Out of Memory Error (os_windows.cpp:3554), pid=15860, tid=28304
#
# JRE version: Java(TM) SE Runtime Environment (25.0+37) (build 25+37-LTS-3491)
# Java VM: Java HotSpot(TM) 64-Bit Server VM (25+37-LTS-3491, mixed mode, emulated-client, sharing, tiered, compressed oops, compressed class ptrs, g1 gc, windows-amd64)
# No core dump will be written. Minidumps are not enabled by default on client versions of Windows
#

---------------  S U M M A R Y ------------

Command Line: -XX:TieredStopAtLevel=1 com.example.m8_group_service.M8GroupServiceApplication

Host: AMD Ryzen 5 7520U with Radeon Graphics         , 8 cores, 7G,  Windows 11 , 64 bit Build 26100 (10.0.26100.8875)
Time: Sun Jul 19 18:23:17 2026 Hora estándar central (México) elapsed time: 2206.796108 seconds (0d 0h 36m 46s)

---------------  T H R E A D  ---------------

Current thread (0x000001bbe1beea30):  WorkerThread "GC Thread#3"    [id=28304, stack(0x000000767c000000,0x000000767c100000) (1024K)]

Stack: [0x000000767c000000,0x000000767c100000]
Native frames: (J=compiled Java code, j=interpreted, Vv=VM code, C=native code)
V  [jvm.dll+0x7a6a39]  (no source info available)
V  [jvm.dll+0x7727ed]  (no source info available)
V  [jvm.dll+0x965f33]  (no source info available)
V  [jvm.dll+0x968531]  (no source info available)
V  [jvm.dll+0x968c33]  (no source info available)
V  [jvm.dll+0x2fc756]  (no source info available)
V  [jvm.dll+0x7a2c65]  (no source info available)
V  [jvm.dll+0x796077]  (no source info available)
V  [jvm.dll+0x3f4698]  (no source info available)
V  [jvm.dll+0x3fc5b6]  (no source info available)
V  [jvm.dll+0x3e8965]  (no source info available)
V  [jvm.dll+0x3e9031]  (no source info available)
V  [jvm.dll+0x3e90ef]  (no source info available)
V  [jvm.dll+0x3c16fc]  (no source info available)
V  [jvm.dll+0x3c144d]  (no source info available)
V  [jvm.dll+0x3ae95b]  (no source info available)
V  [jvm.dll+0x3aed36]  (no source info available)
V  [jvm.dll+0x3af9cb]  (no source info available)
V  [jvm.dll+0x3afe30]  (no source info available)
V  [jvm.dll+0x3af8ad]  (no source info available)
V  [jvm.dll+0x3f65c1]  (no source info available)
V  [jvm.dll+0x3f69c5]  (no source info available)
V  [jvm.dll+0x3f4ca8]  (no source info available)
V  [jvm.dll+0x3f7d88]  (no source info available)
V  [jvm.dll+0x3f408e]  (no source info available)
V  [jvm.dll+0x403189]  (no source info available)
V  [jvm.dll+0x402f4d]  (no source info available)
V  [jvm.dll+0x4015ca]  (no source info available)
V  [jvm.dll+0x402acb]  (no source info available)
V  [jvm.dll+0x40d7f3]  (no source info available)
V  [jvm.dll+0x40db18]  (no source info available)
V  [jvm.dll+0x999971]  (no source info available)
V  [jvm.dll+0x90681d]  (no source info available)
V  [jvm.dll+0x7a5015]  (no source info available)
C  [ucrtbase.dll+0x2cd30]  (no source info available)
C  [KERNEL32.DLL+0x2e957]  (no source info available)
C  [ntdll.dll+0xaad6c]  (no source info available)


---------------  P R O C E S S  ---------------

Threads class SMR info:
_java_thread_list=0x000001bbe381b5d0, length=38, elements={
0x000001bbdc9f8d80, 0x000001bbdc9f9940, 0x000001bbdca00870, 0x000001bbdca02440,
0x000001bbdca03cd0, 0x000001bbdca05560, 0x000001bbdca133c0, 0x000001bbdca8d3c0,
0x000001bbdca8dd50, 0x000001bbe282fa60, 0x000001bbe281c7e0, 0x000001bbe281d3b0,
0x000001bbe28cddc0, 0x000001bbe2ea56e0, 0x000001bbe221e2a0, 0x000001bbe22201e0,
0x000001bbdca0a8f0, 0x000001bbe3a3f1f0, 0x000001bbe3a3ea20, 0x000001bbe3a3f9c0,
0x000001bbe3a420d0, 0x000001bbe3a447e0, 0x000001bbe3a43070, 0x000001bbe3a428a0,
0x000001bbe3a44010, 0x000001bbe3badf40, 0x000001bbe3bae710, 0x000001bbe3bafe80,
0x000001bbe3bb0e20, 0x000001bbe3bb0650, 0x000001bbe3bad770, 0x000001bbe3baeee0,
0x000001bbe3bcca70, 0x000001bbe3bcda10, 0x000001bbe3bcd240, 0x000001bbe3bcf950,
0x000001bbe3bd1890, 0x000001bbe3bd08f0
}

Java Threads: ( => current thread )
  0x000001bbdc9f8d80 JavaThread "Reference Handler"          daemon [_thread_blocked, id=20976, stack(0x000000767b200000,0x000000767b300000) (1024K)]
  0x000001bbdc9f9940 JavaThread "Finalizer"                  daemon [_thread_blocked, id=24320, stack(0x000000767b300000,0x000000767b400000) (1024K)]
  0x000001bbdca00870 JavaThread "Signal Dispatcher"          daemon [_thread_blocked, id=31732, stack(0x000000767b400000,0x000000767b500000) (1024K)]
  0x000001bbdca02440 JavaThread "Attach Listener"            daemon [_thread_blocked, id=1816, stack(0x000000767b500000,0x000000767b600000) (1024K)]
  0x000001bbdca03cd0 JavaThread "Service Thread"             daemon [_thread_blocked, id=29232, stack(0x000000767b600000,0x000000767b700000) (1024K)]
  0x000001bbdca05560 JavaThread "Monitor Deflation Thread"   daemon [_thread_blocked, id=31380, stack(0x000000767b700000,0x000000767b800000) (1024K)]
  0x000001bbdca133c0 JavaThread "C1 CompilerThread0"         daemon [_thread_blocked, id=25016, stack(0x000000767b800000,0x000000767b900000) (1024K)]
  0x000001bbdca8d3c0 JavaThread "Notification Thread"        daemon [_thread_blocked, id=29172, stack(0x000000767b900000,0x000000767ba00000) (1024K)]
  0x000001bbdca8dd50 JavaThread "Common-Cleaner"             daemon [_thread_blocked, id=30340, stack(0x000000767ba00000,0x000000767bb00000) (1024K)]
  0x000001bbe282fa60 JavaThread "Catalina-utility-1"                [_thread_blocked, id=10548, stack(0x000000767c600000,0x000000767c700000) (1024K)]
  0x000001bbe281c7e0 JavaThread "Catalina-utility-2"                [_thread_blocked, id=14756, stack(0x000000767c700000,0x000000767c800000) (1024K)]
  0x000001bbe281d3b0 JavaThread "container-0"                       [_thread_blocked, id=21460, stack(0x000000767c800000,0x000000767c900000) (1024K)]
  0x000001bbe28cddc0 JavaThread "mysql-cj-abandoned-connection-cleanup" daemon [_thread_blocked, id=8584, stack(0x000000767c900000,0x000000767ca00000) (1024K)]
  0x000001bbe2ea56e0 JavaThread "PostgreSQL-JDBC-Cleaner"    daemon [_thread_blocked, id=26804, stack(0x000000767bb00000,0x000000767bc00000) (1024K)]
  0x000001bbe221e2a0 JavaThread "m8-group-pool housekeeper"  daemon [_thread_blocked, id=24824, stack(0x000000767cb00000,0x000000767cc00000) (1024K)]
  0x000001bbe22201e0 JavaThread "File Watcher"               daemon [_thread_blocked, id=5668, stack(0x000000767cd00000,0x000000767ce00000) (1024K)]
  0x000001bbdca0a8f0 JavaThread "spring.cloud.inetutils"     daemon [_thread_blocked, id=15540, stack(0x000000767ce00000,0x000000767cf00000) (1024K)]
  0x000001bbe3a3f1f0 JavaThread "AsyncResolver-bootstrap-0"  daemon [_thread_blocked, id=14140, stack(0x000000767d000000,0x000000767d100000) (1024K)]
  0x000001bbe3a3ea20 JavaThread "idle-connection-evictor-1"  daemon [_thread_blocked, id=31192, stack(0x000000767d100000,0x000000767d200000) (1024K)]
  0x000001bbe3a3f9c0 JavaThread "DiscoveryClient-0"          daemon [_thread_blocked, id=27736, stack(0x000000767d200000,0x000000767d300000) (1024K)]
  0x000001bbe3a420d0 JavaThread "DiscoveryClient-1"          daemon [_thread_blocked, id=13612, stack(0x000000767d300000,0x000000767d400000) (1024K)]
  0x000001bbe3a447e0 JavaThread "DiscoveryClient-InstanceInfoReplicator-0" daemon [_thread_blocked, id=16004, stack(0x000000767d400000,0x000000767d500000) (1024K)]
  0x000001bbe3a43070 JavaThread "http-nio-8088-exec-1"       daemon [_thread_blocked, id=25276, stack(0x000000767d500000,0x000000767d600000) (1024K)]
  0x000001bbe3a428a0 JavaThread "http-nio-8088-exec-2"       daemon [_thread_blocked, id=21928, stack(0x000000767d600000,0x000000767d700000) (1024K)]
  0x000001bbe3a44010 JavaThread "http-nio-8088-exec-3"       daemon [_thread_blocked, id=20748, stack(0x000000767d700000,0x000000767d800000) (1024K)]
  0x000001bbe3badf40 JavaThread "http-nio-8088-exec-4"       daemon [_thread_blocked, id=29848, stack(0x000000767d800000,0x000000767d900000) (1024K)]
  0x000001bbe3bae710 JavaThread "http-nio-8088-exec-5"       daemon [_thread_blocked, id=12696, stack(0x000000767d900000,0x000000767da00000) (1024K)]
  0x000001bbe3bafe80 JavaThread "http-nio-8088-exec-6"       daemon [_thread_blocked, id=20772, stack(0x000000767da00000,0x000000767db00000) (1024K)]
  0x000001bbe3bb0e20 JavaThread "http-nio-8088-exec-7"       daemon [_thread_blocked, id=3052, stack(0x000000767db00000,0x000000767dc00000) (1024K)]
  0x000001bbe3bb0650 JavaThread "http-nio-8088-exec-8"       daemon [_thread_blocked, id=24908, stack(0x000000767dc00000,0x000000767dd00000) (1024K)]
  0x000001bbe3bad770 JavaThread "http-nio-8088-exec-9"       daemon [_thread_blocked, id=8344, stack(0x000000767dd00000,0x000000767de00000) (1024K)]
  0x000001bbe3baeee0 JavaThread "http-nio-8088-exec-10"      daemon [_thread_blocked, id=15020, stack(0x000000767de00000,0x000000767df00000) (1024K)]
  0x000001bbe3bcca70 JavaThread "http-nio-8088-Poller"       daemon [_thread_blocked, id=16788, stack(0x000000767df00000,0x000000767e000000) (1024K)]
  0x000001bbe3bcda10 JavaThread "http-nio-8088-Acceptor"     daemon [_thread_in_native, id=31436, stack(0x000000767e000000,0x000000767e100000) (1024K)]
  0x000001bbe3bcd240 JavaThread "DestroyJavaVM"                     [_thread_blocked, id=23380, stack(0x000000767aa00000,0x000000767ab00000) (1024K)]
  0x000001bbe3bcf950 JavaThread "DiscoveryClient-CacheRefreshExecutor-0" daemon [_thread_blocked, id=4756, stack(0x000000767cc00000,0x000000767cd00000) (1024K)]
  0x000001bbe3bd1890 JavaThread "DiscoveryClient-HeartbeatExecutor-0" daemon [_thread_blocked, id=28532, stack(0x000000767cf00000,0x000000767d000000) (1024K)]
  0x000001bbe3bd08f0 JavaThread "AsyncResolver-bootstrap-executor-0" daemon [_thread_blocked, id=8444, stack(0x000000767a900000,0x000000767aa00000) (1024K)]
Total: 38

Other Threads:
  0x000001bbdc9e2cd0 VMThread "VM Thread"                           [id=30864, stack(0x000000767b100000,0x000000767b200000) (1024K)]
  0x000001bbdc9d55c0 WatcherThread "VM Periodic Task Thread"        [id=29504, stack(0x000000767b000000,0x000000767b100000) (1024K)]
  0x000001bbcc2c53a0 WorkerThread "GC Thread#0"                     [id=20564, stack(0x000000767ab00000,0x000000767ac00000) (1024K)]
  0x000001bbe1bee1d0 WorkerThread "GC Thread#1"                     [id=2660, stack(0x000000767be00000,0x000000767bf00000) (1024K)]
  0x000001bbe1bee600 WorkerThread "GC Thread#2"                     [id=19336, stack(0x000000767bf00000,0x000000767c000000) (1024K)]
=>0x000001bbe1beea30 WorkerThread "GC Thread#3"                     [id=28304, stack(0x000000767c000000,0x000000767c100000) (1024K)]
  0x000001bbe1beee60 WorkerThread "GC Thread#4"                     [id=10916, stack(0x000000767c100000,0x000000767c200000) (1024K)]
  0x000001bbe1bef290 WorkerThread "GC Thread#5"                     [id=30564, stack(0x000000767c200000,0x000000767c300000) (1024K)]
  0x000001bbe20afc10 WorkerThread "GC Thread#6"                     [id=12076, stack(0x000000767c400000,0x000000767c500000) (1024K)]
  0x000001bbe1db4440 WorkerThread "GC Thread#7"                     [id=6724, stack(0x000000767c500000,0x000000767c600000) (1024K)]
  0x000001bbcc2dbe90 ConcurrentGCThread "G1 Main Marker"            [id=29024, stack(0x000000767ac00000,0x000000767ad00000) (1024K)]
  0x000001bbcc2dd920 WorkerThread "G1 Conc#0"                       [id=22636, stack(0x000000767ad00000,0x000000767ae00000) (1024K)]
  0x000001bbe1db3ba0 WorkerThread "G1 Conc#1"                       [id=29924, stack(0x000000767c300000,0x000000767c400000) (1024K)]
  0x000001bbcc31ea50 ConcurrentGCThread "G1 Refine#0"               [id=26196, stack(0x000000767ae00000,0x000000767af00000) (1024K)]
  0x000001bbdc8a1680 ConcurrentGCThread "G1 Service"                [id=26200, stack(0x000000767af00000,0x000000767b000000) (1024K)]
Total: 15

Threads with active compile tasks:
Total: 0

VM state: at safepoint (normal execution)

VM Mutex/Monitor currently owned by a thread:  ([mutex/lock_event])
[0x00007ffb22dd6da8] FreeList_lock - owner thread: 0x000001bbe1beea30
[0x00007ffb22dd94a8] Threads_lock - owner thread: 0x000001bbdc9e2cd0
[0x00007ffb22dd9628] Heap_lock - owner thread: 0x000001bbe22201e0

Heap address: 0x000000008ca00000, size: 1846 MB, Compressed Oops mode: 32-bit

CDS archive(s) mapped at: [0x0000000032000000-0x0000000032dd0000-0x0000000032dd0000), size 14483456, SharedBaseAddress: 0x0000000032000000, ArchiveRelocationMode: 1.
Compressed class space mapped at: 0x0000000033000000-0x0000000073000000, reserved size: 1073741824
UseCompressedClassPointers 1, UseCompactObjectHeaders 0
Narrow klass pointer bits 32, Max shift 3
Narrow klass base: 0x0000000032000000, Narrow klass shift: 0
Encoding Range: [0x0000000032000000 - 0x0000000132000000), (4294967296 bytes)
Klass Range:    [0x0000000032010000 - 0x0000000073000000), (1090453504 bytes)
Klass ID Range:  [65536 - 1090519033) (1090453497)
Protection zone: [0x0000000032000000 - 0x0000000032010000), (65536 bytes)

GC Precious Log:
 CardTable entry size: 512
 Card Set container configuration: InlinePtr #cards 5 size 8 Array Of Cards #cards 10 size 36 Howl #buckets 4 coarsen threshold 1843 Howl Bitmap #cards 512 size 80 coarsen threshold 460 Card regions per heap region 1 cards per card region 2048
 CPUs: 8 total, 8 available
 Memory: 7379M
 Large Page Support: Disabled
 NUMA Support: Disabled
 Compressed Oops: Enabled (32-bit)
 Heap Region Size: 1M
 Heap Min Capacity: 8M
 Heap Initial Capacity: 116M
 Heap Max Capacity: 1846M
 Pre-touch: Disabled
 Parallel Workers: 8
 Concurrent Workers: 2
 Concurrent Refinement Workers: 8
 Periodic GC: Disabled

Heap:
 garbage-first heap   total reserved 1890304K, committed 80896K, used 74247K [0x000000008ca00000, 0x0000000100000000)
  region size 1024K, 28 young (28672K), 2 survivors (2048K)

Heap Regions: E=young(eden), S=young(survivor), O=old, HS=humongous(starts), HC=humongous(continues), CS=collection set, F=free, TAMS=top-at-mark-start, PB=parsable bottom
|   0|0x000000008ca00000, 0x000000008cb00000, 0x000000008cb00000|100%|HS|  |TAMS 0x000000008ca00000| PB 0x000000008ca00000| Complete |  0
|   1|0x000000008cb00000, 0x000000008cc00000, 0x000000008cc00000|100%|HS|  |TAMS 0x000000008cb00000| PB 0x000000008cb00000| Complete |  0
|   2|0x000000008cc00000, 0x000000008cd00000, 0x000000008cd00000|100%| O|  |TAMS 0x000000008cc00000| PB 0x000000008cc00000| Untracked |  0
|   3|0x000000008cd00000, 0x000000008ce00000, 0x000000008ce00000|100%| O|  |TAMS 0x000000008cd00000| PB 0x000000008cd00000| Untracked |  0
|   4|0x000000008ce00000, 0x000000008cf00000, 0x000000008cf00000|100%| O|CS|TAMS 0x000000008ce00000| PB 0x000000008ce00000| Complete |  0
|   5|0x000000008cf00000, 0x000000008d000000, 0x000000008d000000|100%| O|  |TAMS 0x000000008cf00000| PB 0x000000008cf00000| Untracked |  0
|   6|0x000000008d000000, 0x000000008d100000, 0x000000008d100000|100%| O|  |TAMS 0x000000008d000000| PB 0x000000008d000000| Untracked |  0
|   7|0x000000008d100000, 0x000000008d200000, 0x000000008d200000|100%| O|  |TAMS 0x000000008d100000| PB 0x000000008d100000| Untracked |  0
|   8|0x000000008d200000, 0x000000008d300000, 0x000000008d300000|100%| O|  |TAMS 0x000000008d200000| PB 0x000000008d200000| Untracked |  0
|   9|0x000000008d300000, 0x000000008d400000, 0x000000008d400000|100%| O|  |TAMS 0x000000008d300000| PB 0x000000008d300000| Untracked |  0
|  10|0x000000008d400000, 0x000000008d500000, 0x000000008d500000|100%| O|  |TAMS 0x000000008d400000| PB 0x000000008d400000| Untracked |  0
|  11|0x000000008d500000, 0x000000008d600000, 0x000000008d600000|100%| O|  |TAMS 0x000000008d500000| PB 0x000000008d500000| Untracked |  0
|  12|0x000000008d600000, 0x000000008d700000, 0x000000008d700000|100%| O|  |TAMS 0x000000008d600000| PB 0x000000008d600000| Untracked |  0
|  13|0x000000008d700000, 0x000000008d800000, 0x000000008d800000|100%| O|CS|TAMS 0x000000008d700000| PB 0x000000008d700000| Complete |  0
|  14|0x000000008d800000, 0x000000008d900000, 0x000000008d900000|100%| O|  |TAMS 0x000000008d800000| PB 0x000000008d800000| Untracked |  0
|  15|0x000000008d900000, 0x000000008da00000, 0x000000008da00000|100%| O|  |TAMS 0x000000008d900000| PB 0x000000008d900000| Untracked |  0
|  16|0x000000008da00000, 0x000000008db00000, 0x000000008db00000|100%| O|  |TAMS 0x000000008da00000| PB 0x000000008da00000| Untracked |  0
|  17|0x000000008db00000, 0x000000008dc00000, 0x000000008dc00000|100%| O|  |TAMS 0x000000008db00000| PB 0x000000008db00000| Untracked |  0
|  18|0x000000008dc00000, 0x000000008dd00000, 0x000000008dd00000|100%| O|  |TAMS 0x000000008dc00000| PB 0x000000008dc00000| Untracked |  0
|  19|0x000000008dd00000, 0x000000008de00000, 0x000000008de00000|100%| O|CS|TAMS 0x000000008dd00000| PB 0x000000008dd00000| Complete |  0
|  20|0x000000008de00000, 0x000000008df00000, 0x000000008df00000|100%| O|  |TAMS 0x000000008de00000| PB 0x000000008de00000| Untracked |  0
|  21|0x000000008df00000, 0x000000008e000000, 0x000000008e000000|100%| O|  |TAMS 0x000000008df00000| PB 0x000000008df00000| Untracked |  0
|  22|0x000000008e000000, 0x000000008e100000, 0x000000008e100000|100%| O|  |TAMS 0x000000008e000000| PB 0x000000008e000000| Untracked |  0
|  23|0x000000008e100000, 0x000000008e200000, 0x000000008e200000|100%| O|  |TAMS 0x000000008e100000| PB 0x000000008e100000| Untracked |  0
|  24|0x000000008e200000, 0x000000008e300000, 0x000000008e300000|100%| O|CS|TAMS 0x000000008e200000| PB 0x000000008e200000| Complete |  0
|  25|0x000000008e300000, 0x000000008e400000, 0x000000008e400000|100%| O|  |TAMS 0x000000008e300000| PB 0x000000008e300000| Untracked |  0
|  26|0x000000008e400000, 0x000000008e500000, 0x000000008e500000|100%| O|CS|TAMS 0x000000008e400000| PB 0x000000008e400000| Complete |  0
|  27|0x000000008e500000, 0x000000008e600000, 0x000000008e600000|100%| O|  |TAMS 0x000000008e500000| PB 0x000000008e500000| Untracked |  0
|  28|0x000000008e600000, 0x000000008e700000, 0x000000008e700000|100%| O|CS|TAMS 0x000000008e600000| PB 0x000000008e600000| Complete |  0
|  29|0x000000008e700000, 0x000000008e800000, 0x000000008e800000|100%| O|CS|TAMS 0x000000008e700000| PB 0x000000008e700000| Complete |  0
|  30|0x000000008e800000, 0x000000008e900000, 0x000000008e900000|100%| O|  |TAMS 0x000000008e800000| PB 0x000000008e800000| Untracked |  0
|  31|0x000000008e900000, 0x000000008ea00000, 0x000000008ea00000|100%| O|  |TAMS 0x000000008e900000| PB 0x000000008e900000| Untracked |  0
|  32|0x000000008ea00000, 0x000000008eb00000, 0x000000008eb00000|100%| O|  |TAMS 0x000000008ea00000| PB 0x000000008ea00000| Untracked |  0
|  33|0x000000008eb00000, 0x000000008ec00000, 0x000000008ec00000|100%| O|  |TAMS 0x000000008eb00000| PB 0x000000008eb00000| Untracked |  0
|  34|0x000000008ec00000, 0x000000008ed00000, 0x000000008ed00000|100%| O|  |TAMS 0x000000008ec00000| PB 0x000000008ec00000| Untracked |  0
|  35|0x000000008ed00000, 0x000000008ee00000, 0x000000008ee00000|100%| O|  |TAMS 0x000000008ed00000| PB 0x000000008ed00000| Untracked |  0
|  36|0x000000008ee00000, 0x000000008ef00000, 0x000000008ef00000|100%| O|CS|TAMS 0x000000008ee00000| PB 0x000000008ee00000| Complete |  0
|  37|0x000000008ef00000, 0x000000008f000000, 0x000000008f000000|100%| O|CS|TAMS 0x000000008ef00000| PB 0x000000008ef00000| Complete |  0
|  38|0x000000008f000000, 0x000000008f100000, 0x000000008f100000|100%| O|  |TAMS 0x000000008f000000| PB 0x000000008f000000| Untracked |  0
|  39|0x000000008f100000, 0x000000008f200000, 0x000000008f200000|100%| O|CS|TAMS 0x000000008f100000| PB 0x000000008f100000| Complete |  0
|  40|0x000000008f200000, 0x000000008f300000, 0x000000008f300000|100%| O|CS|TAMS 0x000000008f200000| PB 0x000000008f200000| Complete |  0
|  41|0x000000008f300000, 0x000000008f400000, 0x000000008f400000|100%| O|  |TAMS 0x000000008f300000| PB 0x000000008f300000| Untracked |  0
|  42|0x000000008f400000, 0x000000008f500000, 0x000000008f500000|100%| O|CS|TAMS 0x000000008f400000| PB 0x000000008f400000| Complete |  0
|  43|0x000000008f500000, 0x000000008f600000, 0x000000008f600000|100%| O|  |TAMS 0x000000008f500000| PB 0x000000008f500000| Untracked |  0
|  44|0x000000008f600000, 0x000000008f700000, 0x000000008f700000|100%| O|  |TAMS 0x000000008f600000| PB 0x000000008f600000| Untracked |  0
|  45|0x000000008f700000, 0x000000008f800000, 0x000000008f800000|100%| O|  |TAMS 0x000000008f700000| PB 0x000000008f700000| Untracked |  0
|  46|0x000000008f800000, 0x000000008f900000, 0x000000008f900000|100%| O|  |TAMS 0x000000008f800000| PB 0x000000008f800000| Untracked |  0
|  47|0x000000008f900000, 0x000000008fa00000, 0x000000008fa00000|100%| O|  |TAMS 0x000000008f900000| PB 0x000000008f900000| Untracked |  0
|  48|0x000000008fa00000, 0x000000008fb00000, 0x000000008fb00000|100%| O|  |TAMS 0x000000008fa00000| PB 0x000000008fa00000| Untracked |  0
|  49|0x000000008fb00000, 0x000000008fb50bc8, 0x000000008fc00000| 31%| S|  |TAMS 0x000000008fb00000| PB 0x000000008fb00000| Complete |  0
|  50|0x000000008fc00000, 0x000000008fd00000, 0x000000008fd00000|100%| S|  |TAMS 0x000000008fc00000| PB 0x000000008fc00000| Complete |  0
|  51|0x000000008fd00000, 0x000000008fe00000, 0x000000008fe00000|100%| E|CS|TAMS 0x000000008fd00000| PB 0x000000008fd00000| Complete |  0
|  52|0x000000008fe00000, 0x000000008ff00000, 0x000000008ff00000|100%| E|CS|TAMS 0x000000008fe00000| PB 0x000000008fe00000| Complete |  0
|  53|0x000000008ff00000, 0x0000000090000000, 0x0000000090000000|100%| E|CS|TAMS 0x000000008ff00000| PB 0x000000008ff00000| Complete |  0
|  54|0x0000000090000000, 0x0000000090100000, 0x0000000090100000|100%| E|CS|TAMS 0x0000000090000000| PB 0x0000000090000000| Complete |  0
|  55|0x0000000090100000, 0x0000000090200000, 0x0000000090200000|100%| E|CS|TAMS 0x0000000090100000| PB 0x0000000090100000| Complete |  0
|  56|0x0000000090200000, 0x00000000902f0400, 0x0000000090300000| 93%| E|CS|TAMS 0x0000000090200000| PB 0x0000000090200000| Complete |  0
|  57|0x0000000090300000, 0x0000000090400000, 0x0000000090400000|100%| E|CS|TAMS 0x0000000090300000| PB 0x0000000090300000| Complete |  0
|  58|0x0000000090400000, 0x0000000090500000, 0x0000000090500000|100%| E|CS|TAMS 0x0000000090400000| PB 0x0000000090400000| Complete |  0
|  59|0x0000000090500000, 0x0000000090600000, 0x0000000090600000|100%| E|CS|TAMS 0x0000000090500000| PB 0x0000000090500000| Complete |  0
|  60|0x0000000090600000, 0x0000000090700000, 0x0000000090700000|100%| E|CS|TAMS 0x0000000090600000| PB 0x0000000090600000| Complete |  0
|  61|0x0000000090700000, 0x0000000090800000, 0x0000000090800000|100%| E|CS|TAMS 0x0000000090700000| PB 0x0000000090700000| Complete |  0
|  62|0x0000000090800000, 0x0000000090900000, 0x0000000090900000|100%| E|CS|TAMS 0x0000000090800000| PB 0x0000000090800000| Complete |  0
|  63|0x0000000090900000, 0x0000000090a00000, 0x0000000090a00000|100%| E|CS|TAMS 0x0000000090900000| PB 0x0000000090900000| Complete |  0
|  64|0x0000000090a00000, 0x0000000090b00000, 0x0000000090b00000|100%| E|CS|TAMS 0x0000000090a00000| PB 0x0000000090a00000| Complete |  0
|  65|0x0000000090b00000, 0x0000000090c00000, 0x0000000090c00000|100%| E|CS|TAMS 0x0000000090b00000| PB 0x0000000090b00000| Complete |  0
|  66|0x0000000090c00000, 0x0000000090d00000, 0x0000000090d00000|100%| E|CS|TAMS 0x0000000090c00000| PB 0x0000000090c00000| Complete |  0
|  67|0x0000000090d00000, 0x0000000090e00000, 0x0000000090e00000|100%| E|CS|TAMS 0x0000000090d00000| PB 0x0000000090d00000| Complete |  0
|  68|0x0000000090e00000, 0x0000000090f00000, 0x0000000090f00000|100%| E|CS|TAMS 0x0000000090e00000| PB 0x0000000090e00000| Complete |  0
|  69|0x0000000090f00000, 0x0000000091000000, 0x0000000091000000|100%| E|CS|TAMS 0x0000000090f00000| PB 0x0000000090f00000| Complete |  0
|  70|0x0000000091000000, 0x0000000091100000, 0x0000000091100000|100%| E|CS|TAMS 0x0000000091000000| PB 0x0000000091000000| Complete |  0
|  71|0x0000000091100000, 0x0000000091200000, 0x0000000091200000|100%| E|CS|TAMS 0x0000000091100000| PB 0x0000000091100000| Complete |  0
|  72|0x0000000091200000, 0x0000000091300000, 0x0000000091300000|100%| E|CS|TAMS 0x0000000091200000| PB 0x0000000091200000| Complete |  0
|  88|0x0000000092200000, 0x0000000092300000, 0x0000000092300000|100%| E|CS|TAMS 0x0000000092200000| PB 0x0000000092200000| Complete |  0
|  89|0x0000000092300000, 0x0000000092400000, 0x0000000092400000|100%| E|CS|TAMS 0x0000000092300000| PB 0x0000000092300000| Complete |  0
|  90|0x0000000092400000, 0x0000000092500000, 0x0000000092500000|100%| E|CS|TAMS 0x0000000092400000| PB 0x0000000092400000| Complete |  0
| 115|0x0000000093d00000, 0x0000000093e00000, 0x0000000093e00000|100%| E|CS|TAMS 0x0000000093d00000| PB 0x0000000093d00000| Complete |  0
|1844|0x00000000ffe00000, 0x00000000fff00000, 0x00000000fff00000|100%| O|  |TAMS 0x00000000ffe00000| PB 0x00000000ffe00000| Untracked |  0
|1845|0x00000000fff00000, 0x0000000100000000, 0x0000000100000000|100%| E|CS|TAMS 0x00000000fff00000| PB 0x00000000fff00000| Complete |  0

Card table byte_map: [0x000001bbd7f90000,0x000001bbd8330000] _byte_map_base: 0x000001bbd7b2b000

Marking Bits: (CMBitMap*) 0x000001bbcc2c5b30
 Bits: [0x000001bbd8330000, 0x000001bbda008000)

Polling page: 0x000001bbca060000

Metaspace:
Metaspace        used 83237K, committed 83776K, reserved 1179648K
 class space     used 9772K, committed 10048K, reserved 1048576K

Usage:
  Non-class:     71.74 MB used.
      Class:      9.54 MB used.
       Both:     81.29 MB used.

Virtual space:
  Non-class space:      128.00 MB reserved,      72.00 MB ( 56%) committed,  2 nodes.
      Class space:        1.00 GB reserved,       9.81 MB ( <1%) committed,  1 nodes.
             Both:        1.12 GB reserved,      81.81 MB (  7%) committed. 

Chunk freelists:
   Non-Class:  7.70 MB
       Class:  6.23 MB
        Both:  13.94 MB

MaxMetaspaceSize: unlimited
CompressedClassSpaceSize: 1.00 GB
Initial GC threshold: 21.00 MB
Current GC threshold: 132.00 MB
CDS: on
 - commit_granule_bytes: 65536.
 - commit_granule_words: 8192.
 - virtual_space_node_default_size: 8388608.
 - enlarge_chunks_in_place: 1.
UseCompressedClassPointers 1, UseCompactObjectHeaders 0
Narrow klass pointer bits 32, Max shift 3
Narrow klass base: 0x0000000032000000, Narrow klass shift: 0
Encoding Range: [0x0000000032000000 - 0x0000000132000000), (4294967296 bytes)
Klass Range:    [0x0000000032010000 - 0x0000000073000000), (1090453504 bytes)
Klass ID Range:  [65536 - 1090519033) (1090453497)
Protection zone: [0x0000000032000000 - 0x0000000032010000), (65536 bytes)


Internal statistics:

num_allocs_failed_limit: 9.
num_arena_births: 932.
num_arena_deaths: 284.
num_vsnodes_births: 3.
num_vsnodes_deaths: 0.
num_space_committed: 1309.
num_space_uncommitted: 0.
num_chunks_returned_to_freelist: 294.
num_chunks_taken_from_freelist: 3923.
num_chunk_merges: 81.
num_chunk_splits: 2837.
num_chunks_enlarged: 2379.
num_inconsistent_stats: 0.

CodeCache: size=49152Kb used=10519Kb max_used=11768Kb free=38632Kb
 bounds [0x000001bbd4ae0000, 0x000001bbd5700000, 0x000001bbd7ae0000]
 total_blobs=9039, nmethods=8285, adapters=678, full_count=0
Compilation: enabled, stopped_count=0, restarted_count=0

Compilation events (20 events):
Event: 2127.279 Thread 0x000001bbdca133c0 nmethod 8524 0x000001bbd5502708 code [0x000001bbd5502800, 0x000001bbd5502948]
Event: 2127.279 Thread 0x000001bbdca133c0 8525       1       com.fasterxml.jackson.databind.AnnotationIntrospector::hasAnySetter (2 bytes)
Event: 2127.279 Thread 0x000001bbdca133c0 nmethod 8525 0x000001bbd5502408 code [0x000001bbd5502500, 0x000001bbd55025d0]
Event: 2127.279 Thread 0x000001bbdca133c0 8511       1       com.fasterxml.jackson.databind.type.MapLikeType::getContentType (5 bytes)
Event: 2127.279 Thread 0x000001bbdca133c0 nmethod 8511 0x000001bbd5502108 code [0x000001bbd5502200, 0x000001bbd55022c8]
Event: 2127.279 Thread 0x000001bbdca133c0 8516       1       com.fasterxml.jackson.databind.type.SimpleType::refine (2 bytes)
Event: 2127.280 Thread 0x000001bbdca133c0 nmethod 8516 0x000001bbd5501e08 code [0x000001bbd5501f00, 0x000001bbd5501fd0]
Event: 2127.280 Thread 0x000001bbdca133c0 8522       1       com.fasterxml.jackson.databind.introspect.AnnotatedClass::getRawType (5 bytes)
Event: 2127.280 Thread 0x000001bbdca133c0 nmethod 8522 0x000001bbd5501b08 code [0x000001bbd5501c00, 0x000001bbd5501cc8]
Event: 2127.280 Thread 0x000001bbdca133c0 8529       1       com.fasterxml.jackson.databind.type.MapLikeType::getKeyType (5 bytes)
Event: 2127.280 Thread 0x000001bbdca133c0 nmethod 8529 0x000001bbd5501808 code [0x000001bbd5501900, 0x000001bbd55019c8]
Event: 2127.284 Thread 0x000001bbdca845a0 nmethod 8500 0x000001bbd5500d08 code [0x000001bbd5500e00, 0x000001bbd55017d0]
Event: 2157.065 Thread 0x000001bbdca133c0 8530       1       org.springframework.util.Assert::notEmpty (17 bytes)
Event: 2157.067 Thread 0x000001bbdca133c0 nmethod 8530 0x000001bbd5500a08 code [0x000001bbd5500b00, 0x000001bbd5500c98]
Event: 2157.247 Thread 0x000001bbdca133c0 8531       1       java.util.concurrent.atomic.AtomicBoolean::<init> (14 bytes)
Event: 2157.247 Thread 0x000001bbdca133c0 nmethod 8531 0x000001bbd5500708 code [0x000001bbd5500800, 0x000001bbd55008d8]
Event: 2157.287 Thread 0x000001bbdca133c0 8532       1       java.util.AbstractCollection::toArray (70 bytes)
Event: 2157.290 Thread 0x000001bbdca133c0 nmethod 8532 0x000001bbd5500188 code [0x000001bbd5500280, 0x000001bbd55006b0]
Event: 2187.089 Thread 0x000001bbdca133c0 8533       1       org.springframework.util.LinkedCaseInsensitiveMap::put (66 bytes)
Event: 2187.104 Thread 0x000001bbdca133c0 nmethod 8533 0x000001bbd54ffc88 code [0x000001bbd54ffd80, 0x000001bbd5500100]

GC Heap Usage History (20 events):
Event: 11.635 {heap After GC invocations=9 (full 0):
 garbage-first heap   total reserved 1890304K, committed 75776K, used 31150K [0x000000008ca00000, 0x0000000100000000)
  region size 1024K, 4 young (4096K), 4 survivors (4096K)
}
Event: 13.262 {heap Before GC invocations=9 (full 0):
 garbage-first heap   total reserved 1890304K, committed 75776K, used 62894K [0x000000008ca00000, 0x0000000100000000)
  region size 1024K, 35 young (35840K), 4 survivors (4096K)
}
Event: 13.267 {heap After GC invocations=10 (full 0):
 garbage-first heap   total reserved 1890304K, committed 75776K, used 32423K [0x000000008ca00000, 0x0000000100000000)
  region size 1024K, 5 young (5120K), 5 survivors (5120K)
}
Event: 17.482 {heap Before GC invocations=10 (full 0):
 garbage-first heap   total reserved 1890304K, committed 75776K, used 44711K [0x000000008ca00000, 0x0000000100000000)
  region size 1024K, 18 young (18432K), 5 survivors (5120K)
}
Event: 17.489 {heap After GC invocations=11 (full 0):
 garbage-first heap   total reserved 1890304K, committed 75776K, used 33312K [0x000000008ca00000, 0x0000000100000000)
  region size 1024K, 3 young (3072K), 3 survivors (3072K)
}
Event: 18.641 {heap Before GC invocations=12 (full 0):
 garbage-first heap   total reserved 1890304K, committed 75776K, used 66080K [0x000000008ca00000, 0x0000000100000000)
  region size 1024K, 35 young (35840K), 3 survivors (3072K)
}
Event: 18.646 {heap After GC invocations=13 (full 0):
 garbage-first heap   total reserved 1890304K, committed 75776K, used 36173K [0x000000008ca00000, 0x0000000100000000)
  region size 1024K, 5 young (5120K), 5 survivors (5120K)
}
Event: 19.213 {heap Before GC invocations=13 (full 0):
 garbage-first heap   total reserved 1890304K, committed 75776K, used 64845K [0x000000008ca00000, 0x0000000100000000)
  region size 1024K, 34 young (34816K), 5 survivors (5120K)
}
Event: 19.219 {heap After GC invocations=14 (full 0):
 garbage-first heap   total reserved 1890304K, committed 75776K, used 37899K [0x000000008ca00000, 0x0000000100000000)
  region size 1024K, 2 young (2048K), 2 survivors (2048K)
}
Event: 21.202 {heap Before GC invocations=14 (full 0):
 garbage-first heap   total reserved 1890304K, committed 75776K, used 67595K [0x000000008ca00000, 0x0000000100000000)
  region size 1024K, 31 young (31744K), 2 survivors (2048K)
}
Event: 21.211 {heap After GC invocations=15 (full 0):
 garbage-first heap   total reserved 1890304K, committed 75776K, used 40812K [0x000000008ca00000, 0x0000000100000000)
  region size 1024K, 4 young (4096K), 4 survivors (4096K)
}
Event: 22.208 {heap Before GC invocations=16 (full 0):
 garbage-first heap   total reserved 1890304K, committed 75776K, used 68460K [0x000000008ca00000, 0x0000000100000000)
  region size 1024K, 31 young (31744K), 4 survivors (4096K)
}
Event: 22.213 {heap After GC invocations=17 (full 0):
 garbage-first heap   total reserved 1890304K, committed 75776K, used 43182K [0x000000008ca00000, 0x0000000100000000)
  region size 1024K, 3 young (3072K), 3 survivors (3072K)
}
Event: 23.335 {heap Before GC invocations=17 (full 0):
 garbage-first heap   total reserved 1890304K, committed 75776K, used 67758K [0x000000008ca00000, 0x0000000100000000)
  region size 1024K, 27 young (27648K), 3 survivors (3072K)
}
Event: 23.339 {heap After GC invocations=18 (full 0):
 garbage-first heap   total reserved 1890304K, committed 75776K, used 46613K [0x000000008ca00000, 0x0000000100000000)
  region size 1024K, 4 young (4096K), 4 survivors (4096K)
}
Event: 635.749 {heap Before GC invocations=18 (full 0):
 garbage-first heap   total reserved 1890304K, committed 75776K, used 68117K [0x000000008ca00000, 0x0000000100000000)
  region size 1024K, 25 young (25600K), 4 survivors (4096K)
}
Event: 636.216 {heap After GC invocations=19 (full 0):
 garbage-first heap   total reserved 1890304K, committed 75776K, used 47686K [0x000000008ca00000, 0x0000000100000000)
  region size 1024K, 1 young (1024K), 1 survivors (1024K)
}
Event: 1621.636 {heap Before GC invocations=20 (full 0):
 garbage-first heap   total reserved 1890304K, committed 80896K, used 69190K [0x000000008ca00000, 0x0000000100000000)
  region size 1024K, 22 young (22528K), 1 survivors (1024K)
}
Event: 1621.838 {heap After GC invocations=21 (full 0):
 garbage-first heap   total reserved 1890304K, committed 80896K, used 47623K [0x000000008ca00000, 0x0000000100000000)
  region size 1024K, 1 young (1024K), 1 survivors (1024K)
}
Event: 2204.594 {heap Before GC invocations=21 (full 0):
 garbage-first heap   total reserved 1890304K, committed 80896K, used 73223K [0x000000008ca00000, 0x0000000100000000)
  region size 1024K, 27 young (27648K), 1 survivors (1024K)
}

Metaspace Usage History (20 events):
Event: 11.635 {metaspace After GC invocations=9 (full 0):
 Metaspace       used 47364K, committed 47808K, reserved 1114112K
  class space    used 5255K, committed 5440K, reserved 1048576K
}
Event: 13.262 {metaspace Before GC invocations=9 (full 0):
 Metaspace       used 56897K, committed 57280K, reserved 1114112K
  class space    used 6339K, committed 6528K, reserved 1048576K
}
Event: 13.267 {metaspace After GC invocations=10 (full 0):
 Metaspace       used 56897K, committed 57280K, reserved 1114112K
  class space    used 6339K, committed 6528K, reserved 1048576K
}
Event: 17.482 {metaspace Before GC invocations=10 (full 0):
 Metaspace       used 59687K, committed 60096K, reserved 1114112K
  class space    used 6623K, committed 6784K, reserved 1048576K
}
Event: 17.489 {metaspace After GC invocations=11 (full 0):
 Metaspace       used 59687K, committed 60096K, reserved 1114112K
  class space    used 6623K, committed 6784K, reserved 1048576K
}
Event: 18.641 {metaspace Before GC invocations=12 (full 0):
 Metaspace       used 65769K, committed 66240K, reserved 1114112K
  class space    used 7643K, committed 7872K, reserved 1048576K
}
Event: 18.646 {metaspace After GC invocations=13 (full 0):
 Metaspace       used 65769K, committed 66240K, reserved 1114112K
  class space    used 7643K, committed 7872K, reserved 1048576K
}
Event: 19.213 {metaspace Before GC invocations=13 (full 0):
 Metaspace       used 68651K, committed 69184K, reserved 1114112K
  class space    used 7990K, committed 8256K, reserved 1048576K
}
Event: 19.219 {metaspace After GC invocations=14 (full 0):
 Metaspace       used 68651K, committed 69184K, reserved 1114112K
  class space    used 7990K, committed 8256K, reserved 1048576K
}
Event: 21.202 {metaspace Before GC invocations=14 (full 0):
 Metaspace       used 72381K, committed 72960K, reserved 1114112K
  class space    used 8461K, committed 8704K, reserved 1048576K
}
Event: 21.211 {metaspace After GC invocations=15 (full 0):
 Metaspace       used 72381K, committed 72960K, reserved 1114112K
  class space    used 8461K, committed 8704K, reserved 1048576K
}
Event: 22.208 {metaspace Before GC invocations=16 (full 0):
 Metaspace       used 75037K, committed 75648K, reserved 1179648K
  class space    used 8811K, committed 9088K, reserved 1048576K
}
Event: 22.213 {metaspace After GC invocations=17 (full 0):
 Metaspace       used 75037K, committed 75648K, reserved 1179648K
  class space    used 8811K, committed 9088K, reserved 1048576K
}
Event: 23.335 {metaspace Before GC invocations=17 (full 0):
 Metaspace       used 79372K, committed 80000K, reserved 1179648K
  class space    used 9315K, committed 9600K, reserved 1048576K
}
Event: 23.339 {metaspace After GC invocations=18 (full 0):
 Metaspace       used 79372K, committed 80000K, reserved 1179648K
  class space    used 9315K, committed 9600K, reserved 1048576K
}
Event: 635.952 {metaspace Before GC invocations=18 (full 0):
 Metaspace       used 80502K, committed 81088K, reserved 1179648K
  class space    used 9471K, committed 9728K, reserved 1048576K
}
Event: 636.216 {metaspace After GC invocations=19 (full 0):
 Metaspace       used 80502K, committed 81088K, reserved 1179648K
  class space    used 9471K, committed 9728K, reserved 1048576K
}
Event: 1621.636 {metaspace Before GC invocations=20 (full 0):
 Metaspace       used 80239K, committed 81088K, reserved 1179648K
  class space    used 9398K, committed 9728K, reserved 1048576K
}
Event: 1621.838 {metaspace After GC invocations=21 (full 0):
 Metaspace       used 80239K, committed 81088K, reserved 1179648K
  class space    used 9398K, committed 9728K, reserved 1048576K
}
Event: 2204.594 {metaspace Before GC invocations=21 (full 0):
 Metaspace       used 83237K, committed 83776K, reserved 1179648K
  class space    used 9772K, committed 10048K, reserved 1048576K
}

Dll operation events (10 events):
Event: 0.011 Loaded shared library C:\Program Files\Java\jdk-25\bin\java.dll
Event: 0.249 Loaded shared library C:\Program Files\Java\jdk-25\bin\net.dll
Event: 0.253 Loaded shared library C:\Program Files\Java\jdk-25\bin\nio.dll
Event: 0.260 Loaded shared library C:\Program Files\Java\jdk-25\bin\zip.dll
Event: 0.469 Loaded shared library C:\Program Files\Java\jdk-25\bin\jimage.dll
Event: 0.994 Loaded shared library C:\Program Files\Java\jdk-25\bin\management.dll
Event: 1.000 Loaded shared library C:\Program Files\Java\jdk-25\bin\management_ext.dll
Event: 2.791 Loaded shared library C:\Program Files\Java\jdk-25\bin\sunmscapi.dll
Event: 7.762 Loaded shared library C:\Program Files\Java\jdk-25\bin\verify.dll
Event: 8.145 Loaded shared library C:\Program Files\Java\jdk-25\bin\extnet.dll

Deoptimization events (6 events):
Event: 5.356 Thread 0x000001bbe1a5d610 DEOPT PACKING pc=0x000001bbd4dc3b2c sp=0x000000767bdfc640
Event: 5.356 Thread 0x000001bbe1a5d610 DEOPT UNPACKING pc=0x000001bbd4b31702 sp=0x000000767bdfbb38 mode 0
Event: 17.595 Thread 0x000001bbe1a5d610 DEOPT PACKING pc=0x000001bbd4f4b3e2 sp=0x000000767bdfbeb0
Event: 17.595 Thread 0x000001bbe1a5d610 DEOPT UNPACKING pc=0x000001bbd4b31702 sp=0x000000767bdfb3b8 mode 3
Event: 17.806 Thread 0x000001bbe1a5d610 DEOPT PACKING pc=0x000001bbd4ee9b0c sp=0x000000767bdfc300
Event: 17.806 Thread 0x000001bbe1a5d610 DEOPT UNPACKING pc=0x000001bbd4b31702 sp=0x000000767bdfb858 mode 0

Classes loaded (20 events):
Event: 1866.075 Loading class java/util/concurrent/Semaphore$Sync done
Event: 1866.076 Loading class java/util/concurrent/Semaphore$NonfairSync done
Event: 1866.081 Loading class sun/nio/ch/SocketAdaptor
Event: 1866.125 Loading class sun/nio/ch/SocketAdaptor done
Event: 1866.127 Loading class sun/nio/ch/SocketChannelImpl$DefaultOptionsHolder
Event: 1866.132 Loading class sun/nio/ch/SocketChannelImpl$DefaultOptionsHolder done
Event: 1866.150 Loading class sun/nio/ch/SelectionKeyImpl
Event: 1866.166 Loading class java/nio/channels/spi/AbstractSelectionKey
Event: 1866.170 Loading class java/nio/channels/SelectionKey
Event: 1866.178 Loading class java/nio/channels/SelectionKey done
Event: 1866.178 Loading class java/nio/channels/spi/AbstractSelectionKey done
Event: 1866.178 Loading class sun/nio/ch/SelectionKeyImpl done
Event: 1866.191 Loading class java/lang/invoke/ConstantBootstraps
Event: 1866.210 Loading class java/lang/invoke/ConstantBootstraps done
Event: 1866.995 Loading class java/security/SecurityPermission
Event: 1866.996 Loading class java/security/SecurityPermission done
Event: 1869.432 Loading class java/util/stream/LongStream
Event: 1869.434 Loading class java/util/stream/LongStream done
Event: 1869.434 Loading class java/util/stream/DoubleStream
Event: 1869.435 Loading class java/util/stream/DoubleStream done

Classes unloaded (20 events):
Event: 637.104 Thread 0x000001bbdc9e2cd0 Unloading class 0x0000000033355000 'java/lang/invoke/LambdaForm$BMH+0x0000000033355000'
Event: 637.105 Thread 0x000001bbdc9e2cd0 Unloading class 0x000000003334c400 'java/lang/invoke/LambdaForm$MH+0x000000003334c400'
Event: 637.105 Thread 0x000001bbdc9e2cd0 Unloading class 0x000000003334c000 'java/lang/invoke/LambdaForm$MH+0x000000003334c000'
Event: 637.105 Thread 0x000001bbdc9e2cd0 Unloading class 0x0000000033344400 'java/lang/invoke/LambdaForm$MH+0x0000000033344400'
Event: 637.107 Thread 0x000001bbdc9e2cd0 Unloading class 0x0000000033330000 'java/lang/invoke/LambdaForm$MH+0x0000000033330000'
Event: 637.107 Thread 0x000001bbdc9e2cd0 Unloading class 0x000000003332c800 'java/lang/invoke/LambdaForm$MH+0x000000003332c800'
Event: 637.107 Thread 0x000001bbdc9e2cd0 Unloading class 0x000000003332c400 'java/lang/invoke/LambdaForm$MH+0x000000003332c400'
Event: 637.108 Thread 0x000001bbdc9e2cd0 Unloading class 0x000000003330c000 'java/lang/invoke/LambdaForm$DMH+0x000000003330c000'
Event: 637.108 Thread 0x000001bbdc9e2cd0 Unloading class 0x000000003329c000 'java/lang/invoke/LambdaForm$DMH+0x000000003329c000'
Event: 637.110 Thread 0x000001bbdc9e2cd0 Unloading class 0x000000003323c000 'java/lang/invoke/LambdaForm$DMH+0x000000003323c000'
Event: 637.112 Thread 0x000001bbdc9e2cd0 Unloading class 0x0000000033200400 'java/lang/invoke/LambdaForm$DMH+0x0000000033200400'
Event: 637.112 Thread 0x000001bbdc9e2cd0 Unloading class 0x0000000033190000 'java/lang/invoke/LambdaForm$MH+0x0000000033190000'
Event: 637.113 Thread 0x000001bbdc9e2cd0 Unloading class 0x000000003316c000 'java/lang/invoke/LambdaForm$MH+0x000000003316c000'
Event: 637.114 Thread 0x000001bbdc9e2cd0 Unloading class 0x0000000033100800 'java/lang/invoke/LambdaForm$DMH+0x0000000033100800'
Event: 637.114 Thread 0x000001bbdc9e2cd0 Unloading class 0x00000000330a8c00 'java/lang/invoke/LambdaForm$MH+0x00000000330a8c00'
Event: 637.114 Thread 0x000001bbdc9e2cd0 Unloading class 0x00000000330a8800 'java/lang/invoke/LambdaForm$MH+0x00000000330a8800'
Event: 637.114 Thread 0x000001bbdc9e2cd0 Unloading class 0x0000000033071400 'java/lang/invoke/LambdaForm$MH+0x0000000033071400'
Event: 637.114 Thread 0x000001bbdc9e2cd0 Unloading class 0x0000000033071000 'java/lang/invoke/LambdaForm$MH+0x0000000033071000'
Event: 637.114 Thread 0x000001bbdc9e2cd0 Unloading class 0x0000000033070000 'java/lang/invoke/LambdaForm$MH+0x0000000033070000'
Event: 637.115 Thread 0x000001bbdc9e2cd0 Unloading class 0x000000003304d000 'java/lang/invoke/LambdaForm$BMH+0x000000003304d000'

Classes redefined (0 events):
No events

Internal exceptions (20 events):
Event: 21.937 Thread 0x000001bbe1a5d610 Exception <a 'java/lang/NoSuchMethodError'{0x000000008fa47b88}: 'java.lang.Object java.lang.invoke.DirectMethodHandle$Holder.newInvokeSpecial(java.lang.Object, java.lang.Object, int, java.lang.Object, java.lang.Object)'> (0x000000008fa47b88) 
thrown [s\open\src\hotspot\share\interpreter\linkResolver.cpp, line 804]
Event: 21.938 Thread 0x000001bbe1a5d610 Exception <a 'java/lang/NoSuchMethodError'{0x000000008fa60928}: 'java.lang.Object java.lang.invoke.DirectMethodHandle$Holder.invokeSpecial(java.lang.Object, java.lang.Object, int, java.lang.Object, int, java.lang.Object)'> (0x000000008fa60928) 
thrown [s\open\src\hotspot\share\interpreter\linkResolver.cpp, line 804]
Event: 21.939 Thread 0x000001bbe1a5d610 Exception <a 'java/lang/NoSuchMethodError'{0x000000008fa711e8}: 'java.lang.Object java.lang.invoke.DirectMethodHandle$Holder.newInvokeSpecial(java.lang.Object, java.lang.Object, int, java.lang.Object, int)'> (0x000000008fa711e8) 
thrown [s\open\src\hotspot\share\interpreter\linkResolver.cpp, line 804]
Event: 21.940 Thread 0x000001bbe1a5d610 Exception <a 'java/lang/NoSuchMethodError'{0x000000008fa79b48}: 'java.lang.Object java.lang.invoke.DirectMethodHandle$Holder.invokeSpecial(java.lang.Object, java.lang.Object, java.lang.Object, int, java.lang.Object, int)'> (0x000000008fa79b48) 
thrown [s\open\src\hotspot\share\interpreter\linkResolver.cpp, line 804]
Event: 22.111 Thread 0x000001bbe1a5d610 Exception <a 'java/lang/IncompatibleClassChangeError'{0x000000008f88f0f8}: Found class java.lang.Object, but interface was expected> (0x000000008f88f0f8) 
thrown [s\open\src\hotspot\share\interpreter\linkResolver.cpp, line 871]
Event: 23.360 Thread 0x000001bbe1a5d610 Exception <a 'java/lang/NoSuchMethodError'{0x00000000fff90428}: 'java.lang.Object java.lang.invoke.DelegatingMethodHandle$Holder.reinvoke_L(java.lang.Object, int, int, long, java.lang.Object, long, long, long)'> (0x00000000fff90428) 
thrown [s\open\src\hotspot\share\interpreter\linkResolver.cpp, line 804]
Event: 23.363 Thread 0x000001bbe1a5d610 Exception <a 'java/lang/NoSuchMethodError'{0x00000000fffd4920}: 'java.lang.Object java.lang.invoke.DelegatingMethodHandle$Holder.reinvoke_L(java.lang.Object, java.lang.Object, java.lang.Object, java.lang.Object, java.lang.Object, java.lang.Object, java.lang.Object, java.lang.Object, java.lang.Object, java.lang.Object, java.lang.Object, java.lang.Object, java.lang.Object, java.lang.Object, int, java.lang.Object, java.lang.Object, java.lang.Object, java.lang.Object, java.lang.Object, java.lang.Object, java.l
Event: 23.368 Thread 0x000001bbe1a5d610 Exception <a 'java/lang/NoSuchMethodError'{0x0000000093d4ff80}: 'java.lang.Object java.lang.invoke.DirectMethodHandle$Holder.invokeStatic(java.lang.Object, java.lang.Object, java.lang.Object, java.lang.Object, java.lang.Object, java.lang.Object, java.lang.Object, java.lang.Object, java.lang.Object, java.lang.Object, java.lang.Object, java.lang.Object, java.lang.Object)'> (0x0000000093d4ff80) 
thrown [s\open\src\hotspot\share\interpreter\linkResolver.cpp, line 804]
Event: 23.370 Thread 0x000001bbe1a5d610 Exception <a 'java/lang/NoSuchMethodError'{0x0000000093d7b530}: 'java.lang.Object java.lang.invoke.DirectMethodHandle$Holder.invokeStatic(java.lang.Object, java.lang.Object, java.lang.Object, java.lang.Object, java.lang.Object, java.lang.Object, java.lang.Object, java.lang.Object, java.lang.Object, java.lang.Object, java.lang.Object, java.lang.Object, java.lang.Object, java.lang.Object)'> (0x0000000093d7b530) 
thrown [s\open\src\hotspot\share\interpreter\linkResolver.cpp, line 804]
Event: 23.372 Thread 0x000001bbe1a5d610 Exception <a 'java/lang/NoSuchMethodError'{0x0000000093da10f8}: 'java.lang.Object java.lang.invoke.DelegatingMethodHandle$Holder.reinvoke_L(java.lang.Object, java.lang.Object, java.lang.Object, java.lang.Object, java.lang.Object, java.lang.Object, java.lang.Object, java.lang.Object, java.lang.Object, java.lang.Object, java.lang.Object, java.lang.Object, java.lang.Object, java.lang.Object, java.lang.Object, java.lang.Object, java.lang.Object, java.lang.Object, java.lang.Object, java.lang.Object, java.lang.O
Event: 23.512 Thread 0x000001bbe3a447e0 Exception <a 'java/lang/NoSuchMethodError'{0x0000000090c1abb0}: 'long java.lang.invoke.DelegatingMethodHandle$Holder.reinvoke_L(java.lang.Object, java.lang.Object)'> (0x0000000090c1abb0) 
thrown [s\open\src\hotspot\share\interpreter\linkResolver.cpp, line 804]
Event: 1706.432 Thread 0x000001bbe3bd1890 Exception <a 'java/net/SocketException'{0x0000000093d621c8}: Connection reset by peer: shutdown> (0x0000000093d621c8) 
thrown [s\open\src\hotspot\share\prims\jni.cpp, line 534]
Event: 1785.357 Thread 0x000001bbe3bd2830 Exception <a 'java/io/FileNotFoundException'{0x0000000092224880}> (0x0000000092224880) 
thrown [s\open\src\hotspot\share\prims\jni.cpp, line 516]
Event: 1803.004 Thread 0x000001bbdca07a10 Exception <a 'java/io/FileNotFoundException'{0x00000000912415d0}> (0x00000000912415d0) 
thrown [s\open\src\hotspot\share\prims\jni.cpp, line 516]
Event: 1822.974 Thread 0x000001bbe3a3ea20 Exception <a 'java/lang/NoSuchMethodError'{0x00000000912dddb0}: 'void java.lang.invoke.DirectMethodHandle$Holder.invokeStatic(java.lang.Object, long, java.lang.Object)'> (0x00000000912dddb0) 
thrown [s\open\src\hotspot\share\interpreter\linkResolver.cpp, line 804]
Event: 1866.717 Thread 0x000001bbe3a43070 Exception <a 'java/lang/NoSuchMethodError'{0x0000000090f14ac8}: 'java.lang.Object java.lang.invoke.DirectMethodHandle$Holder.invokeSpecial(java.lang.Object, java.lang.Object, java.lang.Object, java.lang.Object, java.lang.Object, long)'> (0x0000000090f14ac8) 
thrown [s\open\src\hotspot\share\interpreter\linkResolver.cpp, line 804]
Event: 1866.723 Thread 0x000001bbe3a43070 Exception <a 'java/lang/NoSuchMethodError'{0x0000000090f1d488}: 'java.lang.Object java.lang.invoke.DirectMethodHandle$Holder.invokeSpecial(java.lang.Object, java.lang.Object, java.lang.Object, java.lang.Object, java.lang.Object, java.lang.Object, long)'> (0x0000000090f1d488) 
thrown [s\open\src\hotspot\share\interpreter\linkResolver.cpp, line 804]
Event: 1866.724 Thread 0x000001bbe3a43070 Exception <a 'java/lang/NoSuchMethodError'{0x0000000090f25838}: 'java.lang.Object java.lang.invoke.DelegatingMethodHandle$Holder.reinvoke_L(java.lang.Object, java.lang.Object, java.lang.Object, java.lang.Object, java.lang.Object, long)'> (0x0000000090f25838) 
thrown [s\open\src\hotspot\share\interpreter\linkResolver.cpp, line 804]
Event: 1866.736 Thread 0x000001bbe3a43070 Exception <a 'java/lang/NoSuchMethodError'{0x0000000090f35f10}: 'java.lang.Object java.lang.invoke.Invokers$Holder.linkToTargetMethod(java.lang.Object, java.lang.Object, java.lang.Object, long, java.lang.Object)'> (0x0000000090f35f10) 
thrown [s\open\src\hotspot\share\interpreter\linkResolver.cpp, line 804]
Event: 1869.095 Thread 0x000001bbe3a43070 Exception <a 'java/lang/IncompatibleClassChangeError'{0x0000000090672038}: Found class java.lang.Object, but interface was expected> (0x0000000090672038) 
thrown [s\open\src\hotspot\share\interpreter\linkResolver.cpp, line 871]

VM Operations (20 events):
Event: 636.219 Executing safepoint VM operation: G1CollectForAllocation (G1 Evacuation Pause) done
Event: 637.053 Executing safepoint VM operation: G1PauseRemark
Event: 638.521 Executing safepoint VM operation: G1PauseRemark done
Event: 638.999 Executing safepoint VM operation: G1PauseCleanup
Event: 639.026 Executing safepoint VM operation: G1PauseCleanup done
Event: 1621.615 Executing safepoint VM operation: G1CollectForAllocation (G1 Evacuation Pause)
Event: 1621.838 Executing safepoint VM operation: G1CollectForAllocation (G1 Evacuation Pause) done
Event: 1866.904 Executing non-safepoint VM operation: HandshakeAllThreads (Deoptimize)
Event: 1866.906 Executing non-safepoint VM operation: HandshakeAllThreads (Deoptimize) done
Event: 1867.643 Executing non-safepoint VM operation: HandshakeAllThreads (Deoptimize)
Event: 1867.644 Executing non-safepoint VM operation: HandshakeAllThreads (Deoptimize) done
Event: 1869.324 Executing non-safepoint VM operation: HandshakeAllThreads (Deoptimize)
Event: 1869.324 Executing non-safepoint VM operation: HandshakeAllThreads (Deoptimize) done
Event: 1869.352 Executing non-safepoint VM operation: HandshakeAllThreads (Deoptimize)
Event: 1869.352 Executing non-safepoint VM operation: HandshakeAllThreads (Deoptimize) done
Event: 1924.336 Executing non-safepoint VM operation: HandshakeAllThreads (HandshakeForDeflation)
Event: 1924.336 Executing non-safepoint VM operation: HandshakeAllThreads (HandshakeForDeflation) done
Event: 1924.336 Executing non-safepoint VM operation: RendezvousGCThreads
Event: 1924.336 Executing non-safepoint VM operation: RendezvousGCThreads done
Event: 2204.591 Executing safepoint VM operation: G1CollectForAllocation (G1 Evacuation Pause)

Memory protections (0 events):
No events

Nmethod flushes (20 events):
Event: 638.372 Thread 0x000001bbdc9e2cd0 flushing  nmethod 0x000001bbd4fc1988
Event: 638.372 Thread 0x000001bbdc9e2cd0 flushing  nmethod 0x000001bbd5083f08
Event: 638.373 Thread 0x000001bbdc9e2cd0 flushing  nmethod 0x000001bbd5249008
Event: 638.374 Thread 0x000001bbdc9e2cd0 flushing  nmethod 0x000001bbd5051188
Event: 638.375 Thread 0x000001bbdc9e2cd0 flushing  nmethod 0x000001bbd50b7908
Event: 638.375 Thread 0x000001bbdc9e2cd0 flushing  nmethod 0x000001bbd51e6e08
Event: 638.378 Thread 0x000001bbdc9e2cd0 flushing  nmethod 0x000001bbd4dd9d88
Event: 638.378 Thread 0x000001bbdc9e2cd0 flushing  nmethod 0x000001bbd4ee9688
Event: 638.378 Thread 0x000001bbdc9e2cd0 flushing  nmethod 0x000001bbd4fdf188
Event: 638.380 Thread 0x000001bbdc9e2cd0 flushing  nmethod 0x000001bbd50fd508
Event: 638.381 Thread 0x000001bbdc9e2cd0 flushing  nmethod 0x000001bbd5183708
Event: 638.382 Thread 0x000001bbdc9e2cd0 flushing  nmethod 0x000001bbd51f7788
Event: 638.383 Thread 0x000001bbdc9e2cd0 flushing  nmethod 0x000001bbd51f7d88
Event: 638.383 Thread 0x000001bbdc9e2cd0 flushing  nmethod 0x000001bbd4dd7288
Event: 638.383 Thread 0x000001bbdc9e2cd0 flushing  nmethod 0x000001bbd50b0388
Event: 638.383 Thread 0x000001bbdc9e2cd0 flushing  nmethod 0x000001bbd51de908
Event: 638.383 Thread 0x000001bbdc9e2cd0 flushing  nmethod 0x000001bbd5206508
Event: 638.384 Thread 0x000001bbdc9e2cd0 flushing  nmethod 0x000001bbd52ae108
Event: 638.384 Thread 0x000001bbdc9e2cd0 flushing  nmethod 0x000001bbd51ff288
Event: 638.386 Thread 0x000001bbdc9e2cd0 flushing  nmethod 0x000001bbd524f888

Events (20 events):
Event: 1785.117 Thread 0x000001bbdca133c0 Thread added: 0x000001bbdca80d30
Event: 1789.964 Thread 0x000001bbe3bcbad0 Thread exited: 0x000001bbe3bcbad0
Event: 1791.250 Thread 0x000001bbdca80d30 Thread exited: 0x000001bbdca80d30
Event: 1791.257 Thread 0x000001bbe3bd2830 Thread exited: 0x000001bbe3bd2830
Event: 1802.195 Thread 0x000001bbe221e2a0 Thread added: 0x000001bbdca0b0c0
Event: 1802.195 Thread 0x000001bbe221e2a0 Thread added: 0x000001bbdca07a10
Event: 1802.839 Thread 0x000001bbdca133c0 Thread added: 0x000001bbdca81d50
Event: 1807.595 Thread 0x000001bbdca0b0c0 Thread exited: 0x000001bbdca0b0c0
Event: 1808.863 Thread 0x000001bbdca81d50 Thread exited: 0x000001bbdca81d50
Event: 1808.876 Thread 0x000001bbdca07a10 Thread exited: 0x000001bbdca07a10
Event: 1869.070 Thread 0x000001bbdca133c0 Thread added: 0x000001bbdca83580
Event: 1874.578 Thread 0x000001bbdca83580 Thread exited: 0x000001bbdca83580
Event: 1886.912 Thread 0x000001bbdca133c0 Thread added: 0x000001bbdca845a0
Event: 1886.912 Thread 0x000001bbdca133c0 Thread added: 0x000001bbdca82d70
Event: 1891.915 Thread 0x000001bbdca82d70 Thread exited: 0x000001bbdca82d70
Event: 1896.921 Thread 0x000001bbdca845a0 Thread exited: 0x000001bbdca845a0
Event: 1916.737 Thread 0x000001bbdca133c0 Thread added: 0x000001bbdca82d70
Event: 1921.959 Thread 0x000001bbdca82d70 Thread exited: 0x000001bbdca82d70
Event: 2127.214 Thread 0x000001bbdca133c0 Thread added: 0x000001bbdca845a0
Event: 2132.285 Thread 0x000001bbdca845a0 Thread exited: 0x000001bbdca845a0


Dynamic libraries:
0x00007ff691860000 - 0x00007ff691870000 	C:\Program Files\Java\jdk-25\bin\java.exe
0x00007ffbf2e60000 - 0x00007ffbf30c6000 	C:\WINDOWS\SYSTEM32\ntdll.dll
0x00007ffbf0bd0000 - 0x00007ffbf0c99000 	C:\WINDOWS\System32\KERNEL32.DLL
0x00007ffbf0210000 - 0x00007ffbf060e000 	C:\WINDOWS\System32\KERNELBASE.dll
0x00007ffbf00b0000 - 0x00007ffbf01fc000 	C:\WINDOWS\System32\ucrtbase.dll
0x00007ffbe3d20000 - 0x00007ffbe3d3e000 	C:\Program Files\Java\jdk-25\bin\VCRUNTIME140.dll
0x00007ffbe3d40000 - 0x00007ffbe3d57000 	C:\Program Files\Java\jdk-25\bin\jli.dll
0x00007ffbf23e0000 - 0x00007ffbf25a7000 	C:\WINDOWS\System32\USER32.dll
0x00007ffbdc520000 - 0x00007ffbdc7b2000 	C:\WINDOWS\WinSxS\amd64_microsoft.windows.common-controls_6595b64144ccf1df_6.0.26100.8875_none_3e0d5d42e32fe9dd\COMCTL32.dll
0x00007ffbf0080000 - 0x00007ffbf00a7000 	C:\WINDOWS\System32\win32u.dll
0x00007ffbf0ca0000 - 0x00007ffbf0d49000 	C:\WINDOWS\System32\msvcrt.dll
0x00007ffbf0ba0000 - 0x00007ffbf0bcb000 	C:\WINDOWS\System32\GDI32.dll
0x00007ffbf0620000 - 0x00007ffbf074a000 	C:\WINDOWS\System32\gdi32full.dll
0x00007ffbf0ae0000 - 0x00007ffbf0b83000 	C:\WINDOWS\System32\msvcp_win.dll
0x00007ffbf0dc0000 - 0x00007ffbf0df2000 	C:\WINDOWS\System32\IMM32.DLL
0x00007ffbe4e30000 - 0x00007ffbe4e3c000 	C:\Program Files\Java\jdk-25\bin\vcruntime140_1.dll
0x00007ffbb0a20000 - 0x00007ffbb0aad000 	C:\Program Files\Java\jdk-25\bin\msvcp140.dll
0x00007ffb22060000 - 0x00007ffb22ebf000 	C:\Program Files\Java\jdk-25\bin\server\jvm.dll
0x00007ffbf0e00000 - 0x00007ffbf0eb7000 	C:\WINDOWS\System32\ADVAPI32.dll
0x00007ffbf2d60000 - 0x00007ffbf2e0a000 	C:\WINDOWS\System32\sechost.dll
0x00007ffbf27b0000 - 0x00007ffbf28c8000 	C:\WINDOWS\System32\RPCRT4.dll
0x00007ffbf16a0000 - 0x00007ffbf1720000 	C:\WINDOWS\System32\WS2_32.dll
0x00007ffbefee0000 - 0x00007ffbeff3e000 	C:\WINDOWS\SYSTEM32\POWRPROF.dll
0x00007ffbe6220000 - 0x00007ffbe6256000 	C:\WINDOWS\SYSTEM32\WINMM.dll
0x00007ffbde460000 - 0x00007ffbde46b000 	C:\WINDOWS\SYSTEM32\VERSION.dll
0x00007ffbefeb0000 - 0x00007ffbefec4000 	C:\WINDOWS\SYSTEM32\UMPDC.dll
0x00007ffbeed60000 - 0x00007ffbeed7b000 	C:\WINDOWS\SYSTEM32\kernel.appcore.dll
0x00007ffbe1b30000 - 0x00007ffbe1b3a000 	C:\Program Files\Java\jdk-25\bin\jimage.dll
0x00007ffbed720000 - 0x00007ffbed962000 	C:\WINDOWS\SYSTEM32\DBGHELP.DLL
0x00007ffbf1730000 - 0x00007ffbf1ab3000 	C:\WINDOWS\System32\combase.dll
0x00007ffbf25b0000 - 0x00007ffbf2689000 	C:\WINDOWS\System32\OLEAUT32.dll
0x00007ffbdc7c0000 - 0x00007ffbdc7fb000 	C:\WINDOWS\SYSTEM32\dbgcore.DLL
0x00007ffbf0a20000 - 0x00007ffbf0acc000 	C:\WINDOWS\System32\bcryptPrimitives.dll
0x00007ffbe11e0000 - 0x00007ffbe11ff000 	C:\Program Files\Java\jdk-25\bin\java.dll
0x00007ffbf28d0000 - 0x00007ffbf2a69000 	C:\WINDOWS\System32\ole32.dll
0x00007ffbf1bb0000 - 0x00007ffbf2342000 	C:\WINDOWS\System32\SHELL32.dll
0x00007ffbed970000 - 0x00007ffbee202000 	C:\WINDOWS\SYSTEM32\windows.storage.dll
0x00007ffbf15a0000 - 0x00007ffbf1697000 	C:\WINDOWS\System32\SHCORE.dll
0x00007ffbf0d50000 - 0x00007ffbf0db7000 	C:\WINDOWS\System32\shlwapi.dll
0x00007ffbeffa0000 - 0x00007ffbeffc9000 	C:\WINDOWS\SYSTEM32\profapi.dll
0x00007ffbd7300000 - 0x00007ffbd7312000 	C:\Program Files\Java\jdk-25\bin\net.dll
0x00007ffbef310000 - 0x00007ffbef37c000 	C:\WINDOWS\system32\mswsock.dll
0x00007ffbd6580000 - 0x00007ffbd6596000 	C:\Program Files\Java\jdk-25\bin\nio.dll
0x00007ffbd3850000 - 0x00007ffbd3867000 	C:\Program Files\Java\jdk-25\bin\zip.dll
0x00007ffbe1610000 - 0x00007ffbe161a000 	C:\Program Files\Java\jdk-25\bin\management.dll
0x00007ffbe15d0000 - 0x00007ffbe15dc000 	C:\Program Files\Java\jdk-25\bin\management_ext.dll
0x00007ffbf23a0000 - 0x00007ffbf23a8000 	C:\WINDOWS\System32\PSAPI.DLL
0x00007ffbee6b0000 - 0x00007ffbee6e3000 	C:\WINDOWS\SYSTEM32\IPHLPAPI.DLL
0x00007ffbf2e10000 - 0x00007ffbf2e1a000 	C:\WINDOWS\System32\NSI.dll
0x00007ffbee6f0000 - 0x00007ffbee846000 	C:\WINDOWS\SYSTEM32\DNSAPI.dll
0x00007ffbef110000 - 0x00007ffbef11d000 	C:\WINDOWS\SYSTEM32\DSPARSE.dll
0x00007ffbe5b60000 - 0x00007ffbe5b6b000 	C:\Windows\System32\rasadhlp.dll
0x00007ffbea650000 - 0x00007ffbea6d6000 	C:\WINDOWS\System32\fwpuclnt.dll
0x00007ffbdf8c0000 - 0x00007ffbdf8ce000 	C:\Program Files\Java\jdk-25\bin\sunmscapi.dll
0x00007ffbf0750000 - 0x00007ffbf08c8000 	C:\WINDOWS\System32\CRYPT32.dll
0x00007ffbef850000 - 0x00007ffbef880000 	C:\WINDOWS\SYSTEM32\ncrypt.dll
0x00007ffbef800000 - 0x00007ffbef83f000 	C:\WINDOWS\SYSTEM32\NTASN1.dll
0x00007ffbef610000 - 0x00007ffbef62b000 	C:\WINDOWS\SYSTEM32\CRYPTSP.dll
0x00007ffbeecc0000 - 0x00007ffbeecf9000 	C:\WINDOWS\system32\rsaenh.dll
0x00007ffbef3d0000 - 0x00007ffbef402000 	C:\WINDOWS\SYSTEM32\USERENV.dll
0x00007ffbeff70000 - 0x00007ffbeff9a000 	C:\WINDOWS\SYSTEM32\bcrypt.dll
0x00007ffbef630000 - 0x00007ffbef63c000 	C:\WINDOWS\SYSTEM32\CRYPTBASE.dll
0x00007ffbe19c0000 - 0x00007ffbe19d0000 	C:\Program Files\Java\jdk-25\bin\verify.dll
0x00007ffbd9b00000 - 0x00007ffbd9b09000 	C:\Program Files\Java\jdk-25\bin\extnet.dll
0x00007ffba9fb0000 - 0x00007ffba9fb8000 	C:\WINDOWS\system32\wshunix.dll

JVMTI agents: none

dbghelp: loaded successfully - version: 4.0.5 - missing functions: none
symbol engine: initialized successfully - sym options: 0x614 - pdb path: .;C:\Program Files\Java\jdk-25\bin;C:\WINDOWS\SYSTEM32;C:\WINDOWS\WinSxS\amd64_microsoft.windows.common-controls_6595b64144ccf1df_6.0.26100.8875_none_3e0d5d42e32fe9dd;C:\Program Files\Java\jdk-25\bin\server

VM Arguments:
jvm_args: -XX:TieredStopAtLevel=1 
java_command: com.example.m8_group_service.M8GroupServiceApplication
java_class_path (initial): C:\Users\gueva\Downloads\Grupos_front\m8_group_service\target\classes;C:\Users\gueva\.m2\repository\ch\qos\logback\logback-classic\1.4.14\logback-classic-1.4.14.jar;C:\Users\gueva\.m2\repository\ch\qos\logback\logback-core\1.4.14\logback-core-1.4.14.jar;C:\Users\gueva\.m2\repository\org\apache\logging\log4j\log4j-to-slf4j\2.21.1\log4j-to-slf4j-2.21.1.jar;C:\Users\gueva\.m2\repository\org\apache\logging\log4j\log4j-api\2.21.1\log4j-api-2.21.1.jar;C:\Users\gueva\.m2\repository\org\slf4j\jul-to-slf4j\2.0.13\jul-to-slf4j-2.0.13.jar;C:\Users\gueva\.m2\repository\jakarta\annotation\jakarta.annotation-api\2.1.1\jakarta.annotation-api-2.1.1.jar;C:\Users\gueva\.m2\repository\org\yaml\snakeyaml\2.2\snakeyaml-2.2.jar;C:\Users\gueva\.m2\repository\com\fasterxml\jackson\core\jackson-databind\2.15.4\jackson-databind-2.15.4.jar;C:\Users\gueva\.m2\repository\com\fasterxml\jackson\datatype\jackson-datatype-jdk8\2.15.4\jackson-datatype-jdk8-2.15.4.jar;C:\Users\gueva\.m2\repository\com\fasterxml\jackson\datatype\jackson-datatype-jsr310\2.15.4\jackson-datatype-jsr310-2.15.4.jar;C:\Users\gueva\.m2\repository\com\fasterxml\jackson\module\jackson-module-parameter-names\2.15.4\jackson-module-parameter-names-2.15.4.jar;C:\Users\gueva\.m2\repository\org\apache\tomcat\embed\tomcat-embed-core\10.1.20\tomcat-embed-core-10.1.20.jar;C:\Users\gueva\.m2\repository\org\apache\tomcat\embed\tomcat-embed-websocket\10.1.20\tomcat-embed-websocket-10.1.20.jar;C:\Users\gueva\.m2\repository\org\springframework\spring-web\6.1.6\spring-web-6.1.6.jar;C:\Users\gueva\.m2\repository\org\springframework\spring-beans\6.1.6\spring-beans-6.1.6.jar;C:\Users\gueva\.m2\repository\io\micrometer\micrometer-observation\1.12.5\micrometer-observation-1.12.5.jar;C:\Users\gueva\.m2\repository\io\micrometer\micrometer-commons\1.12.5\micrometer-commons-1.12.5.jar;C:\Users\gueva\.m2\repository\org\springframework\spring-webmvc\6.1.6\spring-webmvc-6.1.6.jar;C:\Users\gueva\.m2\repository\org\springframework\spring-context\6.1.6\spring-context-6.1.6.jar;C:\Users\gueva\.m2\repository\org\springframework\spring-expression\6.1.6\spring-expression-6.1.6.jar;C:\Users\gueva\.m2\repository\org\aspectj\aspectjweaver\1.9.22\aspectjweaver-1.9.22.jar;C:\Users\gueva\.m2\repository\com\zaxxer\HikariCP\5.0.1\HikariCP-5.0.1.jar;C:\Users\gueva\.m2\repository\org\springframework\spring-jdbc\6.1.6\spring-jdbc-6.1.6.jar;C:\Users\gueva\.m2\repository\org\hibernate\orm\hibernate-core\6.4.4.Final\hibernate-core-6.4.4.Final.jar;C:\Users\gueva\.m2\repository\jakarta\persistence\jakarta.persistence-api\3.1.0\jakarta.persistence-api-3.1.0.jar;C:\Users\gueva\.m2\repository\jakarta\transaction\jakarta.transaction-api\2.0.1\jakarta.transaction-api-2.0.1.jar;C:\Users\gueva\.m2\repository\org\jboss\logging\jboss-logging\3.5.3.Final\jboss-logging-3.5.3.Final.jar;C:\Users\gueva\.m2\repository\org\hibernate\common\hibernate-commons-annotations\6.0.6.Final\hibernate-commons-annotations-6.0.6.Final.jar;C:\Users\gueva\.m2\repository\io\smallrye\jandex\3.1.2\jandex-3.1.2.jar;C:\Users\gueva\.m2\repository\com\fasterxml\classmate\1.6.0\classmate-1.6.0.jar;C:\Users\gueva\.m2\repository\net\bytebuddy\byte-buddy\1.14.13\byte-buddy-1.14.13.jar;C:\Users\gueva\.m2\repository\org\glassfish\jaxb\jaxb-runtime\4.0.5\jaxb-runtime-4.0.5.jar;C:\Users\gueva\.m2\repository\org\glassfish\jaxb\jaxb-core\4.0.5\jaxb-core-4.0.5.jar;C:\Users\gueva\.m2\repository\org\eclipse\angus\angus-activation\2.0.2\angus-activation-2.0.2.jar;C:\Users\gueva\.m2\repository\org\glassfish\jaxb\txw2\4.0.5\txw2-4.0.5.jar;C:\Users\gueva\.m2\repository\com\sun\istack\istack-commons-runtime\4.1.2\istack-commons-runtime-4.1.2.jar;C:\Users\gueva\.m2\repository\jakarta\inject\jakarta.inject-api\2.0.1\jakarta.inject-api-2.0.1.jar;C:\Users\gueva\.m2\repository\org\antlr\antlr4-runtime\4.13.0\antlr4-runtime-4.13.0.jar;C:\Users\gueva\.m2\repository\org\springframework\data\spring-data-jpa\3.2.5\spring-data-jpa-3.2.5.jar;C:\Users\gueva\.m2\repository\org\springframework\data\spring-data-commons\3.2.5\spring-data-commons-3.2.5.jar;C:\Users\gueva\.m2\repository\org\springframework\spring-orm\6.1.6\spring-orm-6.1.6.jar;C:\Users\gueva\.m2\repository\org\springframework\spring-tx\6.1.6\spring-tx-6.1.6.jar;C:\Users\gueva\.m2\repository\org\slf4j\slf4j-api\2.0.13\slf4j-api-2.0.13.jar;C:\Users\gueva\.m2\repository\org\springframework\spring-aspects\6.1.6\spring-aspects-6.1.6.jar;C:\Users\gueva\.m2\repository\org\apache\tomcat\embed\tomcat-embed-el\10.1.20\tomcat-embed-el-10.1.20.jar;C:\Users\gueva\.m2\repository\org\hibernate\validator\hibernate-validator\8.0.1.Final\hibernate-validator-8.0.1.Final.jar;C:\Users\gueva\.m2\repository\jakarta\validation\jakarta.validation-api\3.0.2\jakarta.validation-api-3.0.2.jar;C:\Users\gueva\.m2\repository\org\springframework\spring-aop\6.1.6\spring-aop-6.1.6.jar;C:\Users\gueva\.m2\repository\org\springframework\security\spring-security-config\6.2.4\spring-security-config-6.2.4.jar;C:\Users\gueva\.m2\repository\org\springframework\security\spring-security-web\6.2.4\spring-security-web-6.2.4.jar;C:\Users\gueva\.m2\repository\org\springframework\cloud\spring-cloud-starter-netflix-eureka-client\4.1.1\spring-cloud-starter-netflix-eureka-client-4.1.1.jar;C:\Users\gueva\.m2\repository\org\springframework\cloud\spring-cloud-starter\4.1.2\spring-cloud-starter-4.1.2.jar;C:\Users\gueva\.m2\repository\org\springframework\cloud\spring-cloud-context\4.1.2\spring-cloud-context-4.1.2.jar;C:\Users\gueva\.m2\repository\org\springframework\cloud\spring-cloud-commons\4.1.2\spring-cloud-commons-4.1.2.jar;C:\Users\gueva\.m2\repository\org\springframework\security\spring-security-rsa\1.1.2\spring-security-rsa-1.1.2.jar;C:\Users\gueva\.m2\repository\org\bouncycastle\bcprov-jdk18on\1.77\bcprov-jdk18on-1.77.jar;C:\Users\gueva\.m2\repository\org\springframework\cloud\spring-cloud-netflix-eureka-client\4.1.1\spring-cloud-netflix-eureka-client-4.1.1.jar;C:\Users\gueva\.m2\repository\org\apache\httpcomponents\client5\httpclient5\5.2.3\httpclient5-5.2.3.jar;C:\Users\gueva\.m2\repository\org\apache\httpcomponents\core5\httpcore5\5.2.4\httpcore5-5.2.4.jar;C:\Users\gueva\.m2\repository\org\apache\httpcomponents\core5\httpcore5-h2\5.2.4\httpcore5-h2-5.2.4.jar;C:\Users\gueva\.m2\repository\com\netflix\eureka\eureka-client\2.0.2\eureka-client-2.0.2.jar;C:\Users\gueva\.m2\repository\com\netflix\netflix-commons\netflix-eventbus\0.3.0\netflix-eventbus-0.3.0.jar;C:\Users\gueva\.m2\repository\com\netflix\netflix-commons\netflix-infix\0.3.0\netflix-infix-0.3.0.jar;C:\Users\gueva\.m2\repository\commons-jxpath\commons-jxpath\1.3\commons-jxpath-1.3.jar;C:\Users\gueva\.m2\repository\joda-time\joda-time\2.3\joda-time-2.3.jar;C:\Users\gueva\.m2\repository\org\antlr\antlr-runtime\3.4\antlr-runtime-3.4.jar;C:\Users\gueva\.m2\repository\org\antlr\stringtemplate\3.2.1\stringtemplate-3.2.1.jar;C:\Users\gueva\.m2\repository\antlr\antlr\2.7.7\antlr-2.7.7.jar;C:\Users\gueva\.m2\repository\com\google\code\gson\gson\2.10.1\gson-2.10.1.jar;C:\Users\gueva\.m2\repository\org\apache\commons\commons-math\2.2\commons-math-2.2.jar;C:\Users\gueva\.m2\repository\com\thoughtworks\xstream\xstream\1.4.19\xstream-1.4.19.jar;C:\Users\gueva\.m2\repository\io\github\x-stream\mxparser\1.2.2\mxparser-1.2.2.jar;C:\Users\gueva\.m2\repository\xmlpull\xmlpull\1.1.3.1\xmlpull-1.1.3.1.jar;C:\Users\gueva\.m2\repository\jakarta\ws\rs\jakarta.ws.rs-api\3.1.0\jakarta.ws.rs-api-3.1.0.jar;C:\Users\gueva\.m2\repository\com\netflix\servo\servo-core\0.12.21\servo-core-0.12.21.jar;C:\Users\gueva\.m2\repository\com\google\guava\guava\19.0\guava-19.0.jar;C:\Users\gueva\.m2\repository\org\apache\httpcomponents\httpclient\4.5.3\httpclient-4.5.3.jar;C:\Users\gueva\.m2\repository\org\apache\httpcomponents\httpcore\4.4.16\httpcore-4.4.16.jar;C:\Users\gueva\.m2\repository\commons-codec\commons-codec\1.16.1\commons-codec-1.16.1.jar;C:\Users\gueva\.m2\repository\commons-configuration\commons-configuration\1.10\commons-configuration-1.10.jar;C:\Users\gueva\.m2\repository\commons-lang\commons-lang\2.6\commons-lang-2.6.jar;C:\Users\gueva\.m2\repository\com\fasterxml\jackson\core\jackson-annotations\2.15.4\jackson-annotations-2.15.4.jar;C:\Users\gueva\.m2\repository\com\fasterxml\jackson\core\jackson-core\2.15.4\jackson-core-2.15.4.jar;C:\Users\gueva\.m2\repository\org\codehaus\jettison\jettison\1.5.4\jettison-1.5.4.jar;C:\Users\gueva\.m2\repository\com\netflix\eureka\eureka-core\2.0.2\eureka-core-2.0.2.jar;C:\Users\gueva\.m2\repository\com\fasterxml\woodstox\woodstox-core\6.2.1\woodstox-core-6.2.1.jar;C:\Users\gueva\.m2\repository\org\codehaus\woodstox\stax2-api\4.2.1\stax2-api-4.2.1.jar;C:\Users\gueva\.m2\repository\org\springframework\cloud\spring-cloud-starter-loadbalancer\4.1.2\spring-cloud-starter-loadbalancer-4.1.2.jar;C:\Users\gueva\.m2\repository\org\springframework\cloud\spring-cloud-loadbalancer\4.1.2\spring-cloud-loadbalancer-4.1.2.jar;C:\Users\gueva\.m2\repository\io\projectreactor\reactor-core\3.6.5\reactor-core-3.6.5.jar;C:\Users\gueva\.m2\repository\org\reactivestreams\reactive-streams\1.0.4\reactive-streams-1.0.4.jar;C:\Users\gueva\.m2\repository\io\projectreactor\addons\reactor-extra\3.5.1\reactor-extra-3.5.1.jar;C:\Users\gueva\.m2\repository\org\springframework\spring-context-support\6.1.6\spring-context-support-6.1.6.jar;C:\Users\gueva\.m2\repository\com\stoyanr\evictor\1.0.0\evictor-1.0.0.jar;C:\Users\gueva\.m2\repository\org\springframework\boot\spring-boot-devtools\3.2.5\spring-boot-devtools-3.2.5.jar;C:\Users\gueva\.m2\repository\org\springframework\boot\spring-boot\3.2.5\spring-boot-3.2.5.jar;C:\Users\gueva\.m2\repository\org\springframework\boot\spring-boot-autoconfigure\3.2.5\spring-boot-autoconfigure-3.2.5.jar;C:\Users\gueva\.m2\repository\com\mysql\mysql-connector-j\8.3.0\mysql-connector-j-8.3.0.jar;C:\Users\gueva\.m2\repository\org\postgresql\postgresql\42.6.2\postgresql-42.6.2.jar;C:\Users\gueva\.m2\repository\org\checkerframework\checker-qual\3.31.0\checker-qual-3.31.0.jar;C:\Users\gueva\.m2\repository\jakarta\xml\bind\jakarta.xml.bind-api\4.0.2\jakarta.xml.bind-api-4.0.2.jar;C:\Users\gueva\.m2\repository\jakarta\activation\jakarta.activation-api\2.1.3\jakarta.activation-api-2.1.3.jar;C:\Users\gueva\.m2\repository\org\springframework\spring-core\6.1.6\spring-core-6.1.6.jar;C:\Users\gueva\.m2\repository\org\springframework\spring-jcl\6.1.6\spring-jcl-6.1.6.jar;C:\Users\gueva\.m2\repository\org\springframework\security\spring-security-core\6.2.4\spring-security-core-6.2.4.jar;C:\Users\gueva\.m2\repository\org\springframework\security\spring-security-crypto\6.2.4\spring-security-crypto-6.2.4.jar;C:\Users\gueva\.m2\repository\org\springdoc\springdoc-openapi-starter-webmvc-ui\2.5.0\springdoc-openapi-starter-webmvc-ui-2.5.0.jar;C:\Users\gueva\.m2\repository\org\springdoc\springdoc-openapi-starter-webmvc-api\2.5.0\springdoc-openapi-starter-webmvc-api-2.5.0.jar;C:\Users\gueva\.m2\repository\org\springdoc\springdoc-openapi-starter-common\2.5.0\springdoc-openapi-starter-common-2.5.0.jar;C:\Users\gueva\.m2\repository\io\swagger\core\v3\swagger-core-jakarta\2.2.21\swagger-core-jakarta-2.2.21.jar;C:\Users\gueva\.m2\repository\org\apache\commons\commons-lang3\3.13.0\commons-lang3-3.13.0.jar;C:\Users\gueva\.m2\repository\io\swagger\core\v3\swagger-annotations-jakarta\2.2.21\swagger-annotations-jakarta-2.2.21.jar;C:\Users\gueva\.m2\repository\io\swagger\core\v3\swagger-models-jakarta\2.2.21\swagger-models-jakarta-2.2.21.jar;C:\Users\gueva\.m2\repository\com\fasterxml\jackson\dataformat\jackson-dataformat-yaml\2.15.4\jackson-dataformat-yaml-2.15.4.jar;C:\Users\gueva\.m2\repository\org\webjars\swagger-ui\5.13.0\swagger-ui-5.13.0.jar
Launcher Type: SUN_STANDARD

[Global flags]
     intx CICompilerCount                          = 4                                         {product} {ergonomic}
     uint ConcGCThreads                            = 2                                         {product} {ergonomic}
     uint G1ConcRefinementThreads                  = 8                                         {product} {ergonomic}
   size_t G1HeapRegionSize                         = 1048576                                   {product} {ergonomic}
   size_t InitialHeapSize                          = 121634816                                 {product} {ergonomic}
   size_t MarkStackSize                            = 4194304                                   {product} {ergonomic}
   size_t MarkStackSizeMax                         = 536870912                                 {product} {ergonomic}
   size_t MaxHeapSize                              = 1935671296                                {product} {ergonomic}
   size_t MaxNewSize                               = 1160773632                                {product} {ergonomic}
   size_t MinHeapDeltaBytes                        = 1048576                                   {product} {ergonomic}
   size_t MinHeapSize                              = 8388608                                   {product} {ergonomic}
    uintx NonNMethodCodeHeapSize                   = 4096                                   {pd product} {ergonomic}
    uintx NonProfiledCodeHeapSize                  = 0                                      {pd product} {ergonomic}
     bool ProfileInterpreter                       = false                                  {pd product} {command line}
    uintx ProfiledCodeHeapSize                     = 0                                      {pd product} {ergonomic}
   size_t SoftMaxHeapSize                          = 1935671296                             {manageable} {ergonomic}
     intx TieredStopAtLevel                        = 1                                         {product} {command line}
     bool UseCompressedOops                        = true                           {product lp64_product} {ergonomic}
     bool UseG1GC                                  = true                                      {product} {ergonomic}
     bool UseLargePagesIndividualAllocation        = false                                  {pd product} {ergonomic}

Logging:
Log output configuration:
 #0: stdout all=warning uptime,level,tags foldmultilines=false
 #1: stderr all=off uptime,level,tags foldmultilines=false

Release file:
IMPLEMENTOR="Oracle Corporation" 
JAVA_RUNTIME_VERSION="25+37-LTS-3491" 
JAVA_VERSION="25" 
JAVA_VERSION_DATE="2025-09-16" 
LIBC="default" 
MODULES="java.base java.compiler java.datatransfer java.xml java.prefs java.desktop java.instrument java.logging java.management java.security.sasl java.naming java.rmi java.management.rmi java.net.http java.scripting java.security.jgss java.transaction.xa java.sql java.sql.rowset java.xml.crypto java.se java.smartcardio jdk.accessibility jdk.internal.jvmstat jdk.attach jdk.charsets jdk.internal.opt jdk.zipfs jdk.compiler jdk.crypto.cryptoki jdk.crypto.ec jdk.crypto.mscapi jdk.dynalink jdk.internal.ed jdk.editpad jdk.internal.vm.ci jdk.graal.compiler jdk.graal.compiler.management jdk.hotspot.agent jdk.httpserver jdk.incubator.vector jdk.internal.le jdk.internal.md jdk.jartool jdk.javadoc jdk.jcmd jdk.management jdk.management.agent jdk.jconsole jdk.jdeps jdk.jdwp.agent jdk.jdi jdk.jfr jdk.jlink jdk.jpackage jdk.jshell jdk.jsobject jdk.jstatd jdk.localedata jdk.management.jfr jdk.naming.dns jdk.naming.rmi jdk.net jdk.nio.mapmode jdk.sctp jdk.security.auth jdk.security.jgss jdk.unsupported jdk.unsupported.desktop jdk.xml.dom" 
OS_ARCH="x86_64" 
OS_NAME="Windows" 
SOURCE=".:git:49d6a23b8806 open:git:6c48f4ed707b" 

Environment Variables:
PATH=C:\Program Files\Common Files\Oracle\Java\javapath;C:\WINDOWS\system32;C:\WINDOWS;C:\WINDOWS\System32\Wbem;C:\WINDOWS\System32\WindowsPowerShell\v1.0\;C:\WINDOWS\System32\OpenSSH\;C:\Program Files\dotnet\;C:\Program Files\Java\jdk-25\bin;C:\Program Files\nodejs\;C:\xampp\php;C:\ProgramData\ComposerSetup\bin;C:\Program Files\Git\cmd;C:\Program Files (x86)\Microsoft SQL Server\160\Tools\Binn\;C:\Program Files\Microsoft SQL Server\160\Tools\Binn\;C:\Program Files\Microsoft SQL Server\Client SDK\ODBC\170\Tools\Binn\;C:\Program Files\Microsoft SQL Server\160\DTS\Binn\;C:\Program Files (x86)\Microsoft SQL Server\160\DTS\Binn\;C:\ProgramData\chocolatey\bin;C:\flutter\bin;;C:\Program Files\Docker\Docker\resources\bin;C:\Users\gueva\AppData\Local\Programs\Python\Launcher\;C:\Program Files\MySQL\MySQL Shell 8.0\bin\;C:\Users\gueva\AppData\Local\Microsoft\WindowsApps;C:\Users\gueva\AppData\Local\Programs\Microsoft VS Code\bin;C:\Program Files\Java\jdk-25\bin;C:\Users\gueva\AppData\Roaming\npm;C:\Users\gueva\AppData\Roaming\Composer\vendor\bin;C:\Users\gueva\AppData\Roaming\npm;C:\Users\gueva\AppData\Local\Python\bin;C:\Program Files\Git\bin;C:\Users\gueva\AppData\Local\Programs\mongosh\;C:\Program Files\MongoDB\Tools\100\bin;C:\Program Files\MongoDB\Server\8.2\bin;C:\flutter\bin;C:\Program Files\MySQL\MySQL Server 8.0\bin;C:\Program Files\Docker\Docker;
USERNAME=gueva
OS=Windows_NT
PROCESSOR_IDENTIFIER=AMD64 Family 23 Model 160 Stepping 0, AuthenticAMD
TMP=C:\Users\gueva\AppData\Local\Temp
TEMP=C:\Users\gueva\AppData\Local\Temp




Compilation memory statistics disabled.

Periodic native trim disabled

---------------  S Y S T E M  ---------------

OS:
 Windows 11 , 64 bit Build 26100 (10.0.26100.8875)
OS uptime: 0 days 17:33 hours
Hyper-V role detected

CPU: total 8 (initial active 8) (8 cores per cpu, 2 threads per core) family 23 model 160 stepping 0 microcode 0x8a0000b, cx8, cmov, fxsr, ht, mmx, 3dnowpref, sse, sse2, sse3, ssse3, sse4a, sse4.1, sse4.2, popcnt, lzcnt, tsc, tscinvbit, avx, avx2, aes, clmul, bmi1, bmi2, adx, sha, fma, vzeroupper, clflush, clflushopt, clwb, hv, rdtscp, rdpid, f16c
Processor Information for the first 8 processors :
  Max Mhz: 2801, Current Mhz: 2801, Mhz Limit: 2801

Memory: 4k page, system-wide physical 7379M (287M free)
TotalPageFile size 29907M (AvailPageFile size 183M)
current process WorkingSet (physical memory assigned to process): 77M, peak: 242M
current process commit charge ("private bytes"): 292M, peak: 293M

vm_info: Java HotSpot(TM) 64-Bit Server VM (25+37-LTS-3491) for windows-amd64 JRE (25+37-LTS-3491), built on 2025-08-14T21:13:00Z with unknown MS VC++:1943

END.
