#
# There is insufficient memory for the Java Runtime Environment to continue.
# Native memory allocation (mmap) failed to map 121634816 bytes. Error detail: G1 virtual space
# Possible reasons:
#   The system is out of physical RAM or swap space
#   This process is running with CompressedOops enabled, and the Java Heap may be blocking the growth of the native heap
# Possible solutions:
#   Reduce memory load on the system
#   Increase physical memory or swap space
#   Check if swap backing store is full
#   Decrease Java heap size (-Xmx/-Xms)
#   Decrease number of Java threads
#   Decrease Java thread stack sizes (-Xss)
#   Set larger code cache with -XX:ReservedCodeCacheSize=
#   JVM is running with Unscaled Compressed Oops mode in which the Java heap is
#     placed in the first 4GB address space. The Java Heap base address is the
#     maximum limit for the native heap growth. Please use -XX:HeapBaseMinAddress
#     to set the Java Heap base and to place the Java Heap above 4GB virtual address.
# This output file may be truncated or incomplete.
#
#  Out of Memory Error (os_windows.cpp:3554), pid=9456, tid=15332
#
# JRE version:  (25.0+37) (build )
# Java VM: Java HotSpot(TM) 64-Bit Server VM (25+37-LTS-3491, mixed mode, sharing, tiered, compressed oops, compressed class ptrs, g1 gc, windows-amd64)
# No core dump will be written. Minidumps are not enabled by default on client versions of Windows
#

---------------  S U M M A R Y ------------

Command Line: --enable-native-access=ALL-UNNAMED 

Host: AMD Ryzen 5 7520U with Radeon Graphics         , 8 cores, 7G,  Windows 11 , 64 bit Build 26100 (10.0.26100.8875)
Time: Sun Jul 19 18:12:09 2026 Hora estándar central (México) elapsed time: 1.160728 seconds (0d 0h 0m 1s)

---------------  T H R E A D  ---------------

Current thread (0x00000226766ff800):  JavaThread "Unknown thread" [_thread_in_vm, id=15332, stack(0x000000d4ce600000,0x000000d4ce700000) (1024K)]

Stack: [0x000000d4ce600000,0x000000d4ce700000]
Native frames: (J=compiled Java code, j=interpreted, Vv=VM code, C=native code)
V  [jvm.dll+0x7a6a39]  (no source info available)
V  [jvm.dll+0x7727ed]  (no source info available)
V  [jvm.dll+0x965f33]  (no source info available)
V  [jvm.dll+0x968531]  (no source info available)
V  [jvm.dll+0x968c33]  (no source info available)
V  [jvm.dll+0x2fc756]  (no source info available)
V  [jvm.dll+0x7a2c65]  (no source info available)
V  [jvm.dll+0x796077]  (no source info available)
V  [jvm.dll+0x3f4698]  (no source info available)
V  [jvm.dll+0x3fc5b6]  (no source info available)
V  [jvm.dll+0x3e8c8e]  (no source info available)
V  [jvm.dll+0x3e8f48]  (no source info available)
V  [jvm.dll+0x3c0045]  (no source info available)
V  [jvm.dll+0x3c0cce]  (no source info available)
V  [jvm.dll+0x92c647]  (no source info available)
V  [jvm.dll+0x458b62]  (no source info available)
V  [jvm.dll+0x90fff2]  (no source info available)
V  [jvm.dll+0x4f9001]  (no source info available)
V  [jvm.dll+0x4fa891]  (no source info available)
C  [jli.dll+0x543e]  (no source info available)
C  [ucrtbase.dll+0x2cd30]  (no source info available)
C  [KERNEL32.DLL+0x2e957]  (no source info available)
C  [ntdll.dll+0xaad6c]  (no source info available)

Lock stack of current Java thread (top to bottom):


---------------  P R O C E S S  ---------------

Threads class SMR info:
_java_thread_list=0x00007ffb22d55308, length=0, elements={
}

Java Threads: ( => current thread )
Total: 0

Other Threads:
  0x00000226767530a0 WorkerThread "GC Thread#0"                     [id=13912, stack(0x000000d4ce700000,0x000000d4ce800000) (1024K)]
  0x000002267676aa80 ConcurrentGCThread "G1 Main Marker"            [id=31980, stack(0x000000d4ce800000,0x000000d4ce900000) (1024K)]
  0x000002267676bdc0 WorkerThread "G1 Conc#0"                       [id=32204, stack(0x000000d4ce900000,0x000000d4cea00000) (1024K)]

[error occurred during error reporting (printing all threads), id 0xc0000005, EXCEPTION_ACCESS_VIOLATION (0xc0000005) at pc=0x00007ffb22434c2a]
VM state: not at safepoint (not fully initialized)

VM Mutex/Monitor currently owned by a thread:  ([mutex/lock_event])
[0x00007ffb22dd9628] Heap_lock - owner thread: 0x00000226766ff800

Heap address: 0x000000008ca00000, size: 1846 MB, Compressed Oops mode: 32-bit

CDS archive(s) mapped at: [0x0000000000000000-0x0000000000000000-0x0000000000000000), size 0, SharedBaseAddress: 0x0000000800000000, ArchiveRelocationMode: 1.
UseCompressedClassPointers 1, UseCompactObjectHeaders 0
Narrow klass pointer bits 32, Max shift 3
Narrow klass base: 0xffffffffffffffff, Narrow klass shift: -1
Encoding Range: [0xffffffffffffffff - 0x000000007fffffff), (2147483648 bytes)
Klass Range:    [0x0000000000000000 - 0x0000000000000000), (0 bytes)
Klass ID Range:  [4294967295 - 0) (1)
No protection zone.

GC Precious Log:
 CardTable entry size: 512
 Card Set container configuration: InlinePtr #cards 5 size 8 Array Of Cards #cards 10 size 36 Howl #buckets 4 coarsen threshold 1843 Howl Bitmap #cards 512 size 80 coarsen threshold 460 Card regions per heap region 1 cards per card region 2048

Heap:
 garbage-first heap   total reserved 1890304K, committed 0K, used 0K [0x000000008ca00000, 0x0000000100000000)
  region size 1024K, 0 young (0K), 0 survivors (0K)

Heap Regions: E=young(eden), S=young(survivor), O=old, HS=humongous(starts), HC=humongous(continues), CS=collection set, F=free, TAMS=top-at-mark-start, PB=parsable bottom

Card table byte_map: [0x000002267f650000,0x000002267f9f0000] _byte_map_base: 0x000002267f1eb000

Marking Bits: (CMBitMap*) 0x0000022676753830
 Bits: [0x000002260f000000, 0x0000022610cd8000)

GC Heap Usage History (0 events):
No events

Metaspace Usage History (0 events):
No events

Dll operation events (1 events):
Event: 0.020 Loaded shared library C:\Program Files\Java\jdk-25\bin\java.dll

Deoptimization events (0 events):
No events

Classes loaded (0 events):
No events

Classes unloaded (0 events):
No events

Classes redefined (0 events):
No events

Internal exceptions (0 events):
No events

VM Operations (0 events):
No events

Memory protections (0 events):
No events

Nmethod flushes (0 events):
No events

Events (0 events):
No events


Dynamic libraries:
0x00007ff691860000 - 0x00007ff691870000 	C:\Program Files\Java\jdk-25\bin\java.exe
0x00007ffbf2e60000 - 0x00007ffbf30c6000 	C:\WINDOWS\SYSTEM32\ntdll.dll
0x00007ffbf0bd0000 - 0x00007ffbf0c99000 	C:\WINDOWS\System32\KERNEL32.DLL
0x00007ffbf0210000 - 0x00007ffbf060e000 	C:\WINDOWS\System32\KERNELBASE.dll
0x00007ffbf00b0000 - 0x00007ffbf01fc000 	C:\WINDOWS\System32\ucrtbase.dll
0x00007ffbe3d40000 - 0x00007ffbe3d57000 	C:\Program Files\Java\jdk-25\bin\jli.dll
0x00007ffbe3d20000 - 0x00007ffbe3d3e000 	C:\Program Files\Java\jdk-25\bin\VCRUNTIME140.dll
0x00007ffbf23e0000 - 0x00007ffbf25a7000 	C:\WINDOWS\System32\USER32.dll
0x00007ffbf0080000 - 0x00007ffbf00a7000 	C:\WINDOWS\System32\win32u.dll
0x00007ffbdc520000 - 0x00007ffbdc7b2000 	C:\WINDOWS\WinSxS\amd64_microsoft.windows.common-controls_6595b64144ccf1df_6.0.26100.8875_none_3e0d5d42e32fe9dd\COMCTL32.dll
0x00007ffbf0ba0000 - 0x00007ffbf0bcb000 	C:\WINDOWS\System32\GDI32.dll
0x00007ffbf0ca0000 - 0x00007ffbf0d49000 	C:\WINDOWS\System32\msvcrt.dll
0x00007ffbf0620000 - 0x00007ffbf074a000 	C:\WINDOWS\System32\gdi32full.dll
0x00007ffbf0ae0000 - 0x00007ffbf0b83000 	C:\WINDOWS\System32\msvcp_win.dll
0x00007ffbf0dc0000 - 0x00007ffbf0df2000 	C:\WINDOWS\System32\IMM32.DLL
0x00007ffbe4e30000 - 0x00007ffbe4e3c000 	C:\Program Files\Java\jdk-25\bin\vcruntime140_1.dll
0x00007ffbb0a20000 - 0x00007ffbb0aad000 	C:\Program Files\Java\jdk-25\bin\msvcp140.dll
0x00007ffb22060000 - 0x00007ffb22ebf000 	C:\Program Files\Java\jdk-25\bin\server\jvm.dll
0x00007ffbf0e00000 - 0x00007ffbf0eb7000 	C:\WINDOWS\System32\ADVAPI32.dll
0x00007ffbf2d60000 - 0x00007ffbf2e0a000 	C:\WINDOWS\System32\sechost.dll
0x00007ffbf27b0000 - 0x00007ffbf28c8000 	C:\WINDOWS\System32\RPCRT4.dll
0x00007ffbf16a0000 - 0x00007ffbf1720000 	C:\WINDOWS\System32\WS2_32.dll
0x00007ffbefee0000 - 0x00007ffbeff3e000 	C:\WINDOWS\SYSTEM32\POWRPROF.dll
0x00007ffbe6220000 - 0x00007ffbe6256000 	C:\WINDOWS\SYSTEM32\WINMM.dll
0x00007ffbde460000 - 0x00007ffbde46b000 	C:\WINDOWS\SYSTEM32\VERSION.dll
0x00007ffbefeb0000 - 0x00007ffbefec4000 	C:\WINDOWS\SYSTEM32\UMPDC.dll
0x00007ffbeed60000 - 0x00007ffbeed7b000 	C:\WINDOWS\SYSTEM32\kernel.appcore.dll
0x00007ffbe1b30000 - 0x00007ffbe1b3a000 	C:\Program Files\Java\jdk-25\bin\jimage.dll
0x00007ffbed720000 - 0x00007ffbed962000 	C:\WINDOWS\SYSTEM32\DBGHELP.DLL
0x00007ffbf1730000 - 0x00007ffbf1ab3000 	C:\WINDOWS\System32\combase.dll
0x00007ffbf25b0000 - 0x00007ffbf2689000 	C:\WINDOWS\System32\OLEAUT32.dll
0x00007ffbdc7c0000 - 0x00007ffbdc7fb000 	C:\WINDOWS\SYSTEM32\dbgcore.DLL
0x00007ffbf0a20000 - 0x00007ffbf0acc000 	C:\WINDOWS\System32\bcryptPrimitives.dll
0x00007ffbe11e0000 - 0x00007ffbe11ff000 	C:\Program Files\Java\jdk-25\bin\java.dll
0x00007ffbf28d0000 - 0x00007ffbf2a69000 	C:\WINDOWS\System32\ole32.dll
0x00007ffbf1bb0000 - 0x00007ffbf2342000 	C:\WINDOWS\System32\SHELL32.dll

JVMTI agents: none

dbghelp: loaded successfully - version: 4.0.5 - missing functions: none
symbol engine: initialized successfully - sym options: 0x614 - pdb path: .;C:\Program Files\Java\jdk-25\bin;C:\WINDOWS\SYSTEM32;C:\WINDOWS\WinSxS\amd64_microsoft.windows.common-controls_6595b64144ccf1df_6.0.26100.8875_none_3e0d5d42e32fe9dd;C:\Program Files\Java\jdk-25\bin\server

VM Arguments:
jvm_args: --enable-native-access=ALL-UNNAMED 
java_command: <unknown>
java_class_path (initial): <not set>
Launcher Type: SUN_STANDARD

[Global flags]
     intx CICompilerCount                          = 4                                         {product} {ergonomic}
     uint ConcGCThreads                            = 2                                         {product} {ergonomic}
     uint G1ConcRefinementThreads                  = 8                                         {product} {ergonomic}
   size_t G1HeapRegionSize                         = 1048576                                   {product} {ergonomic}
   size_t InitialHeapSize                          = 121634816                                 {product} {ergonomic}
   size_t MarkStackSize                            = 4194304                                   {product} {ergonomic}
   size_t MarkStackSizeMax                         = 536870912                                 {product} {ergonomic}
   size_t MaxHeapSize                              = 1935671296                                {product} {ergonomic}
   size_t MinHeapDeltaBytes                        = 1048576                                   {product} {ergonomic}
   size_t MinHeapSize                              = 8388608                                   {product} {ergonomic}
    uintx NonNMethodCodeHeapSize                   = 5832704                                {pd product} {ergonomic}
    uintx NonProfiledCodeHeapSize                  = 122945536                              {pd product} {ergonomic}
    uintx ProfiledCodeHeapSize                     = 122880000                              {pd product} {ergonomic}
    uintx ReservedCodeCacheSize                    = 251658240                              {pd product} {ergonomic}
     bool SegmentedCodeCache                       = true                                      {product} {ergonomic}
   size_t SoftMaxHeapSize                          = 1935671296                             {manageable} {ergonomic}
     bool UseCompressedOops                        = true                           {product lp64_product} {ergonomic}
     bool UseG1GC                                  = true                                      {product} {ergonomic}
     bool UseLargePagesIndividualAllocation        = false                                  {pd product} {ergonomic}

Logging:
Log output configuration:
 #0: stdout all=warning uptime,level,tags foldmultilines=false
 #1: stderr all=off uptime,level,tags foldmultilines=false

Release file:
<release file has not been read>
Environment Variables:
PATH=C:\Program Files\Common Files\Oracle\Java\javapath;C:\WINDOWS\system32;C:\WINDOWS;C:\WINDOWS\System32\Wbem;C:\WINDOWS\System32\WindowsPowerShell\v1.0\;C:\WINDOWS\System32\OpenSSH\;C:\Program Files\dotnet\;C:\Program Files\Java\jdk-25\bin;C:\Program Files\nodejs\;C:\xampp\php;C:\ProgramData\ComposerSetup\bin;C:\Program Files\Git\cmd;C:\Program Files (x86)\Microsoft SQL Server\160\Tools\Binn\;C:\Program Files\Microsoft SQL Server\160\Tools\Binn\;C:\Program Files\Microsoft SQL Server\Client SDK\ODBC\170\Tools\Binn\;C:\Program Files\Microsoft SQL Server\160\DTS\Binn\;C:\Program Files (x86)\Microsoft SQL Server\160\DTS\Binn\;C:\ProgramData\chocolatey\bin;C:\flutter\bin;;C:\Program Files\Docker\Docker\resources\bin;C:\Users\gueva\AppData\Local\Programs\Python\Launcher\;C:\Program Files\MySQL\MySQL Shell 8.0\bin\;C:\Users\gueva\AppData\Local\Microsoft\WindowsApps;C:\Users\gueva\AppData\Local\Programs\Microsoft VS Code\bin;C:\Program Files\Java\jdk-25\bin;C:\Users\gueva\AppData\Roaming\npm;C:\Users\gueva\AppData\Roaming\Composer\vendor\bin;C:\Users\gueva\AppData\Roaming\npm;C:\Users\gueva\AppData\Local\Python\bin;C:\Program Files\Git\bin;C:\Users\gueva\AppData\Local\Programs\mongosh\;C:\Program Files\MongoDB\Tools\100\bin;C:\Program Files\MongoDB\Server\8.2\bin;C:\flutter\bin;C:\Program Files\MySQL\MySQL Server 8.0\bin;C:\Program Files\Docker\Docker;
USERNAME=gueva
OS=Windows_NT
PROCESSOR_IDENTIFIER=AMD64 Family 23 Model 160 Stepping 0, AuthenticAMD
TMP=C:\Users\gueva\AppData\Local\Temp
TEMP=C:\Users\gueva\AppData\Local\Temp




Compilation memory statistics disabled.

Periodic native trim disabled

---------------  S Y S T E M  ---------------

OS:
 Windows 11 , 64 bit Build 26100 (10.0.26100.8875)
OS uptime: 0 days 17:22 hours
Hyper-V role detected

CPU: total 8 (initial active 8) (8 cores per cpu, 2 threads per core) family 23 model 160 stepping 0 microcode 0x8a0000b, cx8, cmov, fxsr, ht, mmx, 3dnowpref, sse, sse2, sse3, ssse3, sse4a, sse4.1, sse4.2, popcnt, lzcnt, tsc, tscinvbit, avx, avx2, aes, clmul, bmi1, bmi2, adx, sha, fma, vzeroupper, clflush, clflushopt, clwb, hv, rdtscp, rdpid, f16c
Processor Information for the first 8 processors :
  Max Mhz: 2801, Current Mhz: 2801, Mhz Limit: 2801

Memory: 4k page, system-wide physical 7379M (234M free)
TotalPageFile size 29907M (AvailPageFile size 45M)
current process WorkingSet (physical memory assigned to process): 14M, peak: 14M
current process commit charge ("private bytes"): 60M, peak: 176M

vm_info: Java HotSpot(TM) 64-Bit Server VM (25+37-LTS-3491) for windows-amd64 JRE (25+37-LTS-3491), built on 2025-08-14T21:13:00Z with unknown MS VC++:1943

END.
