#
# There is insufficient memory for the Java Runtime Environment to continue.
# Native memory allocation (malloc) failed to allocate 32752 bytes. Error detail: Chunk::new
# Possible reasons:
#   The system is out of physical RAM or swap space
#   This process is running with CompressedOops enabled, and the Java Heap may be blocking the growth of the native heap
# Possible solutions:
#   Reduce memory load on the system
#   Increase physical memory or swap space
#   Check if swap backing store is full
#   Decrease Java heap size (-Xmx/-Xms)
#   Decrease number of Java threads
#   Decrease Java thread stack sizes (-Xss)
#   Set larger code cache with -XX:ReservedCodeCacheSize=
#   JVM is running with Unscaled Compressed Oops mode in which the Java heap is
#     placed in the first 4GB address space. The Java Heap base address is the
#     maximum limit for the native heap growth. Please use -XX:HeapBaseMinAddress
#     to set the Java Heap base and to place the Java Heap above 4GB virtual address.
# This output file may be truncated or incomplete.
#
#  Out of Memory Error (arena.cpp:186), pid=24888, tid=31096
#
# JRE version: Java(TM) SE Runtime Environment (25.0+37) (build 25+37-LTS-3491)
# Java VM: Java HotSpot(TM) 64-Bit Server VM (25+37-LTS-3491, mixed mode, emulated-client, sharing, tiered, compressed oops, compressed class ptrs, g1 gc, windows-amd64)
# No core dump will be written. Minidumps are not enabled by default on client versions of Windows
#

---------------  S U M M A R Y ------------

Command Line: -XX:TieredStopAtLevel=1 com.example.api_gateway.ApiGatewayApplication

Host: AMD Ryzen 5 7520U with Radeon Graphics         , 8 cores, 7G,  Windows 11 , 64 bit Build 26100 (10.0.26100.8875)
Time: Sun Jul 19 20:25:22 2026 Hora est嫕dar central (M憖ico) elapsed time: 3407.847715 seconds (0d 0h 56m 47s)

---------------  T H R E A D  ---------------

Current thread (0x000002171be41040):  JavaThread "C1 CompilerThread1" daemon [_thread_in_native, id=31096, stack(0x00000022ae500000,0x00000022ae600000) (1024K)]


Current CompileTask:
C1:3407848 10888       1       com.fasterxml.jackson.databind.introspect.AnnotatedCreatorCollector::_findPotentialFactories (394 bytes)

Stack: [0x00000022ae500000,0x00000022ae600000]
Native frames: (J=compiled Java code, j=interpreted, Vv=VM code, C=native code)
V  [jvm.dll+0x7a6a39]  (no source info available)
V  [jvm.dll+0x7727ed]  (no source info available)
V  [jvm.dll+0x965f33]  (no source info available)
V  [jvm.dll+0x968531]  (no source info available)
V  [jvm.dll+0x968c33]  (no source info available)
V  [jvm.dll+0x2fc756]  (no source info available)
V  [jvm.dll+0x111b26]  (no source info available)
V  [jvm.dll+0x111e4e]  (no source info available)
V  [jvm.dll+0xf41bd]  (no source info available)
V  [jvm.dll+0x20031b]  (no source info available)
V  [jvm.dll+0x2073d1]  (no source info available)
V  [jvm.dll+0x207230]  (no source info available)
V  [jvm.dll+0x1fff9e]  (no source info available)
V  [jvm.dll+0x1ff07c]  (no source info available)
V  [jvm.dll+0x207feb]  (no source info available)
V  [jvm.dll+0x200177]  (no source info available)
V  [jvm.dll+0x2030f2]  (no source info available)
V  [jvm.dll+0x1bedc7]  (no source info available)
V  [jvm.dll+0x1be58f]  (no source info available)
V  [jvm.dll+0x1be84e]  (no source info available)
V  [jvm.dll+0x1bdb91]  (no source info available)
V  [jvm.dll+0x1bfa0d]  (no source info available)
V  [jvm.dll+0x2cfb56]  (no source info available)
V  [jvm.dll+0x2cddd5]  (no source info available)
V  [jvm.dll+0x48e671]  (no source info available)
V  [jvm.dll+0x90681d]  (no source info available)
V  [jvm.dll+0x7a5015]  (no source info available)
C  [ucrtbase.dll+0x2cd30]  (no source info available)
C  [KERNEL32.DLL+0x2e957]  (no source info available)
C  [ntdll.dll+0xaad6c]  (no source info available)

Lock stack of current Java thread (top to bottom):


---------------  P R O C E S S  ---------------

Threads class SMR info:
_java_thread_list=0x000002171b98afa0, length=41, elements={
0x00000217156ac1e0, 0x00000217156ac9a0, 0x00000217156b8a20, 0x00000217156b91e0,
0x00000217156bb9b0, 0x00000217156c52d0, 0x0000021702fc77a0, 0x00000217156be2b0,
0x00000217156bfa20, 0x000002171ab51820, 0x000002171ab575e0, 0x000002171ab58580,
0x000002171bb13780, 0x000002171bb11840, 0x000002171bb12fb0, 0x000002171bb12010,
0x000002171bb14ef0, 0x000002171bb16e30, 0x000002171bb14720, 0x000002171bb15e90,
0x000002171ab53760, 0x000002171ab556a0, 0x000002171bb17600, 0x000002171b7db740,
0x000002171b7da7a0, 0x000002171b7daf70, 0x000002171b7dbf10, 0x000002171b7dc6e0,
0x000002171b7d9fd0, 0x000002171b7dedf0, 0x000002171b7dfd90, 0x000002171b6c8380,
0x000002171b6c54a0, 0x000002171b6c5c70, 0x000002171b6c9af0, 0x000002171b6ca2c0,
0x000002171b6cba30, 0x000002171b6cc200, 0x000002171be41040, 0x000002171be43080,
0x000002171be40020
}

Java Threads: ( => current thread )
  0x00000217156ac1e0 JavaThread "Reference Handler"          daemon [_thread_blocked, id=24336, stack(0x00000022abc00000,0x00000022abd00000) (1024K)]
  0x00000217156ac9a0 JavaThread "Finalizer"                  daemon [_thread_blocked, id=20988, stack(0x00000022abd00000,0x00000022abe00000) (1024K)]
  0x00000217156b8a20 JavaThread "Signal Dispatcher"          daemon [_thread_blocked, id=9404, stack(0x00000022abe00000,0x00000022abf00000) (1024K)]
  0x00000217156b91e0 JavaThread "Attach Listener"            daemon [_thread_blocked, id=30232, stack(0x00000022abf00000,0x00000022ac000000) (1024K)]
  0x00000217156bb9b0 JavaThread "Service Thread"             daemon [_thread_blocked, id=16588, stack(0x00000022ac000000,0x00000022ac100000) (1024K)]
  0x00000217156c52d0 JavaThread "Monitor Deflation Thread"   daemon [_thread_blocked, id=14432, stack(0x00000022ac100000,0x00000022ac200000) (1024K)]
  0x0000021702fc77a0 JavaThread "C1 CompilerThread0"         daemon [_thread_blocked, id=20136, stack(0x00000022ac200000,0x00000022ac300000) (1024K)]
  0x00000217156be2b0 JavaThread "Notification Thread"        daemon [_thread_blocked, id=10456, stack(0x00000022ac300000,0x00000022ac400000) (1024K)]
  0x00000217156bfa20 JavaThread "Common-Cleaner"             daemon [_thread_blocked, id=31024, stack(0x00000022ac400000,0x00000022ac500000) (1024K)]
  0x000002171ab51820 JavaThread "boundedElastic-evictor-1"   daemon [_thread_blocked, id=9668, stack(0x00000022ac700000,0x00000022ac800000) (1024K)]
  0x000002171ab575e0 JavaThread "spectator-gauge-polling-0"  daemon [_thread_blocked, id=22068, stack(0x00000022ad300000,0x00000022ad400000) (1024K)]
  0x000002171ab58580 JavaThread "AsyncResolver-bootstrap-%d" daemon [_thread_blocked, id=32340, stack(0x00000022ad400000,0x00000022ad500000) (1024K)]
  0x000002171bb13780 JavaThread "DiscoveryClient-%d"         daemon [_thread_blocked, id=26216, stack(0x00000022ad600000,0x00000022ad700000) (1024K)]
  0x000002171bb11840 JavaThread "DiscoveryClient-%d"         daemon [_thread_blocked, id=7452, stack(0x00000022ad700000,0x00000022ad800000) (1024K)]
  0x000002171bb12fb0 JavaThread "DiscoveryClient-InstanceInfoReplicator-%d" daemon [_thread_blocked, id=21776, stack(0x00000022ad800000,0x00000022ad900000) (1024K)]
  0x000002171bb12010 JavaThread "reactor-http-nio-1"         daemon [_thread_in_native, id=2380, stack(0x00000022ad900000,0x00000022ada00000) (1024K)]
  0x000002171bb14ef0 JavaThread "server"                            [_thread_blocked, id=19736, stack(0x00000022ada00000,0x00000022adb00000) (1024K)]
  0x000002171bb16e30 JavaThread "DestroyJavaVM"                     [_thread_blocked, id=29228, stack(0x00000022ab400000,0x00000022ab500000) (1024K)]
  0x000002171bb14720 JavaThread "DiscoveryClient-HeartbeatExecutor-%d" daemon [_thread_blocked, id=10648, stack(0x00000022ac600000,0x00000022ac700000) (1024K)]
  0x000002171bb15e90 JavaThread "DiscoveryClient-CacheRefreshExecutor-%d" daemon [_thread_blocked, id=18328, stack(0x00000022ad200000,0x00000022ad300000) (1024K)]
  0x000002171ab53760 JavaThread "reactor-http-nio-2"         daemon [_thread_in_native, id=26776, stack(0x00000022ab100000,0x00000022ab200000) (1024K)]
  0x000002171ab556a0 JavaThread "parallel-1"                 daemon [_thread_blocked, id=6376, stack(0x00000022ab200000,0x00000022ab300000) (1024K)]
  0x000002171bb17600 JavaThread "pool-5-thread-1"            daemon [_thread_blocked, id=13188, stack(0x00000022ab300000,0x00000022ab400000) (1024K)]
  0x000002171b7db740 JavaThread "reactor-http-nio-3"         daemon [_thread_in_native, id=29984, stack(0x00000022ac500000,0x00000022ac600000) (1024K)]
  0x000002171b7da7a0 JavaThread "reactor-http-nio-4"         daemon [_thread_in_native, id=17200, stack(0x00000022ad000000,0x00000022ad100000) (1024K)]
  0x000002171b7daf70 JavaThread "reactor-http-nio-5"         daemon [_thread_in_native, id=11048, stack(0x00000022ad100000,0x00000022ad200000) (1024K)]
  0x000002171b7dbf10 JavaThread "reactor-http-nio-6"         daemon [_thread_in_native, id=24880, stack(0x00000022adb00000,0x00000022adc00000) (1024K)]
  0x000002171b7dc6e0 JavaThread "reactor-http-nio-7"         daemon [_thread_in_native, id=1732, stack(0x00000022adc00000,0x00000022add00000) (1024K)]
  0x000002171b7d9fd0 JavaThread "reactor-http-nio-8"         daemon [_thread_in_native, id=14412, stack(0x00000022add00000,0x00000022ade00000) (1024K)]
  0x000002171b7dedf0 JavaThread "Jndi-Dns-address-change-listener" daemon [_thread_in_native, id=4812, stack(0x00000022ade00000,0x00000022adf00000) (1024K)]
  0x000002171b7dfd90 JavaThread "parallel-2"                 daemon [_thread_blocked, id=28964, stack(0x00000022ae000000,0x00000022ae100000) (1024K)]
  0x000002171b6c8380 JavaThread "parallel-3"                 daemon [_thread_blocked, id=32296, stack(0x00000022ae100000,0x00000022ae200000) (1024K)]
  0x000002171b6c54a0 JavaThread "AsyncResolver-bootstrap-executor-%d" daemon [_thread_blocked, id=8408, stack(0x00000022adf00000,0x00000022ae000000) (1024K)]
  0x000002171b6c5c70 JavaThread "parallel-4"                 daemon [_thread_blocked, id=9532, stack(0x00000022ae200000,0x00000022ae300000) (1024K)]
  0x000002171b6c9af0 JavaThread "parallel-5"                 daemon [_thread_blocked, id=10344, stack(0x00000022ae300000,0x00000022ae400000) (1024K)]
  0x000002171b6ca2c0 JavaThread "parallel-6"                 daemon [_thread_blocked, id=24400, stack(0x00000022ae400000,0x00000022ae500000) (1024K)]
  0x000002171b6cba30 JavaThread "parallel-7"                 daemon [_thread_blocked, id=27840, stack(0x00000022ae700000,0x00000022ae800000) (1024K)]
  0x000002171b6cc200 JavaThread "parallel-8"                 daemon [_thread_blocked, id=32100, stack(0x00000022ae800000,0x00000022ae900000) (1024K)]
=>0x000002171be41040 JavaThread "C1 CompilerThread1"         daemon [_thread_in_native, id=31096, stack(0x00000022ae500000,0x00000022ae600000) (1024K)]
  0x000002171be43080 JavaThread "C1 CompilerThread2"         daemon [_thread_blocked, id=29540, stack(0x00000022ae600000,0x00000022ae700000) (1024K)]
  0x000002171be40020 JavaThread "C1 CompilerThread3"         daemon [_thread_blocked, id=16104, stack(0x00000022ae900000,0x00000022aea00000) (1024K)]
Total: 41

Other Threads:
  0x000002171569a8e0 VMThread "VM Thread"                           [id=3092, stack(0x00000022abb00000,0x00000022abc00000) (1024K)]
  0x000002171555d0b0 WatcherThread "VM Periodic Task Thread"        [id=25692, stack(0x00000022aba00000,0x00000022abb00000) (1024K)]
  0x000002170300feb0 WorkerThread "GC Thread#0"                     [id=28700, stack(0x00000022ab500000,0x00000022ab600000) (1024K)]
  0x000002171a737d10 WorkerThread "GC Thread#1"                     [id=26408, stack(0x00000022ac800000,0x00000022ac900000) (1024K)]
  0x000002171a751c60 WorkerThread "GC Thread#2"                     [id=31276, stack(0x00000022ac900000,0x00000022aca00000) (1024K)]
  0x000002171a7524a0 WorkerThread "GC Thread#3"                     [id=10592, stack(0x00000022aca00000,0x00000022acb00000) (1024K)]
  0x000002171a7528d0 WorkerThread "GC Thread#4"                     [id=17312, stack(0x00000022acb00000,0x00000022acc00000) (1024K)]
  0x000002171aed4120 WorkerThread "GC Thread#5"                     [id=328, stack(0x00000022acd00000,0x00000022ace00000) (1024K)]
  0x000002171a4687a0 WorkerThread "GC Thread#6"                     [id=18716, stack(0x00000022ace00000,0x00000022acf00000) (1024K)]
  0x000002171a467f00 WorkerThread "GC Thread#7"                     [id=7188, stack(0x00000022acf00000,0x00000022ad000000) (1024K)]
  0x0000021703026a40 ConcurrentGCThread "G1 Main Marker"            [id=30996, stack(0x00000022ab600000,0x00000022ab700000) (1024K)]
  0x0000021703028430 WorkerThread "G1 Conc#0"                       [id=18580, stack(0x00000022ab700000,0x00000022ab800000) (1024K)]
  0x000002171b1332a0 WorkerThread "G1 Conc#1"                       [id=10288, stack(0x00000022acc00000,0x00000022acd00000) (1024K)]
  0x0000021715553f40 ConcurrentGCThread "G1 Refine#0"               [id=7296, stack(0x00000022ab800000,0x00000022ab900000) (1024K)]
  0x0000021715555410 ConcurrentGCThread "G1 Service"                [id=24744, stack(0x00000022ab900000,0x00000022aba00000) (1024K)]
Total: 15

Threads with active compile tasks:
C1 CompilerThread1  3410002 10888       1       com.fasterxml.jackson.databind.introspect.AnnotatedCreatorCollector::_findPotentialFactories (394 bytes)
Total: 1

VM state: not at safepoint (normal execution)

VM Mutex/Monitor currently owned by a thread: None

Heap address: 0x000000008ca00000, size: 1846 MB, Compressed Oops mode: 32-bit

CDS archive(s) mapped at: [0x000000002d000000-0x000000002ddd0000-0x000000002ddd0000), size 14483456, SharedBaseAddress: 0x000000002d000000, ArchiveRelocationMode: 1.
Compressed class space mapped at: 0x000000002e000000-0x000000006e000000, reserved size: 1073741824
UseCompressedClassPointers 1, UseCompactObjectHeaders 0
Narrow klass pointer bits 32, Max shift 3
Narrow klass base: 0x000000002d000000, Narrow klass shift: 0
Encoding Range: [0x000000002d000000 - 0x000000012d000000), (4294967296 bytes)
Klass Range:    [0x000000002d010000 - 0x000000006e000000), (1090453504 bytes)
Klass ID Range:  [65536 - 1090519033) (1090453497)
Protection zone: [0x000000002d000000 - 0x000000002d010000), (65536 bytes)

GC Precious Log:
 CardTable entry size: 512
 Card Set container configuration: InlinePtr #cards 5 size 8 Array Of Cards #cards 10 size 36 Howl #buckets 4 coarsen threshold 1843 Howl Bitmap #cards 512 size 80 coarsen threshold 460 Card regions per heap region 1 cards per card region 2048
 CPUs: 8 total, 8 available
 Memory: 7379M
 Large Page Support: Disabled
 NUMA Support: Disabled
 Compressed Oops: Enabled (32-bit)
 Heap Region Size: 1M
 Heap Min Capacity: 8M
 Heap Initial Capacity: 116M
 Heap Max Capacity: 1846M
 Pre-touch: Disabled
 Parallel Workers: 8
 Concurrent Workers: 2
 Concurrent Refinement Workers: 8
 Periodic GC: Disabled

Heap:
 garbage-first heap   total reserved 1890304K, committed 80896K, used 34840K [0x000000008ca00000, 0x0000000100000000)
  region size 1024K, 3 young (3072K), 1 survivors (1024K)

Heap Regions: E=young(eden), S=young(survivor), O=old, HS=humongous(starts), HC=humongous(continues), CS=collection set, F=free, TAMS=top-at-mark-start, PB=parsable bottom
|   0|0x000000008ca00000, 0x000000008cb00000, 0x000000008cb00000|100%|HS|  |TAMS 0x000000008ca00000| PB 0x000000008ca00000| Complete |  0
|   1|0x000000008cb00000, 0x000000008cc00000, 0x000000008cc00000|100%| O|  |TAMS 0x000000008cb00000| PB 0x000000008cb00000| Untracked |  0
|   2|0x000000008cc00000, 0x000000008cd00000, 0x000000008cd00000|100%| O|  |TAMS 0x000000008cc00000| PB 0x000000008cc00000| Untracked |  0
|   3|0x000000008cd00000, 0x000000008ce00000, 0x000000008ce00000|100%| O|  |TAMS 0x000000008cd00000| PB 0x000000008cd00000| Untracked |  0
|   4|0x000000008ce00000, 0x000000008cf00000, 0x000000008cf00000|100%| O|  |TAMS 0x000000008ce00000| PB 0x000000008ce00000| Untracked |  0
|   5|0x000000008cf00000, 0x000000008d000000, 0x000000008d000000|100%| O|  |TAMS 0x000000008cf00000| PB 0x000000008cf00000| Untracked |  0
|   6|0x000000008d000000, 0x000000008d000000, 0x000000008d100000|  0%| F|  |TAMS 0x000000008d000000| PB 0x000000008d000000| Untracked |  0
|   7|0x000000008d100000, 0x000000008d200000, 0x000000008d200000|100%| O|  |TAMS 0x000000008d100000| PB 0x000000008d100000| Untracked |  0
|   8|0x000000008d200000, 0x000000008d300000, 0x000000008d300000|100%| O|  |TAMS 0x000000008d200000| PB 0x000000008d200000| Untracked |  0
|   9|0x000000008d300000, 0x000000008d400000, 0x000000008d400000|100%| O|  |TAMS 0x000000008d300000| PB 0x000000008d300000| Untracked |  0
|  10|0x000000008d400000, 0x000000008d500000, 0x000000008d500000|100%| O|  |TAMS 0x000000008d400000| PB 0x000000008d400000| Untracked |  0
|  11|0x000000008d500000, 0x000000008d600000, 0x000000008d600000|100%| O|  |TAMS 0x000000008d500000| PB 0x000000008d500000| Untracked |  0
|  12|0x000000008d600000, 0x000000008d700000, 0x000000008d700000|100%| O|  |TAMS 0x000000008d600000| PB 0x000000008d600000| Untracked |  0
|  13|0x000000008d700000, 0x000000008d800000, 0x000000008d800000|100%| O|  |TAMS 0x000000008d700000| PB 0x000000008d700000| Untracked |  0
|  14|0x000000008d800000, 0x000000008d900000, 0x000000008d900000|100%| O|  |TAMS 0x000000008d800000| PB 0x000000008d800000| Untracked |  0
|  15|0x000000008d900000, 0x000000008da00000, 0x000000008da00000|100%| O|  |TAMS 0x000000008d900000| PB 0x000000008d900000| Untracked |  0
|  16|0x000000008da00000, 0x000000008db00000, 0x000000008db00000|100%| O|  |TAMS 0x000000008da00000| PB 0x000000008da00000| Untracked |  0
|  17|0x000000008db00000, 0x000000008dc00000, 0x000000008dc00000|100%| O|  |TAMS 0x000000008db00000| PB 0x000000008db00000| Untracked |  0
|  18|0x000000008dc00000, 0x000000008dd00000, 0x000000008dd00000|100%| O|  |TAMS 0x000000008dc00000| PB 0x000000008dc00000| Untracked |  0
|  19|0x000000008dd00000, 0x000000008de00000, 0x000000008de00000|100%| O|  |TAMS 0x000000008dd00000| PB 0x000000008dd00000| Untracked |  0
|  20|0x000000008de00000, 0x000000008de00000, 0x000000008df00000|  0%| F|  |TAMS 0x000000008de00000| PB 0x000000008de00000| Untracked |  0
|  21|0x000000008df00000, 0x000000008dfd6830, 0x000000008e000000| 83%| O|  |TAMS 0x000000008df00000| PB 0x000000008df00000| Untracked |  0
|  22|0x000000008e000000, 0x000000008e000000, 0x000000008e100000|  0%| F|  |TAMS 0x000000008e000000| PB 0x000000008e000000| Untracked |  0
|  23|0x000000008e100000, 0x000000008e200000, 0x000000008e200000|100%| O|  |TAMS 0x000000008e100000| PB 0x000000008e100000| Untracked |  0
|  24|0x000000008e200000, 0x000000008e300000, 0x000000008e300000|100%| O|  |TAMS 0x000000008e200000| PB 0x000000008e200000| Untracked |  0
|  25|0x000000008e300000, 0x000000008e400000, 0x000000008e400000|100%| O|  |TAMS 0x000000008e300000| PB 0x000000008e300000| Untracked |  0
|  26|0x000000008e400000, 0x000000008e500000, 0x000000008e500000|100%| O|  |TAMS 0x000000008e400000| PB 0x000000008e400000| Untracked |  0
|  27|0x000000008e500000, 0x000000008e600000, 0x000000008e600000|100%| O|  |TAMS 0x000000008e500000| PB 0x000000008e500000| Untracked |  0
|  28|0x000000008e600000, 0x000000008e700000, 0x000000008e700000|100%| O|  |TAMS 0x000000008e600000| PB 0x000000008e600000| Untracked |  0
|  29|0x000000008e700000, 0x000000008e700000, 0x000000008e800000|  0%| F|  |TAMS 0x000000008e700000| PB 0x000000008e700000| Untracked |  0
|  30|0x000000008e800000, 0x000000008e800000, 0x000000008e900000|  0%| F|  |TAMS 0x000000008e800000| PB 0x000000008e800000| Untracked |  0
|  31|0x000000008e900000, 0x000000008e900000, 0x000000008ea00000|  0%| F|  |TAMS 0x000000008e900000| PB 0x000000008e900000| Untracked |  0
|  32|0x000000008ea00000, 0x000000008ea00000, 0x000000008eb00000|  0%| F|  |TAMS 0x000000008ea00000| PB 0x000000008ea00000| Untracked |  0
|  33|0x000000008eb00000, 0x000000008ec00000, 0x000000008ec00000|100%| O|  |TAMS 0x000000008eb00000| PB 0x000000008eb00000| Untracked |  0
|  34|0x000000008ec00000, 0x000000008ed00000, 0x000000008ed00000|100%| O|  |TAMS 0x000000008ec00000| PB 0x000000008ec00000| Untracked |  0
|  35|0x000000008ed00000, 0x000000008ee00000, 0x000000008ee00000|100%| O|  |TAMS 0x000000008ed00000| PB 0x000000008ed00000| Untracked |  0
|  36|0x000000008ee00000, 0x000000008ef00000, 0x000000008ef00000|100%| O|  |TAMS 0x000000008ee00000| PB 0x000000008ee00000| Untracked |  0
|  37|0x000000008ef00000, 0x000000008f000000, 0x000000008f000000|100%| O|  |TAMS 0x000000008ef00000| PB 0x000000008ef00000| Untracked |  0
|  38|0x000000008f000000, 0x000000008f100000, 0x000000008f100000|100%| O|  |TAMS 0x000000008f000000| PB 0x000000008f000000| Untracked |  0
|  39|0x000000008f100000, 0x000000008f100000, 0x000000008f200000|  0%| F|  |TAMS 0x000000008f100000| PB 0x000000008f100000| Untracked |  0
|  40|0x000000008f200000, 0x000000008f200000, 0x000000008f300000|  0%| F|  |TAMS 0x000000008f200000| PB 0x000000008f200000| Untracked |  0
|  41|0x000000008f300000, 0x000000008f300000, 0x000000008f400000|  0%| F|  |TAMS 0x000000008f300000| PB 0x000000008f300000| Untracked |  0
|  42|0x000000008f400000, 0x000000008f400000, 0x000000008f500000|  0%| F|  |TAMS 0x000000008f400000| PB 0x000000008f400000| Untracked |  0
|  43|0x000000008f500000, 0x000000008f52fbb0, 0x000000008f600000| 18%| S|CS|TAMS 0x000000008f500000| PB 0x000000008f500000| Complete |  0
|  44|0x000000008f600000, 0x000000008f600000, 0x000000008f700000|  0%| F|  |TAMS 0x000000008f600000| PB 0x000000008f600000| Untracked |  0
|  45|0x000000008f700000, 0x000000008f700000, 0x000000008f800000|  0%| F|  |TAMS 0x000000008f700000| PB 0x000000008f700000| Untracked |  0
|  46|0x000000008f800000, 0x000000008f800000, 0x000000008f900000|  0%| F|  |TAMS 0x000000008f800000| PB 0x000000008f800000| Untracked |  0
|  47|0x000000008f900000, 0x000000008f900000, 0x000000008fa00000|  0%| F|  |TAMS 0x000000008f900000| PB 0x000000008f900000| Untracked |  0
|  48|0x000000008fa00000, 0x000000008fa00000, 0x000000008fb00000|  0%| F|  |TAMS 0x000000008fa00000| PB 0x000000008fa00000| Untracked |  0
|  49|0x000000008fb00000, 0x000000008fb00000, 0x000000008fc00000|  0%| F|  |TAMS 0x000000008fb00000| PB 0x000000008fb00000| Untracked |  0
|  50|0x000000008fc00000, 0x000000008fc00000, 0x000000008fd00000|  0%| F|  |TAMS 0x000000008fc00000| PB 0x000000008fc00000| Untracked |  0
|  51|0x000000008fd00000, 0x000000008fd00000, 0x000000008fe00000|  0%| F|  |TAMS 0x000000008fd00000| PB 0x000000008fd00000| Untracked |  0
|  52|0x000000008fe00000, 0x000000008fe00000, 0x000000008ff00000|  0%| F|  |TAMS 0x000000008fe00000| PB 0x000000008fe00000| Untracked |  0
|  53|0x000000008ff00000, 0x000000008ff00000, 0x0000000090000000|  0%| F|  |TAMS 0x000000008ff00000| PB 0x000000008ff00000| Untracked |  0
|  54|0x0000000090000000, 0x0000000090000000, 0x0000000090100000|  0%| F|  |TAMS 0x0000000090000000| PB 0x0000000090000000| Untracked |  0
|  55|0x0000000090100000, 0x0000000090100000, 0x0000000090200000|  0%| F|  |TAMS 0x0000000090100000| PB 0x0000000090100000| Untracked |  0
|  56|0x0000000090200000, 0x0000000090200000, 0x0000000090300000|  0%| F|  |TAMS 0x0000000090200000| PB 0x0000000090200000| Untracked |  0
|  57|0x0000000090300000, 0x0000000090300000, 0x0000000090400000|  0%| F|  |TAMS 0x0000000090300000| PB 0x0000000090300000| Untracked |  0
|  58|0x0000000090400000, 0x0000000090400000, 0x0000000090500000|  0%| F|  |TAMS 0x0000000090400000| PB 0x0000000090400000| Untracked |  0
|  59|0x0000000090500000, 0x0000000090500000, 0x0000000090600000|  0%| F|  |TAMS 0x0000000090500000| PB 0x0000000090500000| Untracked |  0
|  60|0x0000000090600000, 0x0000000090600000, 0x0000000090700000|  0%| F|  |TAMS 0x0000000090600000| PB 0x0000000090600000| Untracked |  0
|  61|0x0000000090700000, 0x0000000090700000, 0x0000000090800000|  0%| F|  |TAMS 0x0000000090700000| PB 0x0000000090700000| Untracked |  0
|  62|0x0000000090800000, 0x0000000090800000, 0x0000000090900000|  0%| F|  |TAMS 0x0000000090800000| PB 0x0000000090800000| Untracked |  0
|  63|0x0000000090900000, 0x0000000090900000, 0x0000000090a00000|  0%| F|  |TAMS 0x0000000090900000| PB 0x0000000090900000| Untracked |  0
|  64|0x0000000090a00000, 0x0000000090a00000, 0x0000000090b00000|  0%| F|  |TAMS 0x0000000090a00000| PB 0x0000000090a00000| Untracked |  0
|  65|0x0000000090b00000, 0x0000000090b00000, 0x0000000090c00000|  0%| F|  |TAMS 0x0000000090b00000| PB 0x0000000090b00000| Untracked |  0
|  66|0x0000000090c00000, 0x0000000090c00000, 0x0000000090d00000|  0%| F|  |TAMS 0x0000000090c00000| PB 0x0000000090c00000| Untracked |  0
|  67|0x0000000090d00000, 0x0000000090d00000, 0x0000000090e00000|  0%| F|  |TAMS 0x0000000090d00000| PB 0x0000000090d00000| Untracked |  0
|  68|0x0000000090e00000, 0x0000000090e00000, 0x0000000090f00000|  0%| F|  |TAMS 0x0000000090e00000| PB 0x0000000090e00000| Untracked |  0
|  69|0x0000000090f00000, 0x0000000090f00000, 0x0000000091000000|  0%| F|  |TAMS 0x0000000090f00000| PB 0x0000000090f00000| Untracked |  0
|  70|0x0000000091000000, 0x0000000091000000, 0x0000000091100000|  0%| F|  |TAMS 0x0000000091000000| PB 0x0000000091000000| Untracked |  0
|  71|0x0000000091100000, 0x0000000091100000, 0x0000000091200000|  0%| F|  |TAMS 0x0000000091100000| PB 0x0000000091100000| Untracked |  0
|  72|0x0000000091200000, 0x0000000091200000, 0x0000000091300000|  0%| F|  |TAMS 0x0000000091200000| PB 0x0000000091200000| Untracked |  0
|  73|0x0000000091300000, 0x0000000091300000, 0x0000000091400000|  0%| F|  |TAMS 0x0000000091300000| PB 0x0000000091300000| Untracked |  0
|  74|0x0000000091400000, 0x0000000091400000, 0x0000000091500000|  0%| F|  |TAMS 0x0000000091400000| PB 0x0000000091400000| Untracked |  0
|  75|0x0000000091500000, 0x0000000091500000, 0x0000000091600000|  0%| F|  |TAMS 0x0000000091500000| PB 0x0000000091500000| Untracked |  0
| 115|0x0000000093d00000, 0x0000000093df6818, 0x0000000093e00000| 96%| E|  |TAMS 0x0000000093d00000| PB 0x0000000093d00000| Complete |  0
|1844|0x00000000ffe00000, 0x00000000fff00000, 0x00000000fff00000|100%| O|  |TAMS 0x00000000ffe00000| PB 0x00000000ffe00000| Untracked |  0
|1845|0x00000000fff00000, 0x0000000100000000, 0x0000000100000000|100%| E|CS|TAMS 0x00000000fff00000| PB 0x00000000fff00000| Complete |  1

Card table byte_map: [0x0000021710dd0000,0x0000021711170000] _byte_map_base: 0x000002171096b000

Marking Bits: (CMBitMap*) 0x0000021703010640
 Bits: [0x0000021711170000, 0x0000021712e48000)

Polling page: 0x000002170d130000

Metaspace:
Metaspace        used 51827K, committed 52736K, reserved 1114112K
 class space     used 6195K, committed 6528K, reserved 1048576K

Usage:
  Non-class:     44.56 MB used.
      Class:      6.05 MB used.
       Both:     50.61 MB used.

Virtual space:
  Non-class space:       64.00 MB reserved,      45.12 MB ( 71%) committed,  1 nodes.
      Class space:        1.00 GB reserved,       6.38 MB ( <1%) committed,  1 nodes.
             Both:        1.06 GB reserved,      51.50 MB (  5%) committed. 

Chunk freelists:
   Non-Class:  2.64 MB
       Class:  9.60 MB
        Both:  12.24 MB

MaxMetaspaceSize: unlimited
CompressedClassSpaceSize: 1.00 GB
Initial GC threshold: 21.00 MB
Current GC threshold: 85.88 MB
CDS: on
 - commit_granule_bytes: 65536.
 - commit_granule_words: 8192.
 - virtual_space_node_default_size: 8388608.
 - enlarge_chunks_in_place: 1.
UseCompressedClassPointers 1, UseCompactObjectHeaders 0
Narrow klass pointer bits 32, Max shift 3
Narrow klass base: 0x000000002d000000, Narrow klass shift: 0
Encoding Range: [0x000000002d000000 - 0x000000012d000000), (4294967296 bytes)
Klass Range:    [0x000000002d010000 - 0x000000006e000000), (1090453504 bytes)
Klass ID Range:  [65536 - 1090519033) (1090453497)
Protection zone: [0x000000002d000000 - 0x000000002d010000), (65536 bytes)


Internal statistics:

num_allocs_failed_limit: 6.
num_arena_births: 920.
num_arena_deaths: 300.
num_vsnodes_births: 2.
num_vsnodes_deaths: 0.
num_space_committed: 824.
num_space_uncommitted: 0.
num_chunks_returned_to_freelist: 311.
num_chunks_taken_from_freelist: 2824.
num_chunk_merges: 74.
num_chunk_splits: 1973.
num_chunks_enlarged: 1560.
num_inconsistent_stats: 0.

CodeCache: size=49152Kb used=14604Kb max_used=14604Kb free=34547Kb
 bounds [0x000002170d150000, 0x000002170dfa0000, 0x0000021710150000]
 total_blobs=11213, nmethods=10519, adapters=614, full_count=0
Compilation: enabled, stopped_count=0, restarted_count=0

Compilation events (20 events):
Event: 3405.212 Thread 0x0000021702fc77a0 10871       1       java.util.concurrent.atomic.AtomicLongArray::<init> (12 bytes)
Event: 3405.213 Thread 0x0000021702fc77a0 nmethod 10871 0x000002170dd5e108 code [0x000002170dd5e200, 0x000002170dd5e3a0]
Event: 3405.213 Thread 0x0000021702fc77a0 10870       1       com.fasterxml.jackson.core.TreeCodec::<init> (5 bytes)
Event: 3405.213 Thread 0x0000021702fc77a0 nmethod 10870 0x000002170dd5de08 code [0x000002170dd5df00, 0x000002170dd5dfc0]
Event: 3405.451 Thread 0x0000021702fc77a0 10872       1       com.fasterxml.jackson.databind.type.TypeBindings::create (208 bytes)
Event: 3405.508 Thread 0x0000021702fc77a0 nmethod 10872 0x000002170dd5d208 code [0x000002170dd5d300, 0x000002170dd5dd88]
Event: 3405.509 Thread 0x0000021702fc77a0 10876       1       com.fasterxml.jackson.databind.introspect.POJOPropertiesCollector::_addSetterMethod (165 bytes)
Event: 3405.794 Thread 0x0000021702fc77a0 nmethod 10876 0x000002170dd5ca88 code [0x000002170dd5cb80, 0x000002170dd5d1c0]
Event: 3405.800 Thread 0x0000021702fc77a0 10886       1       com.fasterxml.jackson.databind.type.TypeFactory::_fromWellKnownClass (162 bytes)
Event: 3405.808 Thread 0x000002171be41040 10912       1       com.fasterxml.jackson.databind.deser.impl.BeanPropertyMap::_properties (56 bytes)
Event: 3405.811 Thread 0x000002171be41040 nmethod 10912 0x000002170dd5c588 code [0x000002170dd5c680, 0x000002170dd5ca20]
Event: 3405.814 Thread 0x0000021702fc77a0 nmethod 10886 0x000002170dd5bf08 code [0x000002170dd5c000, 0x000002170dd5c540]
Event: 3405.814 Thread 0x0000021702fc77a0 10897       1       com.fasterxml.jackson.databind.introspect.AnnotatedFieldCollector::_findFields (194 bytes)
Event: 3405.814 Thread 0x000002171be41040 10888       1       com.fasterxml.jackson.databind.introspect.AnnotatedCreatorCollector::_findPotentialFactories (394 bytes)
Event: 3405.816 Thread 0x000002171be40020 10914       1       java.util.LinkedList::toArray (39 bytes)
Event: 3405.817 Thread 0x000002171be43080 10910       1       com.fasterxml.jackson.databind.introspect.AnnotatedMethodCollector::_addMemberMethods (225 bytes)
Event: 3405.822 Thread 0x000002171be40020 nmethod 10914 0x000002170dd5bb88 code [0x000002170dd5bc80, 0x000002170dd5bee0]
Event: 3405.822 Thread 0x000002171be40020 10913       1       com.fasterxml.jackson.databind.introspect.AnnotationIntrospectorPair::findUnwrappingNameTransformer (26 bytes)
Event: 3405.825 Thread 0x000002171be40020 nmethod 10913 0x000002170dd5b888 code [0x000002170dd5b980, 0x000002170dd5bac8]
Event: 3405.825 Thread 0x000002171be40020 10895       1       com.fasterxml.jackson.databind.util.ViewMatcher::construct (60 bytes)

GC Heap Usage History (20 events):
Event: 180.235 {heap Before GC invocations=9 (full 0):
 garbage-first heap   total reserved 1890304K, committed 80896K, used 66528K [0x000000008ca00000, 0x0000000100000000)
  region size 1024K, 38 young (38912K), 5 survivors (5120K)
}
Event: 180.763 {heap After GC invocations=10 (full 0):
 garbage-first heap   total reserved 1890304K, committed 80896K, used 35359K [0x000000008ca00000, 0x0000000100000000)
  region size 1024K, 3 young (3072K), 3 survivors (3072K)
}
Event: 409.203 {heap Before GC invocations=10 (full 0):
 garbage-first heap   total reserved 1890304K, committed 80896K, used 67103K [0x000000008ca00000, 0x0000000100000000)
  region size 1024K, 35 young (35840K), 3 survivors (3072K)
}
Event: 409.302 {heap After GC invocations=11 (full 0):
 garbage-first heap   total reserved 1890304K, committed 80896K, used 37041K [0x000000008ca00000, 0x0000000100000000)
  region size 1024K, 5 young (5120K), 5 survivors (5120K)
}
Event: 963.480 {heap Before GC invocations=11 (full 0):
 garbage-first heap   total reserved 1890304K, committed 80896K, used 69809K [0x000000008ca00000, 0x0000000100000000)
  region size 1024K, 37 young (37888K), 5 survivors (5120K)
}
Event: 963.749 {heap After GC invocations=12 (full 0):
 garbage-first heap   total reserved 1890304K, committed 80896K, used 37821K [0x000000008ca00000, 0x0000000100000000)
  region size 1024K, 3 young (3072K), 3 survivors (3072K)
}
Event: 1712.260 {heap Before GC invocations=12 (full 0):
 garbage-first heap   total reserved 1890304K, committed 80896K, used 70589K [0x000000008ca00000, 0x0000000100000000)
  region size 1024K, 35 young (35840K), 3 survivors (3072K)
}
Event: 1712.450 {heap After GC invocations=13 (full 0):
 garbage-first heap   total reserved 1890304K, committed 80896K, used 38373K [0x000000008ca00000, 0x0000000100000000)
  region size 1024K, 4 young (4096K), 4 survivors (4096K)
}
Event: 2318.557 {heap Before GC invocations=13 (full 0):
 garbage-first heap   total reserved 1890304K, committed 80896K, used 72165K [0x000000008ca00000, 0x0000000100000000)
  region size 1024K, 37 young (37888K), 4 survivors (4096K)
}
Event: 2319.616 {heap After GC invocations=14 (full 0):
 garbage-first heap   total reserved 1890304K, committed 80896K, used 39093K [0x000000008ca00000, 0x0000000100000000)
  region size 1024K, 3 young (3072K), 3 survivors (3072K)
}
Event: 2349.650 {heap Before GC invocations=14 (full 0):
 garbage-first heap   total reserved 1890304K, committed 80896K, used 40117K [0x000000008ca00000, 0x0000000100000000)
  region size 1024K, 4 young (4096K), 3 survivors (3072K)
}
Event: 2349.716 {heap After GC invocations=15 (full 0):
 garbage-first heap   total reserved 1890304K, committed 80896K, used 39446K [0x000000008ca00000, 0x0000000100000000)
  region size 1024K, 1 young (1024K), 1 survivors (1024K)
}
Event: 2380.010 {heap Before GC invocations=16 (full 0):
 garbage-first heap   total reserved 1890304K, committed 80896K, used 41494K [0x000000008ca00000, 0x0000000100000000)
  region size 1024K, 3 young (3072K), 1 survivors (1024K)
}
Event: 2380.014 {heap After GC invocations=17 (full 0):
 garbage-first heap   total reserved 1890304K, committed 80896K, used 39101K [0x000000008ca00000, 0x0000000100000000)
  region size 1024K, 1 young (1024K), 1 survivors (1024K)
}
Event: 2440.119 {heap Before GC invocations=17 (full 0):
 garbage-first heap   total reserved 1890304K, committed 80896K, used 49341K [0x000000008ca00000, 0x0000000100000000)
  region size 1024K, 11 young (11264K), 1 survivors (1024K)
}
Event: 2440.168 {heap After GC invocations=18 (full 0):
 garbage-first heap   total reserved 1890304K, committed 80896K, used 38663K [0x000000008ca00000, 0x0000000100000000)
  region size 1024K, 2 young (2048K), 2 survivors (2048K)
}
Event: 2560.401 {heap Before GC invocations=18 (full 0):
 garbage-first heap   total reserved 1890304K, committed 80896K, used 44807K [0x000000008ca00000, 0x0000000100000000)
  region size 1024K, 8 young (8192K), 2 survivors (2048K)
}
Event: 2560.529 {heap After GC invocations=19 (full 0):
 garbage-first heap   total reserved 1890304K, committed 80896K, used 35994K [0x000000008ca00000, 0x0000000100000000)
  region size 1024K, 1 young (1024K), 1 survivors (1024K)
}
Event: 3405.546 {heap Before GC invocations=19 (full 0):
 garbage-first heap   total reserved 1890304K, committed 80896K, used 69786K [0x000000008ca00000, 0x0000000100000000)
  region size 1024K, 34 young (34816K), 1 survivors (1024K)
}
Event: 3405.778 {heap After GC invocations=20 (full 0):
 garbage-first heap   total reserved 1890304K, committed 80896K, used 33816K [0x000000008ca00000, 0x0000000100000000)
  region size 1024K, 1 young (1024K), 1 survivors (1024K)
}

Metaspace Usage History (20 events):
Event: 180.236 {metaspace Before GC invocations=9 (full 0):
 Metaspace       used 47341K, committed 47936K, reserved 1114112K
  class space    used 5639K, committed 5888K, reserved 1048576K
}
Event: 180.763 {metaspace After GC invocations=10 (full 0):
 Metaspace       used 47341K, committed 47936K, reserved 1114112K
  class space    used 5639K, committed 5888K, reserved 1048576K
}
Event: 409.204 {metaspace Before GC invocations=10 (full 0):
 Metaspace       used 51572K, committed 52224K, reserved 1114112K
  class space    used 6186K, committed 6464K, reserved 1048576K
}
Event: 409.302 {metaspace After GC invocations=11 (full 0):
 Metaspace       used 51572K, committed 52224K, reserved 1114112K
  class space    used 6186K, committed 6464K, reserved 1048576K
}
Event: 963.483 {metaspace Before GC invocations=11 (full 0):
 Metaspace       used 52013K, committed 52608K, reserved 1114112K
  class space    used 6253K, committed 6528K, reserved 1048576K
}
Event: 963.749 {metaspace After GC invocations=12 (full 0):
 Metaspace       used 52013K, committed 52608K, reserved 1114112K
  class space    used 6253K, committed 6528K, reserved 1048576K
}
Event: 1712.261 {metaspace Before GC invocations=12 (full 0):
 Metaspace       used 52020K, committed 52672K, reserved 1114112K
  class space    used 6254K, committed 6528K, reserved 1048576K
}
Event: 1712.450 {metaspace After GC invocations=13 (full 0):
 Metaspace       used 52020K, committed 52672K, reserved 1114112K
  class space    used 6254K, committed 6528K, reserved 1048576K
}
Event: 2318.557 {metaspace Before GC invocations=13 (full 0):
 Metaspace       used 52098K, committed 52736K, reserved 1114112K
  class space    used 6269K, committed 6528K, reserved 1048576K
}
Event: 2319.616 {metaspace After GC invocations=14 (full 0):
 Metaspace       used 52098K, committed 52736K, reserved 1114112K
  class space    used 6269K, committed 6528K, reserved 1048576K
}
Event: 2349.650 {metaspace Before GC invocations=14 (full 0):
 Metaspace       used 52100K, committed 52736K, reserved 1114112K
  class space    used 6270K, committed 6528K, reserved 1048576K
}
Event: 2349.716 {metaspace After GC invocations=15 (full 0):
 Metaspace       used 52100K, committed 52736K, reserved 1114112K
  class space    used 6270K, committed 6528K, reserved 1048576K
}
Event: 2380.010 {metaspace Before GC invocations=16 (full 0):
 Metaspace       used 51820K, committed 52736K, reserved 1114112K
  class space    used 6193K, committed 6528K, reserved 1048576K
}
Event: 2380.014 {metaspace After GC invocations=17 (full 0):
 Metaspace       used 51820K, committed 52736K, reserved 1114112K
  class space    used 6193K, committed 6528K, reserved 1048576K
}
Event: 2440.119 {metaspace Before GC invocations=17 (full 0):
 Metaspace       used 51824K, committed 52736K, reserved 1114112K
  class space    used 6194K, committed 6528K, reserved 1048576K
}
Event: 2440.168 {metaspace After GC invocations=18 (full 0):
 Metaspace       used 51824K, committed 52736K, reserved 1114112K
  class space    used 6194K, committed 6528K, reserved 1048576K
}
Event: 2560.401 {metaspace Before GC invocations=18 (full 0):
 Metaspace       used 51824K, committed 52736K, reserved 1114112K
  class space    used 6194K, committed 6528K, reserved 1048576K
}
Event: 2560.529 {metaspace After GC invocations=19 (full 0):
 Metaspace       used 51824K, committed 52736K, reserved 1114112K
  class space    used 6194K, committed 6528K, reserved 1048576K
}
Event: 3405.549 {metaspace Before GC invocations=19 (full 0):
 Metaspace       used 51826K, committed 52736K, reserved 1114112K
  class space    used 6195K, committed 6528K, reserved 1048576K
}
Event: 3405.778 {metaspace After GC invocations=20 (full 0):
 Metaspace       used 51826K, committed 52736K, reserved 1114112K
  class space    used 6195K, committed 6528K, reserved 1048576K
}

Dll operation events (10 events):
Event: 0.070 Loaded shared library C:\Program Files\Java\jdk-25\bin\java.dll
Event: 2.727 Loaded shared library C:\Program Files\Java\jdk-25\bin\net.dll
Event: 2.793 Loaded shared library C:\Program Files\Java\jdk-25\bin\nio.dll
Event: 2.846 Loaded shared library C:\Program Files\Java\jdk-25\bin\zip.dll
Event: 3.628 Loaded shared library C:\Program Files\Java\jdk-25\bin\jimage.dll
Event: 16.434 Loaded shared library C:\Program Files\Java\jdk-25\bin\verify.dll
Event: 28.144 Loaded shared library C:\Program Files\Java\jdk-25\bin\management.dll
Event: 28.151 Loaded shared library C:\Program Files\Java\jdk-25\bin\management_ext.dll
Event: 29.451 Loaded shared library C:\Program Files\Java\jdk-25\bin\extnet.dll
Event: 29.817 Loaded shared library C:\Program Files\Java\jdk-25\bin\sunmscapi.dll

Deoptimization events (16 events):
Event: 17.028 Thread 0x0000021702e6c960 DEOPT PACKING pc=0x000002170d6d611c sp=0x00000022ab4fdc30
Event: 17.028 Thread 0x0000021702e6c960 DEOPT UNPACKING pc=0x000002170d1a1702 sp=0x00000022ab4fd158 mode 0
Event: 25.001 Thread 0x000002171ab51820 DEOPT PACKING pc=0x000002170d62b051 sp=0x00000022ac7ff080
Event: 25.001 Thread 0x000002171ab51820 DEOPT UNPACKING pc=0x000002170d1a1702 sp=0x00000022ac7fe4f8 mode 3
Event: 25.666 Thread 0x0000021702e6c960 DEOPT PACKING pc=0x000002170d3eea2c sp=0x00000022ab4f9eb0
Event: 25.666 Thread 0x0000021702e6c960 DEOPT UNPACKING pc=0x000002170d1a1702 sp=0x00000022ab4f93a8 mode 0
Event: 27.639 Thread 0x0000021702e6c960 DEOPT PACKING pc=0x000002170d61bdd4 sp=0x00000022ab4f7420
Event: 27.639 Thread 0x0000021702e6c960 DEOPT UNPACKING pc=0x000002170d1a1702 sp=0x00000022ab4f68f0 mode 0
Event: 28.767 Thread 0x000002171ab575e0 DEOPT PACKING pc=0x000002170d634488 sp=0x00000022ad3fefb0
Event: 28.767 Thread 0x000002171ab575e0 DEOPT UNPACKING pc=0x000002170d1a1702 sp=0x00000022ad3fe478 mode 3
Event: 260.419 Thread 0x000002171ab53760 DEOPT PACKING pc=0x000002170d271294 sp=0x00000022ab1fa7a0
Event: 260.420 Thread 0x000002171ab53760 DEOPT UNPACKING pc=0x000002170d1a1702 sp=0x00000022ab1f9c68 mode 0
Event: 260.420 Thread 0x000002171ab53760 DEOPT PACKING pc=0x000002170d271124 sp=0x00000022ab1fade0
Event: 260.420 Thread 0x000002171ab53760 DEOPT UNPACKING pc=0x000002170d1a1702 sp=0x00000022ab1fa248 mode 0
Event: 2399.535 Thread 0x000002171b7d9fd0 DEOPT PACKING pc=0x000002170d30a3c7 sp=0x00000022addfb060
Event: 2399.538 Thread 0x000002171b7d9fd0 DEOPT UNPACKING pc=0x000002170d1a1702 sp=0x00000022addfa5f8 mode 3

Classes loaded (20 events):
Event: 271.957 Loading class sun/nio/ch/AllocatedNativeObject
Event: 271.958 Loading class sun/nio/ch/NativeObject
Event: 271.958 Loading class sun/nio/ch/NativeObject done
Event: 271.958 Loading class sun/nio/ch/AllocatedNativeObject done
Event: 277.374 Loading class java/util/concurrent/locks/ReentrantReadWriteLock$Sync$HoldCounter
Event: 277.375 Loading class java/util/concurrent/locks/ReentrantReadWriteLock$Sync$HoldCounter done
Event: 295.014 Loading class java/util/concurrent/ConcurrentSkipListMap$SubMap
Event: 295.017 Loading class java/util/concurrent/ConcurrentSkipListMap$SubMap done
Event: 295.017 Loading class java/util/concurrent/ConcurrentSkipListMap$Values
Event: 295.017 Loading class java/util/concurrent/ConcurrentSkipListMap$Values done
Event: 295.017 Loading class java/util/concurrent/ConcurrentSkipListMap$SubMap$SubMapValueIterator
Event: 295.018 Loading class java/util/concurrent/ConcurrentSkipListMap$SubMap$SubMapIter
Event: 295.018 Loading class java/util/concurrent/ConcurrentSkipListMap$SubMap$SubMapIter done
Event: 295.018 Loading class java/util/concurrent/ConcurrentSkipListMap$SubMap$SubMapValueIterator done
Event: 700.129 Loading class java/util/ArrayList$SubList$2
Event: 700.138 Loading class java/util/ArrayList$SubList$2 done
Event: 1720.449 Loading class sun/net/ConnectionResetException
Event: 1720.469 Loading class sun/net/ConnectionResetException done
Event: 1721.754 Loading class sun/nio/cs/StringUTF16
Event: 1721.758 Loading class sun/nio/cs/StringUTF16 done

Classes unloaded (20 events):
Event: 2350.504 Thread 0x000002171569a8e0 Unloading class 0x000000002e2e2800 'java/lang/invoke/LambdaForm$MH+0x000000002e2e2800'
Event: 2350.504 Thread 0x000002171569a8e0 Unloading class 0x000000002e2e2000 'java/lang/invoke/LambdaForm$MH+0x000000002e2e2000'
Event: 2350.504 Thread 0x000002171569a8e0 Unloading class 0x000000002e2e1c00 'java/lang/invoke/LambdaForm$MH+0x000000002e2e1c00'
Event: 2350.504 Thread 0x000002171569a8e0 Unloading class 0x000000002e2e1800 'java/lang/invoke/LambdaForm$MH+0x000000002e2e1800'
Event: 2350.504 Thread 0x000002171569a8e0 Unloading class 0x000000002e2e1000 'java/lang/invoke/LambdaForm$BMH+0x000000002e2e1000'
Event: 2350.504 Thread 0x000002171569a8e0 Unloading class 0x000000002e2d1400 'java/lang/invoke/LambdaForm$MH+0x000000002e2d1400'
Event: 2350.505 Thread 0x000002171569a8e0 Unloading class 0x000000002e2d0400 'java/lang/invoke/LambdaForm$MH+0x000000002e2d0400'
Event: 2350.505 Thread 0x000002171569a8e0 Unloading class 0x000000002e2d0000 'java/lang/invoke/LambdaForm$MH+0x000000002e2d0000'
Event: 2350.505 Thread 0x000002171569a8e0 Unloading class 0x000000002e2c0000 'java/lang/invoke/LambdaForm$DMH+0x000000002e2c0000'
Event: 2350.505 Thread 0x000002171569a8e0 Unloading class 0x000000002e29c000 'java/lang/invoke/LambdaForm$DMH+0x000000002e29c000'
Event: 2350.506 Thread 0x000002171569a8e0 Unloading class 0x000000002e268000 'java/lang/invoke/LambdaForm$DMH+0x000000002e268000'
Event: 2350.506 Thread 0x000002171569a8e0 Unloading class 0x000000002e248400 'java/lang/invoke/LambdaForm$DMH+0x000000002e248400'
Event: 2350.507 Thread 0x000002171569a8e0 Unloading class 0x000000002e1e8000 'java/lang/invoke/LambdaForm$MH+0x000000002e1e8000'
Event: 2350.507 Thread 0x000002171569a8e0 Unloading class 0x000000002e125800 'java/lang/invoke/LambdaForm$MH+0x000000002e125800'
Event: 2350.507 Thread 0x000002171569a8e0 Unloading class 0x000000002e125400 'java/lang/invoke/LambdaForm$MH+0x000000002e125400'
Event: 2350.507 Thread 0x000002171569a8e0 Unloading class 0x000000002e0bd000 'java/lang/invoke/LambdaForm$MH+0x000000002e0bd000'
Event: 2350.507 Thread 0x000002171569a8e0 Unloading class 0x000000002e0bcc00 'java/lang/invoke/LambdaForm$MH+0x000000002e0bcc00'
Event: 2350.507 Thread 0x000002171569a8e0 Unloading class 0x000000002e0a8000 'java/lang/invoke/LambdaForm$DMH+0x000000002e0a8000'
Event: 2350.508 Thread 0x000002171569a8e0 Unloading class 0x000000002e05a400 'java/lang/invoke/LambdaForm$MH+0x000000002e05a400'
Event: 2350.508 Thread 0x000002171569a8e0 Unloading class 0x000000002e04d000 'java/lang/invoke/LambdaForm$BMH+0x000000002e04d000'

Classes redefined (0 events):
No events

Internal exceptions (20 events):
Event: 30.023 Thread 0x0000021702e6c960 Exception <a 'java/lang/IncompatibleClassChangeError'{0x000000008ff38910}: Found class java.lang.Object, but interface was expected> (0x000000008ff38910) 
thrown [s\open\src\hotspot\share\interpreter\linkResolver.cpp, line 871]
Event: 259.129 Thread 0x000002171ab53760 Exception <a 'java/lang/NoSuchMethodError'{0x000000009114f350}: 'void java.lang.invoke.DirectMethodHandle$Holder.invokeStatic(java.lang.Object, int)'> (0x000000009114f350) 
thrown [s\open\src\hotspot\share\interpreter\linkResolver.cpp, line 804]
Event: 259.130 Thread 0x000002171ab53760 Exception <a 'java/lang/NoSuchMethodError'{0x0000000091157320}: 'void java.lang.invoke.DirectMethodHandle$Holder.invokeStaticInit(java.lang.Object, int)'> (0x0000000091157320) 
thrown [s\open\src\hotspot\share\interpreter\linkResolver.cpp, line 804]
Event: 259.131 Thread 0x000002171ab53760 Exception <a 'java/lang/NoSuchMethodError'{0x0000000091166710}: 'void java.lang.invoke.DirectMethodHandle$Holder.invokeSpecial(java.lang.Object, java.lang.Object, int)'> (0x0000000091166710) 
thrown [s\open\src\hotspot\share\interpreter\linkResolver.cpp, line 804]
Event: 259.205 Thread 0x000002171ab53760 Exception <a 'java/lang/NoSuchMethodError'{0x00000000910994b8}: 'java.lang.Object java.lang.invoke.DirectMethodHandle$Holder.invokeSpecial(java.lang.Object, java.lang.Object, java.lang.Object, java.lang.Object, long)'> (0x00000000910994b8) 
thrown [s\open\src\hotspot\share\interpreter\linkResolver.cpp, line 804]
Event: 259.207 Thread 0x000002171ab53760 Exception <a 'java/lang/NoSuchMethodError'{0x00000000910a9a58}: 'java.lang.Object java.lang.invoke.Invokers$Holder.linkToTargetMethod(java.lang.Object, long, java.lang.Object)'> (0x00000000910a9a58) 
thrown [s\open\src\hotspot\share\interpreter\linkResolver.cpp, line 804]
Event: 259.961 Thread 0x000002171ab53760 Exception <a 'java/lang/NoSuchMethodError'{0x0000000090a2b150}: 'void java.lang.invoke.DirectMethodHandle$Holder.invokeSpecial(java.lang.Object, java.lang.Object, java.lang.Object, java.lang.Object, java.lang.Object, java.lang.Object, java.lang.Object, java.lang.Object)'> (0x0000000090a2b150) 
thrown [s\open\src\hotspot\share\interpreter\linkResolver.cpp, line 804]
Event: 259.999 Thread 0x000002171ab53760 Exception <a 'java/lang/NoSuchMethodError'{0x0000000090ad1e00}: 'java.lang.Object java.lang.invoke.DirectMethodHandle$Holder.invokeInterface(java.lang.Object, java.lang.Object, java.lang.Object, int)'> (0x0000000090ad1e00) 
thrown [s\open\src\hotspot\share\interpreter\linkResolver.cpp, line 804]
Event: 260.181 Thread 0x000002171ab53760 Exception <a 'java/io/FileNotFoundException'{0x00000000907cd098}> (0x00000000907cd098) 
thrown [s\open\src\hotspot\share\prims\jni.cpp, line 516]
Event: 260.219 Thread 0x000002171ab53760 Exception <a 'sun/nio/fs/WindowsException'{0x000000009061a748}> (0x000000009061a748) 
thrown [s\open\src\hotspot\share\prims\jni.cpp, line 516]
Event: 260.313 Thread 0x000002171ab53760 Exception <a 'java/lang/NoSuchMethodError'{0x0000000090567170}: 'java.lang.Object java.lang.invoke.DirectMethodHandle$Holder.newInvokeSpecial(java.lang.Object, java.lang.Object, long, java.lang.Object)'> (0x0000000090567170) 
thrown [s\open\src\hotspot\share\interpreter\linkResolver.cpp, line 804]
Event: 260.414 Thread 0x000002171ab53760 Exception <a 'java/lang/NoSuchMethodError'{0x000000009048d670}: 'java.lang.Object java.lang.invoke.Invokers$Holder.linkToTargetMethod(java.lang.Object, int, java.lang.Object, java.lang.Object, java.lang.Object, java.lang.Object)'> (0x000000009048d670) 
thrown [s\open\src\hotspot\share\interpreter\linkResolver.cpp, line 804]
Event: 260.415 Thread 0x000002171ab53760 Exception <a 'java/lang/NoSuchMethodError'{0x00000000904969f8}: 'java.lang.Object java.lang.invoke.DirectMethodHandle$Holder.invokeStatic(java.lang.Object, java.lang.Object, java.lang.Object, int, java.lang.Object, java.lang.Object)'> (0x00000000904969f8) 
thrown [s\open\src\hotspot\share\interpreter\linkResolver.cpp, line 804]
Event: 260.440 Thread 0x000002171ab53760 Exception <a 'java/lang/NoSuchMethodError'{0x00000000904ebbe0}: 'java.lang.Object java.lang.invoke.DirectMethodHandle$Holder.newInvokeSpecial(java.lang.Object, java.lang.Object, java.lang.Object, java.lang.Object, int, java.lang.Object)'> (0x00000000904ebbe0) 
thrown [s\open\src\hotspot\share\interpreter\linkResolver.cpp, line 804]
Event: 260.440 Thread 0x000002171ab53760 Exception <a 'java/lang/NoSuchMethodError'{0x00000000904f4438}: 'java.lang.Object java.lang.invoke.DirectMethodHandle$Holder.invokeSpecial(java.lang.Object, java.lang.Object, java.lang.Object, java.lang.Object, java.lang.Object, int, java.lang.Object)'> (0x00000000904f4438) 
thrown [s\open\src\hotspot\share\interpreter\linkResolver.cpp, line 804]
Event: 260.441 Thread 0x000002171ab53760 Exception <a 'java/lang/NoSuchMethodError'{0x00000000904fc3b8}: 'java.lang.Object java.lang.invoke.Invokers$Holder.linkToTargetMethod(java.lang.Object, java.lang.Object, java.lang.Object, int, java.lang.Object, java.lang.Object)'> (0x00000000904fc3b8) 
thrown [s\open\src\hotspot\share\interpreter\linkResolver.cpp, line 804]
Event: 409.192 Thread 0x000002171ab53760 Exception <a 'java/lang/NoSuchMethodError'{0x000000008f8f12f8}: 'java.lang.Object java.lang.invoke.DirectMethodHandle$Holder.newInvokeSpecial(java.lang.Object, java.lang.Object, long)'> (0x000000008f8f12f8) 
thrown [s\open\src\hotspot\share\interpreter\linkResolver.cpp, line 804]
Event: 471.581 Thread 0x000002171ab53760 Exception <a 'java/lang/NoSuchMethodError'{0x00000000910a8310}: 'void java.lang.invoke.DirectMethodHandle$Holder.invokeSpecial(java.lang.Object, java.lang.Object, long)'> (0x00000000910a8310) 
thrown [s\open\src\hotspot\share\interpreter\linkResolver.cpp, line 804]
Event: 681.860 Thread 0x000002171ab53760 Exception <a 'java/lang/NoSuchMethodError'{0x000000009034ce00}: 'void java.lang.invoke.DirectMethodHandle$Holder.invokeSpecialIFC(java.lang.Object, java.lang.Object, java.lang.Object, java.lang.Object)'> (0x000000009034ce00) 
thrown [s\open\src\hotspot\share\interpreter\linkResolver.cpp, line 804]
Event: 1720.440 Thread 0x000002171b7daf70 Exception <a 'java/io/IOException'{0x0000000091525bb8}> (0x0000000091525bb8) 
thrown [s\open\src\hotspot\share\prims\jni.cpp, line 516]

VM Operations (20 events):
Event: 2349.646 Executing safepoint VM operation: G1CollectForAllocation (G1 Evacuation Pause)
Event: 2349.716 Executing safepoint VM operation: G1CollectForAllocation (G1 Evacuation Pause) done
Event: 2350.484 Executing safepoint VM operation: G1PauseRemark
Event: 2351.209 Executing safepoint VM operation: G1PauseRemark done
Event: 2351.283 Executing safepoint VM operation: G1PauseCleanup
Event: 2351.285 Executing safepoint VM operation: G1PauseCleanup done
Event: 2380.010 Executing safepoint VM operation: G1CollectForAllocation (G1 Evacuation Pause)
Event: 2380.014 Executing safepoint VM operation: G1CollectForAllocation (G1 Evacuation Pause) done
Event: 2389.840 Executing non-safepoint VM operation: HandshakeAllThreads (Deoptimize)
Event: 2389.840 Executing non-safepoint VM operation: HandshakeAllThreads (Deoptimize) done
Event: 2405.248 Executing non-safepoint VM operation: HandshakeAllThreads (HandshakeForDeflation)
Event: 2405.248 Executing non-safepoint VM operation: HandshakeAllThreads (HandshakeForDeflation) done
Event: 2405.248 Executing non-safepoint VM operation: RendezvousGCThreads
Event: 2405.248 Executing non-safepoint VM operation: RendezvousGCThreads done
Event: 2440.119 Executing safepoint VM operation: G1CollectForAllocation (G1 Evacuation Pause)
Event: 2440.168 Executing safepoint VM operation: G1CollectForAllocation (G1 Evacuation Pause) done
Event: 2560.401 Executing safepoint VM operation: G1CollectForAllocation (G1 Evacuation Pause)
Event: 2560.529 Executing safepoint VM operation: G1CollectForAllocation (G1 Evacuation Pause) done
Event: 3405.534 Executing safepoint VM operation: G1CollectForAllocation (G1 Evacuation Pause)
Event: 3405.779 Executing safepoint VM operation: G1CollectForAllocation (G1 Evacuation Pause) done

Memory protections (0 events):
No events

Nmethod flushes (20 events):
Event: 2351.074 Thread 0x000002171569a8e0 flushing  nmethod 0x000002170d7d8f88
Event: 2351.075 Thread 0x000002171569a8e0 flushing  nmethod 0x000002170d7f3208
Event: 2351.075 Thread 0x000002171569a8e0 flushing  nmethod 0x000002170d88ad88
Event: 2351.076 Thread 0x000002171569a8e0 flushing  nmethod 0x000002170d32d808
Event: 2351.076 Thread 0x000002171569a8e0 flushing  nmethod 0x000002170d515e08
Event: 2351.076 Thread 0x000002171569a8e0 flushing  nmethod 0x000002170d602608
Event: 2351.076 Thread 0x000002171569a8e0 flushing  nmethod 0x000002170d70f808
Event: 2351.076 Thread 0x000002171569a8e0 flushing  nmethod 0x000002170d78c588
Event: 2351.077 Thread 0x000002171569a8e0 flushing  nmethod 0x000002170d7b8308
Event: 2351.078 Thread 0x000002171569a8e0 flushing  nmethod 0x000002170d86ce88
Event: 2351.078 Thread 0x000002171569a8e0 flushing  nmethod 0x000002170d9d5188
Event: 2351.079 Thread 0x000002171569a8e0 flushing  nmethod 0x000002170d3c3f88
Event: 2351.079 Thread 0x000002171569a8e0 flushing  nmethod 0x000002170d4b4b88
Event: 2351.079 Thread 0x000002171569a8e0 flushing  nmethod 0x000002170d61bb08
Event: 2351.079 Thread 0x000002171569a8e0 flushing  nmethod 0x000002170d681988
Event: 2351.079 Thread 0x000002171569a8e0 flushing  nmethod 0x000002170d682808
Event: 2351.081 Thread 0x000002171569a8e0 flushing  nmethod 0x000002170d847d88
Event: 2351.082 Thread 0x000002171569a8e0 flushing  nmethod 0x000002170d84df88
Event: 2351.082 Thread 0x000002171569a8e0 flushing  nmethod 0x000002170d855e08
Event: 2351.082 Thread 0x000002171569a8e0 flushing  nmethod 0x000002170d9d6588

Events (20 events):
Event: 2547.275 Thread 0x0000021702fca800 Thread exited: 0x0000021702fca800
Event: 2590.549 Thread 0x0000021702fc77a0 Thread added: 0x0000021702fc97e0
Event: 2591.305 Thread 0x0000021702fc97e0 Thread exited: 0x0000021702fc97e0
Event: 2591.308 Thread 0x0000021702fc77a0 Thread added: 0x0000021702fca800
Event: 2591.308 Thread 0x0000021702fc77a0 Thread added: 0x0000021702fc97e0
Event: 2591.308 Thread 0x0000021702fc77a0 Thread added: 0x0000021702fcb010
Event: 2596.439 Thread 0x0000021702fcb010 Thread exited: 0x0000021702fcb010
Event: 2596.441 Thread 0x0000021702fc97e0 Thread exited: 0x0000021702fc97e0
Event: 2601.440 Thread 0x0000021702fca800 Thread exited: 0x0000021702fca800
Event: 2620.603 Thread 0x0000021702fc77a0 Thread added: 0x0000021702fc97e0
Event: 2620.603 Thread 0x0000021702fc77a0 Thread added: 0x0000021702fca800
Event: 2625.614 Thread 0x0000021702fca800 Thread exited: 0x0000021702fca800
Event: 2630.613 Thread 0x0000021702fc97e0 Thread exited: 0x0000021702fc97e0
Event: 2681.591 Thread 0x0000021702fc77a0 Thread added: 0x0000021702fca800
Event: 2691.178 Thread 0x0000021702fca800 Thread exited: 0x0000021702fca800
Event: 3312.619 Thread 0x0000021702fc77a0 Thread added: 0x0000021702fcb010
Event: 3317.671 Thread 0x0000021702fcb010 Thread exited: 0x0000021702fcb010
Event: 3405.799 Thread 0x0000021702fc77a0 Thread added: 0x000002171be41040
Event: 3405.812 Thread 0x000002171be41040 Thread added: 0x000002171be43080
Event: 3405.812 Thread 0x000002171be41040 Thread added: 0x000002171be40020


Dynamic libraries:
0x00007ff6f39b0000 - 0x00007ff6f39c0000 	C:\Program Files\Java\jdk-25\bin\java.exe
0x00007ffbf2e60000 - 0x00007ffbf30c6000 	C:\WINDOWS\SYSTEM32\ntdll.dll
0x00007ffbf0bd0000 - 0x00007ffbf0c99000 	C:\WINDOWS\System32\KERNEL32.DLL
0x00007ffbf0210000 - 0x00007ffbf060e000 	C:\WINDOWS\System32\KERNELBASE.dll
0x00007ffbf00b0000 - 0x00007ffbf01fc000 	C:\WINDOWS\System32\ucrtbase.dll
0x00007ffbd6580000 - 0x00007ffbd6597000 	C:\Program Files\Java\jdk-25\bin\jli.dll
0x00007ffbd65b0000 - 0x00007ffbd65ce000 	C:\Program Files\Java\jdk-25\bin\VCRUNTIME140.dll
0x00007ffbf23e0000 - 0x00007ffbf25a7000 	C:\WINDOWS\System32\USER32.dll
0x00007ffbf0080000 - 0x00007ffbf00a7000 	C:\WINDOWS\System32\win32u.dll
0x00007ffbf0ba0000 - 0x00007ffbf0bcb000 	C:\WINDOWS\System32\GDI32.dll
0x00007ffbf0620000 - 0x00007ffbf074a000 	C:\WINDOWS\System32\gdi32full.dll
0x00007ffbf0ae0000 - 0x00007ffbf0b83000 	C:\WINDOWS\System32\msvcp_win.dll
0x00007ffbdc520000 - 0x00007ffbdc7b2000 	C:\WINDOWS\WinSxS\amd64_microsoft.windows.common-controls_6595b64144ccf1df_6.0.26100.8875_none_3e0d5d42e32fe9dd\COMCTL32.dll
0x00007ffbf0ca0000 - 0x00007ffbf0d49000 	C:\WINDOWS\System32\msvcrt.dll
0x00007ffbf0dc0000 - 0x00007ffbf0df2000 	C:\WINDOWS\System32\IMM32.DLL
0x00007ffbe58e0000 - 0x00007ffbe58ec000 	C:\Program Files\Java\jdk-25\bin\vcruntime140_1.dll
0x00007ffbae560000 - 0x00007ffbae5ed000 	C:\Program Files\Java\jdk-25\bin\msvcp140.dll
0x00007ffb4ca10000 - 0x00007ffb4d86f000 	C:\Program Files\Java\jdk-25\bin\server\jvm.dll
0x00007ffbf0e00000 - 0x00007ffbf0eb7000 	C:\WINDOWS\System32\ADVAPI32.dll
0x00007ffbf2d60000 - 0x00007ffbf2e0a000 	C:\WINDOWS\System32\sechost.dll
0x00007ffbf27b0000 - 0x00007ffbf28c8000 	C:\WINDOWS\System32\RPCRT4.dll
0x00007ffbf16a0000 - 0x00007ffbf1720000 	C:\WINDOWS\System32\WS2_32.dll
0x00007ffbefee0000 - 0x00007ffbeff3e000 	C:\WINDOWS\SYSTEM32\POWRPROF.dll
0x00007ffbe6220000 - 0x00007ffbe6256000 	C:\WINDOWS\SYSTEM32\WINMM.dll
0x00007ffbde460000 - 0x00007ffbde46b000 	C:\WINDOWS\SYSTEM32\VERSION.dll
0x00007ffbefeb0000 - 0x00007ffbefec4000 	C:\WINDOWS\SYSTEM32\UMPDC.dll
0x00007ffbeed60000 - 0x00007ffbeed7b000 	C:\WINDOWS\SYSTEM32\kernel.appcore.dll
0x00007ffbe5690000 - 0x00007ffbe569a000 	C:\Program Files\Java\jdk-25\bin\jimage.dll
0x00007ffbed720000 - 0x00007ffbed962000 	C:\WINDOWS\SYSTEM32\DBGHELP.DLL
0x00007ffbf1730000 - 0x00007ffbf1ab3000 	C:\WINDOWS\System32\combase.dll
0x00007ffbf25b0000 - 0x00007ffbf2689000 	C:\WINDOWS\System32\OLEAUT32.dll
0x00007ffbdc7c0000 - 0x00007ffbdc7fb000 	C:\WINDOWS\SYSTEM32\dbgcore.DLL
0x00007ffbf0a20000 - 0x00007ffbf0acc000 	C:\WINDOWS\System32\bcryptPrimitives.dll
0x00007ffbd3860000 - 0x00007ffbd387f000 	C:\Program Files\Java\jdk-25\bin\java.dll
0x00007ffbf28d0000 - 0x00007ffbf2a69000 	C:\WINDOWS\System32\ole32.dll
0x00007ffbf1bb0000 - 0x00007ffbf2342000 	C:\WINDOWS\System32\SHELL32.dll
0x00007ffbed970000 - 0x00007ffbee202000 	C:\WINDOWS\SYSTEM32\windows.storage.dll
0x00007ffbf15a0000 - 0x00007ffbf1697000 	C:\WINDOWS\System32\SHCORE.dll
0x00007ffbf0d50000 - 0x00007ffbf0db7000 	C:\WINDOWS\System32\shlwapi.dll
0x00007ffbeffa0000 - 0x00007ffbeffc9000 	C:\WINDOWS\SYSTEM32\profapi.dll
0x00007ffbd3790000 - 0x00007ffbd37a2000 	C:\Program Files\Java\jdk-25\bin\net.dll
0x00007ffbef310000 - 0x00007ffbef37c000 	C:\WINDOWS\system32\mswsock.dll
0x00007ffbd3770000 - 0x00007ffbd3786000 	C:\Program Files\Java\jdk-25\bin\nio.dll
0x00007ffbd1bd0000 - 0x00007ffbd1be7000 	C:\Program Files\Java\jdk-25\bin\zip.dll
0x00007ffbee6b0000 - 0x00007ffbee6e3000 	C:\WINDOWS\SYSTEM32\IPHLPAPI.DLL
0x00007ffbf2e10000 - 0x00007ffbf2e1a000 	C:\WINDOWS\System32\NSI.dll
0x00007ffbee6f0000 - 0x00007ffbee846000 	C:\WINDOWS\SYSTEM32\DNSAPI.dll
0x00007ffbef110000 - 0x00007ffbef11d000 	C:\WINDOWS\SYSTEM32\DSPARSE.dll
0x00007ffbe5b60000 - 0x00007ffbe5b6b000 	C:\Windows\System32\rasadhlp.dll
0x00007ffbea650000 - 0x00007ffbea6d6000 	C:\WINDOWS\System32\fwpuclnt.dll
0x00007ffbe53e0000 - 0x00007ffbe53f0000 	C:\Program Files\Java\jdk-25\bin\verify.dll
0x00007ffbef610000 - 0x00007ffbef62b000 	C:\WINDOWS\SYSTEM32\CRYPTSP.dll
0x00007ffbeecc0000 - 0x00007ffbeecf9000 	C:\WINDOWS\system32\rsaenh.dll
0x00007ffbef3d0000 - 0x00007ffbef402000 	C:\WINDOWS\SYSTEM32\USERENV.dll
0x00007ffbeff70000 - 0x00007ffbeff9a000 	C:\WINDOWS\SYSTEM32\bcrypt.dll
0x00007ffbef630000 - 0x00007ffbef63c000 	C:\WINDOWS\SYSTEM32\CRYPTBASE.dll
0x00007ffbe4e30000 - 0x00007ffbe4e3a000 	C:\Program Files\Java\jdk-25\bin\management.dll
0x00007ffbe2120000 - 0x00007ffbe212c000 	C:\Program Files\Java\jdk-25\bin\management_ext.dll
0x00007ffbf23a0000 - 0x00007ffbf23a8000 	C:\WINDOWS\System32\PSAPI.DLL
0x00007ffbe1b30000 - 0x00007ffbe1b39000 	C:\Program Files\Java\jdk-25\bin\extnet.dll
0x00007ffbe20b0000 - 0x00007ffbe20be000 	C:\Program Files\Java\jdk-25\bin\sunmscapi.dll
0x00007ffbf0750000 - 0x00007ffbf08c8000 	C:\WINDOWS\System32\CRYPT32.dll
0x00007ffbef850000 - 0x00007ffbef880000 	C:\WINDOWS\SYSTEM32\ncrypt.dll
0x00007ffbef800000 - 0x00007ffbef83f000 	C:\WINDOWS\SYSTEM32\NTASN1.dll
0x00007ffba9fb0000 - 0x00007ffba9fb8000 	C:\WINDOWS\system32\wshunix.dll
0x00007ffbd4120000 - 0x00007ffbd4138000 	C:\WINDOWS\system32\napinsp.dll
0x00007ffbd4100000 - 0x00007ffbd4113000 	C:\WINDOWS\System32\winrnr.dll
0x00007ffbd3f90000 - 0x00007ffbd3fb2000 	C:\WINDOWS\system32\nlansp_c.dll
0x00007ffbd3a10000 - 0x00007ffbd3a26000 	C:\WINDOWS\system32\wshbth.dll
0x00007ffbea460000 - 0x00007ffbea47d000 	C:\WINDOWS\SYSTEM32\dhcpcsvc6.DLL
0x00007ffbea410000 - 0x00007ffbea435000 	C:\WINDOWS\SYSTEM32\dhcpcsvc.DLL

JVMTI agents: none

dbghelp: loaded successfully - version: 4.0.5 - missing functions: none
symbol engine: initialized successfully - sym options: 0x614 - pdb path: .;C:\Program Files\Java\jdk-25\bin;C:\WINDOWS\SYSTEM32;C:\WINDOWS\WinSxS\amd64_microsoft.windows.common-controls_6595b64144ccf1df_6.0.26100.8875_none_3e0d5d42e32fe9dd;C:\Program Files\Java\jdk-25\bin\server

VM Arguments:
jvm_args: -XX:TieredStopAtLevel=1 
java_command: com.example.api_gateway.ApiGatewayApplication
java_class_path (initial): C:\Users\gueva\Downloads\Grupos_front\api_gateway\target\classes;C:\Users\gueva\.m2\repository\org\springframework\cloud\spring-cloud-starter-gateway\4.3.0\spring-cloud-starter-gateway-4.3.0.jar;C:\Users\gueva\.m2\repository\org\springframework\cloud\spring-cloud-starter\4.3.0\spring-cloud-starter-4.3.0.jar;C:\Users\gueva\.m2\repository\org\springframework\cloud\spring-cloud-context\4.3.0\spring-cloud-context-4.3.0.jar;C:\Users\gueva\.m2\repository\org\springframework\security\spring-security-crypto\6.5.1\spring-security-crypto-6.5.1.jar;C:\Users\gueva\.m2\repository\org\springframework\cloud\spring-cloud-commons\4.3.0\spring-cloud-commons-4.3.0.jar;C:\Users\gueva\.m2\repository\org\bouncycastle\bcprov-jdk18on\1.80\bcprov-jdk18on-1.80.jar;C:\Users\gueva\.m2\repository\org\springframework\cloud\spring-cloud-gateway-server\4.3.0\spring-cloud-gateway-server-4.3.0.jar;C:\Users\gueva\.m2\repository\org\apache\tomcat\embed\tomcat-embed-el\10.1.42\tomcat-embed-el-10.1.42.jar;C:\Users\gueva\.m2\repository\org\hibernate\validator\hibernate-validator\8.0.2.Final\hibernate-validator-8.0.2.Final.jar;C:\Users\gueva\.m2\repository\jakarta\validation\jakarta.validation-api\3.0.2\jakarta.validation-api-3.0.2.jar;C:\Users\gueva\.m2\repository\org\jboss\logging\jboss-logging\3.6.1.Final\jboss-logging-3.6.1.Final.jar;C:\Users\gueva\.m2\repository\com\fasterxml\classmate\1.7.0\classmate-1.7.0.jar;C:\Users\gueva\.m2\repository\io\projectreactor\addons\reactor-extra\3.5.2\reactor-extra-3.5.2.jar;C:\Users\gueva\.m2\repository\io\projectreactor\reactor-core\3.7.7\reactor-core-3.7.7.jar;C:\Users\gueva\.m2\repository\org\reactivestreams\reactive-streams\1.0.4\reactive-streams-1.0.4.jar;C:\Users\gueva\.m2\repository\com\fasterxml\jackson\datatype\jackson-datatype-jdk8\2.19.1\jackson-datatype-jdk8-2.19.1.jar;C:\Users\gueva\.m2\repository\com\fasterxml\jackson\module\jackson-module-parameter-names\2.19.1\jackson-module-parameter-names-2.19.1.jar;C:\Users\gueva\.m2\repository\io\projectreactor\netty\reactor-netty-http\1.2.7\reactor-netty-http-1.2.7.jar;C:\Users\gueva\.m2\repository\io\netty\netty-codec-http\4.1.122.Final\netty-codec-http-4.1.122.Final.jar;C:\Users\gueva\.m2\repository\io\netty\netty-common\4.1.122.Final\netty-common-4.1.122.Final.jar;C:\Users\gueva\.m2\repository\io\netty\netty-buffer\4.1.122.Final\netty-buffer-4.1.122.Final.jar;C:\Users\gueva\.m2\repository\io\netty\netty-transport\4.1.122.Final\netty-transport-4.1.122.Final.jar;C:\Users\gueva\.m2\repository\io\netty\netty-codec\4.1.122.Final\netty-codec-4.1.122.Final.jar;C:\Users\gueva\.m2\repository\io\netty\netty-handler\4.1.122.Final\netty-handler-4.1.122.Final.jar;C:\Users\gueva\.m2\repository\io\netty\netty-codec-http2\4.1.122.Final\netty-codec-http2-4.1.122.Final.jar;C:\Users\gueva\.m2\repository\io\netty\netty-resolver-dns\4.1.122.Final\netty-resolver-dns-4.1.122.Final.jar;C:\Users\gueva\.m2\repository\io\netty\netty-resolver\4.1.122.Final\netty-resolver-4.1.122.Final.jar;C:\Users\gueva\.m2\repository\io\netty\netty-codec-dns\4.1.122.Final\netty-codec-dns-4.1.122.Final.jar;C:\Users\gueva\.m2\repository\io\netty\netty-resolver-dns-native-macos\4.1.122.Final\netty-resolver-dns-native-macos-4.1.122.Final-osx-x86_64.jar;C:\Users\gueva\.m2\repository\io\netty\netty-resolver-dns-classes-macos\4.1.122.Final\netty-resolver-dns-classes-macos-4.1.122.Final.jar;C:\Users\gueva\.m2\repository\io\netty\netty-transport-native-epoll\4.1.122.Final\netty-transport-native-epoll-4.1.122.Final-linux-x86_64.jar;C:\Users\gueva\.m2\repository\io\netty\netty-transport-native-unix-common\4.1.122.Final\netty-transport-native-unix-common-4.1.122.Final.jar;C:\Users\gueva\.m2\repository\io\netty\netty-transport-classes-epoll\4.1.122.Final\netty-transport-classes-epoll-4.1.122.Final.jar;C:\Users\gueva\.m2\repository\io\projectreactor\netty\reactor-netty-core\1.2.7\reactor-netty-core-1.2.7.jar;C:\Users\gueva\.m2\repository\io\netty\netty-handler-proxy\4.1.122.Final\netty-handler-proxy-4.1.122.Final.jar;C:\Users\gueva\.m2\repository\io\netty\netty-codec-socks\4.1.122.Final\netty-codec-socks-4.1.122.Final.jar;C:\Users\gueva\.m2\repository\org\springframework\spring-web\6.2.8\spring-web-6.2.8.jar;C:\Users\gueva\.m2\repository\org\springframework\spring-beans\6.2.8\spring-beans-6.2.8.jar;C:\Users\gueva\.m2\repository\org\springframework\spring-webflux\6.2.8\spring-webflux-6.2.8.jar;C:\Users\gueva\.m2\repository\org\springframework\boot\spring-boot-properties-migrator\3.5.3\spring-boot-properties-migrator-3.5.3.jar;C:\Users\gueva\.m2\repository\org\springframework\boot\spring-boot\3.5.3\spring-boot-3.5.3.jar;C:\Users\gueva\.m2\repository\org\springframework\spring-context\6.2.8\spring-context-6.2.8.jar;C:\Users\gueva\.m2\repository\org\springframework\spring-aop\6.2.8\spring-aop-6.2.8.jar;C:\Users\gueva\.m2\repository\org\springframework\spring-expression\6.2.8\spring-expression-6.2.8.jar;C:\Users\gueva\.m2\repository\org\springframework\boot\spring-boot-configuration-metadata\3.5.3\spring-boot-configuration-metadata-3.5.3.jar;C:\Users\gueva\.m2\repository\org\springframework\cloud\spring-cloud-starter-netflix-eureka-client\4.3.0\spring-cloud-starter-netflix-eureka-client-4.3.0.jar;C:\Users\gueva\.m2\repository\org\springframework\cloud\spring-cloud-netflix-eureka-client\4.3.0\spring-cloud-netflix-eureka-client-4.3.0.jar;C:\Users\gueva\.m2\repository\org\apache\httpcomponents\client5\httpclient5\5.5\httpclient5-5.5.jar;C:\Users\gueva\.m2\repository\org\apache\httpcomponents\core5\httpcore5\5.3.4\httpcore5-5.3.4.jar;C:\Users\gueva\.m2\repository\org\apache\httpcomponents\core5\httpcore5-h2\5.3.4\httpcore5-h2-5.3.4.jar;C:\Users\gueva\.m2\repository\com\netflix\eureka\eureka-client\2.0.4\eureka-client-2.0.4.jar;C:\Users\gueva\.m2\repository\com\thoughtworks\xstream\xstream\1.4.20\xstream-1.4.20.jar;C:\Users\gueva\.m2\repository\io\github\x-stream\mxparser\1.2.2\mxparser-1.2.2.jar;C:\Users\gueva\.m2\repository\xmlpull\xmlpull\1.1.3.1\xmlpull-1.1.3.1.jar;C:\Users\gueva\.m2\repository\jakarta\ws\rs\jakarta.ws.rs-api\3.1.0\jakarta.ws.rs-api-3.1.0.jar;C:\Users\gueva\.m2\repository\jakarta\inject\jakarta.inject-api\2.0.1\jakarta.inject-api-2.0.1.jar;C:\Users\gueva\.m2\repository\jakarta\annotation\jakarta.annotation-api\2.1.1\jakarta.annotation-api-2.1.1.jar;C:\Users\gueva\.m2\repository\com\netflix\spectator\spectator-api\1.7.3\spectator-api-1.7.3.jar;C:\Users\gueva\.m2\repository\org\slf4j\slf4j-api\2.0.17\slf4j-api-2.0.17.jar;C:\Users\gueva\.m2\repository\org\apache\httpcomponents\httpclient\4.5.3\httpclient-4.5.3.jar;C:\Users\gueva\.m2\repository\org\apache\httpcomponents\httpcore\4.4.16\httpcore-4.4.16.jar;C:\Users\gueva\.m2\repository\commons-codec\commons-codec\1.18.0\commons-codec-1.18.0.jar;C:\Users\gueva\.m2\repository\commons-configuration\commons-configuration\1.10\commons-configuration-1.10.jar;C:\Users\gueva\.m2\repository\commons-lang\commons-lang\2.6\commons-lang-2.6.jar;C:\Users\gueva\.m2\repository\com\fasterxml\jackson\core\jackson-annotations\2.19.1\jackson-annotations-2.19.1.jar;C:\Users\gueva\.m2\repository\com\fasterxml\jackson\core\jackson-core\2.19.1\jackson-core-2.19.1.jar;C:\Users\gueva\.m2\repository\com\netflix\netflix-commons\netflix-eventbus\0.3.0\netflix-eventbus-0.3.0.jar;C:\Users\gueva\.m2\repository\com\netflix\netflix-commons\netflix-infix\0.3.0\netflix-infix-0.3.0.jar;C:\Users\gueva\.m2\repository\commons-jxpath\commons-jxpath\1.3\commons-jxpath-1.3.jar;C:\Users\gueva\.m2\repository\joda-time\joda-time\2.3\joda-time-2.3.jar;C:\Users\gueva\.m2\repository\org\antlr\antlr-runtime\3.4\antlr-runtime-3.4.jar;C:\Users\gueva\.m2\repository\org\antlr\stringtemplate\3.2.1\stringtemplate-3.2.1.jar;C:\Users\gueva\.m2\repository\antlr\antlr\2.7.7\antlr-2.7.7.jar;C:\Users\gueva\.m2\repository\com\google\guava\guava\14.0.1\guava-14.0.1.jar;C:\Users\gueva\.m2\repository\com\google\code\gson\gson\2.13.1\gson-2.13.1.jar;C:\Users\gueva\.m2\repository\com\google\errorprone\error_prone_annotations\2.38.0\error_prone_annotations-2.38.0.jar;C:\Users\gueva\.m2\repository\com\netflix\servo\servo-core\0.5.3\servo-core-0.5.3.jar;C:\Users\gueva\.m2\repository\org\apache\commons\commons-math\2.2\commons-math-2.2.jar;C:\Users\gueva\.m2\repository\javax\annotation\javax.annotation-api\1.2\javax.annotation-api-1.2.jar;C:\Users\gueva\.m2\repository\org\codehaus\jettison\jettison\1.5.4\jettison-1.5.4.jar;C:\Users\gueva\.m2\repository\org\springframework\cloud\spring-cloud-starter-loadbalancer\4.3.0\spring-cloud-starter-loadbalancer-4.3.0.jar;C:\Users\gueva\.m2\repository\org\springframework\cloud\spring-cloud-loadbalancer\4.3.0\spring-cloud-loadbalancer-4.3.0.jar;C:\Users\gueva\.m2\repository\org\springframework\spring-context-support\6.2.8\spring-context-support-6.2.8.jar;C:\Users\gueva\.m2\repository\com\stoyanr\evictor\1.0.0\evictor-1.0.0.jar;C:\Users\gueva\.m2\repository\org\springframework\boot\spring-boot-autoconfigure\3.5.3\spring-boot-autoconfigure-3.5.3.jar;C:\Users\gueva\.m2\repository\ch\qos\logback\logback-classic\1.5.18\logback-classic-1.5.18.jar;C:\Users\gueva\.m2\repository\ch\qos\logback\logback-core\1.5.18\logback-core-1.5.18.jar;C:\Users\gueva\.m2\repository\org\apache\logging\log4j\log4j-to-slf4j\2.24.3\log4j-to-slf4j-2.24.3.jar;C:\Users\gueva\.m2\repository\org\apache\logging\log4j\log4j-api\2.24.3\log4j-api-2.24.3.jar;C:\Users\gueva\.m2\repository\org\slf4j\jul-to-slf4j\2.0.17\jul-to-slf4j-2.0.17.jar;C:\Users\gueva\.m2\repository\org\yaml\snakeyaml\2.4\snakeyaml-2.4.jar;C:\Users\gueva\.m2\repository\org\springframework\boot\spring-boot-actuator-autoconfigure\3.5.3\spring-boot-actuator-autoconfigure-3.5.3.jar;C:\Users\gueva\.m2\repository\org\springframework\boot\spring-boot-actuator\3.5.3\spring-boot-actuator-3.5.3.jar;C:\Users\gueva\.m2\repository\com\fasterxml\jackson\datatype\jackson-datatype-jsr310\2.19.1\jackson-datatype-jsr310-2.19.1.jar;C:\Users\gueva\.m2\repository\io\micrometer\micrometer-observation\1.15.1\micrometer-observation-1.15.1.jar;C:\Users\gueva\.m2\repository\io\micrometer\micrometer-commons\1.15.1\micrometer-commons-1.15.1.jar;C:\Users\gueva\.m2\repository\io\micrometer\micrometer-jakarta9\1.15.1\micrometer-jakarta9-1.15.1.jar;C:\Users\gueva\.m2\repository\io\micrometer\micrometer-core\1.15.1\micrometer-core-1.15.1.jar;C:\Users\gueva\.m2\repository\org\hdrhistogram\HdrHistogram\2.2.2\HdrHistogram-2.2.2.jar;C:\Users\gueva\.m2\repository\org\latencyutils\LatencyUtils\2.0.3\LatencyUtils-2.0.3.jar;C:\Users\gueva\.m2\repository\io\jsonwebtoken\jjwt-api\0.11.5\jjwt-api-0.11.5.jar;C:\Users\gueva\.m2\repository\io\jsonwebtoken\jjwt-impl\0.11.5\jjwt-impl-0.11.5.jar;C:\Users\gueva\.m2\repository\io\jsonwebtoken\jjwt-jackson\0.11.5\jjwt-jackson-0.11.5.jar;C:\Users\gueva\.m2\repository\com\fasterxml\jackson\core\jackson-databind\2.19.1\jackson-databind-2.19.1.jar;C:\Users\gueva\.m2\repository\com\vaadin\external\google\android-json\0.0.20131108.vaadin1\android-json-0.0.20131108.vaadin1.jar;C:\Users\gueva\.m2\repository\org\springframework\spring-core\6.2.8\spring-core-6.2.8.jar;C:\Users\gueva\.m2\repository\org\springframework\spring-jcl\6.2.8\spring-jcl-6.2.8.jar
Launcher Type: SUN_STANDARD

[Global flags]
     intx CICompilerCount                          = 4                                         {product} {ergonomic}
     uint ConcGCThreads                            = 2                                         {product} {ergonomic}
     uint G1ConcRefinementThreads                  = 8                                         {product} {ergonomic}
   size_t G1HeapRegionSize                         = 1048576                                   {product} {ergonomic}
   size_t InitialHeapSize                          = 121634816                                 {product} {ergonomic}
   size_t MarkStackSize                            = 4194304                                   {product} {ergonomic}
   size_t MarkStackSizeMax                         = 536870912                                 {product} {ergonomic}
   size_t MaxHeapSize                              = 1935671296                                {product} {ergonomic}
   size_t MaxNewSize                               = 1160773632                                {product} {ergonomic}
   size_t MinHeapDeltaBytes                        = 1048576                                   {product} {ergonomic}
   size_t MinHeapSize                              = 8388608                                   {product} {ergonomic}
    uintx NonNMethodCodeHeapSize                   = 4096                                   {pd product} {ergonomic}
    uintx NonProfiledCodeHeapSize                  = 0                                      {pd product} {ergonomic}
     bool ProfileInterpreter                       = false                                  {pd product} {command line}
    uintx ProfiledCodeHeapSize                     = 0                                      {pd product} {ergonomic}
   size_t SoftMaxHeapSize                          = 1935671296                             {manageable} {ergonomic}
     intx TieredStopAtLevel                        = 1                                         {product} {command line}
     bool UseCompressedOops                        = true                           {product lp64_product} {ergonomic}
     bool UseG1GC                                  = true                                      {product} {ergonomic}
     bool UseLargePagesIndividualAllocation        = false                                  {pd product} {ergonomic}

Logging:
Log output configuration:
 #0: stdout all=warning uptime,level,tags foldmultilines=false
 #1: stderr all=off uptime,level,tags foldmultilines=false

Release file:
IMPLEMENTOR="Oracle Corporation" 
JAVA_RUNTIME_VERSION="25+37-LTS-3491" 
JAVA_VERSION="25" 
JAVA_VERSION_DATE="2025-09-16" 
LIBC="default" 
MODULES="java.base java.compiler java.datatransfer java.xml java.prefs java.desktop java.instrument java.logging java.management java.security.sasl java.naming java.rmi java.management.rmi java.net.http java.scripting java.security.jgss java.transaction.xa java.sql java.sql.rowset java.xml.crypto java.se java.smartcardio jdk.accessibility jdk.internal.jvmstat jdk.attach jdk.charsets jdk.internal.opt jdk.zipfs jdk.compiler jdk.crypto.cryptoki jdk.crypto.ec jdk.crypto.mscapi jdk.dynalink jdk.internal.ed jdk.editpad jdk.internal.vm.ci jdk.graal.compiler jdk.graal.compiler.management jdk.hotspot.agent jdk.httpserver jdk.incubator.vector jdk.internal.le jdk.internal.md jdk.jartool jdk.javadoc jdk.jcmd jdk.management jdk.management.agent jdk.jconsole jdk.jdeps jdk.jdwp.agent jdk.jdi jdk.jfr jdk.jlink jdk.jpackage jdk.jshell jdk.jsobject jdk.jstatd jdk.localedata jdk.management.jfr jdk.naming.dns jdk.naming.rmi jdk.net jdk.nio.mapmode jdk.sctp jdk.security.auth jdk.security.jgss jdk.unsupported jdk.unsupported.desktop jdk.xml.dom" 
OS_ARCH="x86_64" 
OS_NAME="Windows" 
SOURCE=".:git:49d6a23b8806 open:git:6c48f4ed707b" 

Environment Variables:
PATH=C:\Program Files\Common Files\Oracle\Java\javapath;C:\WINDOWS\system32;C:\WINDOWS;C:\WINDOWS\System32\Wbem;C:\WINDOWS\System32\WindowsPowerShell\v1.0\;C:\WINDOWS\System32\OpenSSH\;C:\Program Files\dotnet\;C:\Program Files\Java\jdk-25\bin;C:\Program Files\nodejs\;C:\xampp\php;C:\ProgramData\ComposerSetup\bin;C:\Program Files\Git\cmd;C:\Program Files (x86)\Microsoft SQL Server\160\Tools\Binn\;C:\Program Files\Microsoft SQL Server\160\Tools\Binn\;C:\Program Files\Microsoft SQL Server\Client SDK\ODBC\170\Tools\Binn\;C:\Program Files\Microsoft SQL Server\160\DTS\Binn\;C:\Program Files (x86)\Microsoft SQL Server\160\DTS\Binn\;C:\ProgramData\chocolatey\bin;C:\flutter\bin;;C:\Program Files\Docker\Docker\resources\bin;C:\Users\gueva\AppData\Local\Programs\Python\Launcher\;C:\Program Files\MySQL\MySQL Shell 8.0\bin\;C:\Users\gueva\AppData\Local\Microsoft\WindowsApps;C:\Users\gueva\AppData\Local\Programs\Microsoft VS Code\bin;C:\Program Files\Java\jdk-25\bin;C:\Users\gueva\AppData\Roaming\npm;C:\Users\gueva\AppData\Roaming\Composer\vendor\bin;C:\Users\gueva\AppData\Roaming\npm;C:\Users\gueva\AppData\Local\Python\bin;C:\Program Files\Git\bin;C:\Users\gueva\AppData\Local\Programs\mongosh\;C:\Program Files\MongoDB\Tools\100\bin;C:\Program Files\MongoDB\Server\8.2\bin;C:\flutter\bin;C:\Program Files\MySQL\MySQL Server 8.0\bin;C:\Program Files\Docker\Docker;
USERNAME=gueva
OS=Windows_NT
PROCESSOR_IDENTIFIER=AMD64 Family 23 Model 160 Stepping 0, AuthenticAMD
TMP=C:\Users\gueva\AppData\Local\Temp
TEMP=C:\Users\gueva\AppData\Local\Temp




Compilation memory statistics disabled.

Periodic native trim disabled

---------------  S Y S T E M  ---------------

OS:
 Windows 11 , 64 bit Build 26100 (10.0.26100.8875)
OS uptime: 0 days 19:35 hours
Hyper-V role detected

CPU: total 8 (initial active 8) (8 cores per cpu, 2 threads per core) family 23 model 160 stepping 0 microcode 0x8a0000b, cx8, cmov, fxsr, ht, mmx, 3dnowpref, sse, sse2, sse3, ssse3, sse4a, sse4.1, sse4.2, popcnt, lzcnt, tsc, tscinvbit, avx, avx2, aes, clmul, bmi1, bmi2, adx, sha, fma, vzeroupper, clflush, clflushopt, clwb, hv, rdtscp, rdpid, f16c
Processor Information for the first 8 processors :
  Max Mhz: 2801, Current Mhz: 2801, Mhz Limit: 2801

Memory: 4k page, system-wide physical 7379M (577M free)
TotalPageFile size 29907M (AvailPageFile size 0M)
current process WorkingSet (physical memory assigned to process): 75M, peak: 200M
current process commit charge ("private bytes"): 285M, peak: 285M

vm_info: Java HotSpot(TM) 64-Bit Server VM (25+37-LTS-3491) for windows-amd64 JRE (25+37-LTS-3491), built on 2025-08-14T21:13:00Z with unknown MS VC++:1943

END.
