#
# There is insufficient memory for the Java Runtime Environment to continue.
# Native memory allocation (mmap) failed to map 1048576 bytes. Error detail: G1 virtual space
# Possible reasons:
#   The system is out of physical RAM or swap space
#   This process is running with CompressedOops enabled, and the Java Heap may be blocking the growth of the native heap
# Possible solutions:
#   Reduce memory load on the system
#   Increase physical memory or swap space
#   Check if swap backing store is full
#   Decrease Java heap size (-Xmx/-Xms)
#   Decrease number of Java threads
#   Decrease Java thread stack sizes (-Xss)
#   Set larger code cache with -XX:ReservedCodeCacheSize=
#   JVM is running with Unscaled Compressed Oops mode in which the Java heap is
#     placed in the first 4GB address space. The Java Heap base address is the
#     maximum limit for the native heap growth. Please use -XX:HeapBaseMinAddress
#     to set the Java Heap base and to place the Java Heap above 4GB virtual address.
# This output file may be truncated or incomplete.
#
#  Out of Memory Error (os_windows.cpp:3554), pid=1444, tid=480
#
# JRE version: Java(TM) SE Runtime Environment (25.0+37) (build 25+37-LTS-3491)
# Java VM: Java HotSpot(TM) 64-Bit Server VM (25+37-LTS-3491, mixed mode, emulated-client, sharing, tiered, compressed oops, compressed class ptrs, g1 gc, windows-amd64)
# No core dump will be written. Minidumps are not enabled by default on client versions of Windows
#

---------------  S U M M A R Y ------------

Command Line: -XX:TieredStopAtLevel=1 com.example.m14_profesor_asignatura_service.M14ProfesorAsignaturaServiceApplication

Host: AMD Ryzen 5 7520U with Radeon Graphics         , 8 cores, 7G,  Windows 11 , 64 bit Build 26100 (10.0.26100.8875)
Time: Sun Jul 19 19:11:58 2026 Hora estándar central (México) elapsed time: 4654.783276 seconds (0d 1h 17m 34s)

---------------  T H R E A D  ---------------

Current thread (0x00000215bbf1ca70):  WorkerThread "GC Thread#3"    [id=480, stack(0x000000b0bd900000,0x000000b0bda00000) (1024K)]

Stack: [0x000000b0bd900000,0x000000b0bda00000]
Native frames: (J=compiled Java code, j=interpreted, Vv=VM code, C=native code)
V  [jvm.dll+0x7a6a39]  (no source info available)
V  [jvm.dll+0x7727ed]  (no source info available)
V  [jvm.dll+0x965f33]  (no source info available)
V  [jvm.dll+0x968531]  (no source info available)
V  [jvm.dll+0x968c33]  (no source info available)
V  [jvm.dll+0x2fc756]  (no source info available)
V  [jvm.dll+0x7a2c65]  (no source info available)
V  [jvm.dll+0x796077]  (no source info available)
V  [jvm.dll+0x3f4698]  (no source info available)
V  [jvm.dll+0x3fc5b6]  (no source info available)
V  [jvm.dll+0x3e8965]  (no source info available)
V  [jvm.dll+0x3e9031]  (no source info available)
V  [jvm.dll+0x3e90ef]  (no source info available)
V  [jvm.dll+0x3c16fc]  (no source info available)
V  [jvm.dll+0x3c144d]  (no source info available)
V  [jvm.dll+0x3ae95b]  (no source info available)
V  [jvm.dll+0x3aed36]  (no source info available)
V  [jvm.dll+0x3af9cb]  (no source info available)
V  [jvm.dll+0x3afe30]  (no source info available)
V  [jvm.dll+0x3af8ad]  (no source info available)
V  [jvm.dll+0x3f65c1]  (no source info available)
V  [jvm.dll+0x3f69c5]  (no source info available)
V  [jvm.dll+0x3f4ca8]  (no source info available)
V  [jvm.dll+0x3f7d88]  (no source info available)
V  [jvm.dll+0x3f408e]  (no source info available)
V  [jvm.dll+0x403189]  (no source info available)
V  [jvm.dll+0x402f4d]  (no source info available)
V  [jvm.dll+0x4015ca]  (no source info available)
V  [jvm.dll+0x402acb]  (no source info available)
V  [jvm.dll+0x40d7f3]  (no source info available)
V  [jvm.dll+0x40db18]  (no source info available)
V  [jvm.dll+0x999971]  (no source info available)
V  [jvm.dll+0x90681d]  (no source info available)
V  [jvm.dll+0x7a5015]  (no source info available)
C  [ucrtbase.dll+0x2cd30]  (no source info available)
C  [KERNEL32.DLL+0x2e957]  (no source info available)
C  [ntdll.dll+0xaad6c]  (no source info available)


---------------  P R O C E S S  ---------------

Threads class SMR info:
_java_thread_list=0x00000215bdc1d120, length=37, elements={
0x00000215b6c97ac0, 0x00000215b6c98520, 0x00000215b6ca1900, 0x00000215b6ca3750,
0x00000215b6ca4ab0, 0x00000215b6ca77f0, 0x00000215a6595740, 0x00000215bb04bde0,
0x00000215bb076d90, 0x00000215bb6de2f0, 0x00000215bb6df2c0, 0x00000215bb9a2d00,
0x00000215bb943b20, 0x00000215bb95c9e0, 0x00000215be2f8600, 0x00000215bb0794e0,
0x00000215be04dc10, 0x00000215be04ebb0, 0x00000215be04e3e0, 0x00000215be050320,
0x00000215be18c750, 0x00000215be1890a0, 0x00000215be18b7b0, 0x00000215be189870,
0x00000215be18a810, 0x00000215be18bf80, 0x00000215be1b8f50, 0x00000215be1b8780,
0x00000215be1b6070, 0x00000215be1bcdd0, 0x00000215be1bae90, 0x00000215be1bd5a0,
0x00000215bbf5fc10, 0x00000215bb85fac0, 0x00000215bb861a00, 0x00000215bb860290,
0x00000215bb861230
}

Java Threads: ( => current thread )
  0x00000215b6c97ac0 JavaThread "Reference Handler"          daemon [_thread_blocked, id=25260, stack(0x000000b0bcd00000,0x000000b0bce00000) (1024K)]
  0x00000215b6c98520 JavaThread "Finalizer"                  daemon [_thread_blocked, id=14892, stack(0x000000b0bce00000,0x000000b0bcf00000) (1024K)]
  0x00000215b6ca1900 JavaThread "Signal Dispatcher"          daemon [_thread_blocked, id=27556, stack(0x000000b0bcf00000,0x000000b0bd000000) (1024K)]
  0x00000215b6ca3750 JavaThread "Attach Listener"            daemon [_thread_blocked, id=1876, stack(0x000000b0bd000000,0x000000b0bd100000) (1024K)]
  0x00000215b6ca4ab0 JavaThread "Service Thread"             daemon [_thread_blocked, id=3720, stack(0x000000b0bd100000,0x000000b0bd200000) (1024K)]
  0x00000215b6ca77f0 JavaThread "Monitor Deflation Thread"   daemon [_thread_blocked, id=4092, stack(0x000000b0bd200000,0x000000b0bd300000) (1024K)]
  0x00000215a6595740 JavaThread "C1 CompilerThread0"         daemon [_thread_blocked, id=31352, stack(0x000000b0bd300000,0x000000b0bd400000) (1024K)]
  0x00000215bb04bde0 JavaThread "Notification Thread"        daemon [_thread_blocked, id=13084, stack(0x000000b0bd400000,0x000000b0bd500000) (1024K)]
  0x00000215bb076d90 JavaThread "Common-Cleaner"             daemon [_thread_blocked, id=6476, stack(0x000000b0bd500000,0x000000b0bd600000) (1024K)]
  0x00000215bb6de2f0 JavaThread "Catalina-utility-1"                [_thread_blocked, id=22540, stack(0x000000b0bdc00000,0x000000b0bdd00000) (1024K)]
  0x00000215bb6df2c0 JavaThread "Catalina-utility-2"                [_thread_blocked, id=12084, stack(0x000000b0be000000,0x000000b0be100000) (1024K)]
  0x00000215bb9a2d00 JavaThread "container-0"                       [_thread_blocked, id=9868, stack(0x000000b0be100000,0x000000b0be200000) (1024K)]
  0x00000215bb943b20 JavaThread "Cleaner-0"                  daemon [_thread_blocked, id=19692, stack(0x000000b0be300000,0x000000b0be400000) (1024K)]
  0x00000215bb95c9e0 JavaThread "HikariPool-1:housekeeper"   daemon [_thread_blocked, id=19188, stack(0x000000b0be400000,0x000000b0be500000) (1024K)]
  0x00000215be2f8600 JavaThread "spectator-gauge-polling-0"  daemon [_thread_blocked, id=27932, stack(0x000000b0be900000,0x000000b0bea00000) (1024K)]
  0x00000215bb0794e0 JavaThread "AsyncResolver-bootstrap-%d" daemon [_thread_blocked, id=24736, stack(0x000000b0bea00000,0x000000b0beb00000) (1024K)]
  0x00000215be04dc10 JavaThread "DiscoveryClient-%d"         daemon [_thread_blocked, id=32724, stack(0x000000b0beb00000,0x000000b0bec00000) (1024K)]
  0x00000215be04ebb0 JavaThread "DiscoveryClient-%d"         daemon [_thread_blocked, id=3572, stack(0x000000b0bec00000,0x000000b0bed00000) (1024K)]
  0x00000215be04e3e0 JavaThread "DiscoveryClient-InstanceInfoReplicator-%d" daemon [_thread_blocked, id=2936, stack(0x000000b0bed00000,0x000000b0bee00000) (1024K)]
  0x00000215be050320 JavaThread "http-nio-8094-exec-1"       daemon [_thread_blocked, id=10140, stack(0x000000b0bee00000,0x000000b0bef00000) (1024K)]
  0x00000215be18c750 JavaThread "http-nio-8094-exec-2"       daemon [_thread_blocked, id=11484, stack(0x000000b0bef00000,0x000000b0bf000000) (1024K)]
  0x00000215be1890a0 JavaThread "http-nio-8094-exec-3"       daemon [_thread_blocked, id=3112, stack(0x000000b0bf000000,0x000000b0bf100000) (1024K)]
  0x00000215be18b7b0 JavaThread "http-nio-8094-exec-4"       daemon [_thread_blocked, id=16316, stack(0x000000b0bf100000,0x000000b0bf200000) (1024K)]
  0x00000215be189870 JavaThread "http-nio-8094-exec-5"       daemon [_thread_blocked, id=14696, stack(0x000000b0bf200000,0x000000b0bf300000) (1024K)]
  0x00000215be18a810 JavaThread "http-nio-8094-exec-6"       daemon [_thread_blocked, id=20196, stack(0x000000b0bf300000,0x000000b0bf400000) (1024K)]
  0x00000215be18bf80 JavaThread "http-nio-8094-exec-7"       daemon [_thread_blocked, id=1436, stack(0x000000b0bf400000,0x000000b0bf500000) (1024K)]
  0x00000215be1b8f50 JavaThread "http-nio-8094-exec-8"       daemon [_thread_blocked, id=3872, stack(0x000000b0bf500000,0x000000b0bf600000) (1024K)]
  0x00000215be1b8780 JavaThread "http-nio-8094-exec-9"       daemon [_thread_blocked, id=16588, stack(0x000000b0bf600000,0x000000b0bf700000) (1024K)]
  0x00000215be1b6070 JavaThread "http-nio-8094-exec-10"      daemon [_thread_blocked, id=23588, stack(0x000000b0bf700000,0x000000b0bf800000) (1024K)]
  0x00000215be1bcdd0 JavaThread "http-nio-8094-Poller"       daemon [_thread_blocked, id=28024, stack(0x000000b0bf800000,0x000000b0bf900000) (1024K)]
  0x00000215be1bae90 JavaThread "http-nio-8094-Acceptor"     daemon [_thread_in_native, id=32052, stack(0x000000b0bf900000,0x000000b0bfa00000) (1024K)]
  0x00000215be1bd5a0 JavaThread "DestroyJavaVM"                     [_thread_blocked, id=24956, stack(0x000000b0bc500000,0x000000b0bc600000) (1024K)]
  0x00000215bbf5fc10 JavaThread "DiscoveryClient-CacheRefreshExecutor-%d" daemon [_thread_blocked, id=29244, stack(0x000000b0bd600000,0x000000b0bd700000) (1024K)]
  0x00000215bb85fac0 JavaThread "DiscoveryClient-HeartbeatExecutor-%d" daemon [_thread_blocked, id=21200, stack(0x000000b0be700000,0x000000b0be800000) (1024K)]
  0x00000215bb861a00 JavaThread "AsyncResolver-bootstrap-executor-%d" daemon [_thread_blocked, id=13828, stack(0x000000b0be500000,0x000000b0be600000) (1024K)]
  0x00000215bb860290 JavaThread "HikariPool-1:connection-closer" daemon [_thread_blocked, id=29764, stack(0x000000b0bc200000,0x000000b0bc300000) (1024K)]
  0x00000215bb861230 JavaThread "HikariPool-1:connection-adder" daemon [_thread_blocked, id=14376, stack(0x000000b0bc300000,0x000000b0bc400000) (1024K)]
Total: 37

Other Threads:
  0x00000215b6c83d30 VMThread "VM Thread"                           [id=31928, stack(0x000000b0bcc00000,0x000000b0bcd00000) (1024K)]
  0x00000215b6b4a840 WatcherThread "VM Periodic Task Thread"        [id=10952, stack(0x000000b0bcb00000,0x000000b0bcc00000) (1024K)]
  0x00000215a65e0c10 WorkerThread "GC Thread#0"                     [id=28584, stack(0x000000b0bc600000,0x000000b0bc700000) (1024K)]
  0x00000215bbef35a0 WorkerThread "GC Thread#1"                     [id=25112, stack(0x000000b0bd700000,0x000000b0bd800000) (1024K)]
  0x00000215bbf1c230 WorkerThread "GC Thread#2"                     [id=12836, stack(0x000000b0bd800000,0x000000b0bd900000) (1024K)]
=>0x00000215bbf1ca70 WorkerThread "GC Thread#3"                     [id=480, stack(0x000000b0bd900000,0x000000b0bda00000) (1024K)]
  0x00000215bbf1d4b0 WorkerThread "GC Thread#4"                     [id=5612, stack(0x000000b0bda00000,0x000000b0bdb00000) (1024K)]
  0x00000215bbf1fb00 WorkerThread "GC Thread#5"                     [id=14620, stack(0x000000b0bdb00000,0x000000b0bdc00000) (1024K)]
  0x00000215bc3e50f0 WorkerThread "GC Thread#6"                     [id=27976, stack(0x000000b0bde00000,0x000000b0bdf00000) (1024K)]
  0x00000215bc409350 WorkerThread "GC Thread#7"                     [id=2328, stack(0x000000b0bdf00000,0x000000b0be000000) (1024K)]
  0x00000215a65f7700 ConcurrentGCThread "G1 Main Marker"            [id=32716, stack(0x000000b0bc700000,0x000000b0bc800000) (1024K)]
  0x00000215a65f9930 WorkerThread "G1 Conc#0"                       [id=19816, stack(0x000000b0bc800000,0x000000b0bc900000) (1024K)]
  0x00000215bc544b50 WorkerThread "G1 Conc#1"                       [id=8500, stack(0x000000b0bdd00000,0x000000b0bde00000) (1024K)]
  0x00000215b6b3eb50 ConcurrentGCThread "G1 Refine#0"               [id=32380, stack(0x000000b0bc900000,0x000000b0bca00000) (1024K)]
  0x00000215b6b3f560 ConcurrentGCThread "G1 Service"                [id=27092, stack(0x000000b0bca00000,0x000000b0bcb00000) (1024K)]
Total: 15

Threads with active compile tasks:
Total: 0

VM state: at safepoint (normal execution)

VM Mutex/Monitor currently owned by a thread:  ([mutex/lock_event])
[0x00007ffb22dd6da8] FreeList_lock - owner thread: 0x00000215bbf1ca70
[0x00007ffb22dd94a8] Threads_lock - owner thread: 0x00000215b6c83d30
[0x00007ffb22dd9628] Heap_lock - owner thread: 0x00000215bb861230

Heap address: 0x000000008ca00000, size: 1846 MB, Compressed Oops mode: 32-bit

CDS archive(s) mapped at: [0x0000000009000000-0x0000000009dd0000-0x0000000009dd0000), size 14483456, SharedBaseAddress: 0x0000000009000000, ArchiveRelocationMode: 1.
Compressed class space mapped at: 0x000000000a000000-0x000000004a000000, reserved size: 1073741824
UseCompressedClassPointers 1, UseCompactObjectHeaders 0
Narrow klass pointer bits 32, Max shift 3
Narrow klass base: 0x0000000009000000, Narrow klass shift: 0
Encoding Range: [0x0000000009000000 - 0x0000000109000000), (4294967296 bytes)
Klass Range:    [0x0000000009010000 - 0x000000004a000000), (1090453504 bytes)
Klass ID Range:  [65536 - 1090519033) (1090453497)
Protection zone: [0x0000000009000000 - 0x0000000009010000), (65536 bytes)

GC Precious Log:
 CardTable entry size: 512
 Card Set container configuration: InlinePtr #cards 5 size 8 Array Of Cards #cards 10 size 36 Howl #buckets 4 coarsen threshold 1843 Howl Bitmap #cards 512 size 80 coarsen threshold 460 Card regions per heap region 1 cards per card region 2048
 CPUs: 8 total, 8 available
 Memory: 7379M
 Large Page Support: Disabled
 NUMA Support: Disabled
 Compressed Oops: Enabled (32-bit)
 Heap Region Size: 1M
 Heap Min Capacity: 8M
 Heap Initial Capacity: 116M
 Heap Max Capacity: 1846M
 Pre-touch: Disabled
 Parallel Workers: 8
 Concurrent Workers: 2
 Concurrent Refinement Workers: 8
 Periodic GC: Disabled

Heap:
 garbage-first heap   total reserved 1890304K, committed 84992K, used 75925K [0x000000008ca00000, 0x0000000100000000)
  region size 1024K, 32 young (32768K), 4 survivors (4096K)

Heap Regions: E=young(eden), S=young(survivor), O=old, HS=humongous(starts), HC=humongous(continues), CS=collection set, F=free, TAMS=top-at-mark-start, PB=parsable bottom
|   0|0x000000008ca00000, 0x000000008cb00000, 0x000000008cb00000|100%|HS|  |TAMS 0x000000008ca00000| PB 0x000000008ca00000| Complete |  0
|   1|0x000000008cb00000, 0x000000008cc00000, 0x000000008cc00000|100%|HS|  |TAMS 0x000000008cb00000| PB 0x000000008cb00000| Complete |  0
|   2|0x000000008cc00000, 0x000000008cd00000, 0x000000008cd00000|100%| O|  |TAMS 0x000000008cc00000| PB 0x000000008cc00000| Untracked |  0
|   3|0x000000008cd00000, 0x000000008ce00000, 0x000000008ce00000|100%| O|  |TAMS 0x000000008cd00000| PB 0x000000008cd00000| Untracked |  0
|   4|0x000000008ce00000, 0x000000008cf00000, 0x000000008cf00000|100%| O|  |TAMS 0x000000008ce00000| PB 0x000000008ce00000| Untracked |  0
|   5|0x000000008cf00000, 0x000000008d000000, 0x000000008d000000|100%| O|  |TAMS 0x000000008cf00000| PB 0x000000008cf00000| Untracked |  0
|   6|0x000000008d000000, 0x000000008d100000, 0x000000008d100000|100%| O|  |TAMS 0x000000008d000000| PB 0x000000008d000000| Untracked |  0
|   7|0x000000008d100000, 0x000000008d200000, 0x000000008d200000|100%| O|  |TAMS 0x000000008d100000| PB 0x000000008d100000| Untracked |  0
|   8|0x000000008d200000, 0x000000008d300000, 0x000000008d300000|100%| O|  |TAMS 0x000000008d200000| PB 0x000000008d200000| Untracked |  0
|   9|0x000000008d300000, 0x000000008d400000, 0x000000008d400000|100%| O|CS|TAMS 0x000000008d300000| PB 0x000000008d300000| Complete |  0
|  10|0x000000008d400000, 0x000000008d500000, 0x000000008d500000|100%| O|CS|TAMS 0x000000008d400000| PB 0x000000008d400000| Complete |  0
|  11|0x000000008d500000, 0x000000008d600000, 0x000000008d600000|100%| O|  |TAMS 0x000000008d500000| PB 0x000000008d500000| Untracked |  0
|  12|0x000000008d600000, 0x000000008d700000, 0x000000008d700000|100%| O|  |TAMS 0x000000008d600000| PB 0x000000008d600000| Untracked |  0
|  13|0x000000008d700000, 0x000000008d800000, 0x000000008d800000|100%| O|  |TAMS 0x000000008d700000| PB 0x000000008d700000| Untracked |  0
|  14|0x000000008d800000, 0x000000008d900000, 0x000000008d900000|100%| O|  |TAMS 0x000000008d800000| PB 0x000000008d800000| Untracked |  0
|  15|0x000000008d900000, 0x000000008da00000, 0x000000008da00000|100%| O|CS|TAMS 0x000000008d900000| PB 0x000000008d900000| Complete |  0
|  16|0x000000008da00000, 0x000000008db00000, 0x000000008db00000|100%| O|  |TAMS 0x000000008da00000| PB 0x000000008da00000| Untracked |  0
|  17|0x000000008db00000, 0x000000008dc00000, 0x000000008dc00000|100%| O|  |TAMS 0x000000008db00000| PB 0x000000008db00000| Untracked |  0
|  18|0x000000008dc00000, 0x000000008dd00000, 0x000000008dd00000|100%| O|  |TAMS 0x000000008dc00000| PB 0x000000008dc00000| Untracked |  0
|  19|0x000000008dd00000, 0x000000008de00000, 0x000000008de00000|100%| O|  |TAMS 0x000000008dd00000| PB 0x000000008dd00000| Untracked |  0
|  20|0x000000008de00000, 0x000000008df00000, 0x000000008df00000|100%| O|  |TAMS 0x000000008de00000| PB 0x000000008de00000| Untracked |  0
|  21|0x000000008df00000, 0x000000008e000000, 0x000000008e000000|100%| O|  |TAMS 0x000000008df00000| PB 0x000000008df00000| Untracked |  0
|  22|0x000000008e000000, 0x000000008e100000, 0x000000008e100000|100%| O|  |TAMS 0x000000008e000000| PB 0x000000008e000000| Untracked |  0
|  23|0x000000008e100000, 0x000000008e200000, 0x000000008e200000|100%| O|CS|TAMS 0x000000008e100000| PB 0x000000008e100000| Complete |  0
|  24|0x000000008e200000, 0x000000008e300000, 0x000000008e300000|100%| O|CS|TAMS 0x000000008e200000| PB 0x000000008e200000| Complete |  0
|  25|0x000000008e300000, 0x000000008e400000, 0x000000008e400000|100%| O|  |TAMS 0x000000008e300000| PB 0x000000008e300000| Untracked |  0
|  26|0x000000008e400000, 0x000000008e500000, 0x000000008e500000|100%| O|CS|TAMS 0x000000008e400000| PB 0x000000008e400000| Complete |  0
|  27|0x000000008e500000, 0x000000008e600000, 0x000000008e600000|100%| O|  |TAMS 0x000000008e500000| PB 0x000000008e500000| Untracked |  0
|  28|0x000000008e600000, 0x000000008e700000, 0x000000008e700000|100%| O|  |TAMS 0x000000008e600000| PB 0x000000008e600000| Untracked |  0
|  29|0x000000008e700000, 0x000000008e800000, 0x000000008e800000|100%| O|  |TAMS 0x000000008e700000| PB 0x000000008e700000| Untracked |  0
|  30|0x000000008e800000, 0x000000008e900000, 0x000000008e900000|100%| O|CS|TAMS 0x000000008e800000| PB 0x000000008e800000| Complete |  0
|  31|0x000000008e900000, 0x000000008ea00000, 0x000000008ea00000|100%| O|  |TAMS 0x000000008e900000| PB 0x000000008e900000| Untracked |  0
|  32|0x000000008ea00000, 0x000000008eb00000, 0x000000008eb00000|100%| O|  |TAMS 0x000000008ea00000| PB 0x000000008ea00000| Untracked |  0
|  33|0x000000008eb00000, 0x000000008ec00000, 0x000000008ec00000|100%| O|CS|TAMS 0x000000008eb00000| PB 0x000000008eb00000| Complete |  0
|  34|0x000000008ec00000, 0x000000008ed00000, 0x000000008ed00000|100%| O|CS|TAMS 0x000000008ec00000| PB 0x000000008ec00000| Complete |  0
|  35|0x000000008ed00000, 0x000000008ee00000, 0x000000008ee00000|100%| O|CS|TAMS 0x000000008ed00000| PB 0x000000008ed00000| Complete |  0
|  36|0x000000008ee00000, 0x000000008ef00000, 0x000000008ef00000|100%| O|CS|TAMS 0x000000008ee00000| PB 0x000000008ee00000| Complete |  0
|  37|0x000000008ef00000, 0x000000008f000000, 0x000000008f000000|100%| O|  |TAMS 0x000000008ef00000| PB 0x000000008ef00000| Untracked |  0
|  38|0x000000008f000000, 0x000000008f100000, 0x000000008f100000|100%| O|CS|TAMS 0x000000008f000000| PB 0x000000008f000000| Complete |  0
|  39|0x000000008f100000, 0x000000008f200000, 0x000000008f200000|100%| O|  |TAMS 0x000000008f100000| PB 0x000000008f100000| Untracked |  0
|  40|0x000000008f200000, 0x000000008f300000, 0x000000008f300000|100%| O|  |TAMS 0x000000008f200000| PB 0x000000008f200000| Untracked |  0
|  41|0x000000008f300000, 0x000000008f400000, 0x000000008f400000|100%| O|  |TAMS 0x000000008f300000| PB 0x000000008f300000| Untracked |  0
|  42|0x000000008f400000, 0x000000008f500000, 0x000000008f500000|100%| O|  |TAMS 0x000000008f400000| PB 0x000000008f400000| Untracked |  0
|  43|0x000000008f500000, 0x000000008f600000, 0x000000008f600000|100%| O|  |TAMS 0x000000008f500000| PB 0x000000008f500000| Untracked |  0
|  44|0x000000008f600000, 0x000000008f700000, 0x000000008f700000|100%| O|  |TAMS 0x000000008f600000| PB 0x000000008f600000| Untracked |  0
|  45|0x000000008f700000, 0x000000008f800000, 0x000000008f800000|100%| O|  |TAMS 0x000000008f700000| PB 0x000000008f700000| Untracked |  0
|  46|0x000000008f800000, 0x000000008f855770, 0x000000008f900000| 33%| S|  |TAMS 0x000000008f800000| PB 0x000000008f800000| Complete |  0
|  47|0x000000008f900000, 0x000000008f90e9f0, 0x000000008fa00000|  5%| E|CS|TAMS 0x000000008f900000| PB 0x000000008f900000| Complete |  0
|  48|0x000000008fa00000, 0x000000008fb00000, 0x000000008fb00000|100%| S|  |TAMS 0x000000008fa00000| PB 0x000000008fa00000| Complete |  0
|  49|0x000000008fb00000, 0x000000008fc00000, 0x000000008fc00000|100%| S|  |TAMS 0x000000008fb00000| PB 0x000000008fb00000| Complete |  0
|  50|0x000000008fc00000, 0x000000008fd00000, 0x000000008fd00000|100%| S|  |TAMS 0x000000008fc00000| PB 0x000000008fc00000| Complete |  0
|  51|0x000000008fd00000, 0x000000008fe00000, 0x000000008fe00000|100%| E|CS|TAMS 0x000000008fd00000| PB 0x000000008fd00000| Complete |  0
|  52|0x000000008fe00000, 0x000000008ff00000, 0x000000008ff00000|100%| E|CS|TAMS 0x000000008fe00000| PB 0x000000008fe00000| Complete |  0
|  53|0x000000008ff00000, 0x0000000090000000, 0x0000000090000000|100%| E|CS|TAMS 0x000000008ff00000| PB 0x000000008ff00000| Complete |  0
|  54|0x0000000090000000, 0x0000000090100000, 0x0000000090100000|100%| E|CS|TAMS 0x0000000090000000| PB 0x0000000090000000| Complete |  0
|  55|0x0000000090100000, 0x0000000090200000, 0x0000000090200000|100%| E|CS|TAMS 0x0000000090100000| PB 0x0000000090100000| Complete |  0
|  56|0x0000000090200000, 0x0000000090300000, 0x0000000090300000|100%| E|CS|TAMS 0x0000000090200000| PB 0x0000000090200000| Complete |  0
|  57|0x0000000090300000, 0x0000000090400000, 0x0000000090400000|100%| E|CS|TAMS 0x0000000090300000| PB 0x0000000090300000| Complete |  0
|  58|0x0000000090400000, 0x0000000090500000, 0x0000000090500000|100%| E|CS|TAMS 0x0000000090400000| PB 0x0000000090400000| Complete |  0
|  59|0x0000000090500000, 0x0000000090600000, 0x0000000090600000|100%| E|CS|TAMS 0x0000000090500000| PB 0x0000000090500000| Complete |  0
|  60|0x0000000090600000, 0x0000000090700000, 0x0000000090700000|100%| E|CS|TAMS 0x0000000090600000| PB 0x0000000090600000| Complete |  0
|  61|0x0000000090700000, 0x0000000090800000, 0x0000000090800000|100%| E|CS|TAMS 0x0000000090700000| PB 0x0000000090700000| Complete |  0
|  62|0x0000000090800000, 0x0000000090900000, 0x0000000090900000|100%| E|CS|TAMS 0x0000000090800000| PB 0x0000000090800000| Complete |  0
|  63|0x0000000090900000, 0x0000000090a00000, 0x0000000090a00000|100%| E|CS|TAMS 0x0000000090900000| PB 0x0000000090900000| Complete |  0
|  64|0x0000000090a00000, 0x0000000090b00000, 0x0000000090b00000|100%| E|CS|TAMS 0x0000000090a00000| PB 0x0000000090a00000| Complete |  0
|  65|0x0000000090b00000, 0x0000000090c00000, 0x0000000090c00000|100%| E|CS|TAMS 0x0000000090b00000| PB 0x0000000090b00000| Complete |  0
|  66|0x0000000090c00000, 0x0000000090d00000, 0x0000000090d00000|100%| E|CS|TAMS 0x0000000090c00000| PB 0x0000000090c00000| Complete |  0
|  67|0x0000000090d00000, 0x0000000090e00000, 0x0000000090e00000|100%| E|CS|TAMS 0x0000000090d00000| PB 0x0000000090d00000| Complete |  0
|  68|0x0000000090e00000, 0x0000000090f00000, 0x0000000090f00000|100%| E|CS|TAMS 0x0000000090e00000| PB 0x0000000090e00000| Complete |  0
|  69|0x0000000090f00000, 0x0000000091000000, 0x0000000091000000|100%| E|CS|TAMS 0x0000000090f00000| PB 0x0000000090f00000| Complete |  0
|  70|0x0000000091000000, 0x0000000091100000, 0x0000000091100000|100%| E|CS|TAMS 0x0000000091000000| PB 0x0000000091000000| Complete |  0
|  71|0x0000000091100000, 0x0000000091200000, 0x0000000091200000|100%| E|CS|TAMS 0x0000000091100000| PB 0x0000000091100000| Complete |  0
|  72|0x0000000091200000, 0x0000000091300000, 0x0000000091300000|100%| E|CS|TAMS 0x0000000091200000| PB 0x0000000091200000| Complete |  0
|  73|0x0000000091300000, 0x0000000091400000, 0x0000000091400000|100%| E|CS|TAMS 0x0000000091300000| PB 0x0000000091300000| Complete |  0
|  74|0x0000000091400000, 0x0000000091500000, 0x0000000091500000|100%| E|CS|TAMS 0x0000000091400000| PB 0x0000000091400000| Complete |  0
|  75|0x0000000091500000, 0x0000000091600000, 0x0000000091600000|100%| E|CS|TAMS 0x0000000091500000| PB 0x0000000091500000| Complete |  0
|  76|0x0000000091600000, 0x0000000091700000, 0x0000000091700000|100%| E|CS|TAMS 0x0000000091600000| PB 0x0000000091600000| Complete |  0
|  99|0x0000000092d00000, 0x0000000092e00000, 0x0000000092e00000|100%| E|CS|TAMS 0x0000000092d00000| PB 0x0000000092d00000| Complete |  0
| 100|0x0000000092e00000, 0x0000000092f00000, 0x0000000092f00000|100%| E|CS|TAMS 0x0000000092e00000| PB 0x0000000092e00000| Complete |  0
| 101|0x0000000092f00000, 0x0000000093000000, 0x0000000093000000|100%| E|CS|TAMS 0x0000000092f00000| PB 0x0000000092f00000| Complete |  0
| 115|0x0000000093d00000, 0x0000000093e00000, 0x0000000093e00000|100%| E|CS|TAMS 0x0000000093d00000| PB 0x0000000093d00000| Complete |  0
|1844|0x00000000ffe00000, 0x00000000fff00000, 0x00000000fff00000|100%| O|  |TAMS 0x00000000ffe00000| PB 0x00000000ffe00000| Untracked |  0
|1845|0x00000000fff00000, 0x0000000100000000, 0x0000000100000000|100%| E|CS|TAMS 0x00000000fff00000| PB 0x00000000fff00000| Complete |  0

Card table byte_map: [0x00000215b22a0000,0x00000215b2640000] _byte_map_base: 0x00000215b1e3b000

Marking Bits: (CMBitMap*) 0x00000215a65e13a0
 Bits: [0x00000215b2640000, 0x00000215b4318000)

Polling page: 0x00000215a4400000

Metaspace:
Metaspace        used 90058K, committed 90688K, reserved 1179648K
 class space     used 10523K, committed 10816K, reserved 1048576K

Usage:
  Non-class:     77.67 MB used.
      Class:     10.28 MB used.
       Both:     87.95 MB used.

Virtual space:
  Non-class space:      128.00 MB reserved,      78.00 MB ( 61%) committed,  2 nodes.
      Class space:        1.00 GB reserved,      10.56 MB (  1%) committed,  1 nodes.
             Both:        1.12 GB reserved,      88.56 MB (  8%) committed. 

Chunk freelists:
   Non-Class:  1.66 MB
       Class:  5.42 MB
        Both:  7.07 MB

MaxMetaspaceSize: unlimited
CompressedClassSpaceSize: 1.00 GB
Initial GC threshold: 21.00 MB
Current GC threshold: 133.88 MB
CDS: on
 - commit_granule_bytes: 65536.
 - commit_granule_words: 8192.
 - virtual_space_node_default_size: 8388608.
 - enlarge_chunks_in_place: 1.
UseCompressedClassPointers 1, UseCompactObjectHeaders 0
Narrow klass pointer bits 32, Max shift 3
Narrow klass base: 0x0000000009000000, Narrow klass shift: 0
Encoding Range: [0x0000000009000000 - 0x0000000109000000), (4294967296 bytes)
Klass Range:    [0x0000000009010000 - 0x000000004a000000), (1090453504 bytes)
Klass ID Range:  [65536 - 1090519033) (1090453497)
Protection zone: [0x0000000009000000 - 0x0000000009010000), (65536 bytes)


Internal statistics:

num_allocs_failed_limit: 12.
num_arena_births: 896.
num_arena_deaths: 166.
num_vsnodes_births: 3.
num_vsnodes_deaths: 0.
num_space_committed: 1417.
num_space_uncommitted: 0.
num_chunks_returned_to_freelist: 180.
num_chunks_taken_from_freelist: 4144.
num_chunk_merges: 45.
num_chunk_splits: 3033.
num_chunks_enlarged: 2563.
num_inconsistent_stats: 0.

CodeCache: size=49152Kb used=11389Kb max_used=12620Kb free=37762Kb
 bounds [0x00000215aedf0000, 0x00000215afb40000, 0x00000215b1df0000]
 total_blobs=9758, nmethods=8964, adapters=718, full_count=0
Compilation: enabled, stopped_count=0, restarted_count=0

Compilation events (20 events):
Event: 4641.990 Thread 0x00000215a6595740 10030   !   1       sun.security.ssl.SSLSecretDerivation::createHkdfInfo (53 bytes)
Event: 4641.991 Thread 0x00000215a6595740 nmethod 10030 0x00000215afa11e08 code [0x00000215afa11f00, 0x00000215afa124e8]
Event: 4641.991 Thread 0x00000215a6595740 10031       1       org.postgresql.util.HostSpec::getHost (5 bytes)
Event: 4641.991 Thread 0x00000215a6595740 nmethod 10031 0x00000215afa11b08 code [0x00000215afa11c00, 0x00000215afa11cc8]
Event: 4642.134 Thread 0x00000215a6595740 10032       1       org.postgresql.core.PGStream::getSocket (5 bytes)
Event: 4642.134 Thread 0x00000215a6595740 nmethod 10032 0x00000215afa11808 code [0x00000215afa11900, 0x00000215afa119c8]
Event: 4642.463 Thread 0x00000215a6595740 10033       1       sun.util.locale.LocaleUtils::isAlphaNumericString (33 bytes)
Event: 4642.463 Thread 0x00000215a6595740 nmethod 10033 0x00000215afa11408 code [0x00000215afa11500, 0x00000215afa117a0]
Event: 4651.859 Thread 0x00000215a6595740 10034       1       sun.nio.ch.SocketOptionRegistry::findOption (23 bytes)
Event: 4651.860 Thread 0x00000215a6595740 nmethod 10034 0x00000215afa11088 code [0x00000215afa11180, 0x00000215afa113b0]
Event: 4651.860 Thread 0x00000215a6595740 10035       1       sun.nio.ch.SocketOptionRegistry$RegistryKey::equals (48 bytes)
Event: 4651.860 Thread 0x00000215a6595740 nmethod 10035 0x00000215afa10d08 code [0x00000215afa10e00, 0x00000215afa11018]
Event: 4651.861 Thread 0x00000215a6595740 10036       1       java.net.InetSocketAddress$InetSocketAddressHolder::getPort (5 bytes)
Event: 4651.861 Thread 0x00000215a6595740 nmethod 10036 0x00000215afa10a08 code [0x00000215afa10b00, 0x00000215afa10bc8]
Event: 4652.179 Thread 0x00000215a6595740 10037       1       java.lang.invoke.LambdaForm$DMH/0x000000000a8a4000::newInvokeSpecial (24 bytes)
Event: 4652.180 Thread 0x00000215a6595740 nmethod 10037 0x00000215afa10488 code [0x00000215afa10580, 0x00000215afa109d8]
Event: 4652.180 Thread 0x00000215a6595740 10038       1       java.util.EnumMap::put (10 bytes)
Event: 4652.180 Thread 0x00000215a6595740 nmethod 10038 0x00000215afa10188 code [0x00000215afa10280, 0x00000215afa103a0]
Event: 4652.517 Thread 0x00000215a6595740 10039       1       java.util.Arrays::fill (21 bytes)
Event: 4652.528 Thread 0x00000215a6595740 nmethod 10039 0x00000215afa0fe88 code [0x00000215afa0ff80, 0x00000215afa10048]

GC Heap Usage History (20 events):
Event: 7.117 {heap After GC invocations=6 (full 0):
 garbage-first heap   total reserved 1890304K, committed 83968K, used 29040K [0x000000008ca00000, 0x0000000100000000)
  region size 1024K, 4 young (4096K), 4 survivors (4096K)
}
Event: 7.350 {heap Before GC invocations=6 (full 0):
 garbage-first heap   total reserved 1890304K, committed 83968K, used 32112K [0x000000008ca00000, 0x0000000100000000)
  region size 1024K, 8 young (8192K), 4 survivors (4096K)
}
Event: 7.355 {heap After GC invocations=7 (full 0):
 garbage-first heap   total reserved 1890304K, committed 83968K, used 29936K [0x000000008ca00000, 0x0000000100000000)
  region size 1024K, 1 young (1024K), 1 survivors (1024K)
}
Event: 9.844 {heap Before GC invocations=8 (full 0):
 garbage-first heap   total reserved 1890304K, committed 83968K, used 66800K [0x000000008ca00000, 0x0000000100000000)
  region size 1024K, 37 young (37888K), 1 survivors (1024K)
}
Event: 9.847 {heap After GC invocations=9 (full 0):
 garbage-first heap   total reserved 1890304K, committed 83968K, used 32313K [0x000000008ca00000, 0x0000000100000000)
  region size 1024K, 4 young (4096K), 4 survivors (4096K)
}
Event: 19.948 {heap Before GC invocations=9 (full 0):
 garbage-first heap   total reserved 1890304K, committed 83968K, used 69177K [0x000000008ca00000, 0x0000000100000000)
  region size 1024K, 40 young (40960K), 4 survivors (4096K)
}
Event: 19.953 {heap After GC invocations=10 (full 0):
 garbage-first heap   total reserved 1890304K, committed 83968K, used 34709K [0x000000008ca00000, 0x0000000100000000)
  region size 1024K, 3 young (3072K), 3 survivors (3072K)
}
Event: 20.506 {heap Before GC invocations=10 (full 0):
 garbage-first heap   total reserved 1890304K, committed 83968K, used 45973K [0x000000008ca00000, 0x0000000100000000)
  region size 1024K, 15 young (15360K), 3 survivors (3072K)
}
Event: 20.510 {heap After GC invocations=11 (full 0):
 garbage-first heap   total reserved 1890304K, committed 83968K, used 35140K [0x000000008ca00000, 0x0000000100000000)
  region size 1024K, 4 young (4096K), 4 survivors (4096K)
}
Event: 24.083 {heap Before GC invocations=12 (full 0):
 garbage-first heap   total reserved 1890304K, committed 83968K, used 72004K [0x000000008ca00000, 0x0000000100000000)
  region size 1024K, 40 young (40960K), 4 survivors (4096K)
}
Event: 24.087 {heap After GC invocations=13 (full 0):
 garbage-first heap   total reserved 1890304K, committed 83968K, used 37419K [0x000000008ca00000, 0x0000000100000000)
  region size 1024K, 3 young (3072K), 3 survivors (3072K)
}
Event: 25.744 {heap Before GC invocations=13 (full 0):
 garbage-first heap   total reserved 1890304K, committed 83968K, used 74283K [0x000000008ca00000, 0x0000000100000000)
  region size 1024K, 39 young (39936K), 3 survivors (3072K)
}
Event: 25.749 {heap After GC invocations=14 (full 0):
 garbage-first heap   total reserved 1890304K, committed 83968K, used 39720K [0x000000008ca00000, 0x0000000100000000)
  region size 1024K, 5 young (5120K), 5 survivors (5120K)
}
Event: 27.091 {heap Before GC invocations=14 (full 0):
 garbage-first heap   total reserved 1890304K, committed 83968K, used 74536K [0x000000008ca00000, 0x0000000100000000)
  region size 1024K, 39 young (39936K), 5 survivors (5120K)
}
Event: 27.098 {heap After GC invocations=15 (full 0):
 garbage-first heap   total reserved 1890304K, committed 84992K, used 44650K [0x000000008ca00000, 0x0000000100000000)
  region size 1024K, 5 young (5120K), 5 survivors (5120K)
}
Event: 1822.242 {heap Before GC invocations=15 (full 0):
 garbage-first heap   total reserved 1890304K, committed 84992K, used 75370K [0x000000008ca00000, 0x0000000100000000)
  region size 1024K, 35 young (35840K), 5 survivors (5120K)
}
Event: 1822.466 {heap After GC invocations=16 (full 0):
 garbage-first heap   total reserved 1890304K, committed 84992K, used 46679K [0x000000008ca00000, 0x0000000100000000)
  region size 1024K, 3 young (3072K), 3 survivors (3072K)
}
Event: 4635.235 {heap Before GC invocations=17 (full 0):
 garbage-first heap   total reserved 1890304K, committed 84992K, used 74327K [0x000000008ca00000, 0x0000000100000000)
  region size 1024K, 31 young (31744K), 3 survivors (3072K)
}
Event: 4635.315 {heap After GC invocations=18 (full 0):
 garbage-first heap   total reserved 1890304K, committed 84992K, used 47253K [0x000000008ca00000, 0x0000000100000000)
  region size 1024K, 4 young (4096K), 4 survivors (4096K)
}
Event: 4652.683 {heap Before GC invocations=18 (full 0):
 garbage-first heap   total reserved 1890304K, committed 84992K, used 74901K [0x000000008ca00000, 0x0000000100000000)
  region size 1024K, 32 young (32768K), 4 survivors (4096K)
}

Metaspace Usage History (20 events):
Event: 7.117 {metaspace After GC invocations=6 (full 0):
 Metaspace       used 34926K, committed 35200K, reserved 1114112K
  class space    used 3868K, committed 3968K, reserved 1048576K
}
Event: 7.350 {metaspace Before GC invocations=6 (full 0):
 Metaspace       used 35663K, committed 35968K, reserved 1114112K
  class space    used 3952K, committed 4096K, reserved 1048576K
}
Event: 7.355 {metaspace After GC invocations=7 (full 0):
 Metaspace       used 35663K, committed 35968K, reserved 1114112K
  class space    used 3952K, committed 4096K, reserved 1048576K
}
Event: 9.844 {metaspace Before GC invocations=8 (full 0):
 Metaspace       used 44487K, committed 44864K, reserved 1114112K
  class space    used 4952K, committed 5120K, reserved 1048576K
}
Event: 9.847 {metaspace After GC invocations=9 (full 0):
 Metaspace       used 44487K, committed 44864K, reserved 1114112K
  class space    used 4952K, committed 5120K, reserved 1048576K
}
Event: 19.948 {metaspace Before GC invocations=9 (full 0):
 Metaspace       used 56457K, committed 56896K, reserved 1114112K
  class space    used 6187K, committed 6400K, reserved 1048576K
}
Event: 19.953 {metaspace After GC invocations=10 (full 0):
 Metaspace       used 56457K, committed 56896K, reserved 1114112K
  class space    used 6187K, committed 6400K, reserved 1048576K
}
Event: 20.506 {metaspace Before GC invocations=10 (full 0):
 Metaspace       used 59818K, committed 60160K, reserved 1114112K
  class space    used 6567K, committed 6720K, reserved 1048576K
}
Event: 20.510 {metaspace After GC invocations=11 (full 0):
 Metaspace       used 59818K, committed 60160K, reserved 1114112K
  class space    used 6567K, committed 6720K, reserved 1048576K
}
Event: 24.083 {metaspace Before GC invocations=12 (full 0):
 Metaspace       used 68638K, committed 69120K, reserved 1114112K
  class space    used 7687K, committed 7872K, reserved 1048576K
}
Event: 24.087 {metaspace After GC invocations=13 (full 0):
 Metaspace       used 68638K, committed 69120K, reserved 1114112K
  class space    used 7687K, committed 7872K, reserved 1048576K
}
Event: 25.744 {metaspace Before GC invocations=13 (full 0):
 Metaspace       used 73830K, committed 74304K, reserved 1179648K
  class space    used 8255K, committed 8448K, reserved 1048576K
}
Event: 25.749 {metaspace After GC invocations=14 (full 0):
 Metaspace       used 73830K, committed 74304K, reserved 1179648K
  class space    used 8255K, committed 8448K, reserved 1048576K
}
Event: 27.091 {metaspace Before GC invocations=14 (full 0):
 Metaspace       used 78238K, committed 78784K, reserved 1179648K
  class space    used 8779K, committed 9024K, reserved 1048576K
}
Event: 27.098 {metaspace After GC invocations=15 (full 0):
 Metaspace       used 78238K, committed 78784K, reserved 1179648K
  class space    used 8779K, committed 9024K, reserved 1048576K
}
Event: 1822.242 {metaspace Before GC invocations=15 (full 0):
 Metaspace       used 81618K, committed 82240K, reserved 1179648K
  class space    used 9215K, committed 9472K, reserved 1048576K
}
Event: 1822.466 {metaspace After GC invocations=16 (full 0):
 Metaspace       used 81618K, committed 82240K, reserved 1179648K
  class space    used 9215K, committed 9472K, reserved 1048576K
}
Event: 4635.235 {metaspace Before GC invocations=17 (full 0):
 Metaspace       used 84216K, committed 84800K, reserved 1179648K
  class space    used 9626K, committed 9920K, reserved 1048576K
}
Event: 4635.315 {metaspace After GC invocations=18 (full 0):
 Metaspace       used 84216K, committed 84800K, reserved 1179648K
  class space    used 9626K, committed 9920K, reserved 1048576K
}
Event: 4652.683 {metaspace Before GC invocations=18 (full 0):
 Metaspace       used 90058K, committed 90688K, reserved 1179648K
  class space    used 10523K, committed 10816K, reserved 1048576K
}

Dll operation events (10 events):
Event: 0.010 Loaded shared library C:\Program Files\Java\jdk-25\bin\java.dll
Event: 0.224 Loaded shared library C:\Program Files\Java\jdk-25\bin\net.dll
Event: 0.227 Loaded shared library C:\Program Files\Java\jdk-25\bin\nio.dll
Event: 0.232 Loaded shared library C:\Program Files\Java\jdk-25\bin\zip.dll
Event: 0.424 Loaded shared library C:\Program Files\Java\jdk-25\bin\jimage.dll
Event: 4.356 Loaded shared library C:\Program Files\Java\jdk-25\bin\sunmscapi.dll
Event: 6.965 Loaded shared library C:\Program Files\Java\jdk-25\bin\management.dll
Event: 6.970 Loaded shared library C:\Program Files\Java\jdk-25\bin\management_ext.dll
Event: 10.283 Loaded shared library C:\Program Files\Java\jdk-25\bin\extnet.dll
Event: 27.210 Loaded shared library C:\Program Files\Java\jdk-25\bin\verify.dll

Deoptimization events (8 events):
Event: 6.463 Thread 0x00000215a41d8140 DEOPT PACKING pc=0x00000215af3c3fa4 sp=0x000000b0bc5fbc80
Event: 6.463 Thread 0x00000215a41d8140 DEOPT UNPACKING pc=0x00000215aee41702 sp=0x000000b0bc5fb188 mode 0
Event: 7.370 Thread 0x00000215bb6de2f0 DEOPT PACKING pc=0x00000215af12e2d1 sp=0x000000b0bdcff2e0
Event: 7.370 Thread 0x00000215bb6de2f0 DEOPT UNPACKING pc=0x00000215aee41702 sp=0x000000b0bdcfe738 mode 3
Event: 7.370 Thread 0x00000215a41d8140 DEOPT PACKING pc=0x00000215af12f0d6 sp=0x000000b0bc5fed80
Event: 7.370 Thread 0x00000215a41d8140 DEOPT UNPACKING pc=0x00000215aee41702 sp=0x000000b0bc5fe210 mode 3
Event: 4635.848 Thread 0x00000215be18c750 DEOPT PACKING pc=0x00000215af8ddbd4 sp=0x000000b0beffb060
Event: 4635.851 Thread 0x00000215be18c750 DEOPT UNPACKING pc=0x00000215aee41702 sp=0x000000b0beffa628 mode 0

Classes loaded (20 events):
Event: 4633.509 Loading class java/io/Reader$2
Event: 4633.510 Loading class java/io/Reader$2 done
Event: 4635.727 Loading class java/util/regex/Pattern$Bound
Event: 4635.728 Loading class java/util/regex/Pattern$Bound done
Event: 4636.407 Loading class java/util/function/DoubleUnaryOperator
Event: 4636.408 Loading class java/util/function/DoubleUnaryOperator done
Event: 4636.639 Loading class java/util/EmptyStackException
Event: 4636.640 Loading class java/util/EmptyStackException done
Event: 4636.681 Loading class java/io/InvalidClassException
Event: 4636.682 Loading class java/io/InvalidClassException done
Event: 4637.725 Loading class java/util/regex/Pattern$Neg
Event: 4637.725 Loading class java/util/regex/Pattern$Neg done
Event: 4637.725 Loading class java/util/regex/Pattern$Behind
Event: 4637.726 Loading class java/util/regex/Pattern$Behind done
Event: 4640.271 Loading class java/util/stream/LongStream
Event: 4640.273 Loading class java/util/stream/LongStream done
Event: 4640.275 Loading class java/util/stream/DoubleStream
Event: 4640.276 Loading class java/util/stream/DoubleStream done
Event: 4640.480 Loading class sun/nio/cs/ISO_8859_1$Encoder
Event: 4640.481 Loading class sun/nio/cs/ISO_8859_1$Encoder done

Classes unloaded (20 events):
Event: 1823.004 Thread 0x00000215b6c83d30 Unloading class 0x000000000a384400 'java/lang/invoke/LambdaForm$MH+0x000000000a384400'
Event: 1823.004 Thread 0x00000215b6c83d30 Unloading class 0x000000000a37c400 'java/lang/invoke/LambdaForm$MH+0x000000000a37c400'
Event: 1823.005 Thread 0x00000215b6c83d30 Unloading class 0x000000000a375800 'java/lang/invoke/LambdaForm$MH+0x000000000a375800'
Event: 1823.005 Thread 0x00000215b6c83d30 Unloading class 0x000000000a375400 'java/lang/invoke/LambdaForm$MH+0x000000000a375400'
Event: 1823.005 Thread 0x00000215b6c83d30 Unloading class 0x000000000a375000 'java/lang/invoke/LambdaForm$BMH+0x000000000a375000'
Event: 1823.005 Thread 0x00000215b6c83d30 Unloading class 0x000000000a368c00 'java/lang/invoke/LambdaForm$MH+0x000000000a368c00'
Event: 1823.005 Thread 0x00000215b6c83d30 Unloading class 0x000000000a368800 'java/lang/invoke/LambdaForm$MH+0x000000000a368800'
Event: 1823.005 Thread 0x00000215b6c83d30 Unloading class 0x000000000a360400 'java/lang/invoke/LambdaForm$MH+0x000000000a360400'
Event: 1823.005 Thread 0x00000215b6c83d30 Unloading class 0x000000000a348000 'java/lang/invoke/LambdaForm$DMH+0x000000000a348000'
Event: 1823.005 Thread 0x00000215b6c83d30 Unloading class 0x000000000a2e8000 'java/lang/invoke/LambdaForm$DMH+0x000000000a2e8000'
Event: 1823.006 Thread 0x00000215b6c83d30 Unloading class 0x000000000a230400 'java/lang/invoke/LambdaForm$DMH+0x000000000a230400'
Event: 1823.007 Thread 0x00000215b6c83d30 Unloading class 0x000000000a1cc000 'java/lang/invoke/LambdaForm$MH+0x000000000a1cc000'
Event: 1823.007 Thread 0x00000215b6c83d30 Unloading class 0x000000000a11cc00 'java/lang/invoke/LambdaForm$MH+0x000000000a11cc00'
Event: 1823.007 Thread 0x00000215b6c83d30 Unloading class 0x000000000a11c800 'java/lang/invoke/LambdaForm$MH+0x000000000a11c800'
Event: 1823.007 Thread 0x00000215b6c83d30 Unloading class 0x000000000a10c400 'java/lang/invoke/LambdaForm$MH+0x000000000a10c400'
Event: 1823.007 Thread 0x00000215b6c83d30 Unloading class 0x000000000a10c000 'java/lang/invoke/LambdaForm$MH+0x000000000a10c000'
Event: 1823.008 Thread 0x00000215b6c83d30 Unloading class 0x000000000a0fc000 'java/lang/invoke/LambdaForm$DMH+0x000000000a0fc000'
Event: 1823.008 Thread 0x00000215b6c83d30 Unloading class 0x000000000a0f0000 'java/lang/invoke/LambdaForm$DMH+0x000000000a0f0000'
Event: 1823.008 Thread 0x00000215b6c83d30 Unloading class 0x000000000a0ccc00 'java/lang/invoke/LambdaForm$MH+0x000000000a0ccc00'
Event: 1823.009 Thread 0x00000215b6c83d30 Unloading class 0x000000000a05d000 'java/lang/invoke/LambdaForm$BMH+0x000000000a05d000'

Classes redefined (0 events):
No events

Internal exceptions (20 events):
Event: 3445.067 Thread 0x00000215bb860290 Exception <a 'java/io/FileNotFoundException'{0x0000000090e2f420}> (0x0000000090e2f420) 
thrown [s\open\src\hotspot\share\prims\jni.cpp, line 516]
Event: 4605.007 Thread 0x00000215bb861230 Exception <a 'java/io/FileNotFoundException'{0x000000009096f910}> (0x000000009096f910) 
thrown [s\open\src\hotspot\share\prims\jni.cpp, line 516]
Event: 4631.592 Thread 0x00000215be1bae90 Exception <a 'java/lang/NoSuchMethodError'{0x00000000908177c8}: 'java.lang.Object java.lang.invoke.DirectMethodHandle$Holder.invokeStatic(java.lang.Object, java.lang.Object, java.lang.Object, int, int)'> (0x00000000908177c8) 
thrown [s\open\src\hotspot\share\interpreter\linkResolver.cpp, line 804]
Event: 4631.620 Thread 0x00000215be1bae90 Exception <a 'java/lang/NoSuchMethodError'{0x000000009081b760}: 'java.lang.Object java.lang.invoke.DirectMethodHandle$Holder.invokeStaticInit(java.lang.Object, java.lang.Object, java.lang.Object, int, int)'> (0x000000009081b760) 
thrown [s\open\src\hotspot\share\interpreter\linkResolver.cpp, line 804]
Event: 4632.730 Thread 0x00000215be18c750 Exception <a 'java/lang/NoSuchMethodError'{0x000000009071d368}: 'java.lang.Object java.lang.invoke.DirectMethodHandle$Holder.invokeSpecial(java.lang.Object, java.lang.Object, java.lang.Object, java.lang.Object, java.lang.Object, long)'> (0x000000009071d368) 
thrown [s\open\src\hotspot\share\interpreter\linkResolver.cpp, line 804]
Event: 4632.740 Thread 0x00000215be18c750 Exception <a 'java/lang/NoSuchMethodError'{0x0000000090725cd0}: 'java.lang.Object java.lang.invoke.DirectMethodHandle$Holder.invokeSpecial(java.lang.Object, java.lang.Object, java.lang.Object, java.lang.Object, java.lang.Object, java.lang.Object, long)'> (0x0000000090725cd0) 
thrown [s\open\src\hotspot\share\interpreter\linkResolver.cpp, line 804]
Event: 4632.743 Thread 0x00000215be18c750 Exception <a 'java/lang/NoSuchMethodError'{0x000000009072e258}: 'java.lang.Object java.lang.invoke.DelegatingMethodHandle$Holder.reinvoke_L(java.lang.Object, java.lang.Object, java.lang.Object, java.lang.Object, java.lang.Object, long)'> (0x000000009072e258) 
thrown [s\open\src\hotspot\share\interpreter\linkResolver.cpp, line 804]
Event: 4632.759 Thread 0x00000215be18c750 Exception <a 'java/lang/NoSuchMethodError'{0x000000009073e6a8}: 'java.lang.Object java.lang.invoke.Invokers$Holder.linkToTargetMethod(java.lang.Object, java.lang.Object, java.lang.Object, long, java.lang.Object)'> (0x000000009073e6a8) 
thrown [s\open\src\hotspot\share\interpreter\linkResolver.cpp, line 804]
Event: 4634.152 Thread 0x00000215be18c750 Exception <a 'java/lang/IncompatibleClassChangeError'{0x00000000905f29b0}: Found class java.lang.Object, but interface was expected> (0x00000000905f29b0) 
thrown [s\open\src\hotspot\share\interpreter\linkResolver.cpp, line 871]
Event: 4635.367 Thread 0x00000215be18c750 Exception <a 'java/lang/NoSuchMethodError'{0x00000000fff4a230}: 'java.lang.Object java.lang.invoke.DirectMethodHandle$Holder.invokeStatic(java.lang.Object, java.lang.Object, java.lang.Object, java.lang.Object, java.lang.Object, java.lang.Object, java.lang.Object, java.lang.Object, java.lang.Object, int)'> (0x00000000fff4a230) 
thrown [s\open\src\hotspot\share\interpreter\linkResolver.cpp, line 804]
Event: 4635.370 Thread 0x00000215be18c750 Exception <a 'java/lang/NoSuchMethodError'{0x00000000fff5de88}: 'java.lang.Object java.lang.invoke.DirectMethodHandle$Holder.invokeStatic(java.lang.Object, java.lang.Object, java.lang.Object, java.lang.Object, java.lang.Object, java.lang.Object, java.lang.Object, java.lang.Object, java.lang.Object, java.lang.Object, int)'> (0x00000000fff5de88) 
thrown [s\open\src\hotspot\share\interpreter\linkResolver.cpp, line 804]
Event: 4635.379 Thread 0x00000215be18c750 Exception <a 'java/lang/NoSuchMethodError'{0x00000000fff73ab0}: 'java.lang.Object java.lang.invoke.DirectMethodHandle$Holder.invokeStatic(java.lang.Object, java.lang.Object, java.lang.Object, java.lang.Object, java.lang.Object, java.lang.Object, java.lang.Object, java.lang.Object, int)'> (0x00000000fff73ab0) 
thrown [s\open\src\hotspot\share\interpreter\linkResolver.cpp, line 804]
Event: 4635.595 Thread 0x00000215be18c750 Exception <a 'java/lang/NoSuchMethodError'{0x0000000092f71fa8}: 'java.lang.Object java.lang.invoke.DirectMethodHandle$Holder.newInvokeSpecial(java.lang.Object, java.lang.Object, int, int)'> (0x0000000092f71fa8) 
thrown [s\open\src\hotspot\share\interpreter\linkResolver.cpp, line 804]
Event: 4636.176 Thread 0x00000215be18c750 Exception <a 'java/lang/IncompatibleClassChangeError'{0x0000000092dc0080}: Found class java.lang.Object, but interface was expected> (0x0000000092dc0080) 
thrown [s\open\src\hotspot\share\interpreter\linkResolver.cpp, line 871]
Event: 4636.411 Thread 0x00000215be18c750 Exception <a 'java/lang/NoSuchMethodError'{0x00000000916fa5d8}: 'double java.lang.invoke.DirectMethodHandle$Holder.invokeStatic(java.lang.Object, double)'> (0x00000000916fa5d8) 
thrown [s\open\src\hotspot\share\interpreter\linkResolver.cpp, line 804]
Event: 4636.417 Thread 0x00000215be18c750 Exception <a 'java/lang/NoSuchMethodError'{0x0000000091509ea0}: 'double java.lang.invoke.DirectMethodHandle$Holder.invokeStaticInit(java.lang.Object, double)'> (0x0000000091509ea0) 
thrown [s\open\src\hotspot\share\interpreter\linkResolver.cpp, line 804]
Event: 4637.773 Thread 0x00000215be18c750 Exception <a 'java/lang/NoSuchMethodError'{0x000000009043e088}: 'void java.lang.invoke.DirectMethodHandle$Holder.invokeStatic(java.lang.Object, java.lang.Object, int, int, java.lang.Object)'> (0x000000009043e088) 
thrown [s\open\src\hotspot\share\interpreter\linkResolver.cpp, line 804]
Event: 4637.793 Thread 0x00000215be18c750 Exception <a 'java/lang/NoSuchMethodError'{0x000000009046deb0}: 'void java.lang.invoke.DirectMethodHandle$Holder.invokeSpecialIFC(java.lang.Object, java.lang.Object, int, java.lang.Object, java.lang.Object, java.lang.Object, java.lang.Object)'> (0x000000009046deb0) 
thrown [s\open\src\hotspot\share\interpreter\linkResolver.cpp, line 804]
Event: 4641.980 Thread 0x00000215bb865880 Exception <a 'java/io/FileNotFoundException'{0x000000009001b888}> (0x000000009001b888) 
thrown [s\open\src\hotspot\share\prims\jni.cpp, line 516]
Event: 4652.357 Thread 0x00000215bb861230 Exception <a 'java/io/FileNotFoundException'{0x00000000900cfc68}> (0x00000000900cfc68) 
thrown [s\open\src\hotspot\share\prims\jni.cpp, line 516]

VM Operations (20 events):
Event: 1822.467 Executing safepoint VM operation: G1CollectForAllocation (G1 Evacuation Pause) done
Event: 1822.990 Executing safepoint VM operation: G1PauseRemark
Event: 1823.711 Executing safepoint VM operation: G1PauseRemark done
Event: 1823.770 Executing safepoint VM operation: G1PauseCleanup
Event: 1823.770 Executing safepoint VM operation: G1PauseCleanup done
Event: 4633.014 Executing non-safepoint VM operation: HandshakeAllThreads (Deoptimize)
Event: 4633.016 Executing non-safepoint VM operation: HandshakeAllThreads (Deoptimize) done
Event: 4634.058 Executing non-safepoint VM operation: HandshakeAllThreads (Deoptimize)
Event: 4634.058 Executing non-safepoint VM operation: HandshakeAllThreads (Deoptimize) done
Event: 4635.235 Executing safepoint VM operation: G1CollectForAllocation (G1 Evacuation Pause)
Event: 4635.315 Executing safepoint VM operation: G1CollectForAllocation (G1 Evacuation Pause) done
Event: 4635.842 Executing non-safepoint VM operation: HandshakeAllThreads (Deoptimize)
Event: 4635.845 Executing non-safepoint VM operation: HandshakeAllThreads (Deoptimize) done
Event: 4636.756 Executing non-safepoint VM operation: HandshakeAllThreads (Deoptimize)
Event: 4636.757 Executing non-safepoint VM operation: HandshakeAllThreads (Deoptimize) done
Event: 4637.477 Executing non-safepoint VM operation: HandshakeAllThreads (Deoptimize)
Event: 4637.477 Executing non-safepoint VM operation: HandshakeAllThreads (Deoptimize) done
Event: 4639.745 Executing non-safepoint VM operation: HandshakeAllThreads (Deoptimize)
Event: 4639.745 Executing non-safepoint VM operation: HandshakeAllThreads (Deoptimize) done
Event: 4652.683 Executing safepoint VM operation: G1CollectForAllocation (G1 Evacuation Pause)

Memory protections (0 events):
No events

Nmethod flushes (20 events):
Event: 1823.574 Thread 0x00000215b6c83d30 flushing  nmethod 0x00000215af3db008
Event: 1823.574 Thread 0x00000215b6c83d30 flushing  nmethod 0x00000215af45c808
Event: 1823.574 Thread 0x00000215b6c83d30 flushing  nmethod 0x00000215af4c6908
Event: 1823.574 Thread 0x00000215b6c83d30 flushing  nmethod 0x00000215af320108
Event: 1823.574 Thread 0x00000215b6c83d30 flushing  nmethod 0x00000215af4b4a88
Event: 1823.575 Thread 0x00000215b6c83d30 flushing  nmethod 0x00000215af043b88
Event: 1823.576 Thread 0x00000215b6c83d30 flushing  nmethod 0x00000215af3b1388
Event: 1823.576 Thread 0x00000215b6c83d30 flushing  nmethod 0x00000215af44a988
Event: 1823.576 Thread 0x00000215b6c83d30 flushing  nmethod 0x00000215af44ac88
Event: 1823.576 Thread 0x00000215b6c83d30 flushing  nmethod 0x00000215aefbf308
Event: 1823.577 Thread 0x00000215b6c83d30 flushing  nmethod 0x00000215aefc0208
Event: 1823.577 Thread 0x00000215b6c83d30 flushing  nmethod 0x00000215af4cd788
Event: 1823.578 Thread 0x00000215b6c83d30 flushing  nmethod 0x00000215af4cdb08
Event: 1823.578 Thread 0x00000215b6c83d30 flushing  nmethod 0x00000215af3f2208
Event: 1823.578 Thread 0x00000215b6c83d30 flushing  nmethod 0x00000215af0b3a88
Event: 1823.578 Thread 0x00000215b6c83d30 flushing  nmethod 0x00000215af367088
Event: 1823.578 Thread 0x00000215b6c83d30 flushing  nmethod 0x00000215af367388
Event: 1823.578 Thread 0x00000215b6c83d30 flushing  nmethod 0x00000215af12e088
Event: 1823.578 Thread 0x00000215b6c83d30 flushing  nmethod 0x00000215af12ef08
Event: 1823.578 Thread 0x00000215b6c83d30 flushing  nmethod 0x00000215af342f88

Events (20 events):
Event: 3875.212 Thread 0x00000215a6595740 Thread added: 0x00000215a659aff0
Event: 3882.463 Thread 0x00000215a659aff0 Thread exited: 0x00000215a659aff0
Event: 3882.478 Thread 0x00000215a6596760 Thread exited: 0x00000215a6596760
Event: 3889.057 Thread 0x00000215a65987a0 Thread exited: 0x00000215a65987a0
Event: 3965.352 Thread 0x00000215a6595740 Thread added: 0x00000215a65987a0
Event: 3970.383 Thread 0x00000215a65987a0 Thread exited: 0x00000215a65987a0
Event: 4274.991 Thread 0x00000215a6595740 Thread added: 0x00000215a65987a0
Event: 4274.992 Thread 0x00000215a6595740 Thread added: 0x00000215a6598fb0
Event: 4280.055 Thread 0x00000215a6598fb0 Thread exited: 0x00000215a6598fb0
Event: 4285.072 Thread 0x00000215a65987a0 Thread exited: 0x00000215a65987a0
Event: 4604.165 Thread 0x00000215bb95c9e0 Thread added: 0x00000215bb863170
Event: 4604.288 Thread 0x00000215bb863170 Thread added: 0x00000215bb861230
Event: 4609.301 Thread 0x00000215bb863170 Thread exited: 0x00000215bb863170
Event: 4610.721 Thread 0x00000215bb861230 Thread exited: 0x00000215bb861230
Event: 4641.372 Thread 0x00000215bb95c9e0 Thread added: 0x00000215bb861230
Event: 4641.458 Thread 0x00000215bb861230 Thread added: 0x00000215bb865880
Event: 4646.461 Thread 0x00000215bb861230 Thread exited: 0x00000215bb861230
Event: 4647.668 Thread 0x00000215bb865880 Thread exited: 0x00000215bb865880
Event: 4651.783 Thread 0x00000215bb95c9e0 Thread added: 0x00000215bb860290
Event: 4651.860 Thread 0x00000215bb860290 Thread added: 0x00000215bb861230


Dynamic libraries:
0x00007ff691860000 - 0x00007ff691870000 	C:\Program Files\Java\jdk-25\bin\java.exe
0x00007ffbf2e60000 - 0x00007ffbf30c6000 	C:\WINDOWS\SYSTEM32\ntdll.dll
0x00007ffbf0bd0000 - 0x00007ffbf0c99000 	C:\WINDOWS\System32\KERNEL32.DLL
0x00007ffbf0210000 - 0x00007ffbf060e000 	C:\WINDOWS\System32\KERNELBASE.dll
0x00007ffbf00b0000 - 0x00007ffbf01fc000 	C:\WINDOWS\System32\ucrtbase.dll
0x00007ffbe3d40000 - 0x00007ffbe3d57000 	C:\Program Files\Java\jdk-25\bin\jli.dll
0x00007ffbe3d20000 - 0x00007ffbe3d3e000 	C:\Program Files\Java\jdk-25\bin\VCRUNTIME140.dll
0x00007ffbf23e0000 - 0x00007ffbf25a7000 	C:\WINDOWS\System32\USER32.dll
0x00007ffbdc520000 - 0x00007ffbdc7b2000 	C:\WINDOWS\WinSxS\amd64_microsoft.windows.common-controls_6595b64144ccf1df_6.0.26100.8875_none_3e0d5d42e32fe9dd\COMCTL32.dll
0x00007ffbf0080000 - 0x00007ffbf00a7000 	C:\WINDOWS\System32\win32u.dll
0x00007ffbf0ca0000 - 0x00007ffbf0d49000 	C:\WINDOWS\System32\msvcrt.dll
0x00007ffbf0ba0000 - 0x00007ffbf0bcb000 	C:\WINDOWS\System32\GDI32.dll
0x00007ffbf0620000 - 0x00007ffbf074a000 	C:\WINDOWS\System32\gdi32full.dll
0x00007ffbf0ae0000 - 0x00007ffbf0b83000 	C:\WINDOWS\System32\msvcp_win.dll
0x00007ffbf0dc0000 - 0x00007ffbf0df2000 	C:\WINDOWS\System32\IMM32.DLL
0x00007ffbe4e30000 - 0x00007ffbe4e3c000 	C:\Program Files\Java\jdk-25\bin\vcruntime140_1.dll
0x00007ffbb0a20000 - 0x00007ffbb0aad000 	C:\Program Files\Java\jdk-25\bin\msvcp140.dll
0x00007ffb22060000 - 0x00007ffb22ebf000 	C:\Program Files\Java\jdk-25\bin\server\jvm.dll
0x00007ffbf0e00000 - 0x00007ffbf0eb7000 	C:\WINDOWS\System32\ADVAPI32.dll
0x00007ffbf2d60000 - 0x00007ffbf2e0a000 	C:\WINDOWS\System32\sechost.dll
0x00007ffbf27b0000 - 0x00007ffbf28c8000 	C:\WINDOWS\System32\RPCRT4.dll
0x00007ffbf16a0000 - 0x00007ffbf1720000 	C:\WINDOWS\System32\WS2_32.dll
0x00007ffbde460000 - 0x00007ffbde46b000 	C:\WINDOWS\SYSTEM32\VERSION.dll
0x00007ffbefee0000 - 0x00007ffbeff3e000 	C:\WINDOWS\SYSTEM32\POWRPROF.dll
0x00007ffbe6220000 - 0x00007ffbe6256000 	C:\WINDOWS\SYSTEM32\WINMM.dll
0x00007ffbefeb0000 - 0x00007ffbefec4000 	C:\WINDOWS\SYSTEM32\UMPDC.dll
0x00007ffbeed60000 - 0x00007ffbeed7b000 	C:\WINDOWS\SYSTEM32\kernel.appcore.dll
0x00007ffbe1b30000 - 0x00007ffbe1b3a000 	C:\Program Files\Java\jdk-25\bin\jimage.dll
0x00007ffbed720000 - 0x00007ffbed962000 	C:\WINDOWS\SYSTEM32\DBGHELP.DLL
0x00007ffbf1730000 - 0x00007ffbf1ab3000 	C:\WINDOWS\System32\combase.dll
0x00007ffbf25b0000 - 0x00007ffbf2689000 	C:\WINDOWS\System32\OLEAUT32.dll
0x00007ffbdc7c0000 - 0x00007ffbdc7fb000 	C:\WINDOWS\SYSTEM32\dbgcore.DLL
0x00007ffbf0a20000 - 0x00007ffbf0acc000 	C:\WINDOWS\System32\bcryptPrimitives.dll
0x00007ffbe11e0000 - 0x00007ffbe11ff000 	C:\Program Files\Java\jdk-25\bin\java.dll
0x00007ffbf28d0000 - 0x00007ffbf2a69000 	C:\WINDOWS\System32\ole32.dll
0x00007ffbf1bb0000 - 0x00007ffbf2342000 	C:\WINDOWS\System32\SHELL32.dll
0x00007ffbed970000 - 0x00007ffbee202000 	C:\WINDOWS\SYSTEM32\windows.storage.dll
0x00007ffbf15a0000 - 0x00007ffbf1697000 	C:\WINDOWS\System32\SHCORE.dll
0x00007ffbf0d50000 - 0x00007ffbf0db7000 	C:\WINDOWS\System32\shlwapi.dll
0x00007ffbeffa0000 - 0x00007ffbeffc9000 	C:\WINDOWS\SYSTEM32\profapi.dll
0x00007ffbd7300000 - 0x00007ffbd7312000 	C:\Program Files\Java\jdk-25\bin\net.dll
0x00007ffbef310000 - 0x00007ffbef37c000 	C:\WINDOWS\system32\mswsock.dll
0x00007ffbd6580000 - 0x00007ffbd6596000 	C:\Program Files\Java\jdk-25\bin\nio.dll
0x00007ffbd3850000 - 0x00007ffbd3867000 	C:\Program Files\Java\jdk-25\bin\zip.dll
0x00007ffbee6b0000 - 0x00007ffbee6e3000 	C:\WINDOWS\SYSTEM32\IPHLPAPI.DLL
0x00007ffbf2e10000 - 0x00007ffbf2e1a000 	C:\WINDOWS\System32\NSI.dll
0x00007ffbee6f0000 - 0x00007ffbee846000 	C:\WINDOWS\SYSTEM32\DNSAPI.dll
0x00007ffbef110000 - 0x00007ffbef11d000 	C:\WINDOWS\SYSTEM32\DSPARSE.dll
0x00007ffbe5b60000 - 0x00007ffbe5b6b000 	C:\Windows\System32\rasadhlp.dll
0x00007ffbea650000 - 0x00007ffbea6d6000 	C:\WINDOWS\System32\fwpuclnt.dll
0x00007ffbdf8c0000 - 0x00007ffbdf8ce000 	C:\Program Files\Java\jdk-25\bin\sunmscapi.dll
0x00007ffbf0750000 - 0x00007ffbf08c8000 	C:\WINDOWS\System32\CRYPT32.dll
0x00007ffbef850000 - 0x00007ffbef880000 	C:\WINDOWS\SYSTEM32\ncrypt.dll
0x00007ffbef800000 - 0x00007ffbef83f000 	C:\WINDOWS\SYSTEM32\NTASN1.dll
0x00007ffbef610000 - 0x00007ffbef62b000 	C:\WINDOWS\SYSTEM32\CRYPTSP.dll
0x00007ffbeecc0000 - 0x00007ffbeecf9000 	C:\WINDOWS\system32\rsaenh.dll
0x00007ffbef3d0000 - 0x00007ffbef402000 	C:\WINDOWS\SYSTEM32\USERENV.dll
0x00007ffbeff70000 - 0x00007ffbeff9a000 	C:\WINDOWS\SYSTEM32\bcrypt.dll
0x00007ffbef630000 - 0x00007ffbef63c000 	C:\WINDOWS\SYSTEM32\CRYPTBASE.dll
0x00007ffbe1610000 - 0x00007ffbe161a000 	C:\Program Files\Java\jdk-25\bin\management.dll
0x00007ffbe15d0000 - 0x00007ffbe15dc000 	C:\Program Files\Java\jdk-25\bin\management_ext.dll
0x00007ffbf23a0000 - 0x00007ffbf23a8000 	C:\WINDOWS\System32\PSAPI.DLL
0x00007ffbd9b00000 - 0x00007ffbd9b09000 	C:\Program Files\Java\jdk-25\bin\extnet.dll
0x00007ffbe19c0000 - 0x00007ffbe19d0000 	C:\Program Files\Java\jdk-25\bin\verify.dll
0x00007ffba9fb0000 - 0x00007ffba9fb8000 	C:\WINDOWS\system32\wshunix.dll

JVMTI agents: none

dbghelp: loaded successfully - version: 4.0.5 - missing functions: none
symbol engine: initialized successfully - sym options: 0x614 - pdb path: .;C:\Program Files\Java\jdk-25\bin;C:\WINDOWS\SYSTEM32;C:\WINDOWS\WinSxS\amd64_microsoft.windows.common-controls_6595b64144ccf1df_6.0.26100.8875_none_3e0d5d42e32fe9dd;C:\Program Files\Java\jdk-25\bin\server

VM Arguments:
jvm_args: -XX:TieredStopAtLevel=1 
java_command: com.example.m14_profesor_asignatura_service.M14ProfesorAsignaturaServiceApplication
java_class_path (initial): C:\Users\gueva\Downloads\Grupos_front\m14_profesor_asignatura_service\target\classes;C:\Users\gueva\.m2\repository\ch\qos\logback\logback-classic\1.5.34\logback-classic-1.5.34.jar;C:\Users\gueva\.m2\repository\ch\qos\logback\logback-core\1.5.34\logback-core-1.5.34.jar;C:\Users\gueva\.m2\repository\org\apache\logging\log4j\log4j-to-slf4j\2.25.4\log4j-to-slf4j-2.25.4.jar;C:\Users\gueva\.m2\repository\org\apache\logging\log4j\log4j-api\2.25.4\log4j-api-2.25.4.jar;C:\Users\gueva\.m2\repository\org\slf4j\jul-to-slf4j\2.0.18\jul-to-slf4j-2.0.18.jar;C:\Users\gueva\.m2\repository\org\springframework\boot\spring-boot-autoconfigure\4.1.0\spring-boot-autoconfigure-4.1.0.jar;C:\Users\gueva\.m2\repository\jakarta\annotation\jakarta.annotation-api\3.0.0\jakarta.annotation-api-3.0.0.jar;C:\Users\gueva\.m2\repository\org\yaml\snakeyaml\2.6\snakeyaml-2.6.jar;C:\Users\gueva\.m2\repository\com\zaxxer\HikariCP\7.0.2\HikariCP-7.0.2.jar;C:\Users\gueva\.m2\repository\org\springframework\boot\spring-boot-data-jpa\4.1.0\spring-boot-data-jpa-4.1.0.jar;C:\Users\gueva\.m2\repository\org\springframework\boot\spring-boot-data-commons\4.1.0\spring-boot-data-commons-4.1.0.jar;C:\Users\gueva\.m2\repository\org\springframework\boot\spring-boot-persistence\4.1.0\spring-boot-persistence-4.1.0.jar;C:\Users\gueva\.m2\repository\org\springframework\data\spring-data-commons\4.1.0\spring-data-commons-4.1.0.jar;C:\Users\gueva\.m2\repository\org\springframework\boot\spring-boot-hibernate\4.1.0\spring-boot-hibernate-4.1.0.jar;C:\Users\gueva\.m2\repository\org\springframework\boot\spring-boot-jpa\4.1.0\spring-boot-jpa-4.1.0.jar;C:\Users\gueva\.m2\repository\jakarta\persistence\jakarta.persistence-api\3.2.0\jakarta.persistence-api-3.2.0.jar;C:\Users\gueva\.m2\repository\org\hibernate\orm\hibernate-core\7.4.1.Final\hibernate-core-7.4.1.Final.jar;C:\Users\gueva\.m2\repository\jakarta\transaction\jakarta.transaction-api\2.0.1\jakarta.transaction-api-2.0.1.jar;C:\Users\gueva\.m2\repository\org\hibernate\models\hibernate-models\1.1.1\hibernate-models-1.1.1.jar;C:\Users\gueva\.m2\repository\org\glassfish\jaxb\jaxb-runtime\4.0.9\jaxb-runtime-4.0.9.jar;C:\Users\gueva\.m2\repository\org\glassfish\jaxb\jaxb-core\4.0.9\jaxb-core-4.0.9.jar;C:\Users\gueva\.m2\repository\org\eclipse\angus\angus-activation\2.0.3\angus-activation-2.0.3.jar;C:\Users\gueva\.m2\repository\org\glassfish\jaxb\txw2\4.0.9\txw2-4.0.9.jar;C:\Users\gueva\.m2\repository\com\sun\istack\istack-commons-runtime\4.1.2\istack-commons-runtime-4.1.2.jar;C:\Users\gueva\.m2\repository\org\springframework\spring-orm\7.0.8\spring-orm-7.0.8.jar;C:\Users\gueva\.m2\repository\org\springframework\data\spring-data-jpa\4.1.0\spring-data-jpa-4.1.0.jar;C:\Users\gueva\.m2\repository\org\springframework\spring-context\7.0.8\spring-context-7.0.8.jar;C:\Users\gueva\.m2\repository\org\springframework\spring-aop\7.0.8\spring-aop-7.0.8.jar;C:\Users\gueva\.m2\repository\org\springframework\spring-tx\7.0.8\spring-tx-7.0.8.jar;C:\Users\gueva\.m2\repository\org\springframework\spring-beans\7.0.8\spring-beans-7.0.8.jar;C:\Users\gueva\.m2\repository\org\antlr\antlr4-runtime\4.13.2\antlr4-runtime-4.13.2.jar;C:\Users\gueva\.m2\repository\org\springframework\spring-aspects\7.0.8\spring-aspects-7.0.8.jar;C:\Users\gueva\.m2\repository\org\aspectj\aspectjweaver\1.9.25.1\aspectjweaver-1.9.25.1.jar;C:\Users\gueva\.m2\repository\org\springframework\boot\spring-boot-jdbc\4.1.0\spring-boot-jdbc-4.1.0.jar;C:\Users\gueva\.m2\repository\org\springframework\boot\spring-boot\4.1.0\spring-boot-4.1.0.jar;C:\Users\gueva\.m2\repository\org\springframework\boot\spring-boot-sql\4.1.0\spring-boot-sql-4.1.0.jar;C:\Users\gueva\.m2\repository\org\springframework\boot\spring-boot-transaction\4.1.0\spring-boot-transaction-4.1.0.jar;C:\Users\gueva\.m2\repository\org\springframework\spring-jdbc\7.0.8\spring-jdbc-7.0.8.jar;C:\Users\gueva\.m2\repository\org\springframework\boot\spring-boot-validation\4.1.0\spring-boot-validation-4.1.0.jar;C:\Users\gueva\.m2\repository\org\apache\tomcat\embed\tomcat-embed-el\11.0.22\tomcat-embed-el-11.0.22.jar;C:\Users\gueva\.m2\repository\org\hibernate\validator\hibernate-validator\9.1.0.Final\hibernate-validator-9.1.0.Final.jar;C:\Users\gueva\.m2\repository\jakarta\validation\jakarta.validation-api\3.1.1\jakarta.validation-api-3.1.1.jar;C:\Users\gueva\.m2\repository\org\jboss\logging\jboss-logging\3.6.3.Final\jboss-logging-3.6.3.Final.jar;C:\Users\gueva\.m2\repository\com\fasterxml\classmate\1.7.3\classmate-1.7.3.jar;C:\Users\gueva\.m2\repository\org\springframework\boot\spring-boot-jackson\4.1.0\spring-boot-jackson-4.1.0.jar;C:\Users\gueva\.m2\repository\tools\jackson\core\jackson-databind\3.1.4\jackson-databind-3.1.4.jar;C:\Users\gueva\.m2\repository\tools\jackson\core\jackson-core\3.1.4\jackson-core-3.1.4.jar;C:\Users\gueva\.m2\repository\org\apache\tomcat\embed\tomcat-embed-core\11.0.22\tomcat-embed-core-11.0.22.jar;C:\Users\gueva\.m2\repository\org\apache\tomcat\embed\tomcat-embed-websocket\11.0.22\tomcat-embed-websocket-11.0.22.jar;C:\Users\gueva\.m2\repository\org\springframework\boot\spring-boot-tomcat\4.1.0\spring-boot-tomcat-4.1.0.jar;C:\Users\gueva\.m2\repository\org\springframework\boot\spring-boot-http-converter\4.1.0\spring-boot-http-converter-4.1.0.jar;C:\Users\gueva\.m2\repository\org\springframework\spring-web\7.0.8\spring-web-7.0.8.jar;C:\Users\gueva\.m2\repository\io\micrometer\micrometer-observation\1.17.0\micrometer-observation-1.17.0.jar;C:\Users\gueva\.m2\repository\io\micrometer\micrometer-commons\1.17.0\micrometer-commons-1.17.0.jar;C:\Users\gueva\.m2\repository\org\springframework\boot\spring-boot-webmvc\4.1.0\spring-boot-webmvc-4.1.0.jar;C:\Users\gueva\.m2\repository\org\springframework\boot\spring-boot-servlet\4.1.0\spring-boot-servlet-4.1.0.jar;C:\Users\gueva\.m2\repository\org\springframework\spring-webmvc\7.0.8\spring-webmvc-7.0.8.jar;C:\Users\gueva\.m2\repository\org\springframework\spring-expression\7.0.8\spring-expression-7.0.8.jar;C:\Users\gueva\.m2\repository\org\springframework\cloud\spring-cloud-starter-netflix-eureka-client\5.0.2\spring-cloud-starter-netflix-eureka-client-5.0.2.jar;C:\Users\gueva\.m2\repository\org\springframework\cloud\spring-cloud-starter\5.0.2\spring-cloud-starter-5.0.2.jar;C:\Users\gueva\.m2\repository\org\springframework\cloud\spring-cloud-context\5.0.2\spring-cloud-context-5.0.2.jar;C:\Users\gueva\.m2\repository\org\springframework\security\spring-security-crypto\7.1.0\spring-security-crypto-7.1.0.jar;C:\Users\gueva\.m2\repository\org\springframework\cloud\spring-cloud-commons\5.0.2\spring-cloud-commons-5.0.2.jar;C:\Users\gueva\.m2\repository\org\bouncycastle\bcprov-jdk18on\1.81.1\bcprov-jdk18on-1.81.1.jar;C:\Users\gueva\.m2\repository\org\springframework\cloud\spring-cloud-netflix-eureka-client\5.0.2\spring-cloud-netflix-eureka-client-5.0.2.jar;C:\Users\gueva\.m2\repository\org\springframework\boot\spring-boot-jackson2\4.1.0\spring-boot-jackson2-4.1.0.jar;C:\Users\gueva\.m2\repository\com\fasterxml\jackson\datatype\jackson-datatype-jdk8\2.21.4\jackson-datatype-jdk8-2.21.4.jar;C:\Users\gueva\.m2\repository\com\fasterxml\jackson\datatype\jackson-datatype-jsr310\2.21.4\jackson-datatype-jsr310-2.21.4.jar;C:\Users\gueva\.m2\repository\com\fasterxml\jackson\module\jackson-module-parameter-names\2.21.4\jackson-module-parameter-names-2.21.4.jar;C:\Users\gueva\.m2\repository\org\apache\httpcomponents\client5\httpclient5\5.6.1\httpclient5-5.6.1.jar;C:\Users\gueva\.m2\repository\org\apache\httpcomponents\core5\httpcore5\5.4.2\httpcore5-5.4.2.jar;C:\Users\gueva\.m2\repository\org\apache\httpcomponents\core5\httpcore5-h2\5.4.2\httpcore5-h2-5.4.2.jar;C:\Users\gueva\.m2\repository\com\netflix\eureka\eureka-client\2.0.6\eureka-client-2.0.6.jar;C:\Users\gueva\.m2\repository\com\thoughtworks\xstream\xstream\1.4.21\xstream-1.4.21.jar;C:\Users\gueva\.m2\repository\io\github\x-stream\mxparser\1.2.2\mxparser-1.2.2.jar;C:\Users\gueva\.m2\repository\xmlpull\xmlpull\1.1.3.1\xmlpull-1.1.3.1.jar;C:\Users\gueva\.m2\repository\jakarta\ws\rs\jakarta.ws.rs-api\4.0.0\jakarta.ws.rs-api-4.0.0.jar;C:\Users\gueva\.m2\repository\jakarta\inject\jakarta.inject-api\2.0.1\jakarta.inject-api-2.0.1.jar;C:\Users\gueva\.m2\repository\com\netflix\spectator\spectator-api\1.7.3\spectator-api-1.7.3.jar;C:\Users\gueva\.m2\repository\org\slf4j\slf4j-api\2.0.18\slf4j-api-2.0.18.jar;C:\Users\gueva\.m2\repository\org\apache\httpcomponents\httpclient\4.5.3\httpclient-4.5.3.jar;C:\Users\gueva\.m2\repository\org\apache\httpcomponents\httpcore\4.4.16\httpcore-4.4.16.jar;C:\Users\gueva\.m2\repository\commons-codec\commons-codec\1.21.0\commons-codec-1.21.0.jar;C:\Users\gueva\.m2\repository\com\fasterxml\jackson\core\jackson-annotations\2.21\jackson-annotations-2.21.jar;C:\Users\gueva\.m2\repository\com\fasterxml\jackson\core\jackson-core\2.21.4\jackson-core-2.21.4.jar;C:\Users\gueva\.m2\repository\com\fasterxml\jackson\core\jackson-databind\2.21.4\jackson-databind-2.21.4.jar;C:\Users\gueva\.m2\repository\com\netflix\netflix-commons\netflix-eventbus\0.3.0\netflix-eventbus-0.3.0.jar;C:\Users\gueva\.m2\repository\com\netflix\netflix-commons\netflix-infix\0.3.0\netflix-infix-0.3.0.jar;C:\Users\gueva\.m2\repository\commons-jxpath\commons-jxpath\1.3\commons-jxpath-1.3.jar;C:\Users\gueva\.m2\repository\joda-time\joda-time\2.3\joda-time-2.3.jar;C:\Users\gueva\.m2\repository\org\antlr\antlr-runtime\3.4\antlr-runtime-3.4.jar;C:\Users\gueva\.m2\repository\org\antlr\stringtemplate\3.2.1\stringtemplate-3.2.1.jar;C:\Users\gueva\.m2\repository\antlr\antlr\2.7.7\antlr-2.7.7.jar;C:\Users\gueva\.m2\repository\com\google\code\gson\gson\2.13.2\gson-2.13.2.jar;C:\Users\gueva\.m2\repository\com\google\errorprone\error_prone_annotations\2.41.0\error_prone_annotations-2.41.0.jar;C:\Users\gueva\.m2\repository\com\netflix\servo\servo-core\0.5.3\servo-core-0.5.3.jar;C:\Users\gueva\.m2\repository\org\apache\commons\commons-math\2.2\commons-math-2.2.jar;C:\Users\gueva\.m2\repository\javax\annotation\javax.annotation-api\1.2\javax.annotation-api-1.2.jar;C:\Users\gueva\.m2\repository\org\codehaus\jettison\jettison\1.5.4\jettison-1.5.4.jar;C:\Users\gueva\.m2\repository\org\springframework\cloud\spring-cloud-starter-loadbalancer\5.0.2\spring-cloud-starter-loadbalancer-5.0.2.jar;C:\Users\gueva\.m2\repository\org\springframework\cloud\spring-cloud-loadbalancer\5.0.2\spring-cloud-loadbalancer-5.0.2.jar;C:\Users\gueva\.m2\repository\io\projectreactor\reactor-core\3.8.6\reactor-core-3.8.6.jar;C:\Users\gueva\.m2\repository\org\reactivestreams\reactive-streams\1.0.4\reactive-streams-1.0.4.jar;C:\Users\gueva\.m2\repository\io\projectreactor\addons\reactor-extra\3.6.0\reactor-extra-3.6.0.jar;C:\Users\gueva\.m2\repository\org\springframework\boot\spring-boot-cache\4.1.0\spring-boot-cache-4.1.0.jar;C:\Users\gueva\.m2\repository\org\springframework\spring-context-support\7.0.8\spring-context-support-7.0.8.jar;C:\Users\gueva\.m2\repository\com\stoyanr\evictor\1.0.0\evictor-1.0.0.jar;C:\Users\gueva\.m2\repository\org\postgresql\postgresql\42.7.11\postgresql-42.7.11.jar;C:\Users\gueva\.m2\repository\jakarta\xml\bind\jakarta.xml.bind-api\4.0.5\jakarta.xml.bind-api-4.0.5.jar;C:\Users\gueva\.m2\repository\jakarta\activation\jakarta.activation-api\2.1.4\jakarta.activation-api-2.1.4.jar;C:\Users\gueva\.m2\repository\net\bytebuddy\byte-buddy\1.18.10\byte-buddy-1.18.10.jar;C:\Users\gueva\.m2\repository\org\springframework\spring-core\7.0.8\spring-core-7.0.8.jar;C:\Users\gueva\.m2\repository\commons-logging\commons-logging\1.3.6\commons-logging-1.3.6.jar;C:\Users\gueva\.m2\repository\org\jspecify\jspecify\1.0.0\jspecify-1.0.0.jar;C:\Users\gueva\.m2\repository\org\springframework\boot\spring-boot-web-server\4.1.0\spring-boot-web-server-4.1.0.jar
Launcher Type: SUN_STANDARD

[Global flags]
     intx CICompilerCount                          = 4                                         {product} {ergonomic}
     uint ConcGCThreads                            = 2                                         {product} {ergonomic}
     uint G1ConcRefinementThreads                  = 8                                         {product} {ergonomic}
   size_t G1HeapRegionSize                         = 1048576                                   {product} {ergonomic}
   size_t InitialHeapSize                          = 121634816                                 {product} {ergonomic}
   size_t MarkStackSize                            = 4194304                                   {product} {ergonomic}
   size_t MarkStackSizeMax                         = 536870912                                 {product} {ergonomic}
   size_t MaxHeapSize                              = 1935671296                                {product} {ergonomic}
   size_t MaxNewSize                               = 1160773632                                {product} {ergonomic}
   size_t MinHeapDeltaBytes                        = 1048576                                   {product} {ergonomic}
   size_t MinHeapSize                              = 8388608                                   {product} {ergonomic}
    uintx NonNMethodCodeHeapSize                   = 4096                                   {pd product} {ergonomic}
    uintx NonProfiledCodeHeapSize                  = 0                                      {pd product} {ergonomic}
     bool ProfileInterpreter                       = false                                  {pd product} {command line}
    uintx ProfiledCodeHeapSize                     = 0                                      {pd product} {ergonomic}
   size_t SoftMaxHeapSize                          = 1935671296                             {manageable} {ergonomic}
     intx TieredStopAtLevel                        = 1                                         {product} {command line}
     bool UseCompressedOops                        = true                           {product lp64_product} {ergonomic}
     bool UseG1GC                                  = true                                      {product} {ergonomic}
     bool UseLargePagesIndividualAllocation        = false                                  {pd product} {ergonomic}

Logging:
Log output configuration:
 #0: stdout all=warning uptime,level,tags foldmultilines=false
 #1: stderr all=off uptime,level,tags foldmultilines=false

Release file:
IMPLEMENTOR="Oracle Corporation" 
JAVA_RUNTIME_VERSION="25+37-LTS-3491" 
JAVA_VERSION="25" 
JAVA_VERSION_DATE="2025-09-16" 
LIBC="default" 
MODULES="java.base java.compiler java.datatransfer java.xml java.prefs java.desktop java.instrument java.logging java.management java.security.sasl java.naming java.rmi java.management.rmi java.net.http java.scripting java.security.jgss java.transaction.xa java.sql java.sql.rowset java.xml.crypto java.se java.smartcardio jdk.accessibility jdk.internal.jvmstat jdk.attach jdk.charsets jdk.internal.opt jdk.zipfs jdk.compiler jdk.crypto.cryptoki jdk.crypto.ec jdk.crypto.mscapi jdk.dynalink jdk.internal.ed jdk.editpad jdk.internal.vm.ci jdk.graal.compiler jdk.graal.compiler.management jdk.hotspot.agent jdk.httpserver jdk.incubator.vector jdk.internal.le jdk.internal.md jdk.jartool jdk.javadoc jdk.jcmd jdk.management jdk.management.agent jdk.jconsole jdk.jdeps jdk.jdwp.agent jdk.jdi jdk.jfr jdk.jlink jdk.jpackage jdk.jshell jdk.jsobject jdk.jstatd jdk.localedata jdk.management.jfr jdk.naming.dns jdk.naming.rmi jdk.net jdk.nio.mapmode jdk.sctp jdk.security.auth jdk.security.jgss jdk.unsupported jdk.unsupported.desktop jdk.xml.dom" 
OS_ARCH="x86_64" 
OS_NAME="Windows" 
SOURCE=".:git:49d6a23b8806 open:git:6c48f4ed707b" 

Environment Variables:
PATH=C:\Program Files\Common Files\Oracle\Java\javapath;C:\WINDOWS\system32;C:\WINDOWS;C:\WINDOWS\System32\Wbem;C:\WINDOWS\System32\WindowsPowerShell\v1.0\;C:\WINDOWS\System32\OpenSSH\;C:\Program Files\dotnet\;C:\Program Files\Java\jdk-25\bin;C:\Program Files\nodejs\;C:\xampp\php;C:\ProgramData\ComposerSetup\bin;C:\Program Files\Git\cmd;C:\Program Files (x86)\Microsoft SQL Server\160\Tools\Binn\;C:\Program Files\Microsoft SQL Server\160\Tools\Binn\;C:\Program Files\Microsoft SQL Server\Client SDK\ODBC\170\Tools\Binn\;C:\Program Files\Microsoft SQL Server\160\DTS\Binn\;C:\Program Files (x86)\Microsoft SQL Server\160\DTS\Binn\;C:\ProgramData\chocolatey\bin;C:\flutter\bin;;C:\Program Files\Docker\Docker\resources\bin;C:\Users\gueva\AppData\Local\Programs\Python\Launcher\;C:\Program Files\MySQL\MySQL Shell 8.0\bin\;C:\Users\gueva\AppData\Local\Microsoft\WindowsApps;C:\Users\gueva\AppData\Local\Programs\Microsoft VS Code\bin;C:\Program Files\Java\jdk-25\bin;C:\Users\gueva\AppData\Roaming\npm;C:\Users\gueva\AppData\Roaming\Composer\vendor\bin;C:\Users\gueva\AppData\Roaming\npm;C:\Users\gueva\AppData\Local\Python\bin;C:\Program Files\Git\bin;C:\Users\gueva\AppData\Local\Programs\mongosh\;C:\Program Files\MongoDB\Tools\100\bin;C:\Program Files\MongoDB\Server\8.2\bin;C:\flutter\bin;C:\Program Files\MySQL\MySQL Server 8.0\bin;C:\Program Files\Docker\Docker;
USERNAME=gueva
OS=Windows_NT
PROCESSOR_IDENTIFIER=AMD64 Family 23 Model 160 Stepping 0, AuthenticAMD
TMP=C:\Users\gueva\AppData\Local\Temp
TEMP=C:\Users\gueva\AppData\Local\Temp




Compilation memory statistics disabled.

Periodic native trim disabled

---------------  S Y S T E M  ---------------

OS:
 Windows 11 , 64 bit Build 26100 (10.0.26100.8875)
OS uptime: 0 days 18:22 hours
Hyper-V role detected

CPU: total 8 (initial active 8) (8 cores per cpu, 2 threads per core) family 23 model 160 stepping 0 microcode 0x8a0000b, cx8, cmov, fxsr, ht, mmx, 3dnowpref, sse, sse2, sse3, ssse3, sse4a, sse4.1, sse4.2, popcnt, lzcnt, tsc, tscinvbit, avx, avx2, aes, clmul, bmi1, bmi2, adx, sha, fma, vzeroupper, clflush, clflushopt, clwb, hv, rdtscp, rdpid, f16c
Processor Information for the first 8 processors :
  Max Mhz: 2801, Current Mhz: 2801, Mhz Limit: 2801

Memory: 4k page, system-wide physical 7379M (144M free)
TotalPageFile size 29907M (AvailPageFile size 23M)
current process WorkingSet (physical memory assigned to process): 181M, peak: 251M
current process commit charge ("private bytes"): 305M, peak: 306M

vm_info: Java HotSpot(TM) 64-Bit Server VM (25+37-LTS-3491) for windows-amd64 JRE (25+37-LTS-3491), built on 2025-08-14T21:13:00Z with unknown MS VC++:1943

END.
