#
# There is insufficient memory for the Java Runtime Environment to continue.
# Native memory allocation (malloc) failed to allocate 1470736 bytes. Error detail: Chunk::new
# Possible reasons:
#   The system is out of physical RAM or swap space
#   This process is running with CompressedOops enabled, and the Java Heap may be blocking the growth of the native heap
# Possible solutions:
#   Reduce memory load on the system
#   Increase physical memory or swap space
#   Check if swap backing store is full
#   Decrease Java heap size (-Xmx/-Xms)
#   Decrease number of Java threads
#   Decrease Java thread stack sizes (-Xss)
#   Set larger code cache with -XX:ReservedCodeCacheSize=
#   JVM is running with Unscaled Compressed Oops mode in which the Java heap is
#     placed in the first 4GB address space. The Java Heap base address is the
#     maximum limit for the native heap growth. Please use -XX:HeapBaseMinAddress
#     to set the Java Heap base and to place the Java Heap above 4GB virtual address.
# This output file may be truncated or incomplete.
#
#  Out of Memory Error (arena.cpp:186), pid=21416, tid=4284
#
# JRE version: Java(TM) SE Runtime Environment (25.0+37) (build 25+37-LTS-3491)
# Java VM: Java HotSpot(TM) 64-Bit Server VM (25+37-LTS-3491, mixed mode, sharing, tiered, compressed oops, compressed class ptrs, g1 gc, windows-amd64)
# No core dump will be written. Minidumps are not enabled by default on client versions of Windows
#

---------------  S U M M A R Y ------------

Command Line: --enable-native-access=ALL-UNNAMED -Dclassworlds.conf=C:\Users\gueva\.m2\wrapper\dists\apache-maven-3.9.16\0daed3be3ebd1c706f0e69e8b07c6b73f5cc4ea3dfce72a8d0ec2e849ca2ddb0\bin\m2.conf -Dmaven.home=C:\Users\gueva\.m2\wrapper\dists\apache-maven-3.9.16\0daed3be3ebd1c706f0e69e8b07c6b73f5cc4ea3dfce72a8d0ec2e849ca2ddb0 -Dlibrary.jansi.path=C:\Users\gueva\.m2\wrapper\dists\apache-maven-3.9.16\0daed3be3ebd1c706f0e69e8b07c6b73f5cc4ea3dfce72a8d0ec2e849ca2ddb0\lib\jansi-native -Dmaven.multiModuleProjectDirectory=C:\Users\gueva\Downloads\Grupos_front\m14_profesor_asignatura_service org.codehaus.plexus.classworlds.launcher.Launcher spring-boot:run

Host: AMD Ryzen 5 7520U with Radeon Graphics         , 8 cores, 7G,  Windows 11 , 64 bit Build 26100 (10.0.26100.8875)
Time: Sun Jul 19 19:54:11 2026 Hora estándar central (México) elapsed time: 28.035547 seconds (0d 0h 0m 28s)

---------------  T H R E A D  ---------------

Current thread (0x000002c2fd60e4d0):  JavaThread "C2 CompilerThread0" daemon [_thread_in_native, id=4284, stack(0x000000cb69b00000,0x000000cb69c00000) (1024K)]


Current CompileTask:
C2:28035 5962       4       org.apache.maven.model.inheritance.DefaultInheritanceAssembler$InheritanceModelMerger::mergePluginContainer_Plugins (433 bytes)

Stack: [0x000000cb69b00000,0x000000cb69c00000]
Native frames: (J=compiled Java code, j=interpreted, Vv=VM code, C=native code)
V  [jvm.dll+0x7a6a39]  (no source info available)
V  [jvm.dll+0x7727ed]  (no source info available)
V  [jvm.dll+0x965f33]  (no source info available)
V  [jvm.dll+0x968531]  (no source info available)
V  [jvm.dll+0x968c33]  (no source info available)
V  [jvm.dll+0x2fc756]  (no source info available)
V  [jvm.dll+0x111b26]  (no source info available)
V  [jvm.dll+0x111e4e]  (no source info available)
V  [jvm.dll+0x452407]  (no source info available)
V  [jvm.dll+0x421762]  (no source info available)
V  [jvm.dll+0x420b7a]  (no source info available)
V  [jvm.dll+0x2c08a9]  (no source info available)
V  [jvm.dll+0x2bfa8f]  (no source info available)
V  [jvm.dll+0x237b60]  (no source info available)
V  [jvm.dll+0x2cfb56]  (no source info available)
V  [jvm.dll+0x2cddd5]  (no source info available)
V  [jvm.dll+0x48e671]  (no source info available)
V  [jvm.dll+0x90681d]  (no source info available)
V  [jvm.dll+0x7a5015]  (no source info available)
C  [ucrtbase.dll+0x2cd30]  (no source info available)
C  [KERNEL32.DLL+0x2e957]  (no source info available)
C  [ntdll.dll+0xaad6c]  (no source info available)

Lock stack of current Java thread (top to bottom):


---------------  P R O C E S S  ---------------

Threads class SMR info:
_java_thread_list=0x000002c2fe3fc880, length=12, elements={
0x000002c2de8b4e50, 0x000002c2fd606300, 0x000002c2fd6092d0, 0x000002c2fd60a290,
0x000002c2fd60be60, 0x000002c2fd60ca20, 0x000002c2fd60d5e0, 0x000002c2fd60e4d0,
0x000002c2fd6148c0, 0x000002c2fd753830, 0x000002c2fd7551d0, 0x000002c2fe567f90
}

Java Threads: ( => current thread )
  0x000002c2de8b4e50 JavaThread "main"                              [_thread_in_native, id=14836, stack(0x000000cb68d00000,0x000000cb68e00000) (1024K)]
  0x000002c2fd606300 JavaThread "Reference Handler"          daemon [_thread_blocked, id=27800, stack(0x000000cb69500000,0x000000cb69600000) (1024K)]
  0x000002c2fd6092d0 JavaThread "Finalizer"                  daemon [_thread_blocked, id=20312, stack(0x000000cb69600000,0x000000cb69700000) (1024K)]
  0x000002c2fd60a290 JavaThread "Signal Dispatcher"          daemon [_thread_blocked, id=4400, stack(0x000000cb69700000,0x000000cb69800000) (1024K)]
  0x000002c2fd60be60 JavaThread "Attach Listener"            daemon [_thread_blocked, id=10688, stack(0x000000cb69800000,0x000000cb69900000) (1024K)]
  0x000002c2fd60ca20 JavaThread "Service Thread"             daemon [_thread_blocked, id=32356, stack(0x000000cb69900000,0x000000cb69a00000) (1024K)]
  0x000002c2fd60d5e0 JavaThread "Monitor Deflation Thread"   daemon [_thread_blocked, id=916, stack(0x000000cb69a00000,0x000000cb69b00000) (1024K)]
=>0x000002c2fd60e4d0 JavaThread "C2 CompilerThread0"         daemon [_thread_in_native, id=4284, stack(0x000000cb69b00000,0x000000cb69c00000) (1024K)]
  0x000002c2fd6148c0 JavaThread "C1 CompilerThread0"         daemon [_thread_blocked, id=12616, stack(0x000000cb69c00000,0x000000cb69d00000) (1024K)]
  0x000002c2fd753830 JavaThread "Notification Thread"        daemon [_thread_blocked, id=29632, stack(0x000000cb69d00000,0x000000cb69e00000) (1024K)]
  0x000002c2fd7551d0 JavaThread "Common-Cleaner"             daemon [_thread_blocked, id=25396, stack(0x000000cb69e00000,0x000000cb69f00000) (1024K)]
  0x000002c2fe567f90 JavaThread "Thread-1"                   daemon [_thread_blocked, id=9560, stack(0x000000cb6a300000,0x000000cb6a400000) (1024K)]
Total: 12

Other Threads:
  0x000002c2fd5eef80 VMThread "VM Thread"                           [id=13232, stack(0x000000cb69400000,0x000000cb69500000) (1024K)]
  0x000002c2fd5ddac0 WatcherThread "VM Periodic Task Thread"        [id=23520, stack(0x000000cb69300000,0x000000cb69400000) (1024K)]
  0x000002c2e0cb20c0 WorkerThread "GC Thread#0"                     [id=5908, stack(0x000000cb68e00000,0x000000cb68f00000) (1024K)]
  0x000002c2fe1f5090 WorkerThread "GC Thread#1"                     [id=15388, stack(0x000000cb69f00000,0x000000cb6a000000) (1024K)]
  0x000002c2fdfd2c90 WorkerThread "GC Thread#2"                     [id=13928, stack(0x000000cb6a000000,0x000000cb6a100000) (1024K)]
  0x000002c2fdfd34d0 WorkerThread "GC Thread#3"                     [id=16628, stack(0x000000cb6a100000,0x000000cb6a200000) (1024K)]
  0x000002c2fdfd3900 WorkerThread "GC Thread#4"                     [id=17924, stack(0x000000cb6a200000,0x000000cb6a300000) (1024K)]
  0x000002c2fe4c19e0 WorkerThread "GC Thread#5"                     [id=30316, stack(0x000000cb6a400000,0x000000cb6a500000) (1024K)]
  0x000002c2fe4c2280 WorkerThread "GC Thread#6"                     [id=21464, stack(0x000000cb6a500000,0x000000cb6a600000) (1024K)]
  0x000002c2fe4bea70 WorkerThread "GC Thread#7"                     [id=13216, stack(0x000000cb6a600000,0x000000cb6a700000) (1024K)]
  0x000002c2e0ccaab0 ConcurrentGCThread "G1 Main Marker"            [id=28908, stack(0x000000cb68f00000,0x000000cb69000000) (1024K)]
  0x000002c2e0ccbdf0 WorkerThread "G1 Conc#0"                       [id=25272, stack(0x000000cb69000000,0x000000cb69100000) (1024K)]
  0x000002c2e0d19780 ConcurrentGCThread "G1 Refine#0"               [id=27736, stack(0x000000cb69100000,0x000000cb69200000) (1024K)]
  0x000002c2e0d1a190 ConcurrentGCThread "G1 Service"                [id=12492, stack(0x000000cb69200000,0x000000cb69300000) (1024K)]
Total: 14

Threads with active compile tasks:
C2 CompilerThread0  28584 5962       4       org.apache.maven.model.inheritance.DefaultInheritanceAssembler$InheritanceModelMerger::mergePluginContainer_Plugins (433 bytes)
Total: 1

VM state: not at safepoint (normal execution)

VM Mutex/Monitor currently owned by a thread: None

Heap address: 0x000000008ca00000, size: 1846 MB, Compressed Oops mode: 32-bit

CDS archive(s) mapped at: [0x0000000027000000-0x0000000027dd0000-0x0000000027dd0000), size 14483456, SharedBaseAddress: 0x0000000027000000, ArchiveRelocationMode: 1.
Compressed class space mapped at: 0x0000000028000000-0x0000000068000000, reserved size: 1073741824
UseCompressedClassPointers 1, UseCompactObjectHeaders 0
Narrow klass pointer bits 32, Max shift 3
Narrow klass base: 0x0000000027000000, Narrow klass shift: 0
Encoding Range: [0x0000000027000000 - 0x0000000127000000), (4294967296 bytes)
Klass Range:    [0x0000000027010000 - 0x0000000068000000), (1090453504 bytes)
Klass ID Range:  [65536 - 1090519033) (1090453497)
Protection zone: [0x0000000027000000 - 0x0000000027010000), (65536 bytes)

GC Precious Log:
 CardTable entry size: 512
 Card Set container configuration: InlinePtr #cards 5 size 8 Array Of Cards #cards 10 size 36 Howl #buckets 4 coarsen threshold 1843 Howl Bitmap #cards 512 size 80 coarsen threshold 460 Card regions per heap region 1 cards per card region 2048
 CPUs: 8 total, 8 available
 Memory: 7379M
 Large Page Support: Disabled
 NUMA Support: Disabled
 Compressed Oops: Enabled (32-bit)
 Heap Region Size: 1M
 Heap Min Capacity: 8M
 Heap Initial Capacity: 116M
 Heap Max Capacity: 1846M
 Pre-touch: Disabled
 Parallel Workers: 8
 Concurrent Workers: 2
 Concurrent Refinement Workers: 8
 Periodic GC: Disabled

Heap:
 garbage-first heap   total reserved 1890304K, committed 120832K, used 78329K [0x000000008ca00000, 0x0000000100000000)
  region size 1024K, 61 young (62464K), 4 survivors (4096K)

Heap Regions: E=young(eden), S=young(survivor), O=old, HS=humongous(starts), HC=humongous(continues), CS=collection set, F=free, TAMS=top-at-mark-start, PB=parsable bottom
|   0|0x000000008ca00000, 0x000000008cb00000, 0x000000008cb00000|100%| O|  |TAMS 0x000000008ca00000| PB 0x000000008ca00000| Untracked |  0
|   1|0x000000008cb00000, 0x000000008cc00000, 0x000000008cc00000|100%| O|  |TAMS 0x000000008cb00000| PB 0x000000008cb00000| Untracked |  0
|   2|0x000000008cc00000, 0x000000008cd00000, 0x000000008cd00000|100%| O|  |TAMS 0x000000008cc00000| PB 0x000000008cc00000| Untracked |  0
|   3|0x000000008cd00000, 0x000000008ce00000, 0x000000008ce00000|100%| O|  |TAMS 0x000000008cd00000| PB 0x000000008cd00000| Untracked |  0
|   4|0x000000008ce00000, 0x000000008cf00000, 0x000000008cf00000|100%| O|  |TAMS 0x000000008ce00000| PB 0x000000008ce00000| Untracked |  0
|   5|0x000000008cf00000, 0x000000008d000000, 0x000000008d000000|100%| O|  |TAMS 0x000000008cf00000| PB 0x000000008cf00000| Untracked |  0
|   6|0x000000008d000000, 0x000000008d100000, 0x000000008d100000|100%| O|  |TAMS 0x000000008d000000| PB 0x000000008d000000| Untracked |  0
|   7|0x000000008d100000, 0x000000008d200000, 0x000000008d200000|100%| O|  |TAMS 0x000000008d100000| PB 0x000000008d100000| Untracked |  0
|   8|0x000000008d200000, 0x000000008d300000, 0x000000008d300000|100%| O|  |TAMS 0x000000008d200000| PB 0x000000008d200000| Untracked |  0
|   9|0x000000008d300000, 0x000000008d400000, 0x000000008d400000|100%| O|  |TAMS 0x000000008d300000| PB 0x000000008d300000| Untracked |  0
|  10|0x000000008d400000, 0x000000008d500000, 0x000000008d500000|100%| O|  |TAMS 0x000000008d400000| PB 0x000000008d400000| Untracked |  0
|  11|0x000000008d500000, 0x000000008d600000, 0x000000008d600000|100%| O|  |TAMS 0x000000008d500000| PB 0x000000008d500000| Untracked |  0
|  12|0x000000008d600000, 0x000000008d700000, 0x000000008d700000|100%| O|  |TAMS 0x000000008d600000| PB 0x000000008d600000| Untracked |  0
|  13|0x000000008d700000, 0x000000008d7d9120, 0x000000008d800000| 84%| O|  |TAMS 0x000000008d700000| PB 0x000000008d700000| Untracked |  0
|  14|0x000000008d800000, 0x000000008d900000, 0x000000008d900000|100%|HS|  |TAMS 0x000000008d800000| PB 0x000000008d800000| Complete |  0
|  15|0x000000008d900000, 0x000000008da00000, 0x000000008da00000|100%|HS|  |TAMS 0x000000008d900000| PB 0x000000008d900000| Complete |  0
|  16|0x000000008da00000, 0x000000008db00000, 0x000000008db00000|100%|HS|  |TAMS 0x000000008da00000| PB 0x000000008da00000| Complete |  0
|  17|0x000000008db00000, 0x000000008db00000, 0x000000008dc00000|  0%| F|  |TAMS 0x000000008db00000| PB 0x000000008db00000| Untracked |  0
|  18|0x000000008dc00000, 0x000000008dc00000, 0x000000008dd00000|  0%| F|  |TAMS 0x000000008dc00000| PB 0x000000008dc00000| Untracked |  0
|  19|0x000000008dd00000, 0x000000008dd00000, 0x000000008de00000|  0%| F|  |TAMS 0x000000008dd00000| PB 0x000000008dd00000| Untracked |  0
|  20|0x000000008de00000, 0x000000008de00000, 0x000000008df00000|  0%| F|  |TAMS 0x000000008de00000| PB 0x000000008de00000| Untracked |  0
|  21|0x000000008df00000, 0x000000008df00000, 0x000000008e000000|  0%| F|  |TAMS 0x000000008df00000| PB 0x000000008df00000| Untracked |  0
|  22|0x000000008e000000, 0x000000008e000000, 0x000000008e100000|  0%| F|  |TAMS 0x000000008e000000| PB 0x000000008e000000| Untracked |  0
|  23|0x000000008e100000, 0x000000008e100000, 0x000000008e200000|  0%| F|  |TAMS 0x000000008e100000| PB 0x000000008e100000| Untracked |  0
|  24|0x000000008e200000, 0x000000008e200000, 0x000000008e300000|  0%| F|  |TAMS 0x000000008e200000| PB 0x000000008e200000| Untracked |  0
|  25|0x000000008e300000, 0x000000008e300000, 0x000000008e400000|  0%| F|  |TAMS 0x000000008e300000| PB 0x000000008e300000| Untracked |  0
|  26|0x000000008e400000, 0x000000008e400000, 0x000000008e500000|  0%| F|  |TAMS 0x000000008e400000| PB 0x000000008e400000| Untracked |  0
|  27|0x000000008e500000, 0x000000008e500000, 0x000000008e600000|  0%| F|  |TAMS 0x000000008e500000| PB 0x000000008e500000| Untracked |  0
|  28|0x000000008e600000, 0x000000008e600000, 0x000000008e700000|  0%| F|  |TAMS 0x000000008e600000| PB 0x000000008e600000| Untracked |  0
|  29|0x000000008e700000, 0x000000008e700000, 0x000000008e800000|  0%| F|  |TAMS 0x000000008e700000| PB 0x000000008e700000| Untracked |  0
|  30|0x000000008e800000, 0x000000008e800000, 0x000000008e900000|  0%| F|  |TAMS 0x000000008e800000| PB 0x000000008e800000| Untracked |  0
|  31|0x000000008e900000, 0x000000008e900000, 0x000000008ea00000|  0%| F|  |TAMS 0x000000008e900000| PB 0x000000008e900000| Untracked |  0
|  32|0x000000008ea00000, 0x000000008ea00000, 0x000000008eb00000|  0%| F|  |TAMS 0x000000008ea00000| PB 0x000000008ea00000| Untracked |  0
|  33|0x000000008eb00000, 0x000000008eb00000, 0x000000008ec00000|  0%| F|  |TAMS 0x000000008eb00000| PB 0x000000008eb00000| Untracked |  0
|  34|0x000000008ec00000, 0x000000008ec00000, 0x000000008ed00000|  0%| F|  |TAMS 0x000000008ec00000| PB 0x000000008ec00000| Untracked |  0
|  35|0x000000008ed00000, 0x000000008ed00000, 0x000000008ee00000|  0%| F|  |TAMS 0x000000008ed00000| PB 0x000000008ed00000| Untracked |  0
|  36|0x000000008ee00000, 0x000000008ee00000, 0x000000008ef00000|  0%| F|  |TAMS 0x000000008ee00000| PB 0x000000008ee00000| Untracked |  0
|  37|0x000000008ef00000, 0x000000008ef00000, 0x000000008f000000|  0%| F|  |TAMS 0x000000008ef00000| PB 0x000000008ef00000| Untracked |  0
|  38|0x000000008f000000, 0x000000008f000000, 0x000000008f100000|  0%| F|  |TAMS 0x000000008f000000| PB 0x000000008f000000| Untracked |  0
|  39|0x000000008f100000, 0x000000008f100000, 0x000000008f200000|  0%| F|  |TAMS 0x000000008f100000| PB 0x000000008f100000| Untracked |  0
|  40|0x000000008f200000, 0x000000008f200000, 0x000000008f300000|  0%| F|  |TAMS 0x000000008f200000| PB 0x000000008f200000| Untracked |  0
|  41|0x000000008f300000, 0x000000008f300000, 0x000000008f400000|  0%| F|  |TAMS 0x000000008f300000| PB 0x000000008f300000| Untracked |  0
|  42|0x000000008f400000, 0x000000008f400000, 0x000000008f500000|  0%| F|  |TAMS 0x000000008f400000| PB 0x000000008f400000| Untracked |  0
|  43|0x000000008f500000, 0x000000008f580000, 0x000000008f600000| 50%| S|CS|TAMS 0x000000008f500000| PB 0x000000008f500000| Complete |  0
|  44|0x000000008f600000, 0x000000008f700000, 0x000000008f700000|100%| S|CS|TAMS 0x000000008f600000| PB 0x000000008f600000| Complete |  0
|  45|0x000000008f700000, 0x000000008f700000, 0x000000008f800000|  0%| F|  |TAMS 0x000000008f700000| PB 0x000000008f700000| Untracked |  0
|  46|0x000000008f800000, 0x000000008f800000, 0x000000008f900000|  0%| F|  |TAMS 0x000000008f800000| PB 0x000000008f800000| Untracked |  0
|  47|0x000000008f900000, 0x000000008f900000, 0x000000008fa00000|  0%| F|  |TAMS 0x000000008f900000| PB 0x000000008f900000| Untracked |  0
|  48|0x000000008fa00000, 0x000000008fa00000, 0x000000008fb00000|  0%| F|  |TAMS 0x000000008fa00000| PB 0x000000008fa00000| Untracked |  0
|  49|0x000000008fb00000, 0x000000008fb00000, 0x000000008fc00000|  0%| F|  |TAMS 0x000000008fb00000| PB 0x000000008fb00000| Untracked |  0
|  50|0x000000008fc00000, 0x000000008fc00000, 0x000000008fd00000|  0%| F|  |TAMS 0x000000008fc00000| PB 0x000000008fc00000| Untracked |  0
|  51|0x000000008fd00000, 0x000000008fd00000, 0x000000008fe00000|  0%| F|  |TAMS 0x000000008fd00000| PB 0x000000008fd00000| Untracked |  0
|  52|0x000000008fe00000, 0x000000008ff00000, 0x000000008ff00000|100%| S|CS|TAMS 0x000000008fe00000| PB 0x000000008fe00000| Complete |  0
|  53|0x000000008ff00000, 0x0000000090000000, 0x0000000090000000|100%| S|CS|TAMS 0x000000008ff00000| PB 0x000000008ff00000| Complete |  0
|  54|0x0000000090000000, 0x0000000090000000, 0x0000000090100000|  0%| F|  |TAMS 0x0000000090000000| PB 0x0000000090000000| Untracked |  0
|  55|0x0000000090100000, 0x0000000090100000, 0x0000000090200000|  0%| F|  |TAMS 0x0000000090100000| PB 0x0000000090100000| Untracked |  0
|  56|0x0000000090200000, 0x0000000090200000, 0x0000000090300000|  0%| F|  |TAMS 0x0000000090200000| PB 0x0000000090200000| Untracked |  0
|  57|0x0000000090300000, 0x0000000090300000, 0x0000000090400000|  0%| F|  |TAMS 0x0000000090300000| PB 0x0000000090300000| Untracked |  0
|  58|0x0000000090400000, 0x0000000090400000, 0x0000000090500000|  0%| F|  |TAMS 0x0000000090400000| PB 0x0000000090400000| Untracked |  0
|  59|0x0000000090500000, 0x0000000090580000, 0x0000000090600000| 50%| E|  |TAMS 0x0000000090500000| PB 0x0000000090500000| Complete |  0
|  60|0x0000000090600000, 0x0000000090700000, 0x0000000090700000|100%| E|CS|TAMS 0x0000000090600000| PB 0x0000000090600000| Complete |  0
|  61|0x0000000090700000, 0x0000000090800000, 0x0000000090800000|100%| E|CS|TAMS 0x0000000090700000| PB 0x0000000090700000| Complete |  0
|  62|0x0000000090800000, 0x0000000090900000, 0x0000000090900000|100%| E|CS|TAMS 0x0000000090800000| PB 0x0000000090800000| Complete |  0
|  63|0x0000000090900000, 0x0000000090a00000, 0x0000000090a00000|100%| E|CS|TAMS 0x0000000090900000| PB 0x0000000090900000| Complete |  0
|  64|0x0000000090a00000, 0x0000000090b00000, 0x0000000090b00000|100%| E|CS|TAMS 0x0000000090a00000| PB 0x0000000090a00000| Complete |  0
|  65|0x0000000090b00000, 0x0000000090c00000, 0x0000000090c00000|100%| E|CS|TAMS 0x0000000090b00000| PB 0x0000000090b00000| Complete |  0
|  66|0x0000000090c00000, 0x0000000090d00000, 0x0000000090d00000|100%| E|CS|TAMS 0x0000000090c00000| PB 0x0000000090c00000| Complete |  0
|  67|0x0000000090d00000, 0x0000000090e00000, 0x0000000090e00000|100%| E|CS|TAMS 0x0000000090d00000| PB 0x0000000090d00000| Complete |  0
|  68|0x0000000090e00000, 0x0000000090f00000, 0x0000000090f00000|100%| E|  |TAMS 0x0000000090e00000| PB 0x0000000090e00000| Complete |  0
|  69|0x0000000090f00000, 0x0000000091000000, 0x0000000091000000|100%| E|CS|TAMS 0x0000000090f00000| PB 0x0000000090f00000| Complete |  0
|  70|0x0000000091000000, 0x0000000091100000, 0x0000000091100000|100%| E|CS|TAMS 0x0000000091000000| PB 0x0000000091000000| Complete |  0
|  71|0x0000000091100000, 0x0000000091200000, 0x0000000091200000|100%| E|CS|TAMS 0x0000000091100000| PB 0x0000000091100000| Complete |  0
|  72|0x0000000091200000, 0x0000000091300000, 0x0000000091300000|100%| E|CS|TAMS 0x0000000091200000| PB 0x0000000091200000| Complete |  0
|  73|0x0000000091300000, 0x0000000091400000, 0x0000000091400000|100%| E|CS|TAMS 0x0000000091300000| PB 0x0000000091300000| Complete |  0
|  74|0x0000000091400000, 0x0000000091500000, 0x0000000091500000|100%| E|CS|TAMS 0x0000000091400000| PB 0x0000000091400000| Complete |  0
|  75|0x0000000091500000, 0x0000000091600000, 0x0000000091600000|100%| E|CS|TAMS 0x0000000091500000| PB 0x0000000091500000| Complete |  0
|  76|0x0000000091600000, 0x0000000091700000, 0x0000000091700000|100%| E|CS|TAMS 0x0000000091600000| PB 0x0000000091600000| Complete |  0
|  77|0x0000000091700000, 0x0000000091800000, 0x0000000091800000|100%| E|CS|TAMS 0x0000000091700000| PB 0x0000000091700000| Complete |  0
|  78|0x0000000091800000, 0x0000000091900000, 0x0000000091900000|100%| E|CS|TAMS 0x0000000091800000| PB 0x0000000091800000| Complete |  0
|  79|0x0000000091900000, 0x0000000091a00000, 0x0000000091a00000|100%| E|CS|TAMS 0x0000000091900000| PB 0x0000000091900000| Complete |  0
|  80|0x0000000091a00000, 0x0000000091b00000, 0x0000000091b00000|100%| E|CS|TAMS 0x0000000091a00000| PB 0x0000000091a00000| Complete |  0
|  81|0x0000000091b00000, 0x0000000091c00000, 0x0000000091c00000|100%| E|CS|TAMS 0x0000000091b00000| PB 0x0000000091b00000| Complete |  0
|  82|0x0000000091c00000, 0x0000000091d00000, 0x0000000091d00000|100%| E|CS|TAMS 0x0000000091c00000| PB 0x0000000091c00000| Complete |  0
|  83|0x0000000091d00000, 0x0000000091e00000, 0x0000000091e00000|100%| E|CS|TAMS 0x0000000091d00000| PB 0x0000000091d00000| Complete |  0
|  84|0x0000000091e00000, 0x0000000091f00000, 0x0000000091f00000|100%| E|CS|TAMS 0x0000000091e00000| PB 0x0000000091e00000| Complete |  0
|  85|0x0000000091f00000, 0x0000000092000000, 0x0000000092000000|100%| E|CS|TAMS 0x0000000091f00000| PB 0x0000000091f00000| Complete |  0
|  86|0x0000000092000000, 0x0000000092100000, 0x0000000092100000|100%| E|CS|TAMS 0x0000000092000000| PB 0x0000000092000000| Complete |  0
|  87|0x0000000092100000, 0x0000000092200000, 0x0000000092200000|100%| E|CS|TAMS 0x0000000092100000| PB 0x0000000092100000| Complete |  0
|  88|0x0000000092200000, 0x0000000092300000, 0x0000000092300000|100%| E|CS|TAMS 0x0000000092200000| PB 0x0000000092200000| Complete |  0
|  89|0x0000000092300000, 0x0000000092400000, 0x0000000092400000|100%| E|CS|TAMS 0x0000000092300000| PB 0x0000000092300000| Complete |  0
|  90|0x0000000092400000, 0x0000000092500000, 0x0000000092500000|100%| E|CS|TAMS 0x0000000092400000| PB 0x0000000092400000| Complete |  0
|  91|0x0000000092500000, 0x0000000092600000, 0x0000000092600000|100%| E|CS|TAMS 0x0000000092500000| PB 0x0000000092500000| Complete |  0
|  92|0x0000000092600000, 0x0000000092700000, 0x0000000092700000|100%| E|CS|TAMS 0x0000000092600000| PB 0x0000000092600000| Complete |  0
|  93|0x0000000092700000, 0x0000000092800000, 0x0000000092800000|100%| E|CS|TAMS 0x0000000092700000| PB 0x0000000092700000| Complete |  0
|  94|0x0000000092800000, 0x0000000092900000, 0x0000000092900000|100%| E|CS|TAMS 0x0000000092800000| PB 0x0000000092800000| Complete |  0
|  95|0x0000000092900000, 0x0000000092a00000, 0x0000000092a00000|100%| E|CS|TAMS 0x0000000092900000| PB 0x0000000092900000| Complete |  0
|  96|0x0000000092a00000, 0x0000000092b00000, 0x0000000092b00000|100%| E|CS|TAMS 0x0000000092a00000| PB 0x0000000092a00000| Complete |  0
|  97|0x0000000092b00000, 0x0000000092c00000, 0x0000000092c00000|100%| E|CS|TAMS 0x0000000092b00000| PB 0x0000000092b00000| Complete |  0
|  98|0x0000000092c00000, 0x0000000092d00000, 0x0000000092d00000|100%| E|CS|TAMS 0x0000000092c00000| PB 0x0000000092c00000| Complete |  0
|  99|0x0000000092d00000, 0x0000000092e00000, 0x0000000092e00000|100%| E|CS|TAMS 0x0000000092d00000| PB 0x0000000092d00000| Complete |  0
| 100|0x0000000092e00000, 0x0000000092f00000, 0x0000000092f00000|100%| E|CS|TAMS 0x0000000092e00000| PB 0x0000000092e00000| Complete |  0
| 101|0x0000000092f00000, 0x0000000093000000, 0x0000000093000000|100%| E|CS|TAMS 0x0000000092f00000| PB 0x0000000092f00000| Complete |  0
| 102|0x0000000093000000, 0x0000000093100000, 0x0000000093100000|100%| E|CS|TAMS 0x0000000093000000| PB 0x0000000093000000| Complete |  0
| 103|0x0000000093100000, 0x0000000093200000, 0x0000000093200000|100%| E|CS|TAMS 0x0000000093100000| PB 0x0000000093100000| Complete |  0
| 104|0x0000000093200000, 0x0000000093300000, 0x0000000093300000|100%| E|CS|TAMS 0x0000000093200000| PB 0x0000000093200000| Complete |  0
| 105|0x0000000093300000, 0x0000000093400000, 0x0000000093400000|100%| E|CS|TAMS 0x0000000093300000| PB 0x0000000093300000| Complete |  0
| 106|0x0000000093400000, 0x0000000093500000, 0x0000000093500000|100%| E|CS|TAMS 0x0000000093400000| PB 0x0000000093400000| Complete |  0
| 107|0x0000000093500000, 0x0000000093600000, 0x0000000093600000|100%| E|CS|TAMS 0x0000000093500000| PB 0x0000000093500000| Complete |  0
| 108|0x0000000093600000, 0x0000000093700000, 0x0000000093700000|100%| E|CS|TAMS 0x0000000093600000| PB 0x0000000093600000| Complete |  0
| 109|0x0000000093700000, 0x0000000093800000, 0x0000000093800000|100%| E|CS|TAMS 0x0000000093700000| PB 0x0000000093700000| Complete |  0
| 110|0x0000000093800000, 0x0000000093900000, 0x0000000093900000|100%| E|CS|TAMS 0x0000000093800000| PB 0x0000000093800000| Complete |  0
| 111|0x0000000093900000, 0x0000000093a00000, 0x0000000093a00000|100%| E|CS|TAMS 0x0000000093900000| PB 0x0000000093900000| Complete |  0
| 112|0x0000000093a00000, 0x0000000093b00000, 0x0000000093b00000|100%| E|CS|TAMS 0x0000000093a00000| PB 0x0000000093a00000| Complete |  0
| 113|0x0000000093b00000, 0x0000000093c00000, 0x0000000093c00000|100%| E|CS|TAMS 0x0000000093b00000| PB 0x0000000093b00000| Complete |  0
| 114|0x0000000093c00000, 0x0000000093d00000, 0x0000000093d00000|100%| E|CS|TAMS 0x0000000093c00000| PB 0x0000000093c00000| Complete |  0
| 115|0x0000000093d00000, 0x0000000093e00000, 0x0000000093e00000|100%| E|CS|TAMS 0x0000000093d00000| PB 0x0000000093d00000| Complete |  0
|1844|0x00000000ffe00000, 0x00000000fff00000, 0x00000000fff00000|100%| O|  |TAMS 0x00000000ffe00000| PB 0x00000000ffe00000| Untracked |  0
|1845|0x00000000fff00000, 0x00000000fff25608, 0x0000000100000000| 14%| O|  |TAMS 0x00000000fff00000| PB 0x00000000fff00000| Untracked |  0

Card table byte_map: [0x000002c2f8bb0000,0x000002c2f8f50000] _byte_map_base: 0x000002c2f874b000

Marking Bits: (CMBitMap*) 0x000002c2e0cb2850
 Bits: [0x000002c2f8f50000, 0x000002c2fac28000)

Polling page: 0x000002c2dea90000

Metaspace:
Metaspace        used 19463K, committed 19776K, reserved 1114112K
 class space     used 1773K, committed 1920K, reserved 1048576K

Usage:
  Non-class:     17.28 MB used.
      Class:      1.73 MB used.
       Both:     19.01 MB used.

Virtual space:
  Non-class space:       64.00 MB reserved,      17.44 MB ( 27%) committed,  1 nodes.
      Class space:        1.00 GB reserved,       1.88 MB ( <1%) committed,  1 nodes.
             Both:        1.06 GB reserved,      19.31 MB (  2%) committed. 

Chunk freelists:
   Non-Class:  14.07 MB
       Class:  13.97 MB
        Both:  28.04 MB

MaxMetaspaceSize: unlimited
CompressedClassSpaceSize: 1.00 GB
Initial GC threshold: 21.00 MB
Current GC threshold: 21.00 MB
CDS: on
 - commit_granule_bytes: 65536.
 - commit_granule_words: 8192.
 - virtual_space_node_default_size: 8388608.
 - enlarge_chunks_in_place: 1.
UseCompressedClassPointers 1, UseCompactObjectHeaders 0
Narrow klass pointer bits 32, Max shift 3
Narrow klass base: 0x0000000027000000, Narrow klass shift: 0
Encoding Range: [0x0000000027000000 - 0x0000000127000000), (4294967296 bytes)
Klass Range:    [0x0000000027010000 - 0x0000000068000000), (1090453504 bytes)
Klass ID Range:  [65536 - 1090519033) (1090453497)
Protection zone: [0x0000000027000000 - 0x0000000027010000), (65536 bytes)


Internal statistics:

num_allocs_failed_limit: 0.
num_arena_births: 172.
num_arena_deaths: 0.
num_vsnodes_births: 2.
num_vsnodes_deaths: 0.
num_space_committed: 309.
num_space_uncommitted: 0.
num_chunks_returned_to_freelist: 0.
num_chunks_taken_from_freelist: 857.
num_chunk_merges: 0.
num_chunk_splits: 595.
num_chunks_enlarged: 468.
num_inconsistent_stats: 0.

CodeHeap 'non-profiled nmethods': size=120064Kb used=2250Kb max_used=2250Kb free=117814Kb
 bounds [0x000002c2f0fa0000, 0x000002c2f1210000, 0x000002c2f84e0000]
CodeHeap 'profiled nmethods': size=120000Kb used=10713Kb max_used=10713Kb free=109286Kb
 bounds [0x000002c2e94e0000, 0x000002c2e9f60000, 0x000002c2f0a10000]
CodeHeap 'non-nmethods': size=5696Kb used=1423Kb max_used=1544Kb free=4272Kb
 bounds [0x000002c2f0a10000, 0x000002c2f0c80000, 0x000002c2f0fa0000]
CodeCache: size=245760Kb, used=14386Kb, max_used=14507Kb, free=231372Kb
 total_blobs=6723, nmethods=6174, adapters=451, full_count=0
Compilation: enabled, stopped_count=0, restarted_count=0

Compilation events (20 events):
Event: 26.622 Thread 0x000002c2fd6148c0 6186       2       sun.security.provider.ByteArrayAccess::b2iBig64 (231 bytes)
Event: 26.625 Thread 0x000002c2fd6148c0 nmethod 6186 0x000002c2e9f53b08 code [0x000002c2e9f53c00, 0x000002c2e9f54770]
Event: 26.625 Thread 0x000002c2fd6148c0 6188       2       sun.security.provider.SHA::implCompress (13 bytes)
Event: 26.626 Thread 0x000002c2fd6148c0 nmethod 6188 0x000002c2e9f54808 code [0x000002c2e9f54900, 0x000002c2e9f54b70]
Event: 26.626 Thread 0x000002c2fd6148c0 6189       2       sun.security.provider.SHA::implCompressCheck (18 bytes)
Event: 26.626 Thread 0x000002c2fd6148c0 nmethod 6189 0x000002c2e9f54b88 code [0x000002c2e9f54c80, 0x000002c2e9f54eb0]
Event: 26.630 Thread 0x000002c2fd6148c0 6197       2       java.lang.Integer::rotateRight (9 bytes)
Event: 26.630 Thread 0x000002c2fd6148c0 nmethod 6197 0x000002c2e9f54f08 code [0x000002c2e9f55000, 0x000002c2e9f550f8]
Event: 26.643 Thread 0x000002c2fd6148c0 6200       3       java.util.TreeSet::iterator (15 bytes)
Event: 26.643 Thread 0x000002c2fd6148c0 nmethod 6200 0x000002c2e9f55208 code [0x000002c2e9f55300, 0x000002c2e9f55598]
Event: 26.648 Thread 0x000002c2fd6148c0 6201       2       java.lang.ProcessEnvironment$CheckedEntry::getKey (5 bytes)
Event: 26.648 Thread 0x000002c2fd6148c0 nmethod 6201 0x000002c2e9f55608 code [0x000002c2e9f55700, 0x000002c2e9f55868]
Event: 26.648 Thread 0x000002c2fd6148c0 6202       2       java.lang.ProcessEnvironment$CheckedEntry::getKey (13 bytes)
Event: 26.648 Thread 0x000002c2fd6148c0 nmethod 6202 0x000002c2e9f55908 code [0x000002c2e9f55a00, 0x000002c2e9f55b68]
Event: 26.649 Thread 0x000002c2fd6148c0 6203       2       java.lang.ProcessEnvironment$EntryComparator::compare (13 bytes)
Event: 26.649 Thread 0x000002c2fd6148c0 nmethod 6203 0x000002c2e9f55c08 code [0x000002c2e9f55d00, 0x000002c2e9f55fb8]
Event: 26.649 Thread 0x000002c2fd6148c0 6204       2       java.lang.ProcessEnvironment$EntryComparator::compare (25 bytes)
Event: 26.649 Thread 0x000002c2fd6148c0 nmethod 6204 0x000002c2e9f56008 code [0x000002c2e9f56100, 0x000002c2e9f56310]
Event: 26.673 Thread 0x000002c2fd6148c0 6211       2       jdk.internal.misc.Unsafe::ensureClassInitialized (18 bytes)
Event: 26.673 Thread 0x000002c2fd6148c0 nmethod 6211 0x000002c2e9f56388 code [0x000002c2e9f56480, 0x000002c2e9f56658]

GC Heap Usage History (8 events):
Event: 11.850 {heap Before GC invocations=0 (full 0):
 garbage-first heap   total reserved 1890304K, committed 120832K, used 49301K [0x000000008ca00000, 0x0000000100000000)
  region size 1024K, 47 young (48128K), 0 survivors (0K)
}
Event: 11.859 {heap After GC invocations=1 (full 0):
 garbage-first heap   total reserved 1890304K, committed 120832K, used 5141K [0x000000008ca00000, 0x0000000100000000)
  region size 1024K, 4 young (4096K), 4 survivors (4096K)
}
Event: 19.152 {heap Before GC invocations=1 (full 0):
 garbage-first heap   total reserved 1890304K, committed 120832K, used 57365K [0x000000008ca00000, 0x0000000100000000)
  region size 1024K, 55 young (56320K), 4 survivors (4096K)
}
Event: 19.177 {heap After GC invocations=2 (full 0):
 garbage-first heap   total reserved 1890304K, committed 120832K, used 10522K [0x000000008ca00000, 0x0000000100000000)
  region size 1024K, 6 young (6144K), 6 survivors (6144K)
}
Event: 21.188 {heap Before GC invocations=2 (full 0):
 garbage-first heap   total reserved 1890304K, committed 120832K, used 69914K [0x000000008ca00000, 0x0000000100000000)
  region size 1024K, 64 young (65536K), 6 survivors (6144K)
}
Event: 21.212 {heap After GC invocations=3 (full 0):
 garbage-first heap   total reserved 1890304K, committed 120832K, used 17015K [0x000000008ca00000, 0x0000000100000000)
  region size 1024K, 7 young (7168K), 7 survivors (7168K)
}
Event: 23.662 {heap Before GC invocations=3 (full 0):
 garbage-first heap   total reserved 1890304K, committed 120832K, used 80503K [0x000000008ca00000, 0x0000000100000000)
  region size 1024K, 69 young (70656K), 7 survivors (7168K)
}
Event: 23.676 {heap After GC invocations=4 (full 0):
 garbage-first heap   total reserved 1890304K, committed 120832K, used 18937K [0x000000008ca00000, 0x0000000100000000)
  region size 1024K, 4 young (4096K), 4 survivors (4096K)
}

Metaspace Usage History (8 events):
Event: 11.850 {metaspace Before GC invocations=0 (full 0):
 Metaspace       used 8118K, committed 8256K, reserved 1114112K
  class space    used 696K, committed 768K, reserved 1048576K
}
Event: 11.859 {metaspace After GC invocations=1 (full 0):
 Metaspace       used 8118K, committed 8256K, reserved 1114112K
  class space    used 696K, committed 768K, reserved 1048576K
}
Event: 19.152 {metaspace Before GC invocations=1 (full 0):
 Metaspace       used 14902K, committed 15168K, reserved 1114112K
  class space    used 1415K, committed 1536K, reserved 1048576K
}
Event: 19.177 {metaspace After GC invocations=2 (full 0):
 Metaspace       used 14902K, committed 15168K, reserved 1114112K
  class space    used 1415K, committed 1536K, reserved 1048576K
}
Event: 21.188 {metaspace Before GC invocations=2 (full 0):
 Metaspace       used 16046K, committed 16320K, reserved 1114112K
  class space    used 1498K, committed 1600K, reserved 1048576K
}
Event: 21.212 {metaspace After GC invocations=3 (full 0):
 Metaspace       used 16046K, committed 16320K, reserved 1114112K
  class space    used 1498K, committed 1600K, reserved 1048576K
}
Event: 23.662 {metaspace Before GC invocations=3 (full 0):
 Metaspace       used 17518K, committed 17792K, reserved 1114112K
  class space    used 1623K, committed 1792K, reserved 1048576K
}
Event: 23.676 {metaspace After GC invocations=4 (full 0):
 Metaspace       used 17518K, committed 17792K, reserved 1114112K
  class space    used 1623K, committed 1792K, reserved 1048576K
}

Dll operation events (7 events):
Event: 0.016 Loaded shared library C:\Program Files\Java\jdk-25\bin\java.dll
Event: 0.103 Loaded shared library C:\Program Files\Java\jdk-25\bin\net.dll
Event: 0.124 Loaded shared library C:\Program Files\Java\jdk-25\bin\nio.dll
Event: 0.237 Loaded shared library C:\Program Files\Java\jdk-25\bin\zip.dll
Event: 1.628 Loaded shared library C:\Users\gueva\.m2\wrapper\dists\apache-maven-3.9.16\0daed3be3ebd1c706f0e69e8b07c6b73f5cc4ea3dfce72a8d0ec2e849ca2ddb0\lib\jansi-native\Windows\x86_64\jansi.dll
Event: 1.715 Loaded shared library C:\Program Files\Java\jdk-25\bin\jimage.dll
Event: 1.821 Loaded shared library C:\Program Files\Java\jdk-25\bin\verify.dll

Deoptimization events (20 events):
Event: 26.494 Thread 0x000002c2de8b4e50 Uncommon trap: trap_request=0xffffff45 fr.pc=0x000002c2f11b4b30 relative=0x0000000000000cb0
Event: 26.495 Thread 0x000002c2de8b4e50 Uncommon trap: reason=unstable_if action=reinterpret pc=0x000002c2f11b4b30 method=sun.nio.fs.WindowsPathParser.isSlash(C)Z @ 9 c2
Event: 26.495 Thread 0x000002c2de8b4e50 DEOPT PACKING pc=0x000002c2f11b4b30 sp=0x000000cb68dfd920
Event: 26.495 Thread 0x000002c2de8b4e50 DEOPT UNPACKING pc=0x000002c2f0a98d82 sp=0x000000cb68dfd868 mode 2
Event: 26.495 Thread 0x000002c2de8b4e50 Uncommon trap: trap_request=0xffffff45 fr.pc=0x000002c2f0fb41cc relative=0x000000000000004c
Event: 26.495 Thread 0x000002c2de8b4e50 Uncommon trap: reason=unstable_if action=reinterpret pc=0x000002c2f0fb41cc method=sun.nio.fs.WindowsPathParser.isSlash(C)Z @ 9 c2
Event: 26.495 Thread 0x000002c2de8b4e50 DEOPT PACKING pc=0x000002c2f0fb41cc sp=0x000000cb68dfd8e0
Event: 26.495 Thread 0x000002c2de8b4e50 DEOPT UNPACKING pc=0x000002c2f0a98d82 sp=0x000000cb68dfd868 mode 2
Event: 26.496 Thread 0x000002c2de8b4e50 Uncommon trap: trap_request=0xffffff45 fr.pc=0x000002c2f11980d0 relative=0x00000000000008d0
Event: 26.496 Thread 0x000002c2de8b4e50 Uncommon trap: reason=unstable_if action=reinterpret pc=0x000002c2f11980d0 method=sun.nio.fs.WindowsPathParser.isSlash(C)Z @ 9 c2
Event: 26.496 Thread 0x000002c2de8b4e50 DEOPT PACKING pc=0x000002c2f11980d0 sp=0x000000cb68dfd920
Event: 26.496 Thread 0x000002c2de8b4e50 DEOPT UNPACKING pc=0x000002c2f0a98d82 sp=0x000000cb68dfd868 mode 2
Event: 26.648 Thread 0x000002c2de8b4e50 Uncommon trap: trap_request=0xffffffbe fr.pc=0x000002c2f107046c relative=0x0000000000000eec
Event: 26.648 Thread 0x000002c2de8b4e50 Uncommon trap: reason=profile_predicate action=maybe_recompile pc=0x000002c2f107046c method=java.util.TimSort.binarySort([Ljava/lang/Object;IIILjava/util/Comparator;)V @ 34 c2
Event: 26.648 Thread 0x000002c2de8b4e50 DEOPT PACKING pc=0x000002c2f107046c sp=0x000000cb68dfdb70
Event: 26.648 Thread 0x000002c2de8b4e50 DEOPT UNPACKING pc=0x000002c2f0a98d82 sp=0x000000cb68dfdb30 mode 2
Event: 26.648 Thread 0x000002c2de8b4e50 Uncommon trap: trap_request=0xffffffbe fr.pc=0x000002c2f107046c relative=0x0000000000000eec
Event: 26.648 Thread 0x000002c2de8b4e50 Uncommon trap: reason=profile_predicate action=maybe_recompile pc=0x000002c2f107046c method=java.util.TimSort.binarySort([Ljava/lang/Object;IIILjava/util/Comparator;)V @ 34 c2
Event: 26.648 Thread 0x000002c2de8b4e50 DEOPT PACKING pc=0x000002c2f107046c sp=0x000000cb68dfdb70
Event: 26.648 Thread 0x000002c2de8b4e50 DEOPT UNPACKING pc=0x000002c2f0a98d82 sp=0x000000cb68dfdb30 mode 2

Classes loaded (20 events):
Event: 26.714 Loading class jdk/internal/logger/LazyLoggers$LazyLoggerFactories
Event: 26.715 Loading class jdk/internal/logger/LazyLoggers$LazyLoggerFactories done
Event: 26.715 Loading class jdk/internal/logger/LoggerFinderLoader
Event: 26.716 Loading class jdk/internal/logger/LoggerFinderLoader done
Event: 26.716 Loading class jdk/internal/logger/LoggerFinderLoader$TemporaryLoggerFinder
Event: 26.717 Loading class jdk/internal/logger/LoggerFinderLoader$TemporaryLoggerFinder done
Event: 26.717 Loading class sun/util/logging/internal/LoggingProviderImpl$JULWrapper
Event: 26.719 Loading class sun/util/logging/PlatformLogger$ConfigurableBridge$LoggerConfiguration
Event: 26.719 Loading class sun/util/logging/PlatformLogger$ConfigurableBridge$LoggerConfiguration done
Event: 26.720 Loading class sun/util/logging/internal/LoggingProviderImpl$JULWrapper done
Event: 26.720 Loading class java/lang/System$Logger$Level
Event: 26.721 Loading class java/lang/System$Logger$Level done
Event: 26.723 Loading class sun/misc/Signal
Event: 26.724 Loading class sun/misc/Signal done
Event: 26.725 Loading class sun/misc/SignalHandler
Event: 26.725 Loading class sun/misc/SignalHandler done
Event: 26.726 Loading class sun/misc/Signal$InternalMiscHandler
Event: 26.727 Loading class sun/misc/Signal$InternalMiscHandler done
Event: 26.727 Loading class sun/misc/Signal$SunMiscHandler
Event: 26.727 Loading class sun/misc/Signal$SunMiscHandler done

Classes unloaded (0 events):
No events

Classes redefined (0 events):
No events

Internal exceptions (20 events):
Event: 17.200 Thread 0x000002c2de8b4e50 Exception <a 'java/lang/NoSuchMethodError'{0x0000000091fec750}: 'void java.lang.invoke.DirectMethodHandle$Holder.invokeSpecial(java.lang.Object, java.lang.Object, java.lang.Object, java.lang.Object, java.lang.Object, java.lang.Object)'> (0x0000000091fec750) 
thrown [s\open\src\hotspot\share\interpreter\linkResolver.cpp, line 804]
Event: 17.245 Thread 0x000002c2de8b4e50 Exception <a 'java/lang/NoSuchMethodError'{0x0000000091d3fed8}: 'java.lang.Object java.lang.invoke.DirectMethodHandle$Holder.invokeVirtual(java.lang.Object, java.lang.Object, java.lang.Object)'> (0x0000000091d3fed8) 
thrown [s\open\src\hotspot\share\interpreter\linkResolver.cpp, line 804]
Event: 17.415 Thread 0x000002c2de8b4e50 Exception <a 'java/lang/NoSuchMethodError'{0x0000000091ba8070}: 'void java.lang.invoke.DirectMethodHandle$Holder.invokeVirtual(java.lang.Object, java.lang.Object, int)'> (0x0000000091ba8070) 
thrown [s\open\src\hotspot\share\interpreter\linkResolver.cpp, line 804]
Event: 17.509 Thread 0x000002c2de8b4e50 Exception <a 'java/lang/NoSuchMethodError'{0x0000000091bc0e98}: 'java.lang.Object java.lang.invoke.DirectMethodHandle$Holder.invokeStatic(java.lang.Object, java.lang.Object, java.lang.Object, java.lang.Object, int)'> (0x0000000091bc0e98) 
thrown [s\open\src\hotspot\share\interpreter\linkResolver.cpp, line 804]
Event: 17.512 Thread 0x000002c2de8b4e50 Exception <a 'java/lang/NoSuchMethodError'{0x0000000091bd25c8}: 'void java.lang.invoke.DirectMethodHandle$Holder.invokeSpecial(java.lang.Object, java.lang.Object, java.lang.Object, int)'> (0x0000000091bd25c8) 
thrown [s\open\src\hotspot\share\interpreter\linkResolver.cpp, line 804]
Event: 17.514 Thread 0x000002c2de8b4e50 Exception <a 'java/lang/NoSuchMethodError'{0x0000000091bda960}: 'void java.lang.invoke.DelegatingMethodHandle$Holder.reinvoke_L(java.lang.Object, java.lang.Object, int)'> (0x0000000091bda960) 
thrown [s\open\src\hotspot\share\interpreter\linkResolver.cpp, line 804]
Event: 19.731 Thread 0x000002c2de8b4e50 Implicit null exception at 0x000002c2f10ad67f to 0x000002c2f10ae200
Event: 19.731 Thread 0x000002c2de8b4e50 Implicit null exception at 0x000002c2f10a0f4a to 0x000002c2f10a1150
Event: 19.731 Thread 0x000002c2de8b4e50 Implicit null exception at 0x000002c2f10921b9 to 0x000002c2f1092810
Event: 19.735 Thread 0x000002c2de8b4e50 Exception <a 'java/lang/NoSuchMethodError'{0x0000000092ea3258}: 'void java.lang.invoke.DirectMethodHandle$Holder.invokeStatic(java.lang.Object, java.lang.Object, java.lang.Object, java.lang.Object)'> (0x0000000092ea3258) 
thrown [s\open\src\hotspot\share\interpreter\linkResolver.cpp, line 804]
Event: 22.236 Thread 0x000002c2de8b4e50 Implicit null exception at 0x000002c2f103921d to 0x000002c2f1039295
Event: 22.671 Thread 0x000002c2de8b4e50 Exception <a 'java/lang/NoSuchMethodError'{0x00000000911b30c0}: 'java.lang.Object java.lang.invoke.DirectMethodHandle$Holder.newInvokeSpecial(java.lang.Object, java.lang.Object, java.lang.Object, java.lang.Object, java.lang.Object, java.lang.Object, java.lang.Object)'> (0x00000000911b30c0) 
thrown [s\open\src\hotspot\share\interpreter\linkResolver.cpp, line 804]
Event: 22.691 Thread 0x000002c2de8b4e50 Implicit null exception at 0x000002c2f1152a42 to 0x000002c2f11548d0
Event: 23.369 Thread 0x000002c2de8b4e50 Exception <a 'java/lang/NoSuchMethodError'{0x0000000090715610}: 'int java.lang.invoke.DirectMethodHandle$Holder.invokeVirtual(java.lang.Object, java.lang.Object)'> (0x0000000090715610) 
thrown [s\open\src\hotspot\share\interpreter\linkResolver.cpp, line 804]
Event: 23.454 Thread 0x000002c2de8b4e50 Exception <a 'java/lang/NoSuchMethodError'{0x0000000090679048}: 'void java.lang.invoke.Invokers$Holder.invokeExact_MT(java.lang.Object, java.lang.Object, int, java.lang.Object)'> (0x0000000090679048) 
thrown [s\open\src\hotspot\share\interpreter\linkResolver.cpp, line 804]
Event: 26.623 Thread 0x000002c2de8b4e50 Exception <a 'java/lang/NoSuchMethodError'{0x0000000090681580}: 'java.lang.Object java.lang.invoke.DirectMethodHandle$Holder.invokeStaticInit(java.lang.Object, java.lang.Object, int, int, int, int)'> (0x0000000090681580) 
thrown [s\open\src\hotspot\share\interpreter\linkResolver.cpp, line 804]
Event: 26.665 Thread 0x000002c2de8b4e50 Exception <a 'java/lang/NoSuchMethodError'{0x00000000906cd448}: 'void java.lang.invoke.DirectMethodHandle$Holder.invokeStatic(java.lang.Object, long)'> (0x00000000906cd448) 
thrown [s\open\src\hotspot\share\interpreter\linkResolver.cpp, line 804]
Event: 26.666 Thread 0x000002c2de8b4e50 Exception <a 'java/lang/NoSuchMethodError'{0x00000000906dbf70}: 'java.lang.Object java.lang.invoke.DirectMethodHandle$Holder.newInvokeSpecial(java.lang.Object, long)'> (0x00000000906dbf70) 
thrown [s\open\src\hotspot\share\interpreter\linkResolver.cpp, line 804]
Event: 26.671 Thread 0x000002c2de8b4e50 Exception <a 'java/lang/NoSuchMethodError'{0x00000000906e5698}: 'java.lang.Object java.lang.invoke.DirectMethodHandle$Holder.invokeStatic(java.lang.Object, long, java.lang.Object)'> (0x00000000906e5698) 
thrown [s\open\src\hotspot\share\interpreter\linkResolver.cpp, line 804]
Event: 26.672 Thread 0x000002c2de8b4e50 Exception <a 'java/lang/NoSuchMethodError'{0x00000000906ed7c8}: 'java.lang.Object java.lang.invoke.DirectMethodHandle$Holder.invokeStaticInit(java.lang.Object, long, java.lang.Object)'> (0x00000000906ed7c8) 
thrown [s\open\src\hotspot\share\interpreter\linkResolver.cpp, line 804]

VM Operations (20 events):
Event: 16.419 Executing non-safepoint VM operation: HandshakeAllThreads (Deoptimize)
Event: 16.419 Executing non-safepoint VM operation: HandshakeAllThreads (Deoptimize) done
Event: 16.571 Executing non-safepoint VM operation: HandshakeAllThreads (Deoptimize)
Event: 16.572 Executing non-safepoint VM operation: HandshakeAllThreads (Deoptimize) done
Event: 16.867 Executing non-safepoint VM operation: HandshakeAllThreads (Deoptimize)
Event: 16.867 Executing non-safepoint VM operation: HandshakeAllThreads (Deoptimize) done
Event: 16.870 Executing non-safepoint VM operation: HandshakeAllThreads (Deoptimize)
Event: 16.870 Executing non-safepoint VM operation: HandshakeAllThreads (Deoptimize) done
Event: 19.152 Executing safepoint VM operation: G1CollectForAllocation (G1 Evacuation Pause)
Event: 19.177 Executing safepoint VM operation: G1CollectForAllocation (G1 Evacuation Pause) done
Event: 21.188 Executing safepoint VM operation: G1CollectForAllocation (G1 Evacuation Pause)
Event: 21.212 Executing safepoint VM operation: G1CollectForAllocation (G1 Evacuation Pause) done
Event: 23.453 Executing non-safepoint VM operation: HandshakeAllThreads (Deoptimize)
Event: 23.453 Executing non-safepoint VM operation: HandshakeAllThreads (Deoptimize) done
Event: 23.662 Executing safepoint VM operation: G1CollectForAllocation (G1 Evacuation Pause)
Event: 23.676 Executing safepoint VM operation: G1CollectForAllocation (G1 Evacuation Pause) done
Event: 26.570 Executing non-safepoint VM operation: HandshakeAllThreads (Deoptimize)
Event: 26.570 Executing non-safepoint VM operation: HandshakeAllThreads (Deoptimize) done
Event: 26.608 Executing non-safepoint VM operation: HandshakeAllThreads (Deoptimize)
Event: 26.608 Executing non-safepoint VM operation: HandshakeAllThreads (Deoptimize) done

Memory protections (0 events):
No events

Nmethod flushes (0 events):
No events

Events (14 events):
Event: 0.039 Thread 0x000002c2de8b4e50 Thread added: 0x000002c2de8b4e50
Event: 0.062 Thread 0x000002c2de8b4e50 Thread added: 0x000002c2fd606300
Event: 0.062 Thread 0x000002c2de8b4e50 Thread added: 0x000002c2fd6092d0
Event: 0.063 Thread 0x000002c2de8b4e50 Thread added: 0x000002c2fd60a290
Event: 0.063 Thread 0x000002c2de8b4e50 Thread added: 0x000002c2fd60be60
Event: 0.063 Thread 0x000002c2de8b4e50 Thread added: 0x000002c2fd60ca20
Event: 0.063 Thread 0x000002c2de8b4e50 Thread added: 0x000002c2fd60d5e0
Event: 0.063 Thread 0x000002c2de8b4e50 Thread added: 0x000002c2fd60e4d0
Event: 0.065 Thread 0x000002c2de8b4e50 Thread added: 0x000002c2fd6148c0
Event: 0.090 Thread 0x000002c2de8b4e50 Thread added: 0x000002c2fd753830
Event: 0.095 Thread 0x000002c2de8b4e50 Thread added: 0x000002c2fd7551d0
Event: 1.597 Thread 0x000002c2de8b4e50 Thread added: 0x000002c2fddf33c0
Event: 2.044 Thread 0x000002c2fddf33c0 Thread exited: 0x000002c2fddf33c0
Event: 16.531 Thread 0x000002c2de8b4e50 Thread added: 0x000002c2fe567f90


Dynamic libraries:
0x00007ff6f39b0000 - 0x00007ff6f39c0000 	C:\Program Files\Java\jdk-25\bin\java.exe
0x00007ffbf2e60000 - 0x00007ffbf30c6000 	C:\WINDOWS\SYSTEM32\ntdll.dll
0x00007ffbf0bd0000 - 0x00007ffbf0c99000 	C:\WINDOWS\System32\KERNEL32.DLL
0x00007ffbf0210000 - 0x00007ffbf060e000 	C:\WINDOWS\System32\KERNELBASE.dll
0x00007ffbf00b0000 - 0x00007ffbf01fc000 	C:\WINDOWS\System32\ucrtbase.dll
0x00007ffbd6580000 - 0x00007ffbd6597000 	C:\Program Files\Java\jdk-25\bin\jli.dll
0x00007ffbd65b0000 - 0x00007ffbd65ce000 	C:\Program Files\Java\jdk-25\bin\VCRUNTIME140.dll
0x00007ffbf23e0000 - 0x00007ffbf25a7000 	C:\WINDOWS\System32\USER32.dll
0x00007ffbf0080000 - 0x00007ffbf00a7000 	C:\WINDOWS\System32\win32u.dll
0x00007ffbf0ba0000 - 0x00007ffbf0bcb000 	C:\WINDOWS\System32\GDI32.dll
0x00007ffbf0620000 - 0x00007ffbf074a000 	C:\WINDOWS\System32\gdi32full.dll
0x00007ffbf0ae0000 - 0x00007ffbf0b83000 	C:\WINDOWS\System32\msvcp_win.dll
0x00007ffbdc520000 - 0x00007ffbdc7b2000 	C:\WINDOWS\WinSxS\amd64_microsoft.windows.common-controls_6595b64144ccf1df_6.0.26100.8875_none_3e0d5d42e32fe9dd\COMCTL32.dll
0x00007ffbf0ca0000 - 0x00007ffbf0d49000 	C:\WINDOWS\System32\msvcrt.dll
0x00007ffbf0dc0000 - 0x00007ffbf0df2000 	C:\WINDOWS\System32\IMM32.DLL
0x00007ffbe58e0000 - 0x00007ffbe58ec000 	C:\Program Files\Java\jdk-25\bin\vcruntime140_1.dll
0x00007ffbae560000 - 0x00007ffbae5ed000 	C:\Program Files\Java\jdk-25\bin\msvcp140.dll
0x00007ffb4ca10000 - 0x00007ffb4d86f000 	C:\Program Files\Java\jdk-25\bin\server\jvm.dll
0x00007ffbf0e00000 - 0x00007ffbf0eb7000 	C:\WINDOWS\System32\ADVAPI32.dll
0x00007ffbf2d60000 - 0x00007ffbf2e0a000 	C:\WINDOWS\System32\sechost.dll
0x00007ffbf27b0000 - 0x00007ffbf28c8000 	C:\WINDOWS\System32\RPCRT4.dll
0x00007ffbf16a0000 - 0x00007ffbf1720000 	C:\WINDOWS\System32\WS2_32.dll
0x00007ffbefee0000 - 0x00007ffbeff3e000 	C:\WINDOWS\SYSTEM32\POWRPROF.dll
0x00007ffbe6220000 - 0x00007ffbe6256000 	C:\WINDOWS\SYSTEM32\WINMM.dll
0x00007ffbde460000 - 0x00007ffbde46b000 	C:\WINDOWS\SYSTEM32\VERSION.dll
0x00007ffbefeb0000 - 0x00007ffbefec4000 	C:\WINDOWS\SYSTEM32\UMPDC.dll
0x00007ffbeed60000 - 0x00007ffbeed7b000 	C:\WINDOWS\SYSTEM32\kernel.appcore.dll
0x00007ffbe5690000 - 0x00007ffbe569a000 	C:\Program Files\Java\jdk-25\bin\jimage.dll
0x00007ffbed720000 - 0x00007ffbed962000 	C:\WINDOWS\SYSTEM32\DBGHELP.DLL
0x00007ffbf1730000 - 0x00007ffbf1ab3000 	C:\WINDOWS\System32\combase.dll
0x00007ffbf25b0000 - 0x00007ffbf2689000 	C:\WINDOWS\System32\OLEAUT32.dll
0x00007ffbdc7c0000 - 0x00007ffbdc7fb000 	C:\WINDOWS\SYSTEM32\dbgcore.DLL
0x00007ffbf0a20000 - 0x00007ffbf0acc000 	C:\WINDOWS\System32\bcryptPrimitives.dll
0x00007ffbd3860000 - 0x00007ffbd387f000 	C:\Program Files\Java\jdk-25\bin\java.dll
0x00007ffbf28d0000 - 0x00007ffbf2a69000 	C:\WINDOWS\System32\ole32.dll
0x00007ffbf1bb0000 - 0x00007ffbf2342000 	C:\WINDOWS\System32\SHELL32.dll
0x00007ffbed970000 - 0x00007ffbee202000 	C:\WINDOWS\SYSTEM32\windows.storage.dll
0x00007ffbf15a0000 - 0x00007ffbf1697000 	C:\WINDOWS\System32\SHCORE.dll
0x00007ffbf0d50000 - 0x00007ffbf0db7000 	C:\WINDOWS\System32\shlwapi.dll
0x00007ffbeffa0000 - 0x00007ffbeffc9000 	C:\WINDOWS\SYSTEM32\profapi.dll
0x00007ffbd3790000 - 0x00007ffbd37a2000 	C:\Program Files\Java\jdk-25\bin\net.dll
0x00007ffbef310000 - 0x00007ffbef37c000 	C:\WINDOWS\system32\mswsock.dll
0x00007ffbd3770000 - 0x00007ffbd3786000 	C:\Program Files\Java\jdk-25\bin\nio.dll
0x00007ffbd1bd0000 - 0x00007ffbd1be7000 	C:\Program Files\Java\jdk-25\bin\zip.dll
0x00007ffbd1790000 - 0x00007ffbd17b4000 	C:\Users\gueva\.m2\wrapper\dists\apache-maven-3.9.16\0daed3be3ebd1c706f0e69e8b07c6b73f5cc4ea3dfce72a8d0ec2e849ca2ddb0\lib\jansi-native\Windows\x86_64\jansi.dll
0x00007ffbe53e0000 - 0x00007ffbe53f0000 	C:\Program Files\Java\jdk-25\bin\verify.dll
0x00007ffbef610000 - 0x00007ffbef62b000 	C:\WINDOWS\SYSTEM32\CRYPTSP.dll
0x00007ffbeecc0000 - 0x00007ffbeecf9000 	C:\WINDOWS\system32\rsaenh.dll
0x00007ffbef3d0000 - 0x00007ffbef402000 	C:\WINDOWS\SYSTEM32\USERENV.dll
0x00007ffbeff70000 - 0x00007ffbeff9a000 	C:\WINDOWS\SYSTEM32\bcrypt.dll
0x00007ffbef630000 - 0x00007ffbef63c000 	C:\WINDOWS\SYSTEM32\CRYPTBASE.dll
0x00007ffbee6b0000 - 0x00007ffbee6e3000 	C:\WINDOWS\SYSTEM32\IPHLPAPI.DLL
0x00007ffbf2e10000 - 0x00007ffbf2e1a000 	C:\WINDOWS\System32\NSI.dll

JVMTI agents: none

dbghelp: loaded successfully - version: 4.0.5 - missing functions: none
symbol engine: initialized successfully - sym options: 0x614 - pdb path: .;C:\Program Files\Java\jdk-25\bin;C:\WINDOWS\SYSTEM32;C:\WINDOWS\WinSxS\amd64_microsoft.windows.common-controls_6595b64144ccf1df_6.0.26100.8875_none_3e0d5d42e32fe9dd;C:\Program Files\Java\jdk-25\bin\server;C:\Users\gueva\.m2\wrapper\dists\apache-maven-3.9.16\0daed3be3ebd1c706f0e69e8b07c6b73f5cc4ea3dfce72a8d0ec2e849ca2ddb0\lib\jansi-native\Windows\x86_64

VM Arguments:
jvm_args: --enable-native-access=ALL-UNNAMED -Dclassworlds.conf=C:\Users\gueva\.m2\wrapper\dists\apache-maven-3.9.16\0daed3be3ebd1c706f0e69e8b07c6b73f5cc4ea3dfce72a8d0ec2e849ca2ddb0\bin\m2.conf -Dmaven.home=C:\Users\gueva\.m2\wrapper\dists\apache-maven-3.9.16\0daed3be3ebd1c706f0e69e8b07c6b73f5cc4ea3dfce72a8d0ec2e849ca2ddb0 -Dlibrary.jansi.path=C:\Users\gueva\.m2\wrapper\dists\apache-maven-3.9.16\0daed3be3ebd1c706f0e69e8b07c6b73f5cc4ea3dfce72a8d0ec2e849ca2ddb0\lib\jansi-native -Dmaven.multiModuleProjectDirectory=C:\Users\gueva\Downloads\Grupos_front\m14_profesor_asignatura_service 
java_command: org.codehaus.plexus.classworlds.launcher.Launcher spring-boot:run
java_class_path (initial): C:\Users\gueva\.m2\wrapper\dists\apache-maven-3.9.16\0daed3be3ebd1c706f0e69e8b07c6b73f5cc4ea3dfce72a8d0ec2e849ca2ddb0\boot\plexus-classworlds-2.11.0.jar
Launcher Type: SUN_STANDARD

[Global flags]
     intx CICompilerCount                          = 4                                         {product} {ergonomic}
     uint ConcGCThreads                            = 2                                         {product} {ergonomic}
     uint G1ConcRefinementThreads                  = 8                                         {product} {ergonomic}
   size_t G1HeapRegionSize                         = 1048576                                   {product} {ergonomic}
   size_t InitialHeapSize                          = 121634816                                 {product} {ergonomic}
   size_t MarkStackSize                            = 4194304                                   {product} {ergonomic}
   size_t MarkStackSizeMax                         = 536870912                                 {product} {ergonomic}
   size_t MaxHeapSize                              = 1935671296                                {product} {ergonomic}
   size_t MaxNewSize                               = 1160773632                                {product} {ergonomic}
   size_t MinHeapDeltaBytes                        = 1048576                                   {product} {ergonomic}
   size_t MinHeapSize                              = 8388608                                   {product} {ergonomic}
    uintx NonNMethodCodeHeapSize                   = 5832704                                {pd product} {ergonomic}
    uintx NonProfiledCodeHeapSize                  = 122945536                              {pd product} {ergonomic}
    uintx ProfiledCodeHeapSize                     = 122880000                              {pd product} {ergonomic}
    uintx ReservedCodeCacheSize                    = 251658240                              {pd product} {ergonomic}
     bool SegmentedCodeCache                       = true                                      {product} {ergonomic}
   size_t SoftMaxHeapSize                          = 1935671296                             {manageable} {ergonomic}
     bool UseCompressedOops                        = true                           {product lp64_product} {ergonomic}
     bool UseG1GC                                  = true                                      {product} {ergonomic}
     bool UseLargePagesIndividualAllocation        = false                                  {pd product} {ergonomic}

Logging:
Log output configuration:
 #0: stdout all=warning uptime,level,tags foldmultilines=false
 #1: stderr all=off uptime,level,tags foldmultilines=false

Release file:
IMPLEMENTOR="Oracle Corporation" 
JAVA_RUNTIME_VERSION="25+37-LTS-3491" 
JAVA_VERSION="25" 
JAVA_VERSION_DATE="2025-09-16" 
LIBC="default" 
MODULES="java.base java.compiler java.datatransfer java.xml java.prefs java.desktop java.instrument java.logging java.management java.security.sasl java.naming java.rmi java.management.rmi java.net.http java.scripting java.security.jgss java.transaction.xa java.sql java.sql.rowset java.xml.crypto java.se java.smartcardio jdk.accessibility jdk.internal.jvmstat jdk.attach jdk.charsets jdk.internal.opt jdk.zipfs jdk.compiler jdk.crypto.cryptoki jdk.crypto.ec jdk.crypto.mscapi jdk.dynalink jdk.internal.ed jdk.editpad jdk.internal.vm.ci jdk.graal.compiler jdk.graal.compiler.management jdk.hotspot.agent jdk.httpserver jdk.incubator.vector jdk.internal.le jdk.internal.md jdk.jartool jdk.javadoc jdk.jcmd jdk.management jdk.management.agent jdk.jconsole jdk.jdeps jdk.jdwp.agent jdk.jdi jdk.jfr jdk.jlink jdk.jpackage jdk.jshell jdk.jsobject jdk.jstatd jdk.localedata jdk.management.jfr jdk.naming.dns jdk.naming.rmi jdk.net jdk.nio.mapmode jdk.sctp jdk.security.auth jdk.security.jgss jdk.unsupported jdk.unsupported.desktop jdk.xml.dom" 
OS_ARCH="x86_64" 
OS_NAME="Windows" 
SOURCE=".:git:49d6a23b8806 open:git:6c48f4ed707b" 

Environment Variables:
PATH=C:\Program Files\Common Files\Oracle\Java\javapath;C:\WINDOWS\system32;C:\WINDOWS;C:\WINDOWS\System32\Wbem;C:\WINDOWS\System32\WindowsPowerShell\v1.0\;C:\WINDOWS\System32\OpenSSH\;C:\Program Files\dotnet\;C:\Program Files\Java\jdk-25\bin;C:\Program Files\nodejs\;C:\xampp\php;C:\ProgramData\ComposerSetup\bin;C:\Program Files\Git\cmd;C:\Program Files (x86)\Microsoft SQL Server\160\Tools\Binn\;C:\Program Files\Microsoft SQL Server\160\Tools\Binn\;C:\Program Files\Microsoft SQL Server\Client SDK\ODBC\170\Tools\Binn\;C:\Program Files\Microsoft SQL Server\160\DTS\Binn\;C:\Program Files (x86)\Microsoft SQL Server\160\DTS\Binn\;C:\ProgramData\chocolatey\bin;C:\flutter\bin;;C:\Program Files\Docker\Docker\resources\bin;C:\Users\gueva\AppData\Local\Programs\Python\Launcher\;C:\Program Files\MySQL\MySQL Shell 8.0\bin\;C:\Users\gueva\AppData\Local\Microsoft\WindowsApps;C:\Users\gueva\AppData\Local\Programs\Microsoft VS Code\bin;C:\Program Files\Java\jdk-25\bin;C:\Users\gueva\AppData\Roaming\npm;C:\Users\gueva\AppData\Roaming\Composer\vendor\bin;C:\Users\gueva\AppData\Roaming\npm;C:\Users\gueva\AppData\Local\Python\bin;C:\Program Files\Git\bin;C:\Users\gueva\AppData\Local\Programs\mongosh\;C:\Program Files\MongoDB\Tools\100\bin;C:\Program Files\MongoDB\Server\8.2\bin;C:\flutter\bin;C:\Program Files\MySQL\MySQL Server 8.0\bin;C:\Program Files\Docker\Docker;
USERNAME=gueva
OS=Windows_NT
PROCESSOR_IDENTIFIER=AMD64 Family 23 Model 160 Stepping 0, AuthenticAMD
TMP=C:\Users\gueva\AppData\Local\Temp
TEMP=C:\Users\gueva\AppData\Local\Temp




Compilation memory statistics disabled.

Periodic native trim disabled

---------------  S Y S T E M  ---------------

OS:
 Windows 11 , 64 bit Build 26100 (10.0.26100.8875)
OS uptime: 0 days 19:04 hours
Hyper-V role detected

CPU: total 8 (initial active 8) (8 cores per cpu, 2 threads per core) family 23 model 160 stepping 0 microcode 0x8a0000b, cx8, cmov, fxsr, ht, mmx, 3dnowpref, sse, sse2, sse3, ssse3, sse4a, sse4.1, sse4.2, popcnt, lzcnt, tsc, tscinvbit, avx, avx2, aes, clmul, bmi1, bmi2, adx, sha, fma, vzeroupper, clflush, clflushopt, clwb, hv, rdtscp, rdpid, f16c
Processor Information for the first 8 processors :
  Max Mhz: 2801, Current Mhz: 2801, Mhz Limit: 2801

Memory: 4k page, system-wide physical 7379M (74M free)
TotalPageFile size 29907M (AvailPageFile size 0M)
current process WorkingSet (physical memory assigned to process): 189M, peak: 189M
current process commit charge ("private bytes"): 262M, peak: 280M

vm_info: Java HotSpot(TM) 64-Bit Server VM (25+37-LTS-3491) for windows-amd64 JRE (25+37-LTS-3491), built on 2025-08-14T21:13:00Z with unknown MS VC++:1943

END.
