#
# There is insufficient memory for the Java Runtime Environment to continue.
# Native memory allocation (malloc) failed to allocate 1048576 bytes. Error detail: AllocateHeap
# Possible reasons:
#   The system is out of physical RAM or swap space
#   This process is running with CompressedOops enabled, and the Java Heap may be blocking the growth of the native heap
# Possible solutions:
#   Reduce memory load on the system
#   Increase physical memory or swap space
#   Check if swap backing store is full
#   Decrease Java heap size (-Xmx/-Xms)
#   Decrease number of Java threads
#   Decrease Java thread stack sizes (-Xss)
#   Set larger code cache with -XX:ReservedCodeCacheSize=
#   JVM is running with Unscaled Compressed Oops mode in which the Java heap is
#     placed in the first 4GB address space. The Java Heap base address is the
#     maximum limit for the native heap growth. Please use -XX:HeapBaseMinAddress
#     to set the Java Heap base and to place the Java Heap above 4GB virtual address.
# This output file may be truncated or incomplete.
#
#  Out of Memory Error (allocation.cpp:42), pid=26152, tid=14168
#
# JRE version: Java(TM) SE Runtime Environment (25.0+37) (build 25+37-LTS-3491)
# Java VM: Java HotSpot(TM) 64-Bit Server VM (25+37-LTS-3491, mixed mode, emulated-client, sharing, tiered, compressed oops, compressed class ptrs, g1 gc, windows-amd64)
# No core dump will be written. Minidumps are not enabled by default on client versions of Windows
#

---------------  S U M M A R Y ------------

Command Line: -XX:TieredStopAtLevel=1 com.example.m5_room_service.M5RoomServiceApplication

Host: AMD Ryzen 5 7520U with Radeon Graphics         , 8 cores, 7G,  Windows 11 , 64 bit Build 26100 (10.0.26100.8875)
Time: Sun Jul 19 14:58:20 2026 Hora estándar central (México) elapsed time: 10707.590770 seconds (0d 2h 58m 27s)

---------------  T H R E A D  ---------------

Current thread (0x000002b920e73860):  VMThread "VM Thread"          [id=14168, stack(0x000000bb1a900000,0x000000bb1aa00000) (1024K)]

Stack: [0x000000bb1a900000,0x000000bb1aa00000]
Native frames: (J=compiled Java code, j=interpreted, Vv=VM code, C=native code)
V  [jvm.dll+0x7a6a39]  (no source info available)
V  [jvm.dll+0x7727ed]  (no source info available)
V  [jvm.dll+0x965f33]  (no source info available)
V  [jvm.dll+0x968531]  (no source info available)
V  [jvm.dll+0x968c33]  (no source info available)
V  [jvm.dll+0x2fc756]  (no source info available)
V  [jvm.dll+0xf7487]  (no source info available)
V  [jvm.dll+0x3de46e]  (no source info available)
V  [jvm.dll+0x3d92b9]  (no source info available)
V  [jvm.dll+0x3bfac5]  (no source info available)
V  [jvm.dll+0x40b06f]  (no source info available)
V  [jvm.dll+0x96ee71]  (no source info available)
V  [jvm.dll+0x97018d]  (no source info available)
V  [jvm.dll+0x970709]  (no source info available)
V  [jvm.dll+0x9709b3]  (no source info available)
V  [jvm.dll+0x90681d]  (no source info available)
V  [jvm.dll+0x7a5015]  (no source info available)
C  [ucrtbase.dll+0x2cd30]  (no source info available)
C  [KERNEL32.DLL+0x2e957]  (no source info available)
C  [ntdll.dll+0xaad6c]  (no source info available)

VM_Operation (0x000000bb19ffeeb0): G1CollectFull, mode: safepoint, requested by thread 0x000002b92d2367a0


---------------  P R O C E S S  ---------------

Threads class SMR info:
_java_thread_list=0x000002b926a3dc60, length=13, elements={
0x000002b920e89e40, 0x000002b920e8a8a0, 0x000002b920e92940, 0x000002b920e94510,
0x000002b920e97db0, 0x000002b920e99640, 0x000002b910779a50, 0x000002b9210c6950,
0x000002b9210cc810, 0x000002b921c881f0, 0x000002b920ea2540, 0x000002b920ea7360,
0x000002b92d2367a0
}

Java Threads: ( => current thread )
  0x000002b920e89e40 JavaThread "Reference Handler"          daemon [_thread_blocked, id=1620, stack(0x000000bb1aa00000,0x000000bb1ab00000) (1024K)]
  0x000002b920e8a8a0 JavaThread "Finalizer"                  daemon [_thread_blocked, id=12148, stack(0x000000bb1ab00000,0x000000bb1ac00000) (1024K)]
  0x000002b920e92940 JavaThread "Signal Dispatcher"          daemon [_thread_blocked, id=24996, stack(0x000000bb1ac00000,0x000000bb1ad00000) (1024K)]
  0x000002b920e94510 JavaThread "Attach Listener"            daemon [_thread_blocked, id=19280, stack(0x000000bb1ad00000,0x000000bb1ae00000) (1024K)]
  0x000002b920e97db0 JavaThread "Service Thread"             daemon [_thread_blocked, id=27524, stack(0x000000bb1ae00000,0x000000bb1af00000) (1024K)]
  0x000002b920e99640 JavaThread "Monitor Deflation Thread"   daemon [_thread_blocked, id=26808, stack(0x000000bb1af00000,0x000000bb1b000000) (1024K)]
  0x000002b910779a50 JavaThread "C1 CompilerThread0"         daemon [_thread_blocked, id=19396, stack(0x000000bb1b000000,0x000000bb1b100000) (1024K)]
  0x000002b9210c6950 JavaThread "Notification Thread"        daemon [_thread_blocked, id=3368, stack(0x000000bb1b100000,0x000000bb1b200000) (1024K)]
  0x000002b9210cc810 JavaThread "Common-Cleaner"             daemon [_thread_blocked, id=10552, stack(0x000000bb1b200000,0x000000bb1b300000) (1024K)]
  0x000002b921c881f0 JavaThread "Cleaner-0"                  daemon [_thread_blocked, id=23868, stack(0x000000bb1b300000,0x000000bb1b400000) (1024K)]
  0x000002b920ea2540 JavaThread "spectator-gauge-polling-0"  daemon [_thread_blocked, id=18636, stack(0x000000bb1c800000,0x000000bb1c900000) (1024K)]
  0x000002b920ea7360 JavaThread "DestroyJavaVM"                     [_thread_blocked, id=8916, stack(0x000000bb1a200000,0x000000bb1a300000) (1024K)]
  0x000002b92d2367a0 JavaThread "Thread-37"                         [_thread_blocked, id=12732, stack(0x000000bb19f00000,0x000000bb1a000000) (1024K)]
Total: 13

Other Threads:
=>0x000002b920e73860 VMThread "VM Thread"                           [id=14168, stack(0x000000bb1a900000,0x000000bb1aa00000) (1024K)]
  0x000002b920d36c80 WatcherThread "VM Periodic Task Thread"        [id=12884, stack(0x000000bb1a800000,0x000000bb1a900000) (1024K)]
  0x000002b9107c0800 WorkerThread "GC Thread#0"                     [id=19184, stack(0x000000bb1a300000,0x000000bb1a400000) (1024K)]
  0x000002b9262712c0 WorkerThread "GC Thread#1"                     [id=9232, stack(0x000000bb1b400000,0x000000bb1b500000) (1024K)]
  0x000002b926285790 WorkerThread "GC Thread#2"                     [id=2372, stack(0x000000bb1b500000,0x000000bb1b600000) (1024K)]
  0x000002b926285bc0 WorkerThread "GC Thread#3"                     [id=28832, stack(0x000000bb1b600000,0x000000bb1b700000) (1024K)]
  0x000002b926285ff0 WorkerThread "GC Thread#4"                     [id=13124, stack(0x000000bb1b700000,0x000000bb1b800000) (1024K)]
  0x000002b9266c0970 WorkerThread "GC Thread#5"                     [id=13796, stack(0x000000bb1bb00000,0x000000bb1bc00000) (1024K)]
  0x000002b9266bfc80 WorkerThread "GC Thread#6"                     [id=17516, stack(0x000000bb1bc00000,0x000000bb1bd00000) (1024K)]
  0x000002b9266beb40 WorkerThread "GC Thread#7"                     [id=11184, stack(0x000000bb1bd00000,0x000000bb1be00000) (1024K)]
  0x000002b9107d81e0 ConcurrentGCThread "G1 Main Marker"            [id=11464, stack(0x000000bb1a400000,0x000000bb1a500000) (1024K)]
  0x000002b9107d9520 WorkerThread "G1 Conc#0"                       [id=6264, stack(0x000000bb1a500000,0x000000bb1a600000) (1024K)]
  0x000002b9266c2350 WorkerThread "G1 Conc#1"                       [id=9680, stack(0x000000bb1be00000,0x000000bb1bf00000) (1024K)]
  0x000002b920d27020 ConcurrentGCThread "G1 Refine#0"               [id=18840, stack(0x000000bb1a600000,0x000000bb1a700000) (1024K)]
  0x000002b920d298f0 ConcurrentGCThread "G1 Service"                [id=4608, stack(0x000000bb1a700000,0x000000bb1a800000) (1024K)]
Total: 15

Threads with active compile tasks:
Total: 0

VM state: at safepoint (normal execution)

VM Mutex/Monitor currently owned by a thread:  ([mutex/lock_event])
[0x00007ffbaecc94a8] Threads_lock - owner thread: 0x000002b920e73860
[0x00007ffbaecc9628] Heap_lock - owner thread: 0x000002b92d2367a0

Heap address: 0x000000008ca00000, size: 1846 MB, Compressed Oops mode: 32-bit

CDS archive(s) mapped at: [0x0000000025000000-0x0000000025dd0000-0x0000000025dd0000), size 14483456, SharedBaseAddress: 0x0000000025000000, ArchiveRelocationMode: 1.
Compressed class space mapped at: 0x0000000026000000-0x0000000066000000, reserved size: 1073741824
UseCompressedClassPointers 1, UseCompactObjectHeaders 0
Narrow klass pointer bits 32, Max shift 3
Narrow klass base: 0x0000000025000000, Narrow klass shift: 0
Encoding Range: [0x0000000025000000 - 0x0000000125000000), (4294967296 bytes)
Klass Range:    [0x0000000025010000 - 0x0000000066000000), (1090453504 bytes)
Klass ID Range:  [65536 - 1090519033) (1090453497)
Protection zone: [0x0000000025000000 - 0x0000000025010000), (65536 bytes)

GC Precious Log:
 CardTable entry size: 512
 Card Set container configuration: InlinePtr #cards 5 size 8 Array Of Cards #cards 10 size 36 Howl #buckets 4 coarsen threshold 1843 Howl Bitmap #cards 512 size 80 coarsen threshold 460 Card regions per heap region 1 cards per card region 2048
 CPUs: 8 total, 8 available
 Memory: 7379M
 Large Page Support: Disabled
 NUMA Support: Disabled
 Compressed Oops: Enabled (32-bit)
 Heap Region Size: 1M
 Heap Min Capacity: 8M
 Heap Initial Capacity: 116M
 Heap Max Capacity: 1846M
 Pre-touch: Disabled
 Parallel Workers: 8
 Concurrent Workers: 2
 Concurrent Refinement Workers: 8
 Periodic GC: Disabled

Heap:
 garbage-first heap   total reserved 1890304K, committed 130048K, used 78579K [0x000000008ca00000, 0x0000000100000000)
  region size 1024K, 33 young (33792K), 5 survivors (5120K)

Heap Regions: E=young(eden), S=young(survivor), O=old, HS=humongous(starts), HC=humongous(continues), CS=collection set, F=free, TAMS=top-at-mark-start, PB=parsable bottom
|   0|0x000000008ca00000, 0x000000008cb00000, 0x000000008cb00000|100%|HS|  |TAMS 0x000000008ca00000| PB 0x000000008ca00000| Complete |  0
|   1|0x000000008cb00000, 0x000000008cc00000, 0x000000008cc00000|100%|HS|  |TAMS 0x000000008cb00000| PB 0x000000008cb00000| Complete |  0
|   2|0x000000008cc00000, 0x000000008ccfffe8, 0x000000008cd00000| 99%| O|  |TAMS 0x000000008cc00000| PB 0x000000008cc00000| Untracked |  0
|   3|0x000000008cd00000, 0x000000008ce00000, 0x000000008ce00000|100%| O|  |TAMS 0x000000008cd00000| PB 0x000000008cd00000| Untracked |  0
|   4|0x000000008ce00000, 0x000000008cf00000, 0x000000008cf00000|100%| O|  |TAMS 0x000000008ce00000| PB 0x000000008ce00000| Untracked |  0
|   5|0x000000008cf00000, 0x000000008cfffff0, 0x000000008d000000| 99%| O|  |TAMS 0x000000008cf00000| PB 0x000000008cf00000| Untracked |  0
|   6|0x000000008d000000, 0x000000008d100000, 0x000000008d100000|100%| O|  |TAMS 0x000000008d000000| PB 0x000000008d000000| Untracked |  0
|   7|0x000000008d100000, 0x000000008d1ffff8, 0x000000008d200000| 99%| O|  |TAMS 0x000000008d100000| PB 0x000000008d100000| Untracked |  0
|   8|0x000000008d200000, 0x000000008d2ffee0, 0x000000008d300000| 99%| O|  |TAMS 0x000000008d200000| PB 0x000000008d200000| Untracked |  0
|   9|0x000000008d300000, 0x000000008d3ffff8, 0x000000008d400000| 99%| O|  |TAMS 0x000000008d300000| PB 0x000000008d300000| Untracked |  0
|  10|0x000000008d400000, 0x000000008d4fffc0, 0x000000008d500000| 99%| O|  |TAMS 0x000000008d400000| PB 0x000000008d400000| Untracked |  0
|  11|0x000000008d500000, 0x000000008d5fffe0, 0x000000008d600000| 99%| O|  |TAMS 0x000000008d500000| PB 0x000000008d500000| Untracked |  0
|  12|0x000000008d600000, 0x000000008d700000, 0x000000008d700000|100%| O|  |TAMS 0x000000008d600000| PB 0x000000008d600000| Untracked |  0
|  13|0x000000008d700000, 0x000000008d7fffd8, 0x000000008d800000| 99%| O|  |TAMS 0x000000008d700000| PB 0x000000008d700000| Untracked |  0
|  14|0x000000008d800000, 0x000000008d8ffff0, 0x000000008d900000| 99%| O|  |TAMS 0x000000008d800000| PB 0x000000008d800000| Untracked |  0
|  15|0x000000008d900000, 0x000000008d9fffb8, 0x000000008da00000| 99%| O|  |TAMS 0x000000008d900000| PB 0x000000008d900000| Untracked |  0
|  16|0x000000008da00000, 0x000000008daffff0, 0x000000008db00000| 99%| O|  |TAMS 0x000000008da00000| PB 0x000000008da00000| Untracked |  0
|  17|0x000000008db00000, 0x000000008dbffff8, 0x000000008dc00000| 99%| O|  |TAMS 0x000000008db00000| PB 0x000000008db00000| Untracked |  0
|  18|0x000000008dc00000, 0x000000008dcfffe8, 0x000000008dd00000| 99%| O|  |TAMS 0x000000008dc00000| PB 0x000000008dc00000| Untracked |  0
|  19|0x000000008dd00000, 0x000000008ddffff8, 0x000000008de00000| 99%| O|  |TAMS 0x000000008dd00000| PB 0x000000008dd00000| Untracked |  0
|  20|0x000000008de00000, 0x000000008defffe8, 0x000000008df00000| 99%| O|  |TAMS 0x000000008de00000| PB 0x000000008de00000| Untracked |  0
|  21|0x000000008df00000, 0x000000008dffffe0, 0x000000008e000000| 99%| O|  |TAMS 0x000000008df00000| PB 0x000000008df00000| Untracked |  0
|  22|0x000000008e000000, 0x000000008e0fffe8, 0x000000008e100000| 99%| O|  |TAMS 0x000000008e000000| PB 0x000000008e000000| Untracked |  0
|  23|0x000000008e100000, 0x000000008e200000, 0x000000008e200000|100%| O|  |TAMS 0x000000008e100000| PB 0x000000008e100000| Untracked |  0
|  24|0x000000008e200000, 0x000000008e2fffd0, 0x000000008e300000| 99%| O|  |TAMS 0x000000008e200000| PB 0x000000008e200000| Untracked |  0
|  25|0x000000008e300000, 0x000000008e3fffa0, 0x000000008e400000| 99%| O|  |TAMS 0x000000008e300000| PB 0x000000008e300000| Untracked |  0
|  26|0x000000008e400000, 0x000000008e4ffff0, 0x000000008e500000| 99%| O|  |TAMS 0x000000008e400000| PB 0x000000008e400000| Untracked |  0
|  27|0x000000008e500000, 0x000000008e5fffa0, 0x000000008e600000| 99%| O|  |TAMS 0x000000008e500000| PB 0x000000008e500000| Untracked |  0
|  28|0x000000008e600000, 0x000000008e6fffe0, 0x000000008e700000| 99%| O|  |TAMS 0x000000008e600000| PB 0x000000008e600000| Untracked |  0
|  29|0x000000008e700000, 0x000000008e7fffe0, 0x000000008e800000| 99%| O|  |TAMS 0x000000008e700000| PB 0x000000008e700000| Untracked |  0
|  30|0x000000008e800000, 0x000000008e900000, 0x000000008e900000|100%| O|  |TAMS 0x000000008e800000| PB 0x000000008e800000| Untracked |  0
|  31|0x000000008e900000, 0x000000008ea00000, 0x000000008ea00000|100%| O|  |TAMS 0x000000008e900000| PB 0x000000008e900000| Untracked |  0
|  32|0x000000008ea00000, 0x000000008eafffe8, 0x000000008eb00000| 99%| O|  |TAMS 0x000000008ea00000| PB 0x000000008ea00000| Untracked |  0
|  33|0x000000008eb00000, 0x000000008ebfffe0, 0x000000008ec00000| 99%| O|  |TAMS 0x000000008eb00000| PB 0x000000008eb00000| Untracked |  0
|  34|0x000000008ec00000, 0x000000008ecffff0, 0x000000008ed00000| 99%| O|  |TAMS 0x000000008ec00000| PB 0x000000008ec00000| Untracked |  0
|  35|0x000000008ed00000, 0x000000008ee00000, 0x000000008ee00000|100%| O|  |TAMS 0x000000008ed00000| PB 0x000000008ed00000| Untracked |  0
|  36|0x000000008ee00000, 0x000000008ee8b888, 0x000000008ef00000| 54%| O|  |TAMS 0x000000008ee00000| PB 0x000000008ee00000| Untracked |  0
|  37|0x000000008ef00000, 0x000000008f000000, 0x000000008f000000|100%| O|  |TAMS 0x000000008ef00000| PB 0x000000008ef00000| Untracked |  0
|  38|0x000000008f000000, 0x000000008f05f3c8, 0x000000008f100000| 37%| O|  |TAMS 0x000000008f000000| PB 0x000000008f000000| Untracked |  0
|  39|0x000000008f100000, 0x000000008f1fffd0, 0x000000008f200000| 99%| O|  |TAMS 0x000000008f100000| PB 0x000000008f100000| Untracked |  0
|  40|0x000000008f200000, 0x000000008f24b570, 0x000000008f300000| 29%| O|  |TAMS 0x000000008f200000| PB 0x000000008f200000| Untracked |  0
|  41|0x000000008f300000, 0x000000008f300000, 0x000000008f400000|  0%| F|  |TAMS 0x000000008f300000| PB 0x000000008f300000| Untracked |  0
|  42|0x000000008f400000, 0x000000008f40d4f0, 0x000000008f500000|  5%| O|Cm|TAMS 0x000000008f400000| PB 0x000000008f400000| Complete |  0
|  43|0x000000008f500000, 0x000000008f600000, 0x000000008f600000|100%| O|  |TAMS 0x000000008f500000| PB 0x000000008f500000| Untracked |  0
|  44|0x000000008f600000, 0x000000008f6a1390, 0x000000008f700000| 62%| O|  |TAMS 0x000000008f600000| PB 0x000000008f600000| Untracked |  0
|  45|0x000000008f700000, 0x000000008f800000, 0x000000008f800000|100%| O|  |TAMS 0x000000008f700000| PB 0x000000008f700000| Untracked |  0
|  46|0x000000008f800000, 0x000000008f900000, 0x000000008f900000|100%| O|  |TAMS 0x000000008f800000| PB 0x000000008f800000| Untracked |  0
|  47|0x000000008f900000, 0x000000008fa00000, 0x000000008fa00000|100%| O|  |TAMS 0x000000008f900000| PB 0x000000008f900000| Untracked |  0
|  48|0x000000008fa00000, 0x000000008fb00000, 0x000000008fb00000|100%| O|  |TAMS 0x000000008fa00000| PB 0x000000008fa00000| Untracked |  0
|  49|0x000000008fb00000, 0x000000008fb5ed80, 0x000000008fc00000| 37%| O|  |TAMS 0x000000008fb00000| PB 0x000000008fb00000| Untracked |  0
|  50|0x000000008fc00000, 0x000000008fc00000, 0x000000008fd00000|  0%| F|  |TAMS 0x000000008fc00000| PB 0x000000008fc00000| Untracked |  0
|  51|0x000000008fd00000, 0x000000008fd00000, 0x000000008fe00000|  0%| F|  |TAMS 0x000000008fd00000| PB 0x000000008fd00000| Untracked |  0
|  52|0x000000008fe00000, 0x000000008fe00000, 0x000000008ff00000|  0%| F|  |TAMS 0x000000008fe00000| PB 0x000000008fe00000| Untracked |  0
|  53|0x000000008ff00000, 0x000000008ff00000, 0x0000000090000000|  0%| F|  |TAMS 0x000000008ff00000| PB 0x000000008ff00000| Untracked |  0
|  54|0x0000000090000000, 0x0000000090000000, 0x0000000090100000|  0%| F|  |TAMS 0x0000000090000000| PB 0x0000000090000000| Untracked |  0
|  55|0x0000000090100000, 0x0000000090100000, 0x0000000090200000|  0%| F|  |TAMS 0x0000000090100000| PB 0x0000000090100000| Untracked |  0
|  56|0x0000000090200000, 0x0000000090279aa0, 0x0000000090300000| 47%| S|CS|TAMS 0x0000000090200000| PB 0x0000000090200000| Complete |  0
|  57|0x0000000090300000, 0x0000000090400000, 0x0000000090400000|100%| S|CS|TAMS 0x0000000090300000| PB 0x0000000090300000| Complete |  0
|  58|0x0000000090400000, 0x0000000090400000, 0x0000000090500000|  0%| F|  |TAMS 0x0000000090400000| PB 0x0000000090400000| Untracked |  0
|  59|0x0000000090500000, 0x0000000090500000, 0x0000000090600000|  0%| F|  |TAMS 0x0000000090500000| PB 0x0000000090500000| Untracked |  0
|  60|0x0000000090600000, 0x0000000090600000, 0x0000000090700000|  0%| F|  |TAMS 0x0000000090600000| PB 0x0000000090600000| Untracked |  0
|  61|0x0000000090700000, 0x0000000090700000, 0x0000000090800000|  0%| F|  |TAMS 0x0000000090700000| PB 0x0000000090700000| Untracked |  0
|  62|0x0000000090800000, 0x0000000090800000, 0x0000000090900000|  0%| F|  |TAMS 0x0000000090800000| PB 0x0000000090800000| Untracked |  0
|  63|0x0000000090900000, 0x0000000090900000, 0x0000000090a00000|  0%| F|  |TAMS 0x0000000090900000| PB 0x0000000090900000| Untracked |  0
|  64|0x0000000090a00000, 0x0000000090a00000, 0x0000000090b00000|  0%| F|  |TAMS 0x0000000090a00000| PB 0x0000000090a00000| Untracked |  0
|  65|0x0000000090b00000, 0x0000000090b00000, 0x0000000090c00000|  0%| F|  |TAMS 0x0000000090b00000| PB 0x0000000090b00000| Untracked |  0
|  66|0x0000000090c00000, 0x0000000090c00000, 0x0000000090d00000|  0%| F|  |TAMS 0x0000000090c00000| PB 0x0000000090c00000| Untracked |  0
|  67|0x0000000090d00000, 0x0000000090e00000, 0x0000000090e00000|100%| S|CS|TAMS 0x0000000090d00000| PB 0x0000000090d00000| Complete |  0
|  68|0x0000000090e00000, 0x0000000090f00000, 0x0000000090f00000|100%| S|CS|TAMS 0x0000000090e00000| PB 0x0000000090e00000| Complete |  0
|  69|0x0000000090f00000, 0x0000000091000000, 0x0000000091000000|100%| S|CS|TAMS 0x0000000090f00000| PB 0x0000000090f00000| Complete |  0
|  70|0x0000000091000000, 0x0000000091000000, 0x0000000091100000|  0%| F|  |TAMS 0x0000000091000000| PB 0x0000000091000000| Untracked |  0
|  71|0x0000000091100000, 0x0000000091100000, 0x0000000091200000|  0%| F|  |TAMS 0x0000000091100000| PB 0x0000000091100000| Untracked |  0
|  72|0x0000000091200000, 0x0000000091200000, 0x0000000091300000|  0%| F|  |TAMS 0x0000000091200000| PB 0x0000000091200000| Untracked |  0
|  73|0x0000000091300000, 0x0000000091300000, 0x0000000091400000|  0%| F|  |TAMS 0x0000000091300000| PB 0x0000000091300000| Untracked |  0
|  74|0x0000000091400000, 0x0000000091400000, 0x0000000091500000|  0%| F|  |TAMS 0x0000000091400000| PB 0x0000000091400000| Untracked |  0
|  75|0x0000000091500000, 0x0000000091500000, 0x0000000091600000|  0%| F|  |TAMS 0x0000000091500000| PB 0x0000000091500000| Untracked |  0
|  76|0x0000000091600000, 0x0000000091600000, 0x0000000091700000|  0%| F|  |TAMS 0x0000000091600000| PB 0x0000000091600000| Untracked |  0
|  77|0x0000000091700000, 0x0000000091700000, 0x0000000091800000|  0%| F|  |TAMS 0x0000000091700000| PB 0x0000000091700000| Untracked |  0
|  78|0x0000000091800000, 0x0000000091800000, 0x0000000091900000|  0%| F|  |TAMS 0x0000000091800000| PB 0x0000000091800000| Untracked |  0
|  79|0x0000000091900000, 0x0000000091900000, 0x0000000091a00000|  0%| F|  |TAMS 0x0000000091900000| PB 0x0000000091900000| Untracked |  0
|  80|0x0000000091a00000, 0x0000000091a00000, 0x0000000091b00000|  0%| F|  |TAMS 0x0000000091a00000| PB 0x0000000091a00000| Untracked |  0
|  81|0x0000000091b00000, 0x0000000091b00000, 0x0000000091c00000|  0%| F|  |TAMS 0x0000000091b00000| PB 0x0000000091b00000| Untracked |  0
|  82|0x0000000091c00000, 0x0000000091c00000, 0x0000000091d00000|  0%| F|  |TAMS 0x0000000091c00000| PB 0x0000000091c00000| Untracked |  0
|  83|0x0000000091d00000, 0x0000000091d00000, 0x0000000091e00000|  0%| F|  |TAMS 0x0000000091d00000| PB 0x0000000091d00000| Untracked |  0
|  84|0x0000000091e00000, 0x0000000091e00000, 0x0000000091f00000|  0%| F|  |TAMS 0x0000000091e00000| PB 0x0000000091e00000| Untracked |  0
|  85|0x0000000091f00000, 0x0000000091f00000, 0x0000000092000000|  0%| F|  |TAMS 0x0000000091f00000| PB 0x0000000091f00000| Untracked |  0
|  86|0x0000000092000000, 0x0000000092000000, 0x0000000092100000|  0%| F|  |TAMS 0x0000000092000000| PB 0x0000000092000000| Untracked |  0
|  87|0x0000000092100000, 0x0000000092100000, 0x0000000092200000|  0%| F|  |TAMS 0x0000000092100000| PB 0x0000000092100000| Untracked |  0
|  88|0x0000000092200000, 0x0000000092200000, 0x0000000092300000|  0%| F|  |TAMS 0x0000000092200000| PB 0x0000000092200000| Untracked |  0
|  89|0x0000000092300000, 0x0000000092300000, 0x0000000092400000|  0%| F|  |TAMS 0x0000000092300000| PB 0x0000000092300000| Untracked |  0
|  90|0x0000000092400000, 0x0000000092400000, 0x0000000092500000|  0%| F|  |TAMS 0x0000000092400000| PB 0x0000000092400000| Untracked |  0
|  91|0x0000000092500000, 0x0000000092500000, 0x0000000092600000|  0%| F|  |TAMS 0x0000000092500000| PB 0x0000000092500000| Untracked |  0
|  92|0x0000000092600000, 0x0000000092600000, 0x0000000092700000|  0%| F|  |TAMS 0x0000000092600000| PB 0x0000000092600000| Untracked |  0
|  93|0x0000000092700000, 0x0000000092700000, 0x0000000092800000|  0%| F|  |TAMS 0x0000000092700000| PB 0x0000000092700000| Untracked |  0
|  94|0x0000000092800000, 0x0000000092800000, 0x0000000092900000|  0%| F|  |TAMS 0x0000000092800000| PB 0x0000000092800000| Untracked |  0
|  95|0x0000000092900000, 0x0000000092900000, 0x0000000092a00000|  0%| F|  |TAMS 0x0000000092900000| PB 0x0000000092900000| Untracked |  0
|  96|0x0000000092a00000, 0x0000000092a00000, 0x0000000092b00000|  0%| F|  |TAMS 0x0000000092a00000| PB 0x0000000092a00000| Untracked |  0
|  97|0x0000000092b00000, 0x0000000092b00000, 0x0000000092c00000|  0%| F|  |TAMS 0x0000000092b00000| PB 0x0000000092b00000| Untracked |  0
|  98|0x0000000092c00000, 0x0000000092cc36f0, 0x0000000092d00000| 76%| E|  |TAMS 0x0000000092c00000| PB 0x0000000092c00000| Complete |  0
|  99|0x0000000092d00000, 0x0000000092e00000, 0x0000000092e00000|100%| E|CS|TAMS 0x0000000092d00000| PB 0x0000000092d00000| Complete |  0
| 100|0x0000000092e00000, 0x0000000092f00000, 0x0000000092f00000|100%| E|CS|TAMS 0x0000000092e00000| PB 0x0000000092e00000| Complete |  0
| 101|0x0000000092f00000, 0x0000000093000000, 0x0000000093000000|100%| E|CS|TAMS 0x0000000092f00000| PB 0x0000000092f00000| Complete |  0
| 102|0x0000000093000000, 0x0000000093100000, 0x0000000093100000|100%| E|CS|TAMS 0x0000000093000000| PB 0x0000000093000000| Complete |  0
| 103|0x0000000093100000, 0x0000000093200000, 0x0000000093200000|100%| E|CS|TAMS 0x0000000093100000| PB 0x0000000093100000| Complete |  0
| 104|0x0000000093200000, 0x0000000093300000, 0x0000000093300000|100%| E|  |TAMS 0x0000000093200000| PB 0x0000000093200000| Complete |  0
| 105|0x0000000093300000, 0x0000000093400000, 0x0000000093400000|100%| E|CS|TAMS 0x0000000093300000| PB 0x0000000093300000| Complete |  0
| 106|0x0000000093400000, 0x0000000093500000, 0x0000000093500000|100%| E|CS|TAMS 0x0000000093400000| PB 0x0000000093400000| Complete |  0
| 107|0x0000000093500000, 0x0000000093600000, 0x0000000093600000|100%| E|CS|TAMS 0x0000000093500000| PB 0x0000000093500000| Complete |  0
| 108|0x0000000093600000, 0x0000000093700000, 0x0000000093700000|100%| E|CS|TAMS 0x0000000093600000| PB 0x0000000093600000| Complete |  0
| 109|0x0000000093700000, 0x0000000093800000, 0x0000000093800000|100%| E|CS|TAMS 0x0000000093700000| PB 0x0000000093700000| Complete |  0
| 110|0x0000000093800000, 0x0000000093900000, 0x0000000093900000|100%| E|CS|TAMS 0x0000000093800000| PB 0x0000000093800000| Complete |  0
| 111|0x0000000093900000, 0x0000000093a00000, 0x0000000093a00000|100%| E|CS|TAMS 0x0000000093900000| PB 0x0000000093900000| Complete |  0
| 112|0x0000000093a00000, 0x0000000093b00000, 0x0000000093b00000|100%| E|CS|TAMS 0x0000000093a00000| PB 0x0000000093a00000| Complete |  0
| 113|0x0000000093b00000, 0x0000000093c00000, 0x0000000093c00000|100%| E|CS|TAMS 0x0000000093b00000| PB 0x0000000093b00000| Complete |  0
| 114|0x0000000093c00000, 0x0000000093d00000, 0x0000000093d00000|100%| E|CS|TAMS 0x0000000093c00000| PB 0x0000000093c00000| Complete |  0
| 115|0x0000000093d00000, 0x0000000093e00000, 0x0000000093e00000|100%| E|CS|TAMS 0x0000000093d00000| PB 0x0000000093d00000| Complete |  0
| 116|0x0000000093e00000, 0x0000000093f00000, 0x0000000093f00000|100%| E|CS|TAMS 0x0000000093e00000| PB 0x0000000093e00000| Complete |  0
| 117|0x0000000093f00000, 0x0000000094000000, 0x0000000094000000|100%| E|CS|TAMS 0x0000000093f00000| PB 0x0000000093f00000| Complete |  0
| 118|0x0000000094000000, 0x0000000094100000, 0x0000000094100000|100%| E|CS|TAMS 0x0000000094000000| PB 0x0000000094000000| Complete |  0
| 119|0x0000000094100000, 0x0000000094200000, 0x0000000094200000|100%| E|CS|TAMS 0x0000000094100000| PB 0x0000000094100000| Complete |  0
| 120|0x0000000094200000, 0x0000000094300000, 0x0000000094300000|100%| E|CS|TAMS 0x0000000094200000| PB 0x0000000094200000| Complete |  0
| 121|0x0000000094300000, 0x0000000094400000, 0x0000000094400000|100%| E|CS|TAMS 0x0000000094300000| PB 0x0000000094300000| Complete |  0
| 122|0x0000000094400000, 0x0000000094500000, 0x0000000094500000|100%| E|CS|TAMS 0x0000000094400000| PB 0x0000000094400000| Complete |  0
| 123|0x0000000094500000, 0x0000000094600000, 0x0000000094600000|100%| E|CS|TAMS 0x0000000094500000| PB 0x0000000094500000| Complete |  0
| 124|0x0000000094600000, 0x0000000094700000, 0x0000000094700000|100%| E|CS|TAMS 0x0000000094600000| PB 0x0000000094600000| Complete |  0
| 125|0x0000000094700000, 0x0000000094800000, 0x0000000094800000|100%| E|CS|TAMS 0x0000000094700000| PB 0x0000000094700000| Complete |  0
|1844|0x00000000ffe00000, 0x00000000fff00000, 0x00000000fff00000|100%| O|  |TAMS 0x00000000ffe00000| PB 0x00000000ffe00000| Untracked |  0

Card table byte_map: [0x000002b91c480000,0x000002b91c820000] _byte_map_base: 0x000002b91c01b000

Marking Bits: (CMBitMap*) 0x000002b9107c0f90
 Bits: [0x000002b91c820000, 0x000002b91e4f8000)

Polling page: 0x000002b90e5f0000

Metaspace:
Metaspace        used 88429K, committed 89280K, reserved 1179648K
 class space     used 10057K, committed 10432K, reserved 1048576K

Usage:
  Non-class:     76.54 MB used.
      Class:      9.82 MB used.
       Both:     86.36 MB used.

Virtual space:
  Non-class space:      128.00 MB reserved,      77.00 MB ( 60%) committed,  2 nodes.
      Class space:        1.00 GB reserved,      10.19 MB ( <1%) committed,  1 nodes.
             Both:        1.12 GB reserved,      87.19 MB (  8%) committed. 

Chunk freelists:
   Non-Class:  3.03 MB
       Class:  5.66 MB
        Both:  8.68 MB

MaxMetaspaceSize: unlimited
CompressedClassSpaceSize: 1.00 GB
Initial GC threshold: 21.00 MB
Current GC threshold: 142.94 MB
CDS: on
 - commit_granule_bytes: 65536.
 - commit_granule_words: 8192.
 - virtual_space_node_default_size: 8388608.
 - enlarge_chunks_in_place: 1.
UseCompressedClassPointers 1, UseCompactObjectHeaders 0
Narrow klass pointer bits 32, Max shift 3
Narrow klass base: 0x0000000025000000, Narrow klass shift: 0
Encoding Range: [0x0000000025000000 - 0x0000000125000000), (4294967296 bytes)
Klass Range:    [0x0000000025010000 - 0x0000000066000000), (1090453504 bytes)
Klass ID Range:  [65536 - 1090519033) (1090453497)
Protection zone: [0x0000000025000000 - 0x0000000025010000), (65536 bytes)


Internal statistics:

num_allocs_failed_limit: 9.
num_arena_births: 2322.
num_arena_deaths: 1182.
num_vsnodes_births: 3.
num_vsnodes_deaths: 0.
num_space_committed: 1395.
num_space_uncommitted: 0.
num_chunks_returned_to_freelist: 1317.
num_chunks_taken_from_freelist: 5922.
num_chunk_merges: 257.
num_chunk_splits: 3801.
num_chunks_enlarged: 2980.
num_inconsistent_stats: 0.

CodeCache: size=49152Kb used=13806Kb max_used=14370Kb free=35345Kb
 bounds [0x000002b918fd0000, 0x000002b919ec0000, 0x000002b91bfd0000]
 total_blobs=10650, nmethods=9865, adapters=708, full_count=0
Compilation: enabled, stopped_count=0, restarted_count=0

Compilation events (20 events):
Event: 10690.785 Thread 0x000002b910779a50 15779   !   1       java.lang.Thread::exit (71 bytes)
Event: 10690.818 Thread 0x000002b910779a50 nmethod 15779 0x000002b919ce2f88 code [0x000002b919ce3080, 0x000002b919ce35c0]
Event: 10690.818 Thread 0x000002b910779a50 15780       1       java.lang.Thread::clearReferences (35 bytes)
Event: 10690.819 Thread 0x000002b910779a50 nmethod 15780 0x000002b919ce2c88 code [0x000002b919ce2d80, 0x000002b919ce2f50]
Event: 10692.512 Thread 0x000002b910779a50 15781       1       java.util.ArrayList$ListItr::previous (59 bytes)
Event: 10692.523 Thread 0x000002b910779a50 nmethod 15781 0x000002b919ce2888 code [0x000002b919ce2980, 0x000002b919ce2c80]
Event: 10692.927 Thread 0x000002b910779a50 15782   !   1       java.util.concurrent.CopyOnWriteArrayList::remove (193 bytes)
Event: 10692.949 Thread 0x000002b910779a50 nmethod 15782 0x000002b919ce1e88 code [0x000002b919ce1f80, 0x000002b919ce2880]
Event: 10693.949 Thread 0x000002b910779a50 15783   !   1       org.springframework.beans.factory.support.DisposableBeanAdapter::destroy (396 bytes)
Event: 10694.261 Thread 0x000002b910779a50 nmethod 15783 0x000002b919ce0c08 code [0x000002b919ce0d00, 0x000002b919ce1e30]
Event: 10697.273 Thread 0x000002b910779a50 15784   !   1       java.util.concurrent.ScheduledThreadPoolExecutor$DelayedWorkQueue::remove (119 bytes)
Event: 10697.296 Thread 0x000002b910779a50 nmethod 15784 0x000002b919ce0508 code [0x000002b919ce0600, 0x000002b919ce0bb0]
Event: 10697.296 Thread 0x000002b910779a50 15785       1       java.util.concurrent.ScheduledThreadPoolExecutor$DelayedWorkQueue::indexOf (79 bytes)
Event: 10697.298 Thread 0x000002b910779a50 nmethod 15785 0x000002b919ce0108 code [0x000002b919ce0200, 0x000002b919ce0498]
Event: 10703.784 Thread 0x000002b910779a50 15787       1       jdk.internal.reflect.ReflectionFactory::config (28 bytes)
Event: 10703.787 Thread 0x000002b910779a50 nmethod 15787 0x000002b919cdfb08 code [0x000002b919cdfc00, 0x000002b919cdfcb0]
Event: 10703.946 Thread 0x000002b910779a50 15788       1       sun.invoke.util.Wrapper::isSubwordOrInt (20 bytes)
Event: 10703.956 Thread 0x000002b910779a50 nmethod 15788 0x000002b919cdf808 code [0x000002b919cdf900, 0x000002b919cdfa38]
Event: 10703.956 Thread 0x000002b910779a50 15789       1       sun.invoke.util.Wrapper::isIntegral (23 bytes)
Event: 10703.956 Thread 0x000002b910779a50 nmethod 15789 0x000002b919cdf508 code [0x000002b919cdf600, 0x000002b919cdf700]

GC Heap Usage History (20 events):
Event: 4854.200 {heap After GC invocations=38 (full 4):
 garbage-first heap   total reserved 1890304K, committed 147456K, used 41538K [0x000000008ca00000, 0x0000000100000000)
  region size 1024K, 0 young (0K), 0 survivors (0K)
}
Event: 4858.090 {heap Before GC invocations=38 (full 4):
 garbage-first heap   total reserved 1890304K, committed 147456K, used 101954K [0x000000008ca00000, 0x0000000100000000)
  region size 1024K, 60 young (61440K), 0 survivors (0K)
}
Event: 4858.117 {heap After GC invocations=39 (full 4):
 garbage-first heap   total reserved 1890304K, committed 147456K, used 50754K [0x000000008ca00000, 0x0000000100000000)
  region size 1024K, 9 young (9216K), 9 survivors (9216K)
}
Event: 5086.215 {heap Before GC invocations=40 (full 4):
 garbage-first heap   total reserved 1890304K, committed 147456K, used 118338K [0x000000008ca00000, 0x0000000100000000)
  region size 1024K, 74 young (75776K), 9 survivors (9216K)
}
Event: 5086.526 {heap After GC invocations=41 (full 4):
 garbage-first heap   total reserved 1890304K, committed 147456K, used 51251K [0x000000008ca00000, 0x0000000100000000)
  region size 1024K, 5 young (5120K), 5 survivors (5120K)
}
Event: 9565.587 {heap Before GC invocations=41 (full 4):
 garbage-first heap   total reserved 1890304K, committed 147456K, used 119859K [0x000000008ca00000, 0x0000000100000000)
  region size 1024K, 72 young (73728K), 5 survivors (5120K)
}
Event: 9565.702 {heap After GC invocations=42 (full 4):
 garbage-first heap   total reserved 1890304K, committed 147456K, used 50976K [0x000000008ca00000, 0x0000000100000000)
  region size 1024K, 4 young (4096K), 4 survivors (4096K)
}
Event: 9708.523 {heap Before GC invocations=42 (full 4):
 garbage-first heap   total reserved 1890304K, committed 147456K, used 59168K [0x000000008ca00000, 0x0000000100000000)
  region size 1024K, 13 young (13312K), 4 survivors (4096K)
}
Event: 9712.800 {heap After GC invocations=43 (full 5):
 garbage-first heap   total reserved 1890304K, committed 130048K, used 37253K [0x000000008ca00000, 0x0000000100000000)
  region size 1024K, 0 young (0K), 0 survivors (0K)
}
Event: 9726.488 {heap Before GC invocations=43 (full 5):
 garbage-first heap   total reserved 1890304K, committed 130048K, used 101765K [0x000000008ca00000, 0x0000000100000000)
  region size 1024K, 65 young (66560K), 0 survivors (0K)
}
Event: 9726.564 {heap After GC invocations=44 (full 5):
 garbage-first heap   total reserved 1890304K, committed 130048K, used 47059K [0x000000008ca00000, 0x0000000100000000)
  region size 1024K, 9 young (9216K), 9 survivors (9216K)
}
Event: 9733.733 {heap Before GC invocations=45 (full 5):
 garbage-first heap   total reserved 1890304K, committed 130048K, used 69587K [0x000000008ca00000, 0x0000000100000000)
  region size 1024K, 30 young (30720K), 9 survivors (9216K)
}
Event: 9733.764 {heap After GC invocations=46 (full 5):
 garbage-first heap   total reserved 1890304K, committed 130048K, used 49760K [0x000000008ca00000, 0x0000000100000000)
  region size 1024K, 4 young (4096K), 4 survivors (4096K)
}
Event: 9741.215 {heap Before GC invocations=46 (full 5):
 garbage-first heap   total reserved 1890304K, committed 130048K, used 97888K [0x000000008ca00000, 0x0000000100000000)
  region size 1024K, 52 young (53248K), 4 survivors (4096K)
}
Event: 9742.346 {heap After GC invocations=47 (full 6):
 garbage-first heap   total reserved 1890304K, committed 130048K, used 41873K [0x000000008ca00000, 0x0000000100000000)
  region size 1024K, 0 young (0K), 0 survivors (0K)
}
Event: 9748.573 {heap Before GC invocations=47 (full 6):
 garbage-first heap   total reserved 1890304K, committed 130048K, used 101265K [0x000000008ca00000, 0x0000000100000000)
  region size 1024K, 59 young (60416K), 0 survivors (0K)
}
Event: 9748.692 {heap After GC invocations=48 (full 6):
 garbage-first heap   total reserved 1890304K, committed 130048K, used 50831K [0x000000008ca00000, 0x0000000100000000)
  region size 1024K, 9 young (9216K), 9 survivors (9216K)
}
Event: 9801.409 {heap Before GC invocations=49 (full 6):
 garbage-first heap   total reserved 1890304K, committed 130048K, used 109199K [0x000000008ca00000, 0x0000000100000000)
  region size 1024K, 65 young (66560K), 9 survivors (9216K)
}
Event: 9801.966 {heap After GC invocations=50 (full 6):
 garbage-first heap   total reserved 1890304K, committed 130048K, used 51955K [0x000000008ca00000, 0x0000000100000000)
  region size 1024K, 5 young (5120K), 5 survivors (5120K)
}
Event: 10706.204 {heap Before GC invocations=50 (full 6):
 garbage-first heap   total reserved 1890304K, committed 130048K, used 78579K [0x000000008ca00000, 0x0000000100000000)
  region size 1024K, 33 young (33792K), 5 survivors (5120K)
}

Metaspace Usage History (20 events):
Event: 4854.200 {metaspace After GC invocations=38 (full 4):
 Metaspace       used 85966K, committed 86720K, reserved 1179648K
  class space    used 9763K, committed 10176K, reserved 1048576K
}
Event: 4858.090 {metaspace Before GC invocations=38 (full 4):
 Metaspace       used 85995K, committed 86784K, reserved 1179648K
  class space    used 9766K, committed 10176K, reserved 1048576K
}
Event: 4858.117 {metaspace After GC invocations=39 (full 4):
 Metaspace       used 85995K, committed 86784K, reserved 1179648K
  class space    used 9766K, committed 10176K, reserved 1048576K
}
Event: 5086.216 {metaspace Before GC invocations=40 (full 4):
 Metaspace       used 86264K, committed 87040K, reserved 1179648K
  class space    used 9786K, committed 10176K, reserved 1048576K
}
Event: 5086.526 {metaspace After GC invocations=41 (full 4):
 Metaspace       used 86264K, committed 87040K, reserved 1179648K
  class space    used 9786K, committed 10176K, reserved 1048576K
}
Event: 9565.587 {metaspace Before GC invocations=41 (full 4):
 Metaspace       used 86298K, committed 87040K, reserved 1179648K
  class space    used 9792K, committed 10176K, reserved 1048576K
}
Event: 9565.702 {metaspace After GC invocations=42 (full 4):
 Metaspace       used 86298K, committed 87040K, reserved 1179648K
  class space    used 9792K, committed 10176K, reserved 1048576K
}
Event: 9708.523 {metaspace Before GC invocations=42 (full 4):
 Metaspace       used 86301K, committed 87040K, reserved 1179648K
  class space    used 9792K, committed 10176K, reserved 1048576K
}
Event: 9712.801 {metaspace After GC invocations=43 (full 5):
 Metaspace       used 86173K, committed 87040K, reserved 1179648K
  class space    used 9758K, committed 10176K, reserved 1048576K
}
Event: 9726.488 {metaspace Before GC invocations=43 (full 5):
 Metaspace       used 86310K, committed 87040K, reserved 1179648K
  class space    used 9791K, committed 10176K, reserved 1048576K
}
Event: 9726.564 {metaspace After GC invocations=44 (full 5):
 Metaspace       used 86310K, committed 87040K, reserved 1179648K
  class space    used 9791K, committed 10176K, reserved 1048576K
}
Event: 9733.733 {metaspace Before GC invocations=45 (full 5):
 Metaspace       used 86457K, committed 87168K, reserved 1179648K
  class space    used 9807K, committed 10176K, reserved 1048576K
}
Event: 9733.764 {metaspace After GC invocations=46 (full 5):
 Metaspace       used 86457K, committed 87168K, reserved 1179648K
  class space    used 9807K, committed 10176K, reserved 1048576K
}
Event: 9741.215 {metaspace Before GC invocations=46 (full 5):
 Metaspace       used 86912K, committed 87808K, reserved 1179648K
  class space    used 9897K, committed 10304K, reserved 1048576K
}
Event: 9742.346 {metaspace After GC invocations=47 (full 6):
 Metaspace       used 86761K, committed 87808K, reserved 1179648K
  class space    used 9859K, committed 10304K, reserved 1048576K
}
Event: 9748.573 {metaspace Before GC invocations=47 (full 6):
 Metaspace       used 86786K, committed 87808K, reserved 1179648K
  class space    used 9862K, committed 10304K, reserved 1048576K
}
Event: 9748.692 {metaspace After GC invocations=48 (full 6):
 Metaspace       used 86786K, committed 87808K, reserved 1179648K
  class space    used 9862K, committed 10304K, reserved 1048576K
}
Event: 9801.409 {metaspace Before GC invocations=49 (full 6):
 Metaspace       used 87058K, committed 87936K, reserved 1179648K
  class space    used 9880K, committed 10304K, reserved 1048576K
}
Event: 9801.966 {metaspace After GC invocations=50 (full 6):
 Metaspace       used 87058K, committed 87936K, reserved 1179648K
  class space    used 9880K, committed 10304K, reserved 1048576K
}
Event: 10706.205 {metaspace Before GC invocations=50 (full 6):
 Metaspace       used 88429K, committed 89280K, reserved 1179648K
  class space    used 10057K, committed 10432K, reserved 1048576K
}

Dll operation events (10 events):
Event: 0.012 Loaded shared library C:\Program Files\Java\jdk-25\bin\java.dll
Event: 0.181 Loaded shared library C:\Program Files\Java\jdk-25\bin\net.dll
Event: 0.183 Loaded shared library C:\Program Files\Java\jdk-25\bin\nio.dll
Event: 0.188 Loaded shared library C:\Program Files\Java\jdk-25\bin\zip.dll
Event: 0.319 Loaded shared library C:\Program Files\Java\jdk-25\bin\jimage.dll
Event: 1.080 Loaded shared library C:\Program Files\Java\jdk-25\bin\management.dll
Event: 1.086 Loaded shared library C:\Program Files\Java\jdk-25\bin\management_ext.dll
Event: 2.604 Loaded shared library C:\Program Files\Java\jdk-25\bin\sunmscapi.dll
Event: 8.133 Loaded shared library C:\Program Files\Java\jdk-25\bin\extnet.dll
Event: 21.426 Loaded shared library C:\Program Files\Java\jdk-25\bin\verify.dll

Deoptimization events (6 events):
Event: 5.388 Thread 0x000002b92618abe0 DEOPT PACKING pc=0x000002b919601224 sp=0x000000bb1b9fb310
Event: 5.388 Thread 0x000002b92618abe0 DEOPT UNPACKING pc=0x000002b919021702 sp=0x000000bb1b9fa818 mode 0
Event: 6.566 Thread 0x000002b9265d80a0 DEOPT PACKING pc=0x000002b919340d51 sp=0x000000bb1bafef30
Event: 6.566 Thread 0x000002b9265d80a0 DEOPT UNPACKING pc=0x000002b919021702 sp=0x000000bb1bafe388 mode 3
Event: 6.566 Thread 0x000002b92185ab70 DEOPT PACKING pc=0x000002b919341cd6 sp=0x000000bb1bfff260
Event: 6.566 Thread 0x000002b92185ab70 DEOPT UNPACKING pc=0x000002b919021702 sp=0x000000bb1bffe6f8 mode 3

Classes loaded (20 events):
Event: 10702.454 Loading class java/io/ClassCache done
Event: 10702.454 Loading class java/io/ObjectStreamClass$Caches$1 done
Event: 10702.460 Loading class java/io/ClassCache$1
Event: 10702.498 Loading class java/io/ClassCache$1 done
Event: 10702.505 Loading class java/io/ObjectStreamClass$Caches$2
Event: 10702.519 Loading class java/io/ObjectStreamClass$Caches$2 done
Event: 10702.601 Loading class jdk/internal/reflect/MethodHandleLongFieldAccessorImpl
Event: 10702.625 Loading class jdk/internal/reflect/MethodHandleLongFieldAccessorImpl done
Event: 10703.210 Loading class java/io/ClassCache$CacheRef
Event: 10703.259 Loading class java/io/ClassCache$CacheRef done
Event: 10703.378 Loading class java/io/ObjectStreamClass$FieldReflectorKey
Event: 10703.408 Loading class java/io/ObjectStreamClass$FieldReflectorKey done
Event: 10703.415 Loading class java/io/ObjectStreamClass$FieldReflector
Event: 10703.591 Loading class java/io/ObjectStreamClass$FieldReflector done
Event: 10703.598 Loading class jdk/internal/event/SerializationMisdeclarationEvent
Event: 10703.743 Loading class jdk/internal/event/SerializationMisdeclarationEvent done
Event: 10703.988 Loading class java/io/ObjectStreamClass$ClassDataSlot
Event: 10704.057 Loading class java/io/ObjectStreamClass$ClassDataSlot done
Event: 10705.839 Loading class java/io/FileOutputStream$1
Event: 10705.849 Loading class java/io/FileOutputStream$1 done

Classes unloaded (20 events):
Event: 9741.416 Thread 0x000002b920e73860 Unloading class 0x00000000263ac000 'java/lang/invoke/LambdaForm$MH+0x00000000263ac000'
Event: 9741.416 Thread 0x000002b920e73860 Unloading class 0x00000000263d5000 'java/lang/invoke/LambdaForm$MH+0x00000000263d5000'
Event: 9741.416 Thread 0x000002b920e73860 Unloading class 0x000000002640cc00 'java/lang/invoke/LambdaForm$MH+0x000000002640cc00'
Event: 9741.416 Thread 0x000002b920e73860 Unloading class 0x0000000026431400 'java/lang/invoke/LambdaForm$MH+0x0000000026431400'
Event: 9741.416 Thread 0x000002b920e73860 Unloading class 0x0000000026469000 'java/lang/invoke/LambdaForm$MH+0x0000000026469000'
Event: 9741.416 Thread 0x000002b920e73860 Unloading class 0x0000000026474c00 'java/lang/invoke/LambdaForm$MH+0x0000000026474c00'
Event: 9741.416 Thread 0x000002b920e73860 Unloading class 0x0000000026480000 'java/lang/invoke/LambdaForm$MH+0x0000000026480000'
Event: 9741.416 Thread 0x000002b920e73860 Unloading class 0x000000002648e000 'java/lang/invoke/LambdaForm$MH+0x000000002648e000'
Event: 9741.416 Thread 0x000002b920e73860 Unloading class 0x0000000026725000 'java/lang/invoke/LambdaForm$MH+0x0000000026725000'
Event: 9741.416 Thread 0x000002b920e73860 Unloading class 0x0000000026824400 'java/lang/invoke/LambdaForm$MH+0x0000000026824400'
Event: 9741.416 Thread 0x000002b920e73860 Unloading class 0x0000000026826400 'java/lang/invoke/LambdaForm$MH+0x0000000026826400'
Event: 9741.416 Thread 0x000002b920e73860 Unloading class 0x000000002683c400 'java/lang/invoke/LambdaForm$MH+0x000000002683c400'
Event: 9741.416 Thread 0x000002b920e73860 Unloading class 0x000000002698c800 'java/lang/invoke/LambdaForm$MH+0x000000002698c800'
Event: 9741.416 Thread 0x000002b920e73860 Unloading class 0x00000000268a9800 'java/lang/invoke/LambdaForm$MH+0x00000000268a9800'
Event: 9741.416 Thread 0x000002b920e73860 Unloading class 0x00000000268a0000 'java/lang/invoke/LambdaForm$MH+0x00000000268a0000'
Event: 9741.416 Thread 0x000002b920e73860 Unloading class 0x000000002683d000 'java/lang/invoke/LambdaForm$MH+0x000000002683d000'
Event: 9741.416 Thread 0x000002b920e73860 Unloading class 0x0000000026988c00 'java/lang/invoke/LambdaForm$MH+0x0000000026988c00'
Event: 9741.417 Thread 0x000002b920e73860 Unloading class 0x000000002698b000 'java/lang/invoke/LambdaForm$MH+0x000000002698b000'
Event: 9741.417 Thread 0x000002b920e73860 Unloading class 0x000000002698cc00 'java/lang/invoke/LambdaForm$MH+0x000000002698cc00'
Event: 9741.418 Thread 0x000002b920e73860 Unloading class 0x00000000269a8000 'java/lang/invoke/LambdaForm$MH+0x00000000269a8000'

Classes redefined (0 events):
No events

Internal exceptions (20 events):
Event: 9761.453 Thread 0x000002b926702cc0 Exception <a 'java/io/FileNotFoundException'{0x0000000093a16130}> (0x0000000093a16130) 
thrown [s\open\src\hotspot\share\prims\jni.cpp, line 516]
Event: 9762.569 Thread 0x000002b926702cc0 Exception <a 'java/io/FileNotFoundException'{0x00000000939ec138}> (0x00000000939ec138) 
thrown [s\open\src\hotspot\share\prims\jni.cpp, line 516]
Event: 9763.676 Thread 0x000002b926702cc0 Exception <a 'java/io/FileNotFoundException'{0x00000000938fb930}> (0x00000000938fb930) 
thrown [s\open\src\hotspot\share\prims\jni.cpp, line 516]
Event: 9764.781 Thread 0x000002b926702cc0 Exception <a 'java/io/FileNotFoundException'{0x000000009378b010}> (0x000000009378b010) 
thrown [s\open\src\hotspot\share\prims\jni.cpp, line 516]
Event: 9765.893 Thread 0x000002b926702cc0 Exception <a 'java/io/FileNotFoundException'{0x00000000936b4eb8}> (0x00000000936b4eb8) 
thrown [s\open\src\hotspot\share\prims\jni.cpp, line 516]
Event: 9767.012 Thread 0x000002b926702cc0 Exception <a 'java/io/FileNotFoundException'{0x0000000093544478}> (0x0000000093544478) 
thrown [s\open\src\hotspot\share\prims\jni.cpp, line 516]
Event: 9768.101 Thread 0x000002b926702cc0 Exception <a 'java/io/FileNotFoundException'{0x00000000935d3c88}> (0x00000000935d3c88) 
thrown [s\open\src\hotspot\share\prims\jni.cpp, line 516]
Event: 9769.182 Thread 0x000002b926702cc0 Exception <a 'java/io/FileNotFoundException'{0x0000000093344478}> (0x0000000093344478) 
thrown [s\open\src\hotspot\share\prims\jni.cpp, line 516]
Event: 9787.306 Thread 0x000002b92d236f70 Exception <a 'java/io/IOException'{0x0000000092b50110}> (0x0000000092b50110) 
thrown [s\open\src\hotspot\share\prims\jni.cpp, line 516]
Event: 9800.148 Thread 0x000002b92d236f70 Exception <a 'java/lang/NoClassDefFoundError'{0x00000000913995b8}: org/springframework/data/util/TypeInformation> (0x00000000913995b8) 
thrown [s\open\src\hotspot\share\classfile\systemDictionary.cpp, line 316]
Event: 10463.417 Thread 0x000002b92d73dd70 Exception <a 'java/lang/NoSuchMethodError'{0x000000009362fb20}: 'java.lang.Object java.lang.invoke.DirectMethodHandle$Holder.invokeStatic(java.lang.Object, java.lang.Object, java.lang.Object, int, int)'> (0x000000009362fb20) 
thrown [s\open\src\hotspot\share\interpreter\linkResolver.cpp, line 804]
Event: 10463.447 Thread 0x000002b92d73dd70 Exception <a 'java/lang/NoSuchMethodError'{0x0000000093637ac8}: 'java.lang.Object java.lang.invoke.DirectMethodHandle$Holder.invokeStaticInit(java.lang.Object, java.lang.Object, java.lang.Object, int, int)'> (0x0000000093637ac8) 
thrown [s\open\src\hotspot\share\interpreter\linkResolver.cpp, line 804]
Event: 10464.409 Thread 0x000002b92d7268c0 Exception <a 'java/lang/NoSuchMethodError'{0x000000009352fc30}: 'java.lang.Object java.lang.invoke.DirectMethodHandle$Holder.invokeSpecial(java.lang.Object, java.lang.Object, java.lang.Object, java.lang.Object, java.lang.Object, long)'> (0x000000009352fc30) 
thrown [s\open\src\hotspot\share\interpreter\linkResolver.cpp, line 804]
Event: 10464.413 Thread 0x000002b92d7268c0 Exception <a 'java/lang/NoSuchMethodError'{0x0000000093538598}: 'java.lang.Object java.lang.invoke.DirectMethodHandle$Holder.invokeSpecial(java.lang.Object, java.lang.Object, java.lang.Object, java.lang.Object, java.lang.Object, java.lang.Object, long)'> (0x0000000093538598) 
thrown [s\open\src\hotspot\share\interpreter\linkResolver.cpp, line 804]
Event: 10464.415 Thread 0x000002b92d7268c0 Exception <a 'java/lang/NoSuchMethodError'{0x0000000093540948}: 'java.lang.Object java.lang.invoke.DelegatingMethodHandle$Holder.reinvoke_L(java.lang.Object, java.lang.Object, java.lang.Object, java.lang.Object, java.lang.Object, long)'> (0x0000000093540948) 
thrown [s\open\src\hotspot\share\interpreter\linkResolver.cpp, line 804]
Event: 10464.427 Thread 0x000002b92d7268c0 Exception <a 'java/lang/NoSuchMethodError'{0x0000000093550d90}: 'java.lang.Object java.lang.invoke.Invokers$Holder.linkToTargetMethod(java.lang.Object, java.lang.Object, java.lang.Object, long, java.lang.Object)'> (0x0000000093550d90) 
thrown [s\open\src\hotspot\share\interpreter\linkResolver.cpp, line 804]
Event: 10465.374 Thread 0x000002b92d7268c0 Exception <a 'java/lang/NoSuchMethodError'{0x000000009336d9a0}: 'java.lang.Object java.lang.invoke.DirectMethodHandle$Holder.invokeSpecial(java.lang.Object, java.lang.Object, java.lang.Object, java.lang.Object, java.lang.Object, int, java.lang.Object)'> (0x000000009336d9a0) 
thrown [s\open\src\hotspot\share\interpreter\linkResolver.cpp, line 804]
Event: 10465.375 Thread 0x000002b92d7268c0 Exception <a 'java/lang/NoSuchMethodError'{0x00000000933762a8}: 'java.lang.Object java.lang.invoke.DelegatingMethodHandle$Holder.reinvoke_L(java.lang.Object, java.lang.Object, java.lang.Object, java.lang.Object, int, java.lang.Object)'> (0x00000000933762a8) 
thrown [s\open\src\hotspot\share\interpreter\linkResolver.cpp, line 804]
Event: 10702.669 Thread 0x000002b92d2367a0 Exception <a 'java/lang/NoSuchMethodError'{0x0000000092c75bb8}: 'long java.lang.invoke.Invokers$Holder.invokeExact_MT(java.lang.Object, java.lang.Object)'> (0x0000000092c75bb8) 
thrown [s\open\src\hotspot\share\interpreter\linkResolver.cpp, line 804]
Event: 10706.156 Thread 0x000002b92d235030 Exception <a 'java/lang/InterruptedException'{0x00000000945cd740}: sleep interrupted> (0x00000000945cd740) 
thrown [s\open\src\hotspot\share\prims\jvm.cpp, line 2904]

VM Operations (20 events):
Event: 9753.073 Executing safepoint VM operation: G1PauseCleanup done
Event: 9785.512 Executing non-safepoint VM operation: HandshakeAllThreads (HandshakeForDeflation)
Event: 9785.541 Executing non-safepoint VM operation: HandshakeAllThreads (HandshakeForDeflation) done
Event: 9785.541 Executing non-safepoint VM operation: RendezvousGCThreads
Event: 9785.541 Executing non-safepoint VM operation: RendezvousGCThreads done
Event: 9801.357 Executing safepoint VM operation: G1CollectForAllocation (G1 Evacuation Pause)
Event: 9801.966 Executing safepoint VM operation: G1CollectForAllocation (G1 Evacuation Pause) done
Event: 9845.734 Executing non-safepoint VM operation: HandshakeAllThreads (HandshakeForDeflation)
Event: 9845.736 Executing non-safepoint VM operation: HandshakeAllThreads (HandshakeForDeflation) done
Event: 9845.736 Executing non-safepoint VM operation: RendezvousGCThreads
Event: 9845.736 Executing non-safepoint VM operation: RendezvousGCThreads done
Event: 10464.658 Executing non-safepoint VM operation: HandshakeAllThreads (Deoptimize)
Event: 10464.659 Executing non-safepoint VM operation: HandshakeAllThreads (Deoptimize) done
Event: 10465.497 Executing non-safepoint VM operation: HandshakeAllThreads (Deoptimize)
Event: 10465.497 Executing non-safepoint VM operation: HandshakeAllThreads (Deoptimize) done
Event: 10567.876 Executing non-safepoint VM operation: HandshakeAllThreads (HandshakeForDeflation)
Event: 10567.876 Executing non-safepoint VM operation: HandshakeAllThreads (HandshakeForDeflation) done
Event: 10567.876 Executing non-safepoint VM operation: RendezvousGCThreads
Event: 10567.876 Executing non-safepoint VM operation: RendezvousGCThreads done
Event: 10706.199 Executing safepoint VM operation: G1CollectFull (System.gc())

Memory protections (0 events):
No events

Nmethod flushes (20 events):
Event: 9753.039 Thread 0x000002b920e73860 flushing  nmethod 0x000002b919c55688
Event: 9753.039 Thread 0x000002b920e73860 flushing  nmethod 0x000002b919c55c08
Event: 9753.039 Thread 0x000002b920e73860 flushing  nmethod 0x000002b919c55f08
Event: 9753.039 Thread 0x000002b920e73860 flushing  nmethod 0x000002b919c56888
Event: 9753.039 Thread 0x000002b920e73860 flushing  nmethod 0x000002b919c5de08
Event: 9753.039 Thread 0x000002b920e73860 flushing  nmethod 0x000002b919c5e108
Event: 9753.039 Thread 0x000002b920e73860 flushing  nmethod 0x000002b919c5e408
Event: 9753.039 Thread 0x000002b920e73860 flushing  nmethod 0x000002b919c5e708
Event: 9753.039 Thread 0x000002b920e73860 flushing  nmethod 0x000002b919c5ea08
Event: 9753.039 Thread 0x000002b920e73860 flushing  nmethod 0x000002b919c5ed08
Event: 9753.039 Thread 0x000002b920e73860 flushing  nmethod 0x000002b919c62088
Event: 9753.039 Thread 0x000002b920e73860 flushing  nmethod 0x000002b919c69a88
Event: 9753.039 Thread 0x000002b920e73860 flushing  nmethod 0x000002b919c6cd08
Event: 9753.039 Thread 0x000002b920e73860 flushing  nmethod 0x000002b919c6d008
Event: 9753.039 Thread 0x000002b920e73860 flushing  nmethod 0x000002b919c6d308
Event: 9753.039 Thread 0x000002b920e73860 flushing  nmethod 0x000002b919c79188
Event: 9753.039 Thread 0x000002b920e73860 flushing  nmethod 0x000002b919c79688
Event: 9753.039 Thread 0x000002b920e73860 flushing  nmethod 0x000002b919c79b08
Event: 9753.039 Thread 0x000002b920e73860 flushing  nmethod 0x000002b919c7a188
Event: 9753.039 Thread 0x000002b920e73860 flushing  nmethod 0x000002b919c7a588

Events (20 events):
Event: 10690.819 Thread 0x000002b92d728fd0 Thread exited: 0x000002b92d728fd0
Event: 10690.823 Thread 0x000002b92d73be30 Thread exited: 0x000002b92d73be30
Event: 10690.827 Thread 0x000002b92d739720 Thread exited: 0x000002b92d739720
Event: 10690.827 Thread 0x000002b92d72b6e0 Thread exited: 0x000002b92d72b6e0
Event: 10690.827 Thread 0x000002b92d72d620 Thread exited: 0x000002b92d72d620
Event: 10690.845 Thread 0x000002b92d7268c0 Thread exited: 0x000002b92d7268c0
Event: 10690.896 Thread 0x000002b92d729f70 Thread exited: 0x000002b92d729f70
Event: 10692.927 Thread 0x000002b92d2367a0 Thread added: 0x000002b92d236f70
Event: 10692.950 Thread 0x000002b92d23b5c0 Thread exited: 0x000002b92d23b5c0
Event: 10693.859 Thread 0x000002b92d236f70 Thread exited: 0x000002b92d236f70
Event: 10697.123 Thread 0x000002b92d73ed10 Thread exited: 0x000002b92d73ed10
Event: 10697.123 Thread 0x000002b92d728030 Thread exited: 0x000002b92d728030
Event: 10697.124 Thread 0x000002b926706370 Thread exited: 0x000002b926706370
Event: 10697.130 Thread 0x000002b92d73f4e0 Thread exited: 0x000002b92d73f4e0
Event: 10697.130 Thread 0x000002b920ea9a70 Thread exited: 0x000002b920ea9a70
Event: 10697.278 Thread 0x000002b926701d20 Thread exited: 0x000002b926701d20
Event: 10697.280 Thread 0x000002b92d235fd0 Thread exited: 0x000002b92d235fd0
Event: 10706.149 Thread 0x000002b92d234090 Thread exited: 0x000002b92d234090
Event: 10706.152 Thread 0x000002b92d237f10 Thread exited: 0x000002b92d237f10
Event: 10706.159 Thread 0x000002b92d235030 Thread exited: 0x000002b92d235030


Dynamic libraries:
0x00007ff7a4200000 - 0x00007ff7a4210000 	C:\Program Files\Java\jdk-25\bin\java.exe
0x00007ffbf2e60000 - 0x00007ffbf30c6000 	C:\WINDOWS\SYSTEM32\ntdll.dll
0x00007ffbf0bd0000 - 0x00007ffbf0c99000 	C:\WINDOWS\System32\KERNEL32.DLL
0x00007ffbf0210000 - 0x00007ffbf060e000 	C:\WINDOWS\System32\KERNELBASE.dll
0x00007ffbf00b0000 - 0x00007ffbf01fc000 	C:\WINDOWS\System32\ucrtbase.dll
0x00007ffbd71d0000 - 0x00007ffbd71e7000 	C:\Program Files\Java\jdk-25\bin\jli.dll
0x00007ffbd71f0000 - 0x00007ffbd720e000 	C:\Program Files\Java\jdk-25\bin\VCRUNTIME140.dll
0x00007ffbf23e0000 - 0x00007ffbf25a7000 	C:\WINDOWS\System32\USER32.dll
0x00007ffbdc520000 - 0x00007ffbdc7b2000 	C:\WINDOWS\WinSxS\amd64_microsoft.windows.common-controls_6595b64144ccf1df_6.0.26100.8875_none_3e0d5d42e32fe9dd\COMCTL32.dll
0x00007ffbf0080000 - 0x00007ffbf00a7000 	C:\WINDOWS\System32\win32u.dll
0x00007ffbf0ca0000 - 0x00007ffbf0d49000 	C:\WINDOWS\System32\msvcrt.dll
0x00007ffbf0ba0000 - 0x00007ffbf0bcb000 	C:\WINDOWS\System32\GDI32.dll
0x00007ffbf0620000 - 0x00007ffbf074a000 	C:\WINDOWS\System32\gdi32full.dll
0x00007ffbf0ae0000 - 0x00007ffbf0b83000 	C:\WINDOWS\System32\msvcp_win.dll
0x00007ffbf0dc0000 - 0x00007ffbf0df2000 	C:\WINDOWS\System32\IMM32.DLL
0x00007ffbe3d50000 - 0x00007ffbe3d5c000 	C:\Program Files\Java\jdk-25\bin\vcruntime140_1.dll
0x00007ffbd7140000 - 0x00007ffbd71cd000 	C:\Program Files\Java\jdk-25\bin\msvcp140.dll
0x00007ffbadf50000 - 0x00007ffbaedaf000 	C:\Program Files\Java\jdk-25\bin\server\jvm.dll
0x00007ffbf0e00000 - 0x00007ffbf0eb7000 	C:\WINDOWS\System32\ADVAPI32.dll
0x00007ffbf2d60000 - 0x00007ffbf2e0a000 	C:\WINDOWS\System32\sechost.dll
0x00007ffbf27b0000 - 0x00007ffbf28c8000 	C:\WINDOWS\System32\RPCRT4.dll
0x00007ffbf16a0000 - 0x00007ffbf1720000 	C:\WINDOWS\System32\WS2_32.dll
0x00007ffbefee0000 - 0x00007ffbeff3e000 	C:\WINDOWS\SYSTEM32\POWRPROF.dll
0x00007ffbde460000 - 0x00007ffbde46b000 	C:\WINDOWS\SYSTEM32\VERSION.dll
0x00007ffbe6220000 - 0x00007ffbe6256000 	C:\WINDOWS\SYSTEM32\WINMM.dll
0x00007ffbefeb0000 - 0x00007ffbefec4000 	C:\WINDOWS\SYSTEM32\UMPDC.dll
0x00007ffbeed60000 - 0x00007ffbeed7b000 	C:\WINDOWS\SYSTEM32\kernel.appcore.dll
0x00007ffbe1650000 - 0x00007ffbe165a000 	C:\Program Files\Java\jdk-25\bin\jimage.dll
0x00007ffbed720000 - 0x00007ffbed962000 	C:\WINDOWS\SYSTEM32\DBGHELP.DLL
0x00007ffbf1730000 - 0x00007ffbf1ab3000 	C:\WINDOWS\System32\combase.dll
0x00007ffbf25b0000 - 0x00007ffbf2689000 	C:\WINDOWS\System32\OLEAUT32.dll
0x00007ffbdc7c0000 - 0x00007ffbdc7fb000 	C:\WINDOWS\SYSTEM32\dbgcore.DLL
0x00007ffbf0a20000 - 0x00007ffbf0acc000 	C:\WINDOWS\System32\bcryptPrimitives.dll
0x00007ffbd7120000 - 0x00007ffbd713f000 	C:\Program Files\Java\jdk-25\bin\java.dll
0x00007ffbf28d0000 - 0x00007ffbf2a69000 	C:\WINDOWS\System32\ole32.dll
0x00007ffbf1bb0000 - 0x00007ffbf2342000 	C:\WINDOWS\System32\SHELL32.dll
0x00007ffbed970000 - 0x00007ffbee202000 	C:\WINDOWS\SYSTEM32\windows.storage.dll
0x00007ffbf15a0000 - 0x00007ffbf1697000 	C:\WINDOWS\System32\SHCORE.dll
0x00007ffbf0d50000 - 0x00007ffbf0db7000 	C:\WINDOWS\System32\shlwapi.dll
0x00007ffbeffa0000 - 0x00007ffbeffc9000 	C:\WINDOWS\SYSTEM32\profapi.dll
0x00007ffbd7100000 - 0x00007ffbd7112000 	C:\Program Files\Java\jdk-25\bin\net.dll
0x00007ffbef310000 - 0x00007ffbef37c000 	C:\WINDOWS\system32\mswsock.dll
0x00007ffbd70e0000 - 0x00007ffbd70f6000 	C:\Program Files\Java\jdk-25\bin\nio.dll
0x00007ffbd70c0000 - 0x00007ffbd70d7000 	C:\Program Files\Java\jdk-25\bin\zip.dll
0x00007ffbe15d0000 - 0x00007ffbe15da000 	C:\Program Files\Java\jdk-25\bin\management.dll
0x00007ffbdf8c0000 - 0x00007ffbdf8cc000 	C:\Program Files\Java\jdk-25\bin\management_ext.dll
0x00007ffbf23a0000 - 0x00007ffbf23a8000 	C:\WINDOWS\System32\PSAPI.DLL
0x00007ffbee6b0000 - 0x00007ffbee6e3000 	C:\WINDOWS\SYSTEM32\IPHLPAPI.DLL
0x00007ffbf2e10000 - 0x00007ffbf2e1a000 	C:\WINDOWS\System32\NSI.dll
0x00007ffbee6f0000 - 0x00007ffbee846000 	C:\WINDOWS\SYSTEM32\DNSAPI.dll
0x00007ffbef110000 - 0x00007ffbef11d000 	C:\WINDOWS\SYSTEM32\DSPARSE.dll
0x00007ffbe5b60000 - 0x00007ffbe5b6b000 	C:\Windows\System32\rasadhlp.dll
0x00007ffbea650000 - 0x00007ffbea6d6000 	C:\WINDOWS\System32\fwpuclnt.dll
0x00007ffbd80c0000 - 0x00007ffbd80ce000 	C:\Program Files\Java\jdk-25\bin\sunmscapi.dll
0x00007ffbf0750000 - 0x00007ffbf08c8000 	C:\WINDOWS\System32\CRYPT32.dll
0x00007ffbef850000 - 0x00007ffbef880000 	C:\WINDOWS\SYSTEM32\ncrypt.dll
0x00007ffbef800000 - 0x00007ffbef83f000 	C:\WINDOWS\SYSTEM32\NTASN1.dll
0x00007ffbef610000 - 0x00007ffbef62b000 	C:\WINDOWS\SYSTEM32\CRYPTSP.dll
0x00007ffbeecc0000 - 0x00007ffbeecf9000 	C:\WINDOWS\system32\rsaenh.dll
0x00007ffbef3d0000 - 0x00007ffbef402000 	C:\WINDOWS\SYSTEM32\USERENV.dll
0x00007ffbeff70000 - 0x00007ffbeff9a000 	C:\WINDOWS\SYSTEM32\bcrypt.dll
0x00007ffbef630000 - 0x00007ffbef63c000 	C:\WINDOWS\SYSTEM32\CRYPTBASE.dll
0x00007ffbd8090000 - 0x00007ffbd8099000 	C:\Program Files\Java\jdk-25\bin\extnet.dll
0x00007ffbe1610000 - 0x00007ffbe1620000 	C:\Program Files\Java\jdk-25\bin\verify.dll
0x00007ffba9fb0000 - 0x00007ffba9fb8000 	C:\WINDOWS\system32\wshunix.dll

JVMTI agents: none

dbghelp: loaded successfully - version: 4.0.5 - missing functions: none
symbol engine: initialized successfully - sym options: 0x614 - pdb path: .;C:\Program Files\Java\jdk-25\bin;C:\WINDOWS\SYSTEM32;C:\WINDOWS\WinSxS\amd64_microsoft.windows.common-controls_6595b64144ccf1df_6.0.26100.8875_none_3e0d5d42e32fe9dd;C:\Program Files\Java\jdk-25\bin\server

VM Arguments:
jvm_args: -XX:TieredStopAtLevel=1 
java_command: com.example.m5_room_service.M5RoomServiceApplication
java_class_path (initial): C:\Users\gueva\Downloads\Frooontend\m5_room-service\target\classes;C:\Users\gueva\.m2\repository\ch\qos\logback\logback-classic\1.5.34\logback-classic-1.5.34.jar;C:\Users\gueva\.m2\repository\ch\qos\logback\logback-core\1.5.34\logback-core-1.5.34.jar;C:\Users\gueva\.m2\repository\org\apache\logging\log4j\log4j-to-slf4j\2.25.4\log4j-to-slf4j-2.25.4.jar;C:\Users\gueva\.m2\repository\org\apache\logging\log4j\log4j-api\2.25.4\log4j-api-2.25.4.jar;C:\Users\gueva\.m2\repository\org\slf4j\jul-to-slf4j\2.0.18\jul-to-slf4j-2.0.18.jar;C:\Users\gueva\.m2\repository\jakarta\annotation\jakarta.annotation-api\3.0.0\jakarta.annotation-api-3.0.0.jar;C:\Users\gueva\.m2\repository\org\yaml\snakeyaml\2.6\snakeyaml-2.6.jar;C:\Users\gueva\.m2\repository\com\zaxxer\HikariCP\7.0.2\HikariCP-7.0.2.jar;C:\Users\gueva\.m2\repository\org\springframework\boot\spring-boot-data-jpa\4.1.0\spring-boot-data-jpa-4.1.0.jar;C:\Users\gueva\.m2\repository\org\springframework\boot\spring-boot-data-commons\4.1.0\spring-boot-data-commons-4.1.0.jar;C:\Users\gueva\.m2\repository\org\springframework\boot\spring-boot-persistence\4.1.0\spring-boot-persistence-4.1.0.jar;C:\Users\gueva\.m2\repository\org\springframework\data\spring-data-commons\4.1.0\spring-data-commons-4.1.0.jar;C:\Users\gueva\.m2\repository\org\springframework\boot\spring-boot-hibernate\4.1.0\spring-boot-hibernate-4.1.0.jar;C:\Users\gueva\.m2\repository\org\springframework\boot\spring-boot-jpa\4.1.0\spring-boot-jpa-4.1.0.jar;C:\Users\gueva\.m2\repository\jakarta\persistence\jakarta.persistence-api\3.2.0\jakarta.persistence-api-3.2.0.jar;C:\Users\gueva\.m2\repository\org\hibernate\orm\hibernate-core\7.4.1.Final\hibernate-core-7.4.1.Final.jar;C:\Users\gueva\.m2\repository\jakarta\transaction\jakarta.transaction-api\2.0.1\jakarta.transaction-api-2.0.1.jar;C:\Users\gueva\.m2\repository\org\hibernate\models\hibernate-models\1.1.1\hibernate-models-1.1.1.jar;C:\Users\gueva\.m2\repository\org\glassfish\jaxb\jaxb-runtime\4.0.9\jaxb-runtime-4.0.9.jar;C:\Users\gueva\.m2\repository\org\glassfish\jaxb\jaxb-core\4.0.9\jaxb-core-4.0.9.jar;C:\Users\gueva\.m2\repository\org\eclipse\angus\angus-activation\2.0.3\angus-activation-2.0.3.jar;C:\Users\gueva\.m2\repository\org\glassfish\jaxb\txw2\4.0.9\txw2-4.0.9.jar;C:\Users\gueva\.m2\repository\com\sun\istack\istack-commons-runtime\4.1.2\istack-commons-runtime-4.1.2.jar;C:\Users\gueva\.m2\repository\org\springframework\spring-orm\7.0.8\spring-orm-7.0.8.jar;C:\Users\gueva\.m2\repository\org\springframework\data\spring-data-jpa\4.1.0\spring-data-jpa-4.1.0.jar;C:\Users\gueva\.m2\repository\org\springframework\spring-tx\7.0.8\spring-tx-7.0.8.jar;C:\Users\gueva\.m2\repository\org\antlr\antlr4-runtime\4.13.2\antlr4-runtime-4.13.2.jar;C:\Users\gueva\.m2\repository\org\springframework\spring-aspects\7.0.8\spring-aspects-7.0.8.jar;C:\Users\gueva\.m2\repository\org\aspectj\aspectjweaver\1.9.25.1\aspectjweaver-1.9.25.1.jar;C:\Users\gueva\.m2\repository\org\springframework\boot\spring-boot-jdbc\4.1.0\spring-boot-jdbc-4.1.0.jar;C:\Users\gueva\.m2\repository\org\springframework\boot\spring-boot-sql\4.1.0\spring-boot-sql-4.1.0.jar;C:\Users\gueva\.m2\repository\org\springframework\boot\spring-boot-transaction\4.1.0\spring-boot-transaction-4.1.0.jar;C:\Users\gueva\.m2\repository\org\springframework\spring-jdbc\7.0.8\spring-jdbc-7.0.8.jar;C:\Users\gueva\.m2\repository\org\springframework\boot\spring-boot-security\4.1.0\spring-boot-security-4.1.0.jar;C:\Users\gueva\.m2\repository\org\springframework\security\spring-security-config\7.1.0\spring-security-config-7.1.0.jar;C:\Users\gueva\.m2\repository\org\springframework\security\spring-security-core\7.1.0\spring-security-core-7.1.0.jar;C:\Users\gueva\.m2\repository\org\springframework\security\spring-security-web\7.1.0\spring-security-web-7.1.0.jar;C:\Users\gueva\.m2\repository\org\springframework\spring-expression\7.0.8\spring-expression-7.0.8.jar;C:\Users\gueva\.m2\repository\org\springframework\spring-aop\7.0.8\spring-aop-7.0.8.jar;C:\Users\gueva\.m2\repository\org\springframework\spring-beans\7.0.8\spring-beans-7.0.8.jar;C:\Users\gueva\.m2\repository\org\springframework\spring-core\7.0.8\spring-core-7.0.8.jar;C:\Users\gueva\.m2\repository\commons-logging\commons-logging\1.3.6\commons-logging-1.3.6.jar;C:\Users\gueva\.m2\repository\org\jspecify\jspecify\1.0.0\jspecify-1.0.0.jar;C:\Users\gueva\.m2\repository\org\springframework\boot\spring-boot-jackson\4.1.0\spring-boot-jackson-4.1.0.jar;C:\Users\gueva\.m2\repository\tools\jackson\core\jackson-databind\3.1.4\jackson-databind-3.1.4.jar;C:\Users\gueva\.m2\repository\tools\jackson\core\jackson-core\3.1.4\jackson-core-3.1.4.jar;C:\Users\gueva\.m2\repository\org\apache\tomcat\embed\tomcat-embed-core\11.0.22\tomcat-embed-core-11.0.22.jar;C:\Users\gueva\.m2\repository\org\apache\tomcat\embed\tomcat-embed-websocket\11.0.22\tomcat-embed-websocket-11.0.22.jar;C:\Users\gueva\.m2\repository\org\springframework\boot\spring-boot-tomcat\4.1.0\spring-boot-tomcat-4.1.0.jar;C:\Users\gueva\.m2\repository\org\springframework\boot\spring-boot-http-converter\4.1.0\spring-boot-http-converter-4.1.0.jar;C:\Users\gueva\.m2\repository\org\springframework\spring-web\7.0.8\spring-web-7.0.8.jar;C:\Users\gueva\.m2\repository\io\micrometer\micrometer-observation\1.17.0\micrometer-observation-1.17.0.jar;C:\Users\gueva\.m2\repository\io\micrometer\micrometer-commons\1.17.0\micrometer-commons-1.17.0.jar;C:\Users\gueva\.m2\repository\org\springframework\boot\spring-boot-webmvc\4.1.0\spring-boot-webmvc-4.1.0.jar;C:\Users\gueva\.m2\repository\org\springframework\boot\spring-boot-servlet\4.1.0\spring-boot-servlet-4.1.0.jar;C:\Users\gueva\.m2\repository\org\springframework\spring-webmvc\7.0.8\spring-webmvc-7.0.8.jar;C:\Users\gueva\.m2\repository\org\springframework\cloud\spring-cloud-starter-netflix-eureka-client\5.0.2\spring-cloud-starter-netflix-eureka-client-5.0.2.jar;C:\Users\gueva\.m2\repository\org\springframework\cloud\spring-cloud-starter\5.0.2\spring-cloud-starter-5.0.2.jar;C:\Users\gueva\.m2\repository\org\springframework\cloud\spring-cloud-context\5.0.2\spring-cloud-context-5.0.2.jar;C:\Users\gueva\.m2\repository\org\springframework\security\spring-security-crypto\7.1.0\spring-security-crypto-7.1.0.jar;C:\Users\gueva\.m2\repository\org\springframework\cloud\spring-cloud-commons\5.0.2\spring-cloud-commons-5.0.2.jar;C:\Users\gueva\.m2\repository\org\bouncycastle\bcprov-jdk18on\1.81.1\bcprov-jdk18on-1.81.1.jar;C:\Users\gueva\.m2\repository\org\springframework\cloud\spring-cloud-netflix-eureka-client\5.0.2\spring-cloud-netflix-eureka-client-5.0.2.jar;C:\Users\gueva\.m2\repository\org\springframework\boot\spring-boot-jackson2\4.1.0\spring-boot-jackson2-4.1.0.jar;C:\Users\gueva\.m2\repository\com\fasterxml\jackson\datatype\jackson-datatype-jdk8\2.21.4\jackson-datatype-jdk8-2.21.4.jar;C:\Users\gueva\.m2\repository\com\fasterxml\jackson\datatype\jackson-datatype-jsr310\2.21.4\jackson-datatype-jsr310-2.21.4.jar;C:\Users\gueva\.m2\repository\com\fasterxml\jackson\module\jackson-module-parameter-names\2.21.4\jackson-module-parameter-names-2.21.4.jar;C:\Users\gueva\.m2\repository\org\apache\httpcomponents\client5\httpclient5\5.6.1\httpclient5-5.6.1.jar;C:\Users\gueva\.m2\repository\org\apache\httpcomponents\core5\httpcore5\5.4.2\httpcore5-5.4.2.jar;C:\Users\gueva\.m2\repository\org\apache\httpcomponents\core5\httpcore5-h2\5.4.2\httpcore5-h2-5.4.2.jar;C:\Users\gueva\.m2\repository\com\netflix\eureka\eureka-client\2.0.6\eureka-client-2.0.6.jar;C:\Users\gueva\.m2\repository\com\thoughtworks\xstream\xstream\1.4.21\xstream-1.4.21.jar;C:\Users\gueva\.m2\repository\io\github\x-stream\mxparser\1.2.2\mxparser-1.2.2.jar;C:\Users\gueva\.m2\repository\xmlpull\xmlpull\1.1.3.1\xmlpull-1.1.3.1.jar;C:\Users\gueva\.m2\repository\jakarta\ws\rs\jakarta.ws.rs-api\4.0.0\jakarta.ws.rs-api-4.0.0.jar;C:\Users\gueva\.m2\repository\jakarta\inject\jakarta.inject-api\2.0.1\jakarta.inject-api-2.0.1.jar;C:\Users\gueva\.m2\repository\com\netflix\spectator\spectator-api\1.7.3\spectator-api-1.7.3.jar;C:\Users\gueva\.m2\repository\org\slf4j\slf4j-api\2.0.18\slf4j-api-2.0.18.jar;C:\Users\gueva\.m2\repository\org\apache\httpcomponents\httpclient\4.5.3\httpclient-4.5.3.jar;C:\Users\gueva\.m2\repository\org\apache\httpcomponents\httpcore\4.4.16\httpcore-4.4.16.jar;C:\Users\gueva\.m2\repository\commons-codec\commons-codec\1.21.0\commons-codec-1.21.0.jar;C:\Users\gueva\.m2\repository\com\fasterxml\jackson\core\jackson-annotations\2.21\jackson-annotations-2.21.jar;C:\Users\gueva\.m2\repository\com\fasterxml\jackson\core\jackson-core\2.21.4\jackson-core-2.21.4.jar;C:\Users\gueva\.m2\repository\com\fasterxml\jackson\core\jackson-databind\2.21.4\jackson-databind-2.21.4.jar;C:\Users\gueva\.m2\repository\com\netflix\netflix-commons\netflix-eventbus\0.3.0\netflix-eventbus-0.3.0.jar;C:\Users\gueva\.m2\repository\com\netflix\netflix-commons\netflix-infix\0.3.0\netflix-infix-0.3.0.jar;C:\Users\gueva\.m2\repository\commons-jxpath\commons-jxpath\1.3\commons-jxpath-1.3.jar;C:\Users\gueva\.m2\repository\joda-time\joda-time\2.3\joda-time-2.3.jar;C:\Users\gueva\.m2\repository\org\antlr\antlr-runtime\3.4\antlr-runtime-3.4.jar;C:\Users\gueva\.m2\repository\org\antlr\stringtemplate\3.2.1\stringtemplate-3.2.1.jar;C:\Users\gueva\.m2\repository\antlr\antlr\2.7.7\antlr-2.7.7.jar;C:\Users\gueva\.m2\repository\com\google\code\gson\gson\2.13.2\gson-2.13.2.jar;C:\Users\gueva\.m2\repository\com\google\errorprone\error_prone_annotations\2.41.0\error_prone_annotations-2.41.0.jar;C:\Users\gueva\.m2\repository\com\netflix\servo\servo-core\0.5.3\servo-core-0.5.3.jar;C:\Users\gueva\.m2\repository\org\apache\commons\commons-math\2.2\commons-math-2.2.jar;C:\Users\gueva\.m2\repository\javax\annotation\javax.annotation-api\1.2\javax.annotation-api-1.2.jar;C:\Users\gueva\.m2\repository\org\codehaus\jettison\jettison\1.5.4\jettison-1.5.4.jar;C:\Users\gueva\.m2\repository\org\springframework\cloud\spring-cloud-starter-loadbalancer\5.0.2\spring-cloud-starter-loadbalancer-5.0.2.jar;C:\Users\gueva\.m2\repository\org\springframework\cloud\spring-cloud-loadbalancer\5.0.2\spring-cloud-loadbalancer-5.0.2.jar;C:\Users\gueva\.m2\repository\io\projectreactor\reactor-core\3.8.6\reactor-core-3.8.6.jar;C:\Users\gueva\.m2\repository\org\reactivestreams\reactive-streams\1.0.4\reactive-streams-1.0.4.jar;C:\Users\gueva\.m2\repository\io\projectreactor\addons\reactor-extra\3.6.0\reactor-extra-3.6.0.jar;C:\Users\gueva\.m2\repository\org\springframework\boot\spring-boot-cache\4.1.0\spring-boot-cache-4.1.0.jar;C:\Users\gueva\.m2\repository\org\springframework\spring-context-support\7.0.8\spring-context-support-7.0.8.jar;C:\Users\gueva\.m2\repository\com\stoyanr\evictor\1.0.0\evictor-1.0.0.jar;C:\Users\gueva\.m2\repository\org\springframework\boot\spring-boot-devtools\4.1.0\spring-boot-devtools-4.1.0.jar;C:\Users\gueva\.m2\repository\org\springframework\boot\spring-boot\4.1.0\spring-boot-4.1.0.jar;C:\Users\gueva\.m2\repository\org\springframework\spring-context\7.0.8\spring-context-7.0.8.jar;C:\Users\gueva\.m2\repository\org\springframework\boot\spring-boot-autoconfigure\4.1.0\spring-boot-autoconfigure-4.1.0.jar;C:\Users\gueva\.m2\repository\org\postgresql\postgresql\42.7.11\postgresql-42.7.11.jar;C:\Users\gueva\.m2\repository\org\springframework\boot\spring-boot-validation\4.1.0\spring-boot-validation-4.1.0.jar;C:\Users\gueva\.m2\repository\org\apache\tomcat\embed\tomcat-embed-el\11.0.22\tomcat-embed-el-11.0.22.jar;C:\Users\gueva\.m2\repository\org\hibernate\validator\hibernate-validator\9.1.0.Final\hibernate-validator-9.1.0.Final.jar;C:\Users\gueva\.m2\repository\jakarta\validation\jakarta.validation-api\3.1.1\jakarta.validation-api-3.1.1.jar;C:\Users\gueva\.m2\repository\org\jboss\logging\jboss-logging\3.6.3.Final\jboss-logging-3.6.3.Final.jar;C:\Users\gueva\.m2\repository\com\fasterxml\classmate\1.7.3\classmate-1.7.3.jar;C:\Users\gueva\.m2\repository\org\springdoc\springdoc-openapi-starter-webmvc-ui\2.5.0\springdoc-openapi-starter-webmvc-ui-2.5.0.jar;C:\Users\gueva\.m2\repository\org\springdoc\springdoc-openapi-starter-webmvc-api\2.5.0\springdoc-openapi-starter-webmvc-api-2.5.0.jar;C:\Users\gueva\.m2\repository\org\springdoc\springdoc-openapi-starter-common\2.5.0\springdoc-openapi-starter-common-2.5.0.jar;C:\Users\gueva\.m2\repository\io\swagger\core\v3\swagger-core-jakarta\2.2.21\swagger-core-jakarta-2.2.21.jar;C:\Users\gueva\.m2\repository\org\apache\commons\commons-lang3\3.20.0\commons-lang3-3.20.0.jar;C:\Users\gueva\.m2\repository\io\swagger\core\v3\swagger-annotations-jakarta\2.2.21\swagger-annotations-jakarta-2.2.21.jar;C:\Users\gueva\.m2\repository\io\swagger\core\v3\swagger-models-jakarta\2.2.21\swagger-models-jakarta-2.2.21.jar;C:\Users\gueva\.m2\repository\com\fasterxml\jackson\dataformat\jackson-dataformat-yaml\2.21.4\jackson-dataformat-yaml-2.21.4.jar;C:\Users\gueva\.m2\repository\org\webjars\swagger-ui\5.13.0\swagger-ui-5.13.0.jar;C:\Users\gueva\.m2\repository\jakarta\xml\bind\jakarta.xml.bind-api\4.0.5\jakarta.xml.bind-api-4.0.5.jar;C:\Users\gueva\.m2\repository\jakarta\activation\jakarta.activation-api\2.1.4\jakarta.activation-api-2.1.4.jar;C:\Users\gueva\.m2\repository\net\bytebuddy\byte-buddy\1.18.10\byte-buddy-1.18.10.jar;C:\Users\gueva\.m2\repository\org\springframework\boot\spring-boot-web-server\4.1.0\spring-boot-web-server-4.1.0.jar
Launcher Type: SUN_STANDARD

[Global flags]
     intx CICompilerCount                          = 4                                         {product} {ergonomic}
     uint ConcGCThreads                            = 2                                         {product} {ergonomic}
     uint G1ConcRefinementThreads                  = 8                                         {product} {ergonomic}
   size_t G1HeapRegionSize                         = 1048576                                   {product} {ergonomic}
   size_t InitialHeapSize                          = 121634816                                 {product} {ergonomic}
   size_t MarkStackSize                            = 4194304                                   {product} {ergonomic}
   size_t MarkStackSizeMax                         = 536870912                                 {product} {ergonomic}
   size_t MaxHeapSize                              = 1935671296                                {product} {ergonomic}
   size_t MaxNewSize                               = 1160773632                                {product} {ergonomic}
   size_t MinHeapDeltaBytes                        = 1048576                                   {product} {ergonomic}
   size_t MinHeapSize                              = 8388608                                   {product} {ergonomic}
    uintx NonNMethodCodeHeapSize                   = 4096                                   {pd product} {ergonomic}
    uintx NonProfiledCodeHeapSize                  = 0                                      {pd product} {ergonomic}
     bool ProfileInterpreter                       = false                                  {pd product} {command line}
    uintx ProfiledCodeHeapSize                     = 0                                      {pd product} {ergonomic}
   size_t SoftMaxHeapSize                          = 1935671296                             {manageable} {ergonomic}
     intx TieredStopAtLevel                        = 1                                         {product} {command line}
     bool UseCompressedOops                        = true                           {product lp64_product} {ergonomic}
     bool UseG1GC                                  = true                                      {product} {ergonomic}
     bool UseLargePagesIndividualAllocation        = false                                  {pd product} {ergonomic}

Logging:
Log output configuration:
 #0: stdout all=warning uptime,level,tags foldmultilines=false
 #1: stderr all=off uptime,level,tags foldmultilines=false

Release file:
IMPLEMENTOR="Oracle Corporation" 
JAVA_RUNTIME_VERSION="25+37-LTS-3491" 
JAVA_VERSION="25" 
JAVA_VERSION_DATE="2025-09-16" 
LIBC="default" 
MODULES="java.base java.compiler java.datatransfer java.xml java.prefs java.desktop java.instrument java.logging java.management java.security.sasl java.naming java.rmi java.management.rmi java.net.http java.scripting java.security.jgss java.transaction.xa java.sql java.sql.rowset java.xml.crypto java.se java.smartcardio jdk.accessibility jdk.internal.jvmstat jdk.attach jdk.charsets jdk.internal.opt jdk.zipfs jdk.compiler jdk.crypto.cryptoki jdk.crypto.ec jdk.crypto.mscapi jdk.dynalink jdk.internal.ed jdk.editpad jdk.internal.vm.ci jdk.graal.compiler jdk.graal.compiler.management jdk.hotspot.agent jdk.httpserver jdk.incubator.vector jdk.internal.le jdk.internal.md jdk.jartool jdk.javadoc jdk.jcmd jdk.management jdk.management.agent jdk.jconsole jdk.jdeps jdk.jdwp.agent jdk.jdi jdk.jfr jdk.jlink jdk.jpackage jdk.jshell jdk.jsobject jdk.jstatd jdk.localedata jdk.management.jfr jdk.naming.dns jdk.naming.rmi jdk.net jdk.nio.mapmode jdk.sctp jdk.security.auth jdk.security.jgss jdk.unsupported jdk.unsupported.desktop jdk.xml.dom" 
OS_ARCH="x86_64" 
OS_NAME="Windows" 
SOURCE=".:git:49d6a23b8806 open:git:6c48f4ed707b" 

Environment Variables:
PATH=C:\Program Files\Common Files\Oracle\Java\javapath;C:\WINDOWS\system32;C:\WINDOWS;C:\WINDOWS\System32\Wbem;C:\WINDOWS\System32\WindowsPowerShell\v1.0\;C:\WINDOWS\System32\OpenSSH\;C:\Program Files\dotnet\;C:\Program Files\Java\jdk-25\bin;C:\Program Files\nodejs\;C:\xampp\php;C:\ProgramData\ComposerSetup\bin;C:\Program Files\Git\cmd;C:\Program Files (x86)\Microsoft SQL Server\160\Tools\Binn\;C:\Program Files\Microsoft SQL Server\160\Tools\Binn\;C:\Program Files\Microsoft SQL Server\Client SDK\ODBC\170\Tools\Binn\;C:\Program Files\Microsoft SQL Server\160\DTS\Binn\;C:\Program Files (x86)\Microsoft SQL Server\160\DTS\Binn\;C:\ProgramData\chocolatey\bin;C:\flutter\bin;;C:\Program Files\Docker\Docker\resources\bin;C:\Users\gueva\AppData\Local\Programs\Python\Launcher\;C:\Program Files\MySQL\MySQL Shell 8.0\bin\;C:\Users\gueva\AppData\Local\Microsoft\WindowsApps;C:\Users\gueva\AppData\Local\Programs\Microsoft VS Code\bin;C:\Program Files\Java\jdk-25\bin;C:\Users\gueva\AppData\Roaming\npm;C:\Users\gueva\AppData\Roaming\Composer\vendor\bin;C:\Users\gueva\AppData\Roaming\npm;C:\Users\gueva\AppData\Local\Python\bin;C:\Program Files\Git\bin;C:\Users\gueva\AppData\Local\Programs\mongosh\;C:\Program Files\MongoDB\Tools\100\bin;C:\Program Files\MongoDB\Server\8.2\bin;C:\flutter\bin;C:\Program Files\MySQL\MySQL Server 8.0\bin;C:\Program Files\Docker\Docker;
USERNAME=gueva
OS=Windows_NT
PROCESSOR_IDENTIFIER=AMD64 Family 23 Model 160 Stepping 0, AuthenticAMD
TMP=C:\Users\gueva\AppData\Local\Temp
TEMP=C:\Users\gueva\AppData\Local\Temp




Compilation memory statistics disabled.

Periodic native trim disabled

---------------  S Y S T E M  ---------------

OS:
 Windows 11 , 64 bit Build 26100 (10.0.26100.8875)
OS uptime: 0 days 14:08 hours
Hyper-V role detected

CPU: total 8 (initial active 8) (8 cores per cpu, 2 threads per core) family 23 model 160 stepping 0 microcode 0x8a0000b, cx8, cmov, fxsr, ht, mmx, 3dnowpref, sse, sse2, sse3, ssse3, sse4a, sse4.1, sse4.2, popcnt, lzcnt, tsc, tscinvbit, avx, avx2, aes, clmul, bmi1, bmi2, adx, sha, fma, vzeroupper, clflush, clflushopt, clwb, hv, rdtscp, rdpid, f16c
Processor Information for the first 8 processors :
  Max Mhz: 2801, Current Mhz: 2801, Mhz Limit: 2801

Memory: 4k page, system-wide physical 7379M (871M free)
TotalPageFile size 29907M (AvailPageFile size 541M)
current process WorkingSet (physical memory assigned to process): 50M, peak: 270M
current process commit charge ("private bytes"): 357M, peak: 413M

vm_info: Java HotSpot(TM) 64-Bit Server VM (25+37-LTS-3491) for windows-amd64 JRE (25+37-LTS-3491), built on 2025-08-14T21:13:00Z with unknown MS VC++:1943

END.
